<?xml version="1.0" encoding="utf-8"?>
<TestRun id="9d33a501-cfd8-4485-bf79-bc7f08a2b6ac" name="KERNELMK@DESKTOP-SGNJ9UM 2026-08-15 14:58:51" runUser="DESKTOP-SGNJ9UM\KERNELMK" xmlns="http://microsoft.com/schemas/VisualStudio/TeamTest/2010">
  <Times creation="2026-08-15T14:58:51.4198017+00:00" queuing="2026-08-15T14:58:51.4198021+00:00" start="2026-08-15T14:58:46.4485039+00:00" finish="2026-08-15T16:22:19.5048383+00:00" />
  <TestSettings name="default" id="cac8a2f5-ab08-4a75-9991-6c87734c8e05">
    <Deployment runDeploymentRoot="KERNELMK_DESKTOP-SGNJ9UM_2026-08-15_14_58_51" />
  </TestSettings>
  <Results>
    <UnitTestResult executionId="818d0347-34cb-4c44-8b73-84ea74f176f5" testId="125930a7-00c3-2791-2b1d-09a45a617b92" testName="N4Sentinel.Tests.VitaliteTests.La_Hierarchie_Du_Domaine_Vaut_Conformite" computerName="DESKTOP-SGNJ9UM" duration="00:00:00.0002432" startTime="2026-08-15T16:22:19.3638877+00:00" endTime="2026-08-15T16:22:19.3640864+00:00" testType="13cdc9d9-ddb5-4fa4-a97d-d965ccfc6d4b" outcome="Passed" testListId="8c84fa94-04c1-424b-9868-57a2d4851a1d" relativeResultsDirectory="818d0347-34cb-4c44-8b73-84ea74f176f5" />
    <UnitTestResult executionId="145c5e26-84ee-466b-a21f-6dc5e6894885" testId="3d0c1c15-a99f-e0a5-5796-2921c2c8e289" testName="Avec un motif déclaré, partenaire et type de message sont extraits du nom de fichier" computerName="DESKTOP-SGNJ9UM" duration="00:00:00.1357701" startTime="2026-08-15T16:20:40.9047092+00:00" endTime="2026-08-15T16:20:41.4449321+00:00" testType="13cdc9d9-ddb5-4fa4-a97d-d965ccfc6d4b" outcome="Passed" testListId="8c84fa94-04c1-424b-9868-57a2d4851a1d" relativeResultsDirectory="145c5e26-84ee-466b-a21f-6dc5e6894885" />
    <UnitTestResult executionId="68a1b6b5-f711-4f33-b3f5-9c864856611b" testId="1d859a27-01a2-8e97-fee5-02e13074e14d" testName="Un Standby dont le marqueur de role actif n'apparait pas est signale comme role non detenu, pas comme inconnu" computerName="DESKTOP-SGNJ9UM" duration="00:00:00.0401548" startTime="2026-08-15T16:22:16.5434133+00:00" endTime="2026-08-15T16:22:16.9757199+00:00" testType="13cdc9d9-ddb5-4fa4-a97d-d965ccfc6d4b" outcome="Passed" testListId="8c84fa94-04c1-424b-9868-57a2d4851a1d" relativeResultsDirectory="68a1b6b5-f711-4f33-b3f5-9c864856611b" />
    <UnitTestResult executionId="058d1dd2-3f0e-4927-adcd-4a108ff7e3cb" testId="20c79171-0cd5-4631-7c96-fb7771abb2ad" testName="Un constat sans mesure d'ecart d'horloge reste marque incertain" computerName="DESKTOP-SGNJ9UM" duration="00:00:00.0009171" startTime="2026-08-15T16:21:55.8222946+00:00" endTime="2026-08-15T16:21:56.3123040+00:00" testType="13cdc9d9-ddb5-4fa4-a97d-d965ccfc6d4b" outcome="Passed" testListId="8c84fa94-04c1-424b-9868-57a2d4851a1d" relativeResultsDirectory="058d1dd2-3f0e-4927-adcd-4a108ff7e3cb" />
    <UnitTestResult executionId="1021b98f-133e-4de0-b775-aafb38ae08f3" testId="a087a398-444b-830b-8182-9c6ba3c18370" testName="Un echange N4-XPS trouve dans le journal confirme la synchronisation a l'instant present" computerName="DESKTOP-SGNJ9UM" duration="00:00:00.0393931" startTime="2026-08-15T16:22:18.4328579+00:00" endTime="2026-08-15T16:22:18.8607972+00:00" testType="13cdc9d9-ddb5-4fa4-a97d-d965ccfc6d4b" outcome="Passed" testListId="8c84fa94-04c1-424b-9868-57a2d4851a1d" relativeResultsDirectory="1021b98f-133e-4de0-b775-aafb38ae08f3" />
    <UnitTestResult executionId="2f6e7a21-4433-48ad-872a-1bf0470e2013" testId="4a2597c8-144b-a047-490e-47bee22cde1e" testName="Le Standby n'attend pas le marqueur du tier web, contrairement au Center" computerName="DESKTOP-SGNJ9UM" duration="00:00:00.1265225" startTime="2026-08-15T14:58:54.0662100+00:00" endTime="2026-08-15T14:58:54.5670959+00:00" testType="13cdc9d9-ddb5-4fa4-a97d-d965ccfc6d4b" outcome="Passed" testListId="8c84fa94-04c1-424b-9868-57a2d4851a1d" relativeResultsDirectory="2f6e7a21-4433-48ad-872a-1bf0470e2013" />
    <UnitTestResult executionId="b3965c59-ae2d-4db5-9334-372dbe0591eb" testId="a20ff792-55f6-f795-9511-86cc504a9091" testName="ProbeWriteAsync réussit sur un dossier accessible en écriture et ne laisse aucune trace" computerName="DESKTOP-SGNJ9UM" duration="00:00:00.0931998" startTime="2026-08-15T16:14:08.1088502+00:00" endTime="2026-08-15T16:14:08.2025312+00:00" testType="13cdc9d9-ddb5-4fa4-a97d-d965ccfc6d4b" outcome="Passed" testListId="8c84fa94-04c1-424b-9868-57a2d4851a1d" relativeResultsDirectory="b3965c59-ae2d-4db5-9334-372dbe0591eb" />
    <UnitTestResult executionId="3774eba9-d90f-4f71-a3f0-aea661470d92" testId="f1d82259-b1c8-1360-4edd-852dca648b72" testName="Sans compte reference, la connexion se fait sous l'identite du processus" computerName="DESKTOP-SGNJ9UM" duration="00:00:00.0207551" startTime="2026-08-15T16:21:51.8678326+00:00" endTime="2026-08-15T16:21:52.4014910+00:00" testType="13cdc9d9-ddb5-4fa4-a97d-d965ccfc6d4b" outcome="Passed" testListId="8c84fa94-04c1-424b-9868-57a2d4851a1d" relativeResultsDirectory="3774eba9-d90f-4f71-a3f0-aea661470d92" />
    <UnitTestResult executionId="b6c37127-c81a-44d4-a704-77ffe4919ae3" testId="bfdf4871-04c7-88f6-0672-e50d905789fa" testName="N4Sentinel.Tests.SauvegardeTests.Une_Sauvegarde_Contient_La_Base_Le_Trousseau_Et_Le_Manifeste" computerName="DESKTOP-SGNJ9UM" duration="00:00:00.0887111" startTime="2026-08-15T16:14:15.0794029+00:00" endTime="2026-08-15T16:14:15.5950511+00:00" testType="13cdc9d9-ddb5-4fa4-a97d-d965ccfc6d4b" outcome="Passed" testListId="8c84fa94-04c1-424b-9868-57a2d4851a1d" relativeResultsDirectory="b6c37127-c81a-44d4-a704-77ffe4919ae3" />
    <UnitTestResult executionId="688f318f-7280-40d6-8ebc-8d21645986f3" testId="596531e0-72c0-ad7e-5589-082d96879ed4" testName="EvaluateComponentAsync retourne Disponible quand le service tourne et que la preuve log est confirmee" computerName="DESKTOP-SGNJ9UM" duration="00:00:00.0418358" startTime="2026-08-15T16:22:17.9984617+00:00" endTime="2026-08-15T16:22:18.4327029+00:00" testType="13cdc9d9-ddb5-4fa4-a97d-d965ccfc6d4b" outcome="Passed" testListId="8c84fa94-04c1-424b-9868-57a2d4851a1d" relativeResultsDirectory="688f318f-7280-40d6-8ebc-8d21645986f3" />
    <UnitTestResult executionId="2c55e682-11f9-4e3e-ac88-89421e8fb04c" testId="b79bafc5-c382-2f99-741c-8b1d91d02ab6" testName="Une nouvelle entree d'audit s'insere normalement malgre le trigger" computerName="DESKTOP-SGNJ9UM" duration="00:00:00.0177581" startTime="2026-08-15T16:21:18.6116904+00:00" endTime="2026-08-15T16:21:20.6059777+00:00" testType="13cdc9d9-ddb5-4fa4-a97d-d965ccfc6d4b" outcome="Passed" testListId="8c84fa94-04c1-424b-9868-57a2d4851a1d" relativeResultsDirectory="2c55e682-11f9-4e3e-ac88-89421e8fb04c" />
    <UnitTestResult executionId="a3a83d24-b6ba-4481-890d-baa8415045a0" testId="0272481d-82bf-b75f-e896-5905de6ab6ec" testName="N4Sentinel.Tests.MasquageTests.Un_Secret_Est_Masque(ligne: &quot;Authorization: Bearer eyJhbGciOiJIUzI1NiJ9&quot;, secret: &quot;eyJhbGciOiJIUzI1NiJ9&quot;)" computerName="DESKTOP-SGNJ9UM" duration="00:00:00.0000480" startTime="2026-08-15T16:21:52.9894659+00:00" endTime="2026-08-15T16:21:52.9895004+00:00" testType="13cdc9d9-ddb5-4fa4-a97d-d965ccfc6d4b" outcome="Passed" testListId="8c84fa94-04c1-424b-9868-57a2d4851a1d" relativeResultsDirectory="a3a83d24-b6ba-4481-890d-baa8415045a0" />
    <UnitTestResult executionId="5d832f85-7898-4c8d-ad8b-76c225098c21" testId="53efa143-81b1-e618-3f79-f2b43d4a234c" testName="N4Sentinel.Tests.MasquageTests.Un_Secret_Est_Masque(ligne: &quot;{\&quot;user\&quot;:\&quot;navis\&quot;,\&quot;password\&quot;:\&quot;P@ssw0rd\&quot;}&quot;, secret: &quot;P@ssw0rd&quot;)" computerName="DESKTOP-SGNJ9UM" duration="00:00:00.0099271" startTime="2026-08-15T16:21:52.9616273+00:00" endTime="2026-08-15T16:21:52.9715115+00:00" testType="13cdc9d9-ddb5-4fa4-a97d-d965ccfc6d4b" outcome="Passed" testListId="8c84fa94-04c1-424b-9868-57a2d4851a1d" relativeResultsDirectory="5d832f85-7898-4c8d-ad8b-76c225098c21" />
    <UnitTestResult executionId="5b3f83cf-a237-4495-9ac6-45c8ee2235d6" testId="4eca75cd-ea9d-d40c-e378-81d7b2ed517f" testName="Le role est deduit du nom du service(nomService: &quot;Navis ECN4web&quot;, attendu: Ecn4Web)" computerName="DESKTOP-SGNJ9UM" duration="00:00:00.0237701" startTime="2026-08-15T16:21:38.6533375+00:00" endTime="2026-08-15T16:21:39.0890947+00:00" testType="13cdc9d9-ddb5-4fa4-a97d-d965ccfc6d4b" outcome="Passed" testListId="8c84fa94-04c1-424b-9868-57a2d4851a1d" relativeResultsDirectory="5b3f83cf-a237-4495-9ac6-45c8ee2235d6" />
    <UnitTestResult executionId="af2ef700-a42c-4501-b138-eb3653ed3f76" testId="810e4834-c5c1-218b-04d6-2d6c519d1cda" testName="N4Sentinel.Tests.OrchestrationTests.Un_Lancement_Reussi_Est_Trace_Dans_Le_Journal_Audit" computerName="DESKTOP-SGNJ9UM" duration="00:00:00.1345049" startTime="2026-08-15T15:03:56.5198573+00:00" endTime="2026-08-15T15:03:57.1880592+00:00" testType="13cdc9d9-ddb5-4fa4-a97d-d965ccfc6d4b" outcome="Passed" testListId="8c84fa94-04c1-424b-9868-57a2d4851a1d" relativeResultsDirectory="af2ef700-a42c-4501-b138-eb3653ed3f76" />
    <UnitTestResult executionId="0ff45106-571a-4005-af8d-23670f42669b" testId="b8ee8341-4b20-db67-261b-03599e05bc8e" testName="L'horodatage et le thread sont retires du motif" computerName="DESKTOP-SGNJ9UM" duration="00:00:00.0741267" startTime="2026-08-15T16:12:37.3558564+00:00" endTime="2026-08-15T16:12:37.8185681+00:00" testType="13cdc9d9-ddb5-4fa4-a97d-d965ccfc6d4b" outcome="Passed" testListId="8c84fa94-04c1-424b-9868-57a2d4851a1d" relativeResultsDirectory="0ff45106-571a-4005-af8d-23670f42669b" />
    <UnitTestResult executionId="cde80b59-a3bf-405c-9a4c-0fa7f8abe71c" testId="71ae839e-4b0c-c399-310f-afd91b61f268" testName="N4Sentinel.Tests.VitaliteTests.Un_Releve_Impossible_Ne_Se_Lit_Pas_Comme_Une_Conformite" computerName="DESKTOP-SGNJ9UM" duration="00:00:00.0002061" startTime="2026-08-15T16:22:19.3636599+00:00" endTime="2026-08-15T16:22:19.3637997+00:00" testType="13cdc9d9-ddb5-4fa4-a97d-d965ccfc6d4b" outcome="Passed" testListId="8c84fa94-04c1-424b-9868-57a2d4851a1d" relativeResultsDirectory="cde80b59-a3bf-405c-9a4c-0fa7f8abe71c" />
    <UnitTestResult executionId="34565afe-bed3-4ffa-ab62-23fae752ac41" testId="32788367-a3e9-b489-e96b-7ccafe3c7555" testName="Le demandeur ne peut pas relancer un choix de continuite sur une execution deja lancee" computerName="DESKTOP-SGNJ9UM" duration="00:00:00.1735332" startTime="2026-08-15T16:12:10.0360858+00:00" endTime="2026-08-15T16:12:27.6251454+00:00" testType="13cdc9d9-ddb5-4fa4-a97d-d965ccfc6d4b" outcome="Passed" testListId="8c84fa94-04c1-424b-9868-57a2d4851a1d" relativeResultsDirectory="34565afe-bed3-4ffa-ab62-23fae752ac41" />
    <UnitTestResult executionId="6c8f41d2-5c64-4567-87ee-a0dd4d87559c" testId="e72dd1c5-dbf4-d1b1-411d-5b41e2083ab7" testName="N4Sentinel.Tests.VitaliteTests.Le_Service_De_Temps_Arrete_Est_Non_Conforme" computerName="DESKTOP-SGNJ9UM" duration="00:00:00.0004918" startTime="2026-08-15T16:22:19.3455854+00:00" endTime="2026-08-15T16:22:19.3459452+00:00" testType="13cdc9d9-ddb5-4fa4-a97d-d965ccfc6d4b" outcome="Passed" testListId="8c84fa94-04c1-424b-9868-57a2d4851a1d" relativeResultsDirectory="6c8f41d2-5c64-4567-87ee-a0dd4d87559c" />
    <UnitTestResult executionId="3e702a87-559f-48b8-beb9-3718d8f6a0e6" testId="160ab656-3f70-443b-6183-c5b67cb8a44a" testName="Sans document correspondant, la présentation le dit et ne compose rien" computerName="DESKTOP-SGNJ9UM" duration="00:00:00.0083828" startTime="2026-08-15T16:21:29.7923410+00:00" endTime="2026-08-15T16:21:30.1937793+00:00" testType="13cdc9d9-ddb5-4fa4-a97d-d965ccfc6d4b" outcome="Passed" testListId="8c84fa94-04c1-424b-9868-57a2d4851a1d" relativeResultsDirectory="3e702a87-559f-48b8-beb9-3718d8f6a0e6" />
    <UnitTestResult executionId="512dc67f-a265-49d9-9243-9ee4410e6c27" testId="b9b739a7-5c28-43e5-abf3-4d09cd1eea0d" testName="Le resume couvre tout le journal, pas seulement les lignes retenues comme anomalies" computerName="DESKTOP-SGNJ9UM" duration="00:00:00.0421095" startTime="2026-08-15T16:22:09.2925875+00:00" endTime="2026-08-15T16:22:09.7853962+00:00" testType="13cdc9d9-ddb5-4fa4-a97d-d965ccfc6d4b" outcome="Passed" testListId="8c84fa94-04c1-424b-9868-57a2d4851a1d" relativeResultsDirectory="512dc67f-a265-49d9-9243-9ee4410e6c27" />
    <UnitTestResult executionId="41de3ae4-15ed-448c-88b5-72758c51309f" testId="2335a4bd-c0b7-26e9-86cc-275eaa6cbeef" testName="ListFilesAsync énumère les vrais fichiers d'un dossier, avec taille et date" computerName="DESKTOP-SGNJ9UM" duration="00:00:00.0543205" startTime="2026-08-15T16:14:08.0537945+00:00" endTime="2026-08-15T16:14:08.1086931+00:00" testType="13cdc9d9-ddb5-4fa4-a97d-d965ccfc6d4b" outcome="Passed" testListId="8c84fa94-04c1-424b-9868-57a2d4851a1d" relativeResultsDirectory="41de3ae4-15ed-448c-88b5-72758c51309f" />
    <UnitTestResult executionId="c0b18457-d0f1-4f0e-89e8-99ab3f6301e0" testId="972eac4a-ef49-fa06-b36f-a4b80ae9d975" testName="N4Sentinel.Tests.VitaliteTests.Une_Machine_Qui_Ne_Se_Synchronise_Sur_Rien_Est_Non_Conforme(type: &quot;NTP&quot;, source: &quot;Free-running System Clock&quot;)" computerName="DESKTOP-SGNJ9UM" duration="00:00:00.0000215" startTime="2026-08-15T16:22:19.3454573+00:00" endTime="2026-08-15T16:22:19.3454946+00:00" testType="13cdc9d9-ddb5-4fa4-a97d-d965ccfc6d4b" outcome="Passed" testListId="8c84fa94-04c1-424b-9868-57a2d4851a1d" relativeResultsDirectory="c0b18457-d0f1-4f0e-89e8-99ab3f6301e0" />
    <UnitTestResult executionId="602a6a5b-ec6f-4abc-83d3-13c52ffe4d39" testId="1ad4bace-9a07-8be3-53a6-1fcf5c701771" testName="N4Sentinel.Tests.VitaliteTests.Sans_Source_Attendue_La_Conformite_Reste_A_Confirmer" computerName="DESKTOP-SGNJ9UM" duration="00:00:00.0002697" startTime="2026-08-15T16:22:19.3533000+00:00" endTime="2026-08-15T16:22:19.3535078+00:00" testType="13cdc9d9-ddb5-4fa4-a97d-d965ccfc6d4b" outcome="Passed" testListId="8c84fa94-04c1-424b-9868-57a2d4851a1d" relativeResultsDirectory="602a6a5b-ec6f-4abc-83d3-13c52ffe4d39" />
    <UnitTestResult executionId="aaafcf90-a99e-49f5-84ca-f915e591fc16" testId="dff1d5e8-1f40-9b0c-6cb9-fd724b389243" testName="N4Sentinel.Tests.MasquageTests.Un_Secret_Est_Masque(ligne: &quot;&lt;db:connection user=\&quot;eci\&quot; password=\&quot;EciProd2026&quot;···, secret: &quot;EciProd2026&quot;)" computerName="DESKTOP-SGNJ9UM" duration="00:00:00.0005432" startTime="2026-08-15T16:21:52.9893649+00:00" endTime="2026-08-15T16:21:52.9894029+00:00" testType="13cdc9d9-ddb5-4fa4-a97d-d965ccfc6d4b" outcome="Passed" testListId="8c84fa94-04c1-424b-9868-57a2d4851a1d" relativeResultsDirectory="aaafcf90-a99e-49f5-84ca-f915e591fc16" />
    <UnitTestResult executionId="abfd0235-1de3-4662-b8e4-c71af027ba0f" testId="bf209b2f-f90d-2842-7fa7-15df20a676cb" testName="N4Sentinel.Tests.DocumentaireTests.Les_Mots_Vides_Sont_Ecartes_Des_Termes" computerName="DESKTOP-SGNJ9UM" duration="00:00:00.0012654" startTime="2026-08-15T16:21:03.3551460+00:00" endTime="2026-08-15T16:21:03.7606313+00:00" testType="13cdc9d9-ddb5-4fa4-a97d-d965ccfc6d4b" outcome="Passed" testListId="8c84fa94-04c1-424b-9868-57a2d4851a1d" relativeResultsDirectory="abfd0235-1de3-4662-b8e4-c71af027ba0f" />
    <UnitTestResult executionId="a1ae50cc-296b-4448-a1e8-f53e46ee0a32" testId="2aab18ae-7764-31e6-6213-a8e95252216a" testName="Sans seuil déclaré, aucune alerte de fichier non consommé n'est levée" computerName="DESKTOP-SGNJ9UM" duration="00:00:00.0295460" startTime="2026-08-15T16:20:43.2454760+00:00" endTime="2026-08-15T16:20:43.6895330+00:00" testType="13cdc9d9-ddb5-4fa4-a97d-d965ccfc6d4b" outcome="Passed" testListId="8c84fa94-04c1-424b-9868-57a2d4851a1d" relativeResultsDirectory="a1ae50cc-296b-4448-a1e8-f53e46ee0a32" />
    <UnitTestResult executionId="a7e0f211-5db9-4839-bb04-0b489db4430b" testId="e19c21a7-709f-160d-2453-4e2b1bc07725" testName="ProbeWriteAsync sur un dossier inexistant échoue proprement" computerName="DESKTOP-SGNJ9UM" duration="00:00:00.0484738" startTime="2026-08-15T16:14:07.9651129+00:00" endTime="2026-08-15T16:14:08.0142445+00:00" testType="13cdc9d9-ddb5-4fa4-a97d-d965ccfc6d4b" outcome="Passed" testListId="8c84fa94-04c1-424b-9868-57a2d4851a1d" relativeResultsDirectory="a7e0f211-5db9-4839-bb04-0b489db4430b" />
    <UnitTestResult executionId="34dde976-c459-40c2-94db-8d94cacfa448" testId="14bae5a5-c9e0-c831-33fe-02240f0dec2f" testName="Le serveur repond et annonce sous quelle identite la connexion s'est faite" computerName="DESKTOP-SGNJ9UM" duration="00:00:02.0182186" startTime="2026-08-15T16:21:15.6782081+00:00" endTime="2026-08-15T16:21:18.1760742+00:00" testType="13cdc9d9-ddb5-4fa4-a97d-d965ccfc6d4b" outcome="Passed" testListId="8c84fa94-04c1-424b-9868-57a2d4851a1d" relativeResultsDirectory="34dde976-c459-40c2-94db-8d94cacfa448" />
    <UnitTestResult executionId="f3d35cef-a82b-4d0b-9854-a1081c48b5b0" testId="e935277e-a14a-c72d-7d5d-428478e0b1fe" testName="Le compte se relit sous forme de PSCredential exploitable" computerName="DESKTOP-SGNJ9UM" duration="00:00:00.0201501" startTime="2026-08-15T16:21:46.7160198+00:00" endTime="2026-08-15T16:21:47.1288919+00:00" testType="13cdc9d9-ddb5-4fa4-a97d-d965ccfc6d4b" outcome="Passed" testListId="8c84fa94-04c1-424b-9868-57a2d4851a1d" relativeResultsDirectory="f3d35cef-a82b-4d0b-9854-a1081c48b5b0" />
    <UnitTestResult executionId="b0b6f90b-ef35-4903-9f4e-b798f1d81238" testId="b2bbc7cd-d45c-1397-b3d0-f962ac93b15c" testName="N4Sentinel.Tests.ConnecteurTests.Service_inexistant_est_rapporte_introuvable_et_non_en_erreur" computerName="DESKTOP-SGNJ9UM" duration="00:00:00.3940168" startTime="2026-08-15T16:20:48.2856686+00:00" endTime="2026-08-15T16:20:48.6803868+00:00" testType="13cdc9d9-ddb5-4fa4-a97d-d965ccfc6d4b" outcome="Passed" testListId="8c84fa94-04c1-424b-9868-57a2d4851a1d" relativeResultsDirectory="b0b6f90b-ef35-4903-9f4e-b798f1d81238" />
    <UnitTestResult executionId="ae032f0d-1d1a-4607-980a-53b092fd3b85" testId="03f839c0-d05e-c02a-4d4b-394a1ca59b67" testName="N4Sentinel.Tests.DiagnosticTests.Le_Constat_Porte_Les_Lignes_Qui_L_Encadrent" computerName="DESKTOP-SGNJ9UM" duration="00:00:00.0477059" startTime="2026-08-15T16:22:10.7679108+00:00" endTime="2026-08-15T16:22:11.2710167+00:00" testType="13cdc9d9-ddb5-4fa4-a97d-d965ccfc6d4b" outcome="Passed" testListId="8c84fa94-04c1-424b-9868-57a2d4851a1d" relativeResultsDirectory="ae032f0d-1d1a-4607-980a-53b092fd3b85" />
    <UnitTestResult executionId="0d98413f-efed-4a61-98aa-c2a4b78776d7" testId="dbe17ca3-ff90-46e0-d045-53e3fc53a734" testName="N4Sentinel.Tests.ConnecteurTests.Un_hote_inexistant_produit_une_cause_exploitable" computerName="DESKTOP-SGNJ9UM" duration="00:00:00.0172351" startTime="2026-08-15T16:20:48.7649810+00:00" endTime="2026-08-15T16:20:48.7821841+00:00" testType="13cdc9d9-ddb5-4fa4-a97d-d965ccfc6d4b" outcome="Passed" testListId="8c84fa94-04c1-424b-9868-57a2d4851a1d" relativeResultsDirectory="0d98413f-efed-4a61-98aa-c2a4b78776d7" />
    <UnitTestResult executionId="29e54ec2-68ee-4eb4-b2d6-12b7139af55e" testId="b4dabe94-16ba-b2b4-a2cf-9c867a8c0251" testName="L'identite du processus ne produit aucun credential" computerName="DESKTOP-SGNJ9UM" duration="00:00:00.0180161" startTime="2026-08-15T16:21:44.9738742+00:00" endTime="2026-08-15T16:21:45.3972558+00:00" testType="13cdc9d9-ddb5-4fa4-a97d-d965ccfc6d4b" outcome="Passed" testListId="8c84fa94-04c1-424b-9868-57a2d4851a1d" relativeResultsDirectory="29e54ec2-68ee-4eb4-b2d6-12b7139af55e" />
    <UnitTestResult executionId="2121935e-2e50-444b-bf6f-3202806c0c65" testId="9ccacf95-5774-a7dd-92b8-41aff79da97e" testName="Un échec du test d'écriture non destructif devient un indice" computerName="DESKTOP-SGNJ9UM" duration="00:00:00.0345823" startTime="2026-08-15T16:20:50.6367978+00:00" endTime="2026-08-15T16:20:51.1849480+00:00" testType="13cdc9d9-ddb5-4fa4-a97d-d965ccfc6d4b" outcome="Passed" testListId="8c84fa94-04c1-424b-9868-57a2d4851a1d" relativeResultsDirectory="2121935e-2e50-444b-bf6f-3202806c0c65" />
    <UnitTestResult executionId="3722624a-cbe9-4299-8228-129063478799" testId="d21613d5-16ce-7e52-34f4-c58347c49c76" testName="Plusieurs conditions simultanees produisent plusieurs alertes distinctes" computerName="DESKTOP-SGNJ9UM" duration="00:00:00.0224631" startTime="2026-08-15T16:14:21.6143051+00:00" endTime="2026-08-15T16:14:22.0931232+00:00" testType="13cdc9d9-ddb5-4fa4-a97d-d965ccfc6d4b" outcome="Passed" testListId="8c84fa94-04c1-424b-9868-57a2d4851a1d" relativeResultsDirectory="3722624a-cbe9-4299-8228-129063478799" />
    <UnitTestResult executionId="dc506835-6ad9-43d6-9e7a-5ca1b9c309ff" testId="c0e5e058-8962-5dbb-b6fd-01f094122aa3" testName="N4Sentinel.Tests.OrchestrationTests.Une_Dependance_Sur_Soi_Meme_Est_Refusee" computerName="DESKTOP-SGNJ9UM" duration="00:00:00.0006986" startTime="2026-08-15T14:59:03.1967327+00:00" endTime="2026-08-15T14:59:06.6328385+00:00" testType="13cdc9d9-ddb5-4fa4-a97d-d965ccfc6d4b" outcome="Passed" testListId="8c84fa94-04c1-424b-9868-57a2d4851a1d" relativeResultsDirectory="dc506835-6ad9-43d6-9e7a-5ca1b9c309ff" />
    <UnitTestResult executionId="2ac4e977-1ab9-4bab-98ec-6f80454cf210" testId="062ee415-5984-786f-b874-59a743c7ae09" testName="N4Sentinel.Tests.DiagnosticTests.Une_Ligne_Hors_Fenetre_N_Est_Pas_Analysee" computerName="DESKTOP-SGNJ9UM" duration="00:00:00.0490830" startTime="2026-08-15T16:21:59.8376738+00:00" endTime="2026-08-15T16:22:00.4411598+00:00" testType="13cdc9d9-ddb5-4fa4-a97d-d965ccfc6d4b" outcome="Passed" testListId="8c84fa94-04c1-424b-9868-57a2d4851a1d" relativeResultsDirectory="2ac4e977-1ab9-4bab-98ec-6f80454cf210" />
    <UnitTestResult executionId="8f3d709d-d901-4620-9b6f-9245c50268ba" testId="1b7be4cd-5bf4-4067-041e-7871554b723d" testName="Une condition disparue resout l'alerte automatiquement" computerName="DESKTOP-SGNJ9UM" duration="00:00:00.0589518" startTime="2026-08-15T16:20:34.7023574+00:00" endTime="2026-08-15T16:20:35.3102518+00:00" testType="13cdc9d9-ddb5-4fa4-a97d-d965ccfc6d4b" outcome="Passed" testListId="8c84fa94-04c1-424b-9868-57a2d4851a1d" relativeResultsDirectory="8f3d709d-d901-4620-9b6f-9245c50268ba" />
    <UnitTestResult executionId="4fed779d-a367-425a-832a-4e425653ae97" testId="43903031-438a-be76-b4a9-fdd935edd565" testName="Un fichier en attente au-delà du seuil déclaré devient un indice" computerName="DESKTOP-SGNJ9UM" duration="00:00:00.0325978" startTime="2026-08-15T16:20:52.2356907+00:00" endTime="2026-08-15T16:20:52.7479223+00:00" testType="13cdc9d9-ddb5-4fa4-a97d-d965ccfc6d4b" outcome="Passed" testListId="8c84fa94-04c1-424b-9868-57a2d4851a1d" relativeResultsDirectory="4fed779d-a367-425a-832a-4e425653ae97" />
    <UnitTestResult executionId="e9ef3a44-ab6c-41bd-aa3b-6e36c834ea1c" testId="88a209f5-78b1-80f1-92bc-95141758f500" testName="Une synchronisation N4-XPS a jour ne declenche rien" computerName="DESKTOP-SGNJ9UM" duration="00:00:00.0112889" startTime="2026-08-15T16:20:35.3104354+00:00" endTime="2026-08-15T16:20:35.8545681+00:00" testType="13cdc9d9-ddb5-4fa4-a97d-d965ccfc6d4b" outcome="Passed" testListId="8c84fa94-04c1-424b-9868-57a2d4851a1d" relativeResultsDirectory="e9ef3a44-ab6c-41bd-aa3b-6e36c834ea1c" />
    <UnitTestResult executionId="f93f4213-11bb-413c-ac35-71206659d1e3" testId="07f9149a-32fc-694e-e230-2cc8d7fa0567" testName="N4Sentinel.Tests.ConnecteurTests.Un_service_est_interroge_via_WinRM" computerName="DESKTOP-SGNJ9UM" duration="00:00:00.0010000" startTime="2026-08-15T16:20:46.7292331+00:00" endTime="2026-08-15T16:20:46.8586822+00:00" testType="13cdc9d9-ddb5-4fa4-a97d-d965ccfc6d4b" outcome="NotExecuted" testListId="8c84fa94-04c1-424b-9868-57a2d4851a1d" relativeResultsDirectory="f93f4213-11bb-413c-ac35-71206659d1e3">
      <Output>
        <ErrorInfo>
          <Message>Remoting WinRM vers localhost indisponible : une console elevee est requise.</Message>
        </ErrorInfo>
      </Output>
    </UnitTestResult>
    <UnitTestResult executionId="04c4ed18-672b-4bff-8b31-0306a2902571" testId="e5b947cc-b317-a696-7cc6-6cb15685ad0d" testName="Une confirmation sans preuve est refusée" computerName="DESKTOP-SGNJ9UM" duration="00:00:00.0687778" startTime="2026-08-15T16:21:36.8167529+00:00" endTime="2026-08-15T16:21:37.2903927+00:00" testType="13cdc9d9-ddb5-4fa4-a97d-d965ccfc6d4b" outcome="Passed" testListId="8c84fa94-04c1-424b-9868-57a2d4851a1d" relativeResultsDirectory="04c4ed18-672b-4bff-8b31-0306a2902571" />
    <UnitTestResult executionId="8274bb22-2719-477d-a313-86ca254205f1" testId="73927327-3f43-e1c8-d33e-42df65ac75f2" testName="Un retour en arrière sans motif est refusé" computerName="DESKTOP-SGNJ9UM" duration="00:00:00.0706418" startTime="2026-08-15T16:21:28.8430728+00:00" endTime="2026-08-15T16:21:29.2903551+00:00" testType="13cdc9d9-ddb5-4fa4-a97d-d965ccfc6d4b" outcome="Passed" testListId="8c84fa94-04c1-424b-9868-57a2d4851a1d" relativeResultsDirectory="8274bb22-2719-477d-a313-86ca254205f1" />
    <UnitTestResult executionId="1fdff4d5-a0a5-4e9b-bdd7-ee612bbdf816" testId="39de3960-8888-5fef-97ab-16b6a2dec442" testName="N4Sentinel.Tests.OrchestrationTests.Le_Rapport_Nomme_Qui_A_Contourne_Une_Etape_Et_Pourquoi" computerName="DESKTOP-SGNJ9UM" duration="00:00:00.0821701" startTime="2026-08-15T14:59:10.1682138+00:00" endTime="2026-08-15T14:59:10.6294024+00:00" testType="13cdc9d9-ddb5-4fa4-a97d-d965ccfc6d4b" outcome="Passed" testListId="8c84fa94-04c1-424b-9868-57a2d4851a1d" relativeResultsDirectory="1fdff4d5-a0a5-4e9b-bdd7-ee612bbdf816" />
    <UnitTestResult executionId="02b0befb-b725-40be-a55f-bf2a20e26f13" testId="b5c541a6-f3de-d40c-012a-46710de95de1" testName="N4Sentinel.Tests.ConnecteurTests.Plusieurs_services_sont_interroges_en_une_seule_connexion" computerName="DESKTOP-SGNJ9UM" duration="00:00:01.1921603" startTime="2026-08-15T16:20:48.8435805+00:00" endTime="2026-08-15T16:20:50.0361323+00:00" testType="13cdc9d9-ddb5-4fa4-a97d-d965ccfc6d4b" outcome="Passed" testListId="8c84fa94-04c1-424b-9868-57a2d4851a1d" relativeResultsDirectory="02b0befb-b725-40be-a55f-bf2a20e26f13" />
    <UnitTestResult executionId="f580c46b-d2f1-4fc0-b5f2-55dcaca3d0d4" testId="539fe820-f6f0-eeaf-d272-c2856d0f46ec" testName="L'environnement nait en Brouillon et de type Test" computerName="DESKTOP-SGNJ9UM" duration="00:00:00.0996950" startTime="2026-08-15T14:58:55.0954102+00:00" endTime="2026-08-15T14:58:55.5731559+00:00" testType="13cdc9d9-ddb5-4fa4-a97d-d965ccfc6d4b" outcome="Passed" testListId="8c84fa94-04c1-424b-9868-57a2d4851a1d" relativeResultsDirectory="f580c46b-d2f1-4fc0-b5f2-55dcaca3d0d4" />
    <UnitTestResult executionId="c4e9dc53-210c-4682-8308-da01f6d47e02" testId="88f41732-23fa-f507-6c84-1a5370bb4182" testName="Un composant sans chemin de journal donne une consigne, pas une erreur technique" computerName="DESKTOP-SGNJ9UM" duration="00:00:00.0201059" startTime="2026-08-15T16:12:36.3507115+00:00" endTime="2026-08-15T16:12:36.8736634+00:00" testType="13cdc9d9-ddb5-4fa4-a97d-d965ccfc6d4b" outcome="Passed" testListId="8c84fa94-04c1-424b-9868-57a2d4851a1d" relativeResultsDirectory="c4e9dc53-210c-4682-8308-da01f6d47e02" />
    <UnitTestResult executionId="e9affa7c-c84a-484f-bc45-5de21ce6c7f5" testId="9d673133-d006-d363-e7b2-d6cd68cbfee9" testName="Un retour en arrière fait aussi reculer l'étape suivante à venir" computerName="DESKTOP-SGNJ9UM" duration="00:00:00.2561376" startTime="2026-08-15T16:21:31.0431475+00:00" endTime="2026-08-15T16:21:34.8248168+00:00" testType="13cdc9d9-ddb5-4fa4-a97d-d965ccfc6d4b" outcome="Passed" testListId="8c84fa94-04c1-424b-9868-57a2d4851a1d" relativeResultsDirectory="e9affa7c-c84a-484f-bc45-5de21ce6c7f5" />
    <UnitTestResult executionId="f9bde81a-9a51-4d8e-aeaf-b74bae9afbf8" testId="a7f7a7a8-5e34-c9b8-9c1e-8627ee552261" testName="Un temps de reponse normal ne declenche rien" computerName="DESKTOP-SGNJ9UM" duration="00:00:00.0111731" startTime="2026-08-15T16:20:39.0903534+00:00" endTime="2026-08-15T16:20:39.6055834+00:00" testType="13cdc9d9-ddb5-4fa4-a97d-d965ccfc6d4b" outcome="Passed" testListId="8c84fa94-04c1-424b-9868-57a2d4851a1d" relativeResultsDirectory="f9bde81a-9a51-4d8e-aeaf-b74bae9afbf8" />
    <UnitTestResult executionId="91c1e578-049a-4854-9d0f-01e694633673" testId="ec4fe074-c9f5-95c0-5f73-517cc6a57d15" testName="N4Sentinel.Tests.SauvegardeTests.Une_Sauvegarde_D_Une_Autre_Machine_Est_Signalee" computerName="DESKTOP-SGNJ9UM" duration="00:00:00.1742816" startTime="2026-08-15T16:14:09.2932694+00:00" endTime="2026-08-15T16:14:09.9514778+00:00" testType="13cdc9d9-ddb5-4fa4-a97d-d965ccfc6d4b" outcome="Passed" testListId="8c84fa94-04c1-424b-9868-57a2d4851a1d" relativeResultsDirectory="91c1e578-049a-4854-9d0f-01e694633673" />
    <UnitTestResult executionId="0dff564e-e0a1-4bf8-abf5-f9487fd17875" testId="1842792f-f5ac-6e4a-289c-97ffe59bcaec" testName="Une alerte sans composant designe presente les candidats plutot que de deviner" computerName="DESKTOP-SGNJ9UM" duration="00:00:00.0544776" startTime="2026-08-15T16:22:02.0099955+00:00" endTime="2026-08-15T16:22:02.6261386+00:00" testType="13cdc9d9-ddb5-4fa4-a97d-d965ccfc6d4b" outcome="Passed" testListId="8c84fa94-04c1-424b-9868-57a2d4851a1d" relativeResultsDirectory="0dff564e-e0a1-4bf8-abf5-f9487fd17875" />
    <UnitTestResult executionId="c9965138-dd73-431b-883d-6b10f16bf803" testId="e6cda848-84c2-d85d-ccf3-a25f98af4fc5" testName="Un écart constaté n'est pas un échec : l'exécution continue, l'écart reste visible" computerName="DESKTOP-SGNJ9UM" duration="00:00:00.1001551" startTime="2026-08-15T16:21:29.2904820+00:00" endTime="2026-08-15T16:21:29.7922127+00:00" testType="13cdc9d9-ddb5-4fa4-a97d-d965ccfc6d4b" outcome="Passed" testListId="8c84fa94-04c1-424b-9868-57a2d4851a1d" relativeResultsDirectory="c9965138-dd73-431b-883d-6b10f16bf803" />
    <UnitTestResult executionId="e94f265c-89e7-4d7d-9f12-3e66a5a791da" testId="64552e48-888f-43ed-d8f2-60590d158db3" testName="N4Sentinel.Tests.OrchestrationTests.Le_Rapport_Reste_Rattache_A_La_Version_Qui_A_Tourne" computerName="DESKTOP-SGNJ9UM" duration="00:00:00.0972604" startTime="2026-08-15T16:12:28.3113703+00:00" endTime="2026-08-15T16:12:28.8689245+00:00" testType="13cdc9d9-ddb5-4fa4-a97d-d965ccfc6d4b" outcome="Passed" testListId="8c84fa94-04c1-424b-9868-57a2d4851a1d" relativeResultsDirectory="e94f265c-89e7-4d7d-9f12-3e66a5a791da" />
    <UnitTestResult executionId="5be7df39-8dbc-4b22-80fc-12b7ecf49a2d" testId="c7953fdf-d149-0016-cb2f-8ea21719f4c6" testName="N4Sentinel.Tests.OrchestrationTests.Le_Verrou_Est_Libere_A_La_Fin" computerName="DESKTOP-SGNJ9UM" duration="00:00:00.0183450" startTime="2026-08-15T14:59:13.0561784+00:00" endTime="2026-08-15T14:59:13.5451590+00:00" testType="13cdc9d9-ddb5-4fa4-a97d-d965ccfc6d4b" outcome="Passed" testListId="8c84fa94-04c1-424b-9868-57a2d4851a1d" relativeResultsDirectory="5be7df39-8dbc-4b22-80fc-12b7ecf49a2d" />
    <UnitTestResult executionId="5a036998-7fa5-4560-8e5a-17a4cb14c5e0" testId="ea75c3ed-09f0-eef8-fe1e-5a7e75db35ff" testName="Un serveur injoignable est distingue d'un serveur sans anomalie" computerName="DESKTOP-SGNJ9UM" duration="00:00:00.0201657" startTime="2026-08-15T16:21:42.0780695+00:00" endTime="2026-08-15T16:21:42.5746716+00:00" testType="13cdc9d9-ddb5-4fa4-a97d-d965ccfc6d4b" outcome="Passed" testListId="8c84fa94-04c1-424b-9868-57a2d4851a1d" relativeResultsDirectory="5a036998-7fa5-4560-8e5a-17a4cb14c5e0" />
    <UnitTestResult executionId="291192e9-ce4a-4b9a-b2f6-7e1326836bae" testId="87727232-7a80-6a9f-b039-8f7eecbb1597" testName="Un Center dont le marqueur de role actif apparait dans le journal est signale comme role actif detenu" computerName="DESKTOP-SGNJ9UM" duration="00:00:00.0410639" startTime="2026-08-15T16:22:17.5525051+00:00" endTime="2026-08-15T16:22:17.9983105+00:00" testType="13cdc9d9-ddb5-4fa4-a97d-d965ccfc6d4b" outcome="Passed" testListId="8c84fa94-04c1-424b-9868-57a2d4851a1d" relativeResultsDirectory="291192e9-ce4a-4b9a-b2f6-7e1326836bae" />
    <UnitTestResult executionId="c61037bb-30ed-4ba8-a6dc-ed1a45c54ae3" testId="3bb4c7f4-4638-60e0-f701-121bae308896" testName="N4Sentinel.Tests.RecetteSimulateurTests.Scenario_7_Un_Service_Bloque_En_StopPending_Est_Nomme" computerName="DESKTOP-SGNJ9UM" duration="00:00:13.8234317" startTime="2026-08-15T16:13:53.5893075+00:00" endTime="2026-08-15T16:14:07.9644229+00:00" testType="13cdc9d9-ddb5-4fa4-a97d-d965ccfc6d4b" outcome="Passed" testListId="8c84fa94-04c1-424b-9868-57a2d4851a1d" relativeResultsDirectory="c61037bb-30ed-4ba8-a6dc-ed1a45c54ae3" />
    <UnitTestResult executionId="c94bd01c-2b75-4fc2-a6ef-e9c37bdb8aa4" testId="60997b3d-149a-57d8-a797-a411f8fa5d65" testName="N4Sentinel.Tests.MasquageTests.Le_Cas_Documente_Du_Mot_De_Passe_ECI_Est_Couvert" computerName="DESKTOP-SGNJ9UM" duration="00:00:00.0009027" startTime="2026-08-15T16:21:52.9976783+00:00" endTime="2026-08-15T16:21:52.9985195+00:00" testType="13cdc9d9-ddb5-4fa4-a97d-d965ccfc6d4b" outcome="Passed" testListId="8c84fa94-04c1-424b-9868-57a2d4851a1d" relativeResultsDirectory="c94bd01c-2b75-4fc2-a6ef-e9c37bdb8aa4" />
    <UnitTestResult executionId="31deddce-6210-456a-9c79-925aad3ba315" testId="ddd64271-9b8a-fcf9-71d3-c69d486dc591" testName="Un fichier vu plusieurs fois en rejet accumule ses rejets consécutifs" computerName="DESKTOP-SGNJ9UM" duration="00:00:00.0440547" startTime="2026-08-15T16:20:41.4450477+00:00" endTime="2026-08-15T16:20:41.9113980+00:00" testType="13cdc9d9-ddb5-4fa4-a97d-d965ccfc6d4b" outcome="Passed" testListId="8c84fa94-04c1-424b-9868-57a2d4851a1d" relativeResultsDirectory="31deddce-6210-456a-9c79-925aad3ba315" />
    <UnitTestResult executionId="735b3bba-7f3c-4f27-a2e6-934778de540b" testId="e789f32d-627e-5337-a420-9476b84db014" testName="N4Sentinel.Tests.MasquageTests.Un_Secret_Est_Masque(ligne: &quot;pwd:motdepasse&quot;, secret: &quot;motdepasse&quot;)" computerName="DESKTOP-SGNJ9UM" duration="00:00:00.0021377" startTime="2026-08-15T16:21:52.9578772+00:00" endTime="2026-08-15T16:21:52.9599625+00:00" testType="13cdc9d9-ddb5-4fa4-a97d-d965ccfc6d4b" outcome="Passed" testListId="8c84fa94-04c1-424b-9868-57a2d4851a1d" relativeResultsDirectory="735b3bba-7f3c-4f27-a2e6-934778de540b" />
    <UnitTestResult executionId="46d47c6e-f0d2-4559-b6c7-c78fad71561b" testId="df9de6f3-9665-9024-1d53-44170ec93b94" testName="N4Sentinel.Tests.DiagnosticTests.Le_Rapport_Presente_Les_Hypotheses_Comme_Contestables" computerName="DESKTOP-SGNJ9UM" duration="00:00:00.6085195" startTime="2026-08-15T16:21:54.0278467+00:00" endTime="2026-08-15T16:21:55.0999590+00:00" testType="13cdc9d9-ddb5-4fa4-a97d-d965ccfc6d4b" outcome="Passed" testListId="8c84fa94-04c1-424b-9868-57a2d4851a1d" relativeResultsDirectory="46d47c6e-f0d2-4559-b6c7-c78fad71561b" />
    <UnitTestResult executionId="1505e698-0ec6-492b-90c4-84492e84ae8e" testId="c56a518a-2d09-e790-6f42-c1a8aeadc734" testName="N4Sentinel.Tests.ConnecteurTests.Un_journal_absent_n_est_pas_une_erreur" computerName="DESKTOP-SGNJ9UM" duration="00:00:00.0416129" startTime="2026-08-15T16:20:48.8027606+00:00" endTime="2026-08-15T16:20:48.8434356+00:00" testType="13cdc9d9-ddb5-4fa4-a97d-d965ccfc6d4b" outcome="Passed" testListId="8c84fa94-04c1-424b-9868-57a2d4851a1d" relativeResultsDirectory="1505e698-0ec6-492b-90c4-84492e84ae8e" />
    <UnitTestResult executionId="708f7bbf-f33e-46d6-8c5b-5578dbcb3936" testId="513b6adf-7f7e-28d9-e48f-8522a5a0b9e4" testName="Un temps de reponse au-dela du seuil declenche une alerte de noeud lent (FR-058)" computerName="DESKTOP-SGNJ9UM" duration="00:00:00.0171037" startTime="2026-08-15T16:20:34.2086051+00:00" endTime="2026-08-15T16:20:34.7022281+00:00" testType="13cdc9d9-ddb5-4fa4-a97d-d965ccfc6d4b" outcome="Passed" testListId="8c84fa94-04c1-424b-9868-57a2d4851a1d" relativeResultsDirectory="708f7bbf-f33e-46d6-8c5b-5578dbcb3936" />
    <UnitTestResult executionId="857df6f6-71c0-4822-b5af-430a217d8e76" testId="78f4a3a2-3254-d098-b566-38efd7699bdd" testName="Une ligne repetee est signalee comme mauvais candidat" computerName="DESKTOP-SGNJ9UM" duration="00:00:00.0799544" startTime="2026-08-15T16:12:36.8737825+00:00" endTime="2026-08-15T16:12:37.3557342+00:00" testType="13cdc9d9-ddb5-4fa4-a97d-d965ccfc6d4b" outcome="Passed" testListId="8c84fa94-04c1-424b-9868-57a2d4851a1d" relativeResultsDirectory="857df6f6-71c0-4822-b5af-430a217d8e76" />
    <UnitTestResult executionId="8a9075ca-8706-46f9-8202-313a97dab1a0" testId="8bb5cd98-70b1-177e-61b2-9aa9bb2fdb99" testName="N4Sentinel.Tests.DocumentaireTests.Sans_Passage_Correspondant_L_Application_Le_Dit" computerName="DESKTOP-SGNJ9UM" duration="00:00:00.0438004" startTime="2026-08-15T16:20:58.0331112+00:00" endTime="2026-08-15T16:20:58.4479804+00:00" testType="13cdc9d9-ddb5-4fa4-a97d-d965ccfc6d4b" outcome="Passed" testListId="8c84fa94-04c1-424b-9868-57a2d4851a1d" relativeResultsDirectory="8a9075ca-8706-46f9-8202-313a97dab1a0" />
    <UnitTestResult executionId="749f2fa3-b739-47be-aab0-92eb8ae7d939" testId="6799af1a-8352-c68b-089b-d8c1f42d2122" testName="Basculer sans Standby apte reste bloquant, meme le choix fait" computerName="DESKTOP-SGNJ9UM" duration="00:00:00.8199910" startTime="2026-08-15T14:58:56.0869938+00:00" endTime="2026-08-15T14:58:57.3278521+00:00" testType="13cdc9d9-ddb5-4fa4-a97d-d965ccfc6d4b" outcome="Passed" testListId="8c84fa94-04c1-424b-9868-57a2d4851a1d" relativeResultsDirectory="749f2fa3-b739-47be-aab0-92eb8ae7d939" />
    <UnitTestResult executionId="882ba60b-1dd6-4377-8774-e4af219690f9" testId="eef0ba2b-fded-0cfd-327c-3ada2fabb9b3" testName="N4Sentinel.Tests.MasquageTests.Un_Secret_Est_Masque(ligne: &quot;jdbc:sqlserver://srv01:1433;user=n4;password=Prod2&quot;···, secret: &quot;Prod2026&quot;)" computerName="DESKTOP-SGNJ9UM" duration="00:00:00.0208891" startTime="2026-08-15T16:21:52.9369695+00:00" endTime="2026-08-15T16:21:52.9577784+00:00" testType="13cdc9d9-ddb5-4fa4-a97d-d965ccfc6d4b" outcome="Passed" testListId="8c84fa94-04c1-424b-9868-57a2d4851a1d" relativeResultsDirectory="882ba60b-1dd6-4377-8774-e4af219690f9" />
    <UnitTestResult executionId="60fb5616-52d5-4b79-93d7-79de6ce5b1f5" testId="bbb0b885-b5d3-f7b4-b9de-8542d76c2abb" testName="Une entree d'audit ne peut pas etre supprimee, meme par un acces direct a la base" computerName="DESKTOP-SGNJ9UM" duration="00:00:00.0331659" startTime="2026-08-15T16:21:20.6061307+00:00" endTime="2026-08-15T16:21:21.8904150+00:00" testType="13cdc9d9-ddb5-4fa4-a97d-d965ccfc6d4b" outcome="Passed" testListId="8c84fa94-04c1-424b-9868-57a2d4851a1d" relativeResultsDirectory="60fb5616-52d5-4b79-93d7-79de6ce5b1f5" />
    <UnitTestResult executionId="62952af7-0aba-447f-9477-ef91b8b3686c" testId="71ad490f-4b5e-7809-fe05-9ba5832af3f7" testName="N4Sentinel.Tests.ConnecteurTests.La_rotation_de_journal_est_detectee" computerName="DESKTOP-SGNJ9UM" duration="00:00:00.0570168" startTime="2026-08-15T16:20:46.6717568+00:00" endTime="2026-08-15T16:20:46.7291382+00:00" testType="13cdc9d9-ddb5-4fa4-a97d-d965ccfc6d4b" outcome="Passed" testListId="8c84fa94-04c1-424b-9868-57a2d4851a1d" relativeResultsDirectory="62952af7-0aba-447f-9477-ef91b8b3686c" />
    <UnitTestResult executionId="851b6fb1-eb87-4443-88c9-cf619e2e2f56" testId="f681e209-6210-9b65-4147-0d8f9fa427d8" testName="Aucune intégration jamais observée, avec des fichiers présents, ouvre une alerte critique" computerName="DESKTOP-SGNJ9UM" duration="00:00:00.0448241" startTime="2026-08-15T16:20:42.3450030+00:00" endTime="2026-08-15T16:20:42.7988893+00:00" testType="13cdc9d9-ddb5-4fa4-a97d-d965ccfc6d4b" outcome="Passed" testListId="8c84fa94-04c1-424b-9868-57a2d4851a1d" relativeResultsDirectory="851b6fb1-eb87-4443-88c9-cf619e2e2f56" />
    <UnitTestResult executionId="ae22506e-3d7a-4328-b677-ffd0f47c27de" testId="a8d70260-13ee-0711-0967-76622993fd52" testName="N4Sentinel.Tests.DiagnosticTests.Une_Erreur_Non_Cataloguee_Est_Signalee_Quand_Meme" computerName="DESKTOP-SGNJ9UM" duration="00:00:00.0635632" startTime="2026-08-15T16:22:03.6104290+00:00" endTime="2026-08-15T16:22:04.1420398+00:00" testType="13cdc9d9-ddb5-4fa4-a97d-d965ccfc6d4b" outcome="Passed" testListId="8c84fa94-04c1-424b-9868-57a2d4851a1d" relativeResultsDirectory="ae22506e-3d7a-4328-b677-ffd0f47c27de" />
    <UnitTestResult executionId="1f573001-75b3-4b00-a456-0cd275b36131" testId="cbf6dc5b-d516-ea99-0bed-66aa6fd401d3" testName="N4Sentinel.Tests.DiagnosticTests.Le_Catalogue_Est_Amorce_De_La_Documentation_Editeur" computerName="DESKTOP-SGNJ9UM" duration="00:00:00.0095999" startTime="2026-08-15T16:22:00.9942021+00:00" endTime="2026-08-15T16:22:01.4858666+00:00" testType="13cdc9d9-ddb5-4fa4-a97d-d965ccfc6d4b" outcome="Passed" testListId="8c84fa94-04c1-424b-9868-57a2d4851a1d" relativeResultsDirectory="1f573001-75b3-4b00-a456-0cd275b36131" />
    <UnitTestResult executionId="b2350291-8201-4e9f-a1fd-59ab99568d32" testId="92f8bb6c-3cdd-64c6-699c-618730ae39d9" testName="Une alerte de composant declenche la collecte directement sur ce composant" computerName="DESKTOP-SGNJ9UM" duration="00:00:00.0525883" startTime="2026-08-15T16:22:07.2741150+00:00" endTime="2026-08-15T16:22:07.8053446+00:00" testType="13cdc9d9-ddb5-4fa4-a97d-d965ccfc6d4b" outcome="Passed" testListId="8c84fa94-04c1-424b-9868-57a2d4851a1d" relativeResultsDirectory="b2350291-8201-4e9f-a1fd-59ab99568d32" />
    <UnitTestResult executionId="0b019429-8a68-4862-8220-1cbe3c692835" testId="4aa17c9e-ad10-9ec0-54ee-2b3d0ae9dcf2" testName="Un composant sans serveur associe est dit indisponible, pas suppose disponible" computerName="DESKTOP-SGNJ9UM" duration="00:00:00.0033062" startTime="2026-08-15T16:21:04.5279891+00:00" endTime="2026-08-15T16:21:04.5313163+00:00" testType="13cdc9d9-ddb5-4fa4-a97d-d965ccfc6d4b" outcome="Passed" testListId="8c84fa94-04c1-424b-9868-57a2d4851a1d" relativeResultsDirectory="0b019429-8a68-4862-8220-1cbe3c692835" />
    <UnitTestResult executionId="03cf2cce-2c98-42d8-ab9d-4cad88e87d5f" testId="b0c87110-8a6e-c431-e50b-44ef90b7d9f3" testName="Le conflit se resout automatiquement des que la bascule est faite" computerName="DESKTOP-SGNJ9UM" duration="00:00:00.0395715" startTime="2026-08-15T16:20:38.0091553+00:00" endTime="2026-08-15T16:20:38.5347874+00:00" testType="13cdc9d9-ddb5-4fa4-a97d-d965ccfc6d4b" outcome="Passed" testListId="8c84fa94-04c1-424b-9868-57a2d4851a1d" relativeResultsDirectory="03cf2cce-2c98-42d8-ab9d-4cad88e87d5f" />
    <UnitTestResult executionId="b411bf26-b54b-465d-ad4a-5f1d16ab46ef" testId="b77b9c51-ed59-ec02-ead2-caefafc67b64" testName="N4Sentinel.Tests.SauvegardeTests.Un_Dossier_Sans_Manifeste_N_Est_Pas_Une_Sauvegarde" computerName="DESKTOP-SGNJ9UM" duration="00:00:00.0028535" startTime="2026-08-15T16:14:17.6082491+00:00" endTime="2026-08-15T16:14:21.0437312+00:00" testType="13cdc9d9-ddb5-4fa4-a97d-d965ccfc6d4b" outcome="Passed" testListId="8c84fa94-04c1-424b-9868-57a2d4851a1d" relativeResultsDirectory="b411bf26-b54b-465d-ad4a-5f1d16ab46ef" />
    <UnitTestResult executionId="4264c7eb-280d-4f8a-bd6f-d9688f291b87" testId="83a50526-3ebe-04e3-d183-dd2c87932bc9" testName="La volumétrie totale et les dates extrêmes sont reprises telles quelles" computerName="DESKTOP-SGNJ9UM" duration="00:00:00.0316703" startTime="2026-08-15T16:20:52.7480526+00:00" endTime="2026-08-15T16:20:53.2707963+00:00" testType="13cdc9d9-ddb5-4fa4-a97d-d965ccfc6d4b" outcome="Passed" testListId="8c84fa94-04c1-424b-9868-57a2d4851a1d" relativeResultsDirectory="4264c7eb-280d-4f8a-bd6f-d9688f291b87" />
    <UnitTestResult executionId="6383edc9-bb3a-4599-adef-efc90f56a284" testId="7d23a5ea-ea89-f7e6-d418-30b436b126f0" testName="N4Sentinel.Tests.DocumentaireTests.Une_Reponse_Cite_Document_Section_Et_Page" computerName="DESKTOP-SGNJ9UM" duration="00:00:00.0510299" startTime="2026-08-15T16:21:00.4018560+00:00" endTime="2026-08-15T16:21:00.8261698+00:00" testType="13cdc9d9-ddb5-4fa4-a97d-d965ccfc6d4b" outcome="Passed" testListId="8c84fa94-04c1-424b-9868-57a2d4851a1d" relativeResultsDirectory="6383edc9-bb3a-4599-adef-efc90f56a284" />
    <UnitTestResult executionId="6d6ee47d-a352-47a2-af10-393c43360e6c" testId="ee1d154b-bf68-f761-f0ed-f8b7cb6c8693" testName="La suppression retire tout, dependances comprises" computerName="DESKTOP-SGNJ9UM" duration="00:00:01.1897796" startTime="2026-08-15T14:58:47.7057948+00:00" endTime="2026-08-15T14:58:51.3770650+00:00" testType="13cdc9d9-ddb5-4fa4-a97d-d965ccfc6d4b" outcome="Passed" testListId="8c84fa94-04c1-424b-9868-57a2d4851a1d" relativeResultsDirectory="6d6ee47d-a352-47a2-af10-393c43360e6c" />
    <UnitTestResult executionId="f96e26a9-e5a6-465b-8bc5-b6fd274f6a78" testId="472994df-f226-e677-44aa-67c45aeb9e83" testName="N4Sentinel.Tests.OrchestrationTests.L_Ordre_D_Arret_N_Est_Pas_L_Inverse_De_L_Ordre_De_Demarrage" computerName="DESKTOP-SGNJ9UM" duration="00:00:00.1040216" startTime="2026-08-15T14:58:58.3260096+00:00" endTime="2026-08-15T14:58:58.8379191+00:00" testType="13cdc9d9-ddb5-4fa4-a97d-d965ccfc6d4b" outcome="Passed" testListId="8c84fa94-04c1-424b-9868-57a2d4851a1d" relativeResultsDirectory="f96e26a9-e5a6-465b-8bc5-b6fd274f6a78" />
    <UnitTestResult executionId="9320cb63-ef3a-4b8d-9bea-22696c16ed0b" testId="ddee65da-1ff7-9a4a-9803-d9aabbfad847" testName="N4Sentinel.Tests.RecetteSimulateurTests.Scenario_4bis_XPS_Demarre_Une_Fois_Le_Bridge_Prouve" computerName="DESKTOP-SGNJ9UM" duration="00:00:07.7091743" startTime="2026-08-15T16:13:30.3391393+00:00" endTime="2026-08-15T16:13:38.6073028+00:00" testType="13cdc9d9-ddb5-4fa4-a97d-d965ccfc6d4b" outcome="Passed" testListId="8c84fa94-04c1-424b-9868-57a2d4851a1d" relativeResultsDirectory="9320cb63-ef3a-4b8d-9bea-22696c16ed0b" />
    <UnitTestResult executionId="f43ce3b7-be20-4fbc-a8c0-2bcf04d784fc" testId="5ee259db-43bd-535b-88e1-0d72d4f17420" testName="N4Sentinel.Tests.DocumentaireTests.Les_Extensions_Supportees_Sont_Reconnues" computerName="DESKTOP-SGNJ9UM" duration="00:00:00.0006549" startTime="2026-08-15T16:21:00.8262921+00:00" endTime="2026-08-15T16:21:01.2383163+00:00" testType="13cdc9d9-ddb5-4fa4-a97d-d965ccfc6d4b" outcome="Passed" testListId="8c84fa94-04c1-424b-9868-57a2d4851a1d" relativeResultsDirectory="f43ce3b7-be20-4fbc-a8c0-2bcf04d784fc" />
    <UnitTestResult executionId="0d2762f4-6a9d-4f98-8045-a26dfb6c1494" testId="8ab560fb-3c38-e286-10ed-1cd77d3416de" testName="N4Sentinel.Tests.SauvegardeTests.La_Notice_Dit_Que_La_Base_Seule_Ne_Suffit_Pas" computerName="DESKTOP-SGNJ9UM" duration="00:00:00.1086768" startTime="2026-08-15T16:14:13.4250386+00:00" endTime="2026-08-15T16:14:14.0151316+00:00" testType="13cdc9d9-ddb5-4fa4-a97d-d965ccfc6d4b" outcome="Passed" testListId="8c84fa94-04c1-424b-9868-57a2d4851a1d" relativeResultsDirectory="0d2762f4-6a9d-4f98-8045-a26dfb6c1494" />
    <UnitTestResult executionId="c9a17923-dfeb-464b-b0ab-dddcd8319537" testId="06a45be3-4cde-acfe-f020-04de618029ac" testName="N4Sentinel.Tests.DocumentaireTests.Un_Texte_Brut_Est_Regroupe_En_Blocs_Utilisables" computerName="DESKTOP-SGNJ9UM" duration="00:00:00.0105864" startTime="2026-08-15T16:20:58.4482377+00:00" endTime="2026-08-15T16:20:58.8115823+00:00" testType="13cdc9d9-ddb5-4fa4-a97d-d965ccfc6d4b" outcome="Passed" testListId="8c84fa94-04c1-424b-9868-57a2d4851a1d" relativeResultsDirectory="c9a17923-dfeb-464b-b0ab-dddcd8319537" />
    <UnitTestResult executionId="2fef8212-8228-4bb5-ba8f-33499e839564" testId="84f85418-b913-1d34-f345-c6b18e16a266" testName="N4Sentinel.Tests.MasquageTests.Un_Secret_Est_Masque(ligne: &quot;&lt;credential&gt;abc-def-ghi&lt;/credential&gt;&quot;, secret: &quot;abc-def-ghi&quot;)" computerName="DESKTOP-SGNJ9UM" duration="00:00:00.0574899" startTime="2026-08-15T16:21:52.8792525+00:00" endTime="2026-08-15T16:21:52.9368332+00:00" testType="13cdc9d9-ddb5-4fa4-a97d-d965ccfc6d4b" outcome="Passed" testListId="8c84fa94-04c1-424b-9868-57a2d4851a1d" relativeResultsDirectory="2fef8212-8228-4bb5-ba8f-33499e839564" />
    <UnitTestResult executionId="82421ef9-b76a-460c-8d00-313d3f2bb782" testId="37f81b0c-80e3-4d3b-7376-0f66d3705916" testName="N4Sentinel.Tests.VitaliteTests.Une_Mesure_Ancienne_Est_Declaree_Perimee" computerName="DESKTOP-SGNJ9UM" duration="00:00:00.0005207" startTime="2026-08-15T16:22:19.3517980+00:00" endTime="2026-08-15T16:22:19.3522716+00:00" testType="13cdc9d9-ddb5-4fa4-a97d-d965ccfc6d4b" outcome="Passed" testListId="8c84fa94-04c1-424b-9868-57a2d4851a1d" relativeResultsDirectory="82421ef9-b76a-460c-8d00-313d3f2bb782" />
    <UnitTestResult executionId="1c2dc611-f28b-4b33-942d-727adcfe0496" testId="262c3167-88b7-1506-005d-76000e5b6eb9" testName="Une base joignable sous l'identite du processus rapporte une latence reelle" computerName="DESKTOP-SGNJ9UM" duration="00:00:00.0368782" startTime="2026-08-15T16:21:09.1848548+00:00" endTime="2026-08-15T16:21:09.2219791+00:00" testType="13cdc9d9-ddb5-4fa4-a97d-d965ccfc6d4b" outcome="Passed" testListId="8c84fa94-04c1-424b-9868-57a2d4851a1d" relativeResultsDirectory="1c2dc611-f28b-4b33-942d-727adcfe0496" />
    <UnitTestResult executionId="3938604c-77c9-45fe-b07b-b4c89a435eba" testId="f79766c9-cf73-fb8e-dc50-3d275c72247a" testName="Une session ne peut pas etre comparee a une reference non marquee saine" computerName="DESKTOP-SGNJ9UM" duration="00:00:00.0600099" startTime="2026-08-15T16:22:04.1422100+00:00" endTime="2026-08-15T16:22:04.6628066+00:00" testType="13cdc9d9-ddb5-4fa4-a97d-d965ccfc6d4b" outcome="Passed" testListId="8c84fa94-04c1-424b-9868-57a2d4851a1d" relativeResultsDirectory="3938604c-77c9-45fe-b07b-b4c89a435eba" />
    <UnitTestResult executionId="aaec0f6b-b912-45db-8b62-0320ad312989" testId="4b4240fc-5a23-1954-b533-9d6cb86b1cd7" testName="Un SOP jamais exécuté se modifie sur place" computerName="DESKTOP-SGNJ9UM" duration="00:00:00.0170557" startTime="2026-08-15T16:21:23.8209097+00:00" endTime="2026-08-15T16:21:24.2148182+00:00" testType="13cdc9d9-ddb5-4fa4-a97d-d965ccfc6d4b" outcome="Passed" testListId="8c84fa94-04c1-424b-9868-57a2d4851a1d" relativeResultsDirectory="aaec0f6b-b912-45db-8b62-0320ad312989" />
    <UnitTestResult executionId="ff35933c-42e2-4902-b83f-dac3e87d550d" testId="b3ff82f7-64cb-11e3-b4c6-c8649be47ad0" testName="N4Sentinel.Tests.DiagnosticTests.Quarante_Occurrences_Identiques_Font_Un_Seul_Constat" computerName="DESKTOP-SGNJ9UM" duration="00:00:00.0748126" startTime="2026-08-15T16:21:58.7476326+00:00" endTime="2026-08-15T16:21:59.2985539+00:00" testType="13cdc9d9-ddb5-4fa4-a97d-d965ccfc6d4b" outcome="Passed" testListId="8c84fa94-04c1-424b-9868-57a2d4851a1d" relativeResultsDirectory="ff35933c-42e2-4902-b83f-dac3e87d550d" />
    <UnitTestResult executionId="7bb345e7-9bd0-4bde-9226-08a0931e6cfc" testId="ea04ba95-cb6d-2d21-d7ea-e1ae633f258f" testName="Le fichier redevenu à jour résout l'alerte automatiquement" computerName="DESKTOP-SGNJ9UM" duration="00:00:00.0441344" startTime="2026-08-15T16:20:42.7990067+00:00" endTime="2026-08-15T16:20:43.2453624+00:00" testType="13cdc9d9-ddb5-4fa4-a97d-d965ccfc6d4b" outcome="Passed" testListId="8c84fa94-04c1-424b-9868-57a2d4851a1d" relativeResultsDirectory="7bb345e7-9bd0-4bde-9226-08a0931e6cfc" />
    <UnitTestResult executionId="f7846917-7217-4ba6-a9bc-5a36a2662931" testId="7d7d541d-c8e8-38be-e7b3-31f4c7ad76c6" testName="N4Sentinel.Tests.ConnecteurTests.Un_motif_generique_resout_le_fichier_le_plus_recent" computerName="DESKTOP-SGNJ9UM" duration="00:00:00.0352002" startTime="2026-08-15T16:20:46.6361264+00:00" endTime="2026-08-15T16:20:46.6716590+00:00" testType="13cdc9d9-ddb5-4fa4-a97d-d965ccfc6d4b" outcome="Passed" testListId="8c84fa94-04c1-424b-9868-57a2d4851a1d" relativeResultsDirectory="f7846917-7217-4ba6-a9bc-5a36a2662931" />
    <UnitTestResult executionId="7bc87bb6-0115-435d-9e02-4fffcb3f9031" testId="f0e2af5e-7280-0a75-e30c-5623b3206b2b" testName="Confirmer une étape fait avancer l'exécution à la suivante" computerName="DESKTOP-SGNJ9UM" duration="00:00:00.1180198" startTime="2026-08-15T16:21:35.2194174+00:00" endTime="2026-08-15T16:21:35.7410502+00:00" testType="13cdc9d9-ddb5-4fa4-a97d-d965ccfc6d4b" outcome="Passed" testListId="8c84fa94-04c1-424b-9868-57a2d4851a1d" relativeResultsDirectory="7bc87bb6-0115-435d-9e02-4fffcb3f9031" />
    <UnitTestResult executionId="ba46c109-cc6c-40a3-ac0f-33c5c8c3c3d9" testId="0080f333-e9de-670b-333a-dea4562b03dc" testName="N4Sentinel.Tests.DocumentaireTests.Une_Question_Faite_Uniquement_De_Mots_Vides_Est_Refusee" computerName="DESKTOP-SGNJ9UM" duration="00:00:00.0007872" startTime="2026-08-15T16:21:01.2384207+00:00" endTime="2026-08-15T16:21:01.6253514+00:00" testType="13cdc9d9-ddb5-4fa4-a97d-d965ccfc6d4b" outcome="Passed" testListId="8c84fa94-04c1-424b-9868-57a2d4851a1d" relativeResultsDirectory="ba46c109-cc6c-40a3-ac0f-33c5c8c3c3d9" />
    <UnitTestResult executionId="5ea9f983-47ba-4e6a-bdc8-05646c1441c0" testId="ed447643-554c-0c46-0c1d-07be9fb109b2" testName="N4Sentinel.Tests.OrchestrationTests.Une_Operation_Ponctuelle_Passe_Par_Le_Moteur_Comme_Les_Autres" computerName="DESKTOP-SGNJ9UM" duration="00:00:00.0571008" startTime="2026-08-15T14:59:02.7454341+00:00" endTime="2026-08-15T14:59:03.1963616+00:00" testType="13cdc9d9-ddb5-4fa4-a97d-d965ccfc6d4b" outcome="Passed" testListId="8c84fa94-04c1-424b-9868-57a2d4851a1d" relativeResultsDirectory="5ea9f983-47ba-4e6a-bdc8-05646c1441c0" />
    <UnitTestResult executionId="40e5d56b-2b1f-4320-b904-d5fdd5cf05d9" testId="a57006f2-7e59-19e2-d760-55ff784ba20b" testName="N4Sentinel.Tests.OrchestrationTests.Un_Contournement_Sans_Justification_Est_Refuse" computerName="DESKTOP-SGNJ9UM" duration="00:00:00.0804188" startTime="2026-08-15T14:59:09.7156787+00:00" endTime="2026-08-15T14:59:10.1678703+00:00" testType="13cdc9d9-ddb5-4fa4-a97d-d965ccfc6d4b" outcome="Passed" testListId="8c84fa94-04c1-424b-9868-57a2d4851a1d" relativeResultsDirectory="40e5d56b-2b1f-4320-b904-d5fdd5cf05d9" />
    <UnitTestResult executionId="13944d1f-b69f-4d1f-a215-5abf5e73e288" testId="609ecdf9-877a-24d4-f4d5-5b8773316b1c" testName="N4Sentinel.Tests.VitaliteTests.Une_Mesure_De_Mises_A_Jour_Porte_Son_Age" computerName="DESKTOP-SGNJ9UM" duration="00:00:00.0010483" startTime="2026-08-15T16:22:19.3460489+00:00" endTime="2026-08-15T16:22:19.3470332+00:00" testType="13cdc9d9-ddb5-4fa4-a97d-d965ccfc6d4b" outcome="Passed" testListId="8c84fa94-04c1-424b-9868-57a2d4851a1d" relativeResultsDirectory="13944d1f-b69f-4d1f-a215-5abf5e73e288" />
    <UnitTestResult executionId="7229e836-479f-4dd1-b0b2-292dd0883958" testId="3a274417-418c-c854-bdb1-7b449fb48cfc" testName="Une reference de compte inconnue echoue au lieu de se rabattre en silence" computerName="DESKTOP-SGNJ9UM" duration="00:00:00.0175974" startTime="2026-08-15T16:21:44.6182432+00:00" endTime="2026-08-15T16:21:44.9737272+00:00" testType="13cdc9d9-ddb5-4fa4-a97d-d965ccfc6d4b" outcome="Passed" testListId="8c84fa94-04c1-424b-9868-57a2d4851a1d" relativeResultsDirectory="7229e836-479f-4dd1-b0b2-292dd0883958" />
    <UnitTestResult executionId="4a878b42-f55c-4e4b-86d1-a506d799cd38" testId="ff8335d3-0e3f-f03a-de05-75971aa28f40" testName="La machine hebergeant l'application est traitee en local, sans WinRM" computerName="DESKTOP-SGNJ9UM" duration="00:00:00.0169983" startTime="2026-08-15T16:21:45.8509524+00:00" endTime="2026-08-15T16:21:46.2826464+00:00" testType="13cdc9d9-ddb5-4fa4-a97d-d965ccfc6d4b" outcome="Passed" testListId="8c84fa94-04c1-424b-9868-57a2d4851a1d" relativeResultsDirectory="4a878b42-f55c-4e4b-86d1-a506d799cd38" />
    <UnitTestResult executionId="331a9734-32ed-4952-856d-3ff2768306d6" testId="0c724b94-b1a4-6373-716c-0ad9244c02a9" testName="Service qui tourne mais journal en echec : incoherence d'etat, en critique" computerName="DESKTOP-SGNJ9UM" duration="00:00:00.0010000" startTime="2026-08-15T16:14:23.5543611+00:00" endTime="2026-08-15T16:20:29.5397741+00:00" testType="13cdc9d9-ddb5-4fa4-a97d-d965ccfc6d4b" outcome="Failed" testListId="8c84fa94-04c1-424b-9868-57a2d4851a1d" relativeResultsDirectory="331a9734-32ed-4952-856d-3ff2768306d6">
      <Output>
        <ErrorInfo>
          <Message>Microsoft.Data.SqlClient.SqlException : Le délai d'exécution a expiré. Le délai d'attente s'est écoulé avant la fin de l'opération ou le serveur ne répond pas.&#xD;
---- System.ComponentModel.Win32Exception : Dépassement du délai d’attente.</Message>
          <StackTrace>   at Microsoft.Data.SqlClient.TdsParser.ThrowExceptionAndWarning(TdsParserStateObject stateObj, SqlCommand command, Boolean callerHasConnectionLock, Boolean asyncClose)&#xD;
   at Microsoft.Data.SqlClient.SqlCommand.InternalEndExecuteNonQuery(IAsyncResult asyncResult, Boolean isInternal, String endMethod)&#xD;
   at Microsoft.Data.SqlClient.SqlCommand.EndExecuteNonQueryInternal(IAsyncResult asyncResult)&#xD;
   at Microsoft.Data.SqlClient.SqlCommand.EndExecuteNonQueryAsync(IAsyncResult asyncResult)&#xD;
   at System.Threading.Tasks.TaskFactory`1.FromAsyncCoreLogic(IAsyncResult iar, Func`2 endFunction, Action`1 endAction, Task`1 promise, Boolean requiresSynchronization)&#xD;
--- End of stack trace from previous location ---&#xD;
   at Microsoft.EntityFrameworkCore.Storage.RelationalCommand.ExecuteNonQueryAsync(RelationalCommandParameterObject parameterObject, CancellationToken cancellationToken)&#xD;
   at Microsoft.EntityFrameworkCore.Storage.RelationalCommand.ExecuteNonQueryAsync(RelationalCommandParameterObject parameterObject, CancellationToken cancellationToken)&#xD;
   at Microsoft.EntityFrameworkCore.Storage.RelationalCommand.ExecuteNonQueryAsync(RelationalCommandParameterObject parameterObject, CancellationToken cancellationToken)&#xD;
   at Microsoft.EntityFrameworkCore.Migrations.Internal.MigrationCommandExecutor.ExecuteAsync(IReadOnlyList`1 migrationCommands, IRelationalConnection connection, MigrationExecutionState executionState, Boolean beginTransaction, Boolean commitTransaction, Nullable`1 isolationLevel, CancellationToken cancellationToken)&#xD;
   at Microsoft.EntityFrameworkCore.Migrations.Internal.MigrationCommandExecutor.ExecuteAsync(IReadOnlyList`1 migrationCommands, IRelationalConnection connection, MigrationExecutionState executionState, Boolean beginTransaction, Boolean commitTransaction, Nullable`1 isolationLevel, CancellationToken cancellationToken)&#xD;
   at Microsoft.EntityFrameworkCore.SqlServer.Storage.Internal.SqlServerExecutionStrategy.ExecuteAsync[TState,TResult](TState state, Func`4 operation, Func`4 verifySucceeded, CancellationToken cancellationToken)&#xD;
   at Microsoft.EntityFrameworkCore.Migrations.Internal.MigrationCommandExecutor.ExecuteNonQueryAsync(IReadOnlyList`1 migrationCommands, IRelationalConnection connection, MigrationExecutionState executionState, Boolean commitTransaction, Nullable`1 isolationLevel, CancellationToken cancellationToken)&#xD;
   at Microsoft.EntityFrameworkCore.SqlServer.Storage.Internal.SqlServerDatabaseCreator.CreateAsync(CancellationToken cancellationToken)&#xD;
   at Microsoft.EntityFrameworkCore.SqlServer.Storage.Internal.SqlServerDatabaseCreator.CreateAsync(CancellationToken cancellationToken)&#xD;
   at Microsoft.EntityFrameworkCore.Storage.RelationalDatabaseCreator.EnsureCreatedAsync(CancellationToken cancellationToken)&#xD;
   at N4Sentinel.Tests.AlertesTests.InitializeAsync() in C:\Users\KERNELMK\Documents\cit\navis\N4sentinel\tests\N4Sentinel.Tests\AlertesTests.cs:line 35&#xD;
   at N4Sentinel.Tests.AlertesTests.InitializeAsync() in C:\Users\KERNELMK\Documents\cit\navis\N4sentinel\tests\N4Sentinel.Tests\AlertesTests.cs:line 52&#xD;
----- Inner Stack Trace -----&#xD;
</StackTrace>
        </ErrorInfo>
      </Output>
    </UnitTestResult>
    <UnitTestResult executionId="dfa9f4ce-671e-461d-8b09-169616e5d608" testId="7c25e5a9-0820-00b5-03f9-9375d7f788ab" testName="N4Sentinel.Tests.ConnecteurTests.Service_connu_remonte_son_etat_et_son_processus" computerName="DESKTOP-SGNJ9UM" duration="00:00:00.4038065" startTime="2026-08-15T16:20:46.2317675+00:00" endTime="2026-08-15T16:20:46.6360385+00:00" testType="13cdc9d9-ddb5-4fa4-a97d-d965ccfc6d4b" outcome="Passed" testListId="8c84fa94-04c1-424b-9868-57a2d4851a1d" relativeResultsDirectory="dfa9f4ce-671e-461d-8b09-169616e5d608" />
    <UnitTestResult executionId="9d30b02c-aa48-43f9-a9cc-0b29aa48ee2a" testId="02eeccad-d4bb-c4b4-c8c4-593b9435e916" testName="N4Sentinel.Tests.DocumentaireTests.Un_Document_Indexe_Reste_En_Brouillon" computerName="DESKTOP-SGNJ9UM" duration="00:00:00.0535606" startTime="2026-08-15T16:20:57.6132616+00:00" endTime="2026-08-15T16:20:58.0329899+00:00" testType="13cdc9d9-ddb5-4fa4-a97d-d965ccfc6d4b" outcome="Passed" testListId="8c84fa94-04c1-424b-9868-57a2d4851a1d" relativeResultsDirectory="9d30b02c-aa48-43f9-a9cc-0b29aa48ee2a" />
    <UnitTestResult executionId="ec69972a-6922-4ed0-adcf-724f4e9995d6" testId="cf9edcb0-aec3-0f6f-4ee1-ccfe6f45bd92" testName="N4Sentinel.Tests.MasquageTests.Le_Mot_Password_Seul_Dans_Une_Phrase_N_Est_Pas_Masque" computerName="DESKTOP-SGNJ9UM" duration="00:00:00.0001998" startTime="2026-08-15T16:21:53.0038301+00:00" endTime="2026-08-15T16:21:53.0039642+00:00" testType="13cdc9d9-ddb5-4fa4-a97d-d965ccfc6d4b" outcome="Passed" testListId="8c84fa94-04c1-424b-9868-57a2d4851a1d" relativeResultsDirectory="ec69972a-6922-4ed0-adcf-724f4e9995d6" />
    <UnitTestResult executionId="2fb027e5-5b4a-489e-827a-80072891b8d8" testId="c667c5cd-d094-4f4d-3a17-24a608758e25" testName="Une operation qui n'arrete ni ne redemarre le Center ne requiert aucun choix de continuite" computerName="DESKTOP-SGNJ9UM" duration="00:00:00.1932955" startTime="2026-08-15T16:10:19.9009642+00:00" endTime="2026-08-15T16:10:20.6028798+00:00" testType="13cdc9d9-ddb5-4fa4-a97d-d965ccfc6d4b" outcome="Passed" testListId="8c84fa94-04c1-424b-9868-57a2d4851a1d" relativeResultsDirectory="2fb027e5-5b4a-489e-827a-80072891b8d8" />
    <UnitTestResult executionId="1d3b3b63-8b86-4004-b658-908827a370b3" testId="5659665d-7132-13b3-e627-e40d08ea11ba" testName="Un composant pilotable sans service Windows bloque l'activation" computerName="DESKTOP-SGNJ9UM" duration="00:00:00.0876291" startTime="2026-08-15T16:12:32.1920197+00:00" endTime="2026-08-15T16:12:32.7152117+00:00" testType="13cdc9d9-ddb5-4fa4-a97d-d965ccfc6d4b" outcome="Passed" testListId="8c84fa94-04c1-424b-9868-57a2d4851a1d" relativeResultsDirectory="1d3b3b63-8b86-4004-b658-908827a370b3" />
    <UnitTestResult executionId="191916fd-e4c2-4624-8c49-b433b39d5712" testId="ae2f7e4b-51e5-d070-2903-d8e122dfe3df" testName="Un composant pilotable sans nom de service est bloquant" computerName="DESKTOP-SGNJ9UM" duration="00:00:00.0405224" startTime="2026-08-15T16:12:42.6005084+00:00" endTime="2026-08-15T16:12:43.0940824+00:00" testType="13cdc9d9-ddb5-4fa4-a97d-d965ccfc6d4b" outcome="Passed" testListId="8c84fa94-04c1-424b-9868-57a2d4851a1d" relativeResultsDirectory="191916fd-e4c2-4624-8c49-b433b39d5712" />
    <UnitTestResult executionId="0de42f03-e810-4f75-a1ce-c352afbb90c0" testId="ab6bfaa7-c7da-b2e1-08e1-ee845ee6e8ae" testName="N4Sentinel.Tests.OrchestrationTests.Les_Sequences_Generees_Sont_En_Brouillon" computerName="DESKTOP-SGNJ9UM" duration="00:00:00.0841775" startTime="2026-08-15T14:59:09.2383090+00:00" endTime="2026-08-15T14:59:09.7154464+00:00" testType="13cdc9d9-ddb5-4fa4-a97d-d965ccfc6d4b" outcome="Passed" testListId="8c84fa94-04c1-424b-9868-57a2d4851a1d" relativeResultsDirectory="0de42f03-e810-4f75-a1ce-c352afbb90c0" />
    <UnitTestResult executionId="42a1cf64-f69b-4706-9307-3a11884f43ae" testId="ba06cdd4-330d-95c1-fd69-8b365fcbf234" testName="N4Sentinel.Tests.OrchestrationTests.Un_Echec_Bloquant_Interdit_Le_Lancement_Sans_Contournement_Possible" computerName="DESKTOP-SGNJ9UM" duration="00:00:00.0874495" startTime="2026-08-15T14:58:57.8245573+00:00" endTime="2026-08-15T14:58:58.3256586+00:00" testType="13cdc9d9-ddb5-4fa4-a97d-d965ccfc6d4b" outcome="Passed" testListId="8c84fa94-04c1-424b-9868-57a2d4851a1d" relativeResultsDirectory="42a1cf64-f69b-4706-9307-3a11884f43ae" />
    <UnitTestResult executionId="3bc92a67-36eb-401d-ab95-b0a6187bf426" testId="a829b110-7bd3-7b38-4dfb-85bf39f1a50a" testName="L'absence de compte technique n'est pas un manque : c'est le mode recommande" computerName="DESKTOP-SGNJ9UM" duration="00:00:00.0163416" startTime="2026-08-15T16:12:39.1814392+00:00" endTime="2026-08-15T16:12:42.5992865+00:00" testType="13cdc9d9-ddb5-4fa4-a97d-d965ccfc6d4b" outcome="Passed" testListId="8c84fa94-04c1-424b-9868-57a2d4851a1d" relativeResultsDirectory="3bc92a67-36eb-401d-ab95-b0a6187bf426" />
    <UnitTestResult executionId="31f403b9-22a5-48a5-837c-188d56dbee54" testId="6e1950bd-5ee3-10cb-9dbc-95fa7ad1ca9f" testName="Une modification n'enregistre que les proprietes reellement changees" computerName="DESKTOP-SGNJ9UM" duration="00:00:00.0559347" startTime="2026-08-15T16:12:30.7926805+00:00" endTime="2026-08-15T16:12:31.2640231+00:00" testType="13cdc9d9-ddb5-4fa4-a97d-d965ccfc6d4b" outcome="Passed" testListId="8c84fa94-04c1-424b-9868-57a2d4851a1d" relativeResultsDirectory="31f403b9-22a5-48a5-837c-188d56dbee54" />
    <UnitTestResult executionId="f9401ac0-69af-4566-90ef-ee0487ec0647" testId="16e1b52f-0661-efed-0e23-33e8e11ba3d2" testName="Le role est deduit du nom du service(nomService: &quot;Navis XPS Service&quot;, attendu: Xps)" computerName="DESKTOP-SGNJ9UM" duration="00:00:00.0242490" startTime="2026-08-15T16:21:40.4714036+00:00" endTime="2026-08-15T16:21:40.9127446+00:00" testType="13cdc9d9-ddb5-4fa4-a97d-d965ccfc6d4b" outcome="Passed" testListId="8c84fa94-04c1-424b-9868-57a2d4851a1d" relativeResultsDirectory="f9401ac0-69af-4566-90ef-ee0487ec0647" />
    <UnitTestResult executionId="598321e4-4441-42ba-b7c4-8b0a9d45cd37" testId="dda19b21-43a6-a69d-36fe-509c9518fe07" testName="Le SOP généré reprend la preuve observée comme résultat attendu, en brouillon" computerName="DESKTOP-SGNJ9UM" duration="00:00:00.0533399" startTime="2026-08-15T16:21:30.5806771+00:00" endTime="2026-08-15T16:21:31.0430123+00:00" testType="13cdc9d9-ddb5-4fa4-a97d-d965ccfc6d4b" outcome="Passed" testListId="8c84fa94-04c1-424b-9868-57a2d4851a1d" relativeResultsDirectory="598321e4-4441-42ba-b7c4-8b0a9d45cd37" />
    <UnitTestResult executionId="a80499d6-9d22-4eef-a2fc-953ddfcf5511" testId="0a89ae9e-6415-6d9d-ee60-70619e9dc7f8" testName="N4Sentinel.Tests.DiagnosticTests.Une_Signature_Deja_Citee_Est_Desactivee_Et_Non_Supprimee" computerName="DESKTOP-SGNJ9UM" duration="00:00:00.0848312" startTime="2026-08-15T16:21:56.3124739+00:00" endTime="2026-08-15T16:21:56.8854605+00:00" testType="13cdc9d9-ddb5-4fa4-a97d-d965ccfc6d4b" outcome="Passed" testListId="8c84fa94-04c1-424b-9868-57a2d4851a1d" relativeResultsDirectory="a80499d6-9d22-4eef-a2fc-953ddfcf5511" />
    <UnitTestResult executionId="42178f66-d5d4-4d1d-bdf0-79fdb956119e" testId="186b99d6-4161-5dea-4710-c1b20f82d891" testName="Une étape sans instruction est refusée à l'enregistrement" computerName="DESKTOP-SGNJ9UM" duration="00:00:00.0100682" startTime="2026-08-15T16:21:34.8252030+00:00" endTime="2026-08-15T16:21:35.2192695+00:00" testType="13cdc9d9-ddb5-4fa4-a97d-d965ccfc6d4b" outcome="Passed" testListId="8c84fa94-04c1-424b-9868-57a2d4851a1d" relativeResultsDirectory="42178f66-d5d4-4d1d-bdf0-79fdb956119e" />
    <UnitTestResult executionId="dbc5076a-d505-4109-8cb5-d8c126b509fa" testId="a71cf4fb-218d-dc9a-bc50-c1f81c80b131" testName="Générer un SOP depuis une exécution non terminée avec succès est refusé" computerName="DESKTOP-SGNJ9UM" duration="00:00:00.0545185" startTime="2026-08-15T16:21:24.9913732+00:00" endTime="2026-08-15T16:21:25.4347501+00:00" testType="13cdc9d9-ddb5-4fa4-a97d-d965ccfc6d4b" outcome="Passed" testListId="8c84fa94-04c1-424b-9868-57a2d4851a1d" relativeResultsDirectory="dbc5076a-d505-4109-8cb5-d8c126b509fa" />
    <UnitTestResult executionId="0f3c57a1-1e6d-49ff-bc50-8bc0b7e6751e" testId="c5eb1cbb-b596-7ebc-92a2-9d4447a84cd4" testName="N4Sentinel.Tests.DiagnosticTests.Une_Signature_Connue_Est_Reconnue_Avec_Son_Sens" computerName="DESKTOP-SGNJ9UM" duration="00:00:00.0508769" startTime="2026-08-15T16:22:04.6629280+00:00" endTime="2026-08-15T16:22:05.1780870+00:00" testType="13cdc9d9-ddb5-4fa4-a97d-d965ccfc6d4b" outcome="Passed" testListId="8c84fa94-04c1-424b-9868-57a2d4851a1d" relativeResultsDirectory="0f3c57a1-1e6d-49ff-bc50-8bc0b7e6751e" />
    <UnitTestResult executionId="dd29aa40-1133-46cb-8dfd-f010ea5b355a" testId="3de0df76-901d-5656-dbb7-6dbe2d20ccde" testName="Une confirmation ancienne, absente du delta courant, est reportee depuis le relevé precedent" computerName="DESKTOP-SGNJ9UM" duration="00:00:00.0373425" startTime="2026-08-15T16:22:14.3857284+00:00" endTime="2026-08-15T16:22:14.8060290+00:00" testType="13cdc9d9-ddb5-4fa4-a97d-d965ccfc6d4b" outcome="Passed" testListId="8c84fa94-04c1-424b-9868-57a2d4851a1d" relativeResultsDirectory="dd29aa40-1133-46cb-8dfd-f010ea5b355a" />
    <UnitTestResult executionId="d075b035-daf5-4e81-816c-711a053bf2ce" testId="76e7e69b-e014-dfe8-8466-5cad7a8ebbfd" testName="N4Sentinel.Tests.SauvegardeTests.La_Sauvegarde_Est_Refusee_Si_Le_Trousseau_Est_Vide_Alors_Que_Des_Secrets_Existent" computerName="DESKTOP-SGNJ9UM" duration="00:00:00.0180066" startTime="2026-08-15T16:14:14.0153415+00:00" endTime="2026-08-15T16:14:14.5349523+00:00" testType="13cdc9d9-ddb5-4fa4-a97d-d965ccfc6d4b" outcome="Passed" testListId="8c84fa94-04c1-424b-9868-57a2d4851a1d" relativeResultsDirectory="d075b035-daf5-4e81-816c-711a053bf2ce" />
    <UnitTestResult executionId="486111e4-aee4-45b4-84fa-ccb53b9299e2" testId="0e122291-003f-39a2-38bc-0daa75fdd888" testName="Créer deux fois le SOP de reconstitution échoue sur le code déjà pris" computerName="DESKTOP-SGNJ9UM" duration="00:00:00.1568768" startTime="2026-08-15T16:21:22.8443350+00:00" endTime="2026-08-15T16:21:23.3900789+00:00" testType="13cdc9d9-ddb5-4fa4-a97d-d965ccfc6d4b" outcome="Passed" testListId="8c84fa94-04c1-424b-9868-57a2d4851a1d" relativeResultsDirectory="486111e4-aee4-45b4-84fa-ccb53b9299e2" />
    <UnitTestResult executionId="4bd5a6b1-82ee-4c37-b3de-59bc778a76db" testId="272e7893-37fe-c758-255f-7798bd4c6de9" testName="N4Sentinel.Tests.VitaliteTests.La_Source_Peut_Etre_Reconnue_Dans_Les_Pairs_Configures" computerName="DESKTOP-SGNJ9UM" duration="00:00:00.0002222" startTime="2026-08-15T16:22:19.3530453+00:00" endTime="2026-08-15T16:22:19.3531983+00:00" testType="13cdc9d9-ddb5-4fa4-a97d-d965ccfc6d4b" outcome="Passed" testListId="8c84fa94-04c1-424b-9868-57a2d4851a1d" relativeResultsDirectory="4bd5a6b1-82ee-4c37-b3de-59bc778a76db" />
    <UnitTestResult executionId="bfd34234-02fb-471d-af5e-08482fd5fede" testId="4909b5f3-5521-e822-a3cd-2f3cb2629cda" testName="N4Sentinel.Tests.VitaliteTests.La_Tolerance_Est_Celle_De_L_Environnement" computerName="DESKTOP-SGNJ9UM" duration="00:00:00.0002465" startTime="2026-08-15T16:22:19.3598204+00:00" endTime="2026-08-15T16:22:19.3598587+00:00" testType="13cdc9d9-ddb5-4fa4-a97d-d965ccfc6d4b" outcome="Passed" testListId="8c84fa94-04c1-424b-9868-57a2d4851a1d" relativeResultsDirectory="bfd34234-02fb-471d-af5e-08482fd5fede" />
    <UnitTestResult executionId="03a67fa6-bf3c-476a-a230-d3c849f72176" testId="713bd6b2-ad46-779f-4295-ab38d5917495" testName="N4Sentinel.Tests.SauvegardeTests.Une_Sauvegarde_Fraiche_Est_Declaree_Restaurable" computerName="DESKTOP-SGNJ9UM" duration="00:00:00.1062966" startTime="2026-08-15T16:14:15.5952141+00:00" endTime="2026-08-15T16:14:16.1290926+00:00" testType="13cdc9d9-ddb5-4fa4-a97d-d965ccfc6d4b" outcome="Passed" testListId="8c84fa94-04c1-424b-9868-57a2d4851a1d" relativeResultsDirectory="03a67fa6-bf3c-476a-a230-d3c849f72176" />
    <UnitTestResult executionId="c637f016-f3b9-4b9a-82eb-11999701b664" testId="cd92faa4-a9a6-38fa-2432-8e2e00ec8544" testName="N4Sentinel.Tests.SauvegardeTests.L_Etat_Denombre_Ce_Qu_Une_Sauvegarde_Doit_Preserver" computerName="DESKTOP-SGNJ9UM" duration="00:00:00.0127936" startTime="2026-08-15T16:14:16.1292814+00:00" endTime="2026-08-15T16:14:16.5577151+00:00" testType="13cdc9d9-ddb5-4fa4-a97d-d965ccfc6d4b" outcome="Passed" testListId="8c84fa94-04c1-424b-9868-57a2d4851a1d" relativeResultsDirectory="c637f016-f3b9-4b9a-82eb-11999701b664" />
    <UnitTestResult executionId="e6b59ac4-7d68-4bda-aad2-acf94738225f" testId="ddc0c7a4-c0ef-3f0f-6bdc-e573d5f1c339" testName="Repasser en identite du processus efface le secret devenu inutile" computerName="DESKTOP-SGNJ9UM" duration="00:00:00.0282487" startTime="2026-08-15T16:21:52.4016796+00:00" endTime="2026-08-15T16:21:52.8789179+00:00" testType="13cdc9d9-ddb5-4fa4-a97d-d965ccfc6d4b" outcome="Passed" testListId="8c84fa94-04c1-424b-9868-57a2d4851a1d" relativeResultsDirectory="e6b59ac4-7d68-4bda-aad2-acf94738225f" />
    <UnitTestResult executionId="b5575875-69b1-4bab-8cce-ed2768911cf4" testId="6fc2f162-3261-a4c9-677f-4d1b4bbfd8be" testName="N4Sentinel.Tests.OrchestrationTests.Un_Redemarrage_Tournant_Traite_Les_Noeuds_Un_Par_Un" computerName="DESKTOP-SGNJ9UM" duration="00:00:00.1032723" startTime="2026-08-15T14:59:02.2632400+00:00" endTime="2026-08-15T14:59:02.7451106+00:00" testType="13cdc9d9-ddb5-4fa4-a97d-d965ccfc6d4b" outcome="Passed" testListId="8c84fa94-04c1-424b-9868-57a2d4851a1d" relativeResultsDirectory="b5575875-69b1-4bab-8cce-ed2768911cf4" />
    <UnitTestResult executionId="fccd4424-57e9-4451-a85c-d5c35cec4266" testId="795d1596-fe51-c5e7-6265-977dc637c45b" testName="Une session non analysee ne peut pas devenir reference" computerName="DESKTOP-SGNJ9UM" duration="00:00:00.0134408" startTime="2026-08-15T16:22:09.7855463+00:00" endTime="2026-08-15T16:22:10.2514722+00:00" testType="13cdc9d9-ddb5-4fa4-a97d-d965ccfc6d4b" outcome="Passed" testListId="8c84fa94-04c1-424b-9868-57a2d4851a1d" relativeResultsDirectory="fccd4424-57e9-4451-a85c-d5c35cec4266" />
    <UnitTestResult executionId="2f8b3dbb-a1ba-4007-ab7c-86521441c43d" testId="a28ce526-5da4-f2c1-71d7-889a7804ff59" testName="N4Sentinel.Tests.DiagnosticTests.Des_Anomalies_Sans_Signature_Ne_Donnent_Pas_De_Cause" computerName="DESKTOP-SGNJ9UM" duration="00:00:00.0532131" startTime="2026-08-15T16:22:07.8054988+00:00" endTime="2026-08-15T16:22:08.3162035+00:00" testType="13cdc9d9-ddb5-4fa4-a97d-d965ccfc6d4b" outcome="Passed" testListId="8c84fa94-04c1-424b-9868-57a2d4851a1d" relativeResultsDirectory="2f8b3dbb-a1ba-4007-ab7c-86521441c43d" />
    <UnitTestResult executionId="49c1ffff-e755-4329-ac61-4e7290a29957" testId="fc9aaae6-a167-4057-17a0-cd9accaf8231" testName="Un sous-dossier non déclaré reste non classifié, jamais compté comme vide" computerName="DESKTOP-SGNJ9UM" duration="00:00:00.0225210" startTime="2026-08-15T16:20:53.7248377+00:00" endTime="2026-08-15T16:20:54.1293294+00:00" testType="13cdc9d9-ddb5-4fa4-a97d-d965ccfc6d4b" outcome="Passed" testListId="8c84fa94-04c1-424b-9868-57a2d4851a1d" relativeResultsDirectory="49c1ffff-e755-4329-ac61-4e7290a29957" />
    <UnitTestResult executionId="c53dcf0a-ada3-4466-8ac5-3df94cd85c92" testId="d68a2142-a515-082e-49bf-06c15fe7181f" testName="N4Sentinel.Tests.RecetteSimulateurTests.Scenario_2_Demarrage_Nominal_Prouve_Par_Le_Journal" computerName="DESKTOP-SGNJ9UM" duration="00:00:08.2765718" startTime="2026-08-15T16:13:44.8043781+00:00" endTime="2026-08-15T16:13:53.5882280+00:00" testType="13cdc9d9-ddb5-4fa4-a97d-d965ccfc6d4b" outcome="Passed" testListId="8c84fa94-04c1-424b-9868-57a2d4851a1d" relativeResultsDirectory="c53dcf0a-ada3-4466-8ac5-3df94cd85c92" />
    <UnitTestResult executionId="d2b07ec3-d0c2-4a20-aef2-280d20cfa091" testId="a350bceb-a529-095e-ea45-d9b6a121a86a" testName="Les lignes d'erreur du journal sont relevees" computerName="DESKTOP-SGNJ9UM" duration="00:00:01.8390401" startTime="2026-08-15T16:12:32.7156720+00:00" endTime="2026-08-15T16:12:35.0712433+00:00" testType="13cdc9d9-ddb5-4fa4-a97d-d965ccfc6d4b" outcome="Passed" testListId="8c84fa94-04c1-424b-9868-57a2d4851a1d" relativeResultsDirectory="d2b07ec3-d0c2-4a20-aef2-280d20cfa091" />
    <UnitTestResult executionId="af5d2101-896a-4e33-9f3e-1d7c9551f8d9" testId="3b3bc30a-8128-463f-2c7b-6ffe5cc7f223" testName="Le resume compte les niveaux, la periode couverte et la version detectee" computerName="DESKTOP-SGNJ9UM" duration="00:00:00.0531128" startTime="2026-08-15T16:22:05.6795890+00:00" endTime="2026-08-15T16:22:06.1888766+00:00" testType="13cdc9d9-ddb5-4fa4-a97d-d965ccfc6d4b" outcome="Passed" testListId="8c84fa94-04c1-424b-9868-57a2d4851a1d" relativeResultsDirectory="af5d2101-896a-4e33-9f3e-1d7c9551f8d9" />
    <UnitTestResult executionId="d95f1b86-2c6a-42bf-b33d-4317fffe4714" testId="4969a671-01d8-b25e-b36d-b7fdcda7895e" testName="Declarer cree une fiche en Brouillon, en supervision seule" computerName="DESKTOP-SGNJ9UM" duration="00:00:00.0474606" startTime="2026-08-15T16:21:40.9128463+00:00" endTime="2026-08-15T16:21:41.3752676+00:00" testType="13cdc9d9-ddb5-4fa4-a97d-d965ccfc6d4b" outcome="Passed" testListId="8c84fa94-04c1-424b-9868-57a2d4851a1d" relativeResultsDirectory="d95f1b86-2c6a-42bf-b33d-4317fffe4714" />
    <UnitTestResult executionId="a8e7a9b6-8089-4db8-b725-c1fa76176aee" testId="adff12a2-84da-fdd3-cd87-47965ef4b1e5" testName="Un contournement sans motif est refusé" computerName="DESKTOP-SGNJ9UM" duration="00:00:00.0893833" startTime="2026-08-15T16:21:37.2905386+00:00" endTime="2026-08-15T16:21:37.7711895+00:00" testType="13cdc9d9-ddb5-4fa4-a97d-d965ccfc6d4b" outcome="Passed" testListId="8c84fa94-04c1-424b-9868-57a2d4851a1d" relativeResultsDirectory="a8e7a9b6-8089-4db8-b725-c1fa76176aee" />
    <UnitTestResult executionId="a511261b-d18c-474e-84aa-335c93ca42bd" testId="5cf3c669-d020-95a6-0932-059ee8a38498" testName="Arreter le Center sans choix de continuite est bloquant" computerName="DESKTOP-SGNJ9UM" duration="00:00:00.1662962" startTime="2026-08-15T16:10:11.0625693+00:00" endTime="2026-08-15T16:10:12.1606383+00:00" testType="13cdc9d9-ddb5-4fa4-a97d-d965ccfc6d4b" outcome="Passed" testListId="8c84fa94-04c1-424b-9868-57a2d4851a1d" relativeResultsDirectory="a511261b-d18c-474e-84aa-335c93ca42bd" />
    <UnitTestResult executionId="ae5e1717-7605-410c-9803-0f2909b750a4" testId="0149fbed-b814-2500-a5b9-8cda16a0230c" testName="N4Sentinel.Tests.VitaliteTests.Un_Ecart_Superieur_A_La_Tolerance_Est_Non_Conforme" computerName="DESKTOP-SGNJ9UM" duration="00:00:00.0037527" startTime="2026-08-15T16:22:19.3484349+00:00" endTime="2026-08-15T16:22:19.3516908+00:00" testType="13cdc9d9-ddb5-4fa4-a97d-d965ccfc6d4b" outcome="Passed" testListId="8c84fa94-04c1-424b-9868-57a2d4851a1d" relativeResultsDirectory="ae5e1717-7605-410c-9803-0f2909b750a4" />
    <UnitTestResult executionId="6f1d428b-fed2-40b9-9fa5-790705a0b129" testId="735b34ed-2628-3d53-1440-55a0b55f0356" testName="N4Sentinel.Tests.DocumentaireTests.Un_Document_Sans_Contenu_Exploitable_Est_Refuse" computerName="DESKTOP-SGNJ9UM" duration="00:00:00.0008162" startTime="2026-08-15T16:20:59.5512979+00:00" endTime="2026-08-15T16:20:59.9592714+00:00" testType="13cdc9d9-ddb5-4fa4-a97d-d965ccfc6d4b" outcome="Passed" testListId="8c84fa94-04c1-424b-9868-57a2d4851a1d" relativeResultsDirectory="6f1d428b-fed2-40b9-9fa5-790705a0b129" />
    <UnitTestResult executionId="e889be2d-c1aa-4ede-a3df-0f5e993a998a" testId="23ce78a7-a73b-b60d-c576-f9f34eae18af" testName="N4Sentinel.Tests.VitaliteTests.Une_Machine_Qui_Ne_Se_Synchronise_Sur_Rien_Est_Non_Conforme(type: &quot;NT5DS&quot;, source: &quot;Local CMOS Clock&quot;)" computerName="DESKTOP-SGNJ9UM" duration="00:00:00.0065409" startTime="2026-08-15T16:22:19.3384254+00:00" endTime="2026-08-15T16:22:19.3449197+00:00" testType="13cdc9d9-ddb5-4fa4-a97d-d965ccfc6d4b" outcome="Passed" testListId="8c84fa94-04c1-424b-9868-57a2d4851a1d" relativeResultsDirectory="e889be2d-c1aa-4ede-a3df-0f5e993a998a" />
    <UnitTestResult executionId="55533868-d379-454b-bcfd-d6ab5fddbebc" testId="7258e604-45ab-fdb0-6169-6947ed52edc3" testName="Un fichier trouvé dans le sous-dossier en attente est suivi en état En attente" computerName="DESKTOP-SGNJ9UM" duration="00:00:00.0274140" startTime="2026-08-15T16:20:41.9115079+00:00" endTime="2026-08-15T16:20:42.3448666+00:00" testType="13cdc9d9-ddb5-4fa4-a97d-d965ccfc6d4b" outcome="Passed" testListId="8c84fa94-04c1-424b-9868-57a2d4851a1d" relativeResultsDirectory="55533868-d379-454b-bcfd-d6ab5fddbebc" />
    <UnitTestResult executionId="31205713-ff41-431d-9ee5-1a8ded594258" testId="f9332906-7f91-649a-21bc-4006c9ff3eab" testName="Un environnement sans serveur ne peut pas etre balaye" computerName="DESKTOP-SGNJ9UM" duration="00:00:00.0310168" startTime="2026-08-15T16:21:43.0225284+00:00" endTime="2026-08-15T16:21:43.4583693+00:00" testType="13cdc9d9-ddb5-4fa4-a97d-d965ccfc6d4b" outcome="Passed" testListId="8c84fa94-04c1-424b-9868-57a2d4851a1d" relativeResultsDirectory="31205713-ff41-431d-9ee5-1a8ded594258" />
[...]
    <TestEntry testId="d9306c40-13ab-3933-7dc9-20057afdedcd" executionId="cacfcd58-059f-43d4-a3d6-c3bb3406c401" testListId="8c84fa94-04c1-424b-9868-57a2d4851a1d" />
    <TestEntry testId="ab1412d0-ce07-a7b8-f859-31607e2d7b80" executionId="3e3b0961-b7ec-410e-bd06-4482cdbea3dd" testListId="8c84fa94-04c1-424b-9868-57a2d4851a1d" />
    <TestEntry testId="da9ab57e-be36-c0ef-5322-6838b48091c3" executionId="f1588d2e-f1ba-4edf-b7d6-ce4d57e4da83" testListId="8c84fa94-04c1-424b-9868-57a2d4851a1d" />
    <TestEntry testId="912dc580-a393-1584-3c51-10795351c22b" executionId="506f4741-d531-46f0-b9e7-8bdb1a33ec41" testListId="8c84fa94-04c1-424b-9868-57a2d4851a1d" />
    <TestEntry testId="7a995baf-cb01-da39-ff7b-e39e33e8a7b3" executionId="685fc2d1-9405-43ba-9367-c6e08c81a61a" testListId="8c84fa94-04c1-424b-9868-57a2d4851a1d" />
    <TestEntry testId="8237ecc5-4668-225c-17a2-55f73758e159" executionId="6678b6e4-e5ce-4535-844e-d571d5a21ab5" testListId="8c84fa94-04c1-424b-9868-57a2d4851a1d" />
    <TestEntry testId="c6852604-1900-0494-86f6-a21783ed3fe4" executionId="dcf74c16-1787-44fd-af62-06107df520c0" testListId="8c84fa94-04c1-424b-9868-57a2d4851a1d" />
    <TestEntry testId="f7bc2caf-7d85-9e7d-b1e1-11fb7c197892" executionId="45c0225a-8c7c-481a-a5aa-593800cf0a5e" testListId="8c84fa94-04c1-424b-9868-57a2d4851a1d" />
    <TestEntry testId="d65f8b96-9ca7-f5be-5ee9-fefbe0e6b90e" executionId="44365fde-7388-4b25-b835-7dcb100f9158" testListId="8c84fa94-04c1-424b-9868-57a2d4851a1d" />
    <TestEntry testId="f6f6999a-8f36-a569-1a04-23f4039f6919" executionId="e16c3cf6-7bef-4e9a-a1dc-2f110aed16f7" testListId="8c84fa94-04c1-424b-9868-57a2d4851a1d" />
    <TestEntry testId="f9563cfe-f143-d992-2f4f-c97a790a09ad" executionId="90898e46-36bd-4952-bb9e-1a836c3e8eec" testListId="8c84fa94-04c1-424b-9868-57a2d4851a1d" />
    <TestEntry testId="af59a239-179a-45d9-fcaf-9eec26c26e30" executionId="86c87f6a-cbff-4d68-839b-8bc6d24f0f21" testListId="8c84fa94-04c1-424b-9868-57a2d4851a1d" />
    <TestEntry testId="2782aa6e-4a37-46b4-b580-705e211b83bf" executionId="cb40d0df-a6a2-4ccb-a857-0d95fec60a65" testListId="8c84fa94-04c1-424b-9868-57a2d4851a1d" />
    <TestEntry testId="8e166c2a-cd9c-4cb5-c33a-2677b426595b" executionId="63a93067-8351-411f-944e-8c0c6ff2e78d" testListId="8c84fa94-04c1-424b-9868-57a2d4851a1d" />
    <TestEntry testId="ceb3801b-93bb-5c55-853c-46407d668095" executionId="d896c36f-4d37-4cd1-a992-637ed1528313" testListId="8c84fa94-04c1-424b-9868-57a2d4851a1d" />
    <TestEntry testId="cbc83614-69d7-d4df-90b0-e0dfe06a90f1" executionId="3098c8d2-8c94-4e66-84a7-64cd17732588" testListId="8c84fa94-04c1-424b-9868-57a2d4851a1d" />
    <TestEntry testId="6216f5e2-4f94-7c2a-566f-3f18054adb81" executionId="b388318d-34e7-439e-9d2f-fd5b40cbbc69" testListId="8c84fa94-04c1-424b-9868-57a2d4851a1d" />
    <TestEntry testId="298f0da3-a37d-ae4e-f9b4-5be2fc8931c3" executionId="ca8c82e6-3516-4c6f-8f81-f01bccc0c77b" testListId="8c84fa94-04c1-424b-9868-57a2d4851a1d" />
    <TestEntry testId="3f91d20c-d777-b937-e0ff-0ea7613499dd" executionId="fa48c1cd-65dc-40d6-b90c-38cd031ba93e" testListId="8c84fa94-04c1-424b-9868-57a2d4851a1d" />
    <TestEntry testId="d15bb11a-da8a-ab1d-d9fb-f90d0442b861" executionId="beb3a4e6-5ae1-4019-a6e4-6d5ffc7dbbf9" testListId="8c84fa94-04c1-424b-9868-57a2d4851a1d" />
    <TestEntry testId="0e9f4b98-6a97-2cc1-19f6-19f6499ff155" executionId="29ee287b-0987-4244-80b3-d618b0d17ae5" testListId="8c84fa94-04c1-424b-9868-57a2d4851a1d" />
    <TestEntry testId="d087d71f-37c7-1718-efa5-4ee71215ee76" executionId="b22b9f72-1da3-493b-b4ae-0c1d4d70352c" testListId="8c84fa94-04c1-424b-9868-57a2d4851a1d" />
    <TestEntry testId="79088e26-abe5-f988-fb8e-07ecef2a400e" executionId="de796273-d2de-4616-b2d6-36908aff7e32" testListId="8c84fa94-04c1-424b-9868-57a2d4851a1d" />
    <TestEntry testId="6d1f889c-06d5-786e-cf15-9c389bc36efb" executionId="999e616f-673c-4d6d-b2f7-108ba99c6057" testListId="8c84fa94-04c1-424b-9868-57a2d4851a1d" />
    <TestEntry testId="7363466e-9685-80a2-95fe-89489114db0a" executionId="5262eb20-ea33-4829-9792-5ec3a5dab5f7" testListId="8c84fa94-04c1-424b-9868-57a2d4851a1d" />
    <TestEntry testId="8e5f2bac-c6db-83b7-6edc-9fc219e27b43" executionId="b78e621e-342b-46f4-b68c-9dcd9fb27162" testListId="8c84fa94-04c1-424b-9868-57a2d4851a1d" />
    <TestEntry testId="8aecbe67-7857-d90b-39e4-c8ce53653f0c" executionId="783a682f-01f0-458e-87f4-61336ccc952e" testListId="8c84fa94-04c1-424b-9868-57a2d4851a1d" />
    <TestEntry testId="42a83084-6aac-db05-efa2-be13f7f01f8c" executionId="ee691694-0a36-4c47-ab5c-0da1f2f389c6" testListId="8c84fa94-04c1-424b-9868-57a2d4851a1d" />
    <TestEntry testId="fd3e9509-3d98-7a77-4f6d-cfaa2cbc45bb" executionId="8df65790-c548-4b67-a131-8573dfeefe0e" testListId="8c84fa94-04c1-424b-9868-57a2d4851a1d" />
    <TestEntry testId="c7baed2a-fc57-55a2-6035-14edc87798ee" executionId="accdb7c0-6508-4628-9bfe-37f097b9753f" testListId="8c84fa94-04c1-424b-9868-57a2d4851a1d" />
    <TestEntry testId="661168b7-26b5-c155-8517-67425e6bde8a" executionId="3938fa55-ea88-4dda-987b-b763ee8afa1c" testListId="8c84fa94-04c1-424b-9868-57a2d4851a1d" />
    <TestEntry testId="388be499-9470-4984-0785-b8c68cd0e085" executionId="79d30446-811a-40be-99ec-71a41e242395" testListId="8c84fa94-04c1-424b-9868-57a2d4851a1d" />
    <TestEntry testId="edf33b5d-3c70-5888-69ea-3f74dc20d4ba" executionId="3cab24de-e6f1-44a4-8282-74d186a9e84d" testListId="8c84fa94-04c1-424b-9868-57a2d4851a1d" />
    <TestEntry testId="806d7f09-1f09-e24f-dc16-cd69828f4a03" executionId="b517e9ab-d33e-4301-a214-9597c001b8f7" testListId="8c84fa94-04c1-424b-9868-57a2d4851a1d" />
    <TestEntry testId="47ae2cc1-8d3e-7a1e-ca30-7b84446a3301" executionId="eead1f03-0a6d-497c-b300-c8f0293822bc" testListId="8c84fa94-04c1-424b-9868-57a2d4851a1d" />
    <TestEntry testId="389c548b-dd68-495d-3a55-ae422e7996b2" executionId="c8b5ca65-b9cd-41be-bcaf-76ea463ac128" testListId="8c84fa94-04c1-424b-9868-57a2d4851a1d" />
    <TestEntry testId="1d019d6a-8c1c-e2c5-6335-1bf221cf4ffc" executionId="63409485-4ad2-456d-9322-5e4adab6b94e" testListId="8c84fa94-04c1-424b-9868-57a2d4851a1d" />
    <TestEntry testId="fb79ba0f-cb4a-d704-24a4-5dbe12277df4" executionId="ea76dbb0-99cc-416a-99df-4a89c0eb1588" testListId="8c84fa94-04c1-424b-9868-57a2d4851a1d" />
    <TestEntry testId="e3f2f429-a375-488b-9fd4-87add3d6f499" executionId="01ca8d04-267c-4bf1-9d22-9f80219acd0c" testListId="8c84fa94-04c1-424b-9868-57a2d4851a1d" />
    <TestEntry testId="14d1263f-bd7d-3cf2-eadb-614080aa8b64" executionId="41c03ab0-5d30-41dd-91de-32773d1a38d1" testListId="8c84fa94-04c1-424b-9868-57a2d4851a1d" />
    <TestEntry testId="170a2143-04a8-3263-4e26-c1af8749727e" executionId="a31bbd57-f7a7-470b-9136-0cab3e7ce05f" testListId="8c84fa94-04c1-424b-9868-57a2d4851a1d" />
    <TestEntry testId="034d1e97-a35b-8b74-435a-32c1a3cb1363" executionId="625ce02f-e7a9-445a-8b4e-37efab46634f" testListId="8c84fa94-04c1-424b-9868-57a2d4851a1d" />
    <TestEntry testId="d654aa2d-018e-aa24-7f4b-d87d9ab9e1bd" executionId="5287084c-4f97-4c4e-ad97-bd7843a96ca3" testListId="8c84fa94-04c1-424b-9868-57a2d4851a1d" />
    <TestEntry testId="165fee08-e6af-3ad2-c458-96b8cd246155" executionId="e5718899-4433-4d08-a225-90b9708d961c" testListId="8c84fa94-04c1-424b-9868-57a2d4851a1d" />
    <TestEntry testId="29993d3f-b013-fc8f-d792-069de8b59f3a" executionId="45b1b830-b2bb-4427-a700-790759de05c3" testListId="8c84fa94-04c1-424b-9868-57a2d4851a1d" />
    <TestEntry testId="84fc15c7-316c-59e0-765c-16ec9f2a1d42" executionId="43b30c28-e9ba-4222-aaec-d4d1526f9db0" testListId="8c84fa94-04c1-424b-9868-57a2d4851a1d" />
    <TestEntry testId="99fdedad-cf22-594e-38a8-7c2718464f9c" executionId="ddc30490-2415-42ec-aa80-bcaa05f60408" testListId="8c84fa94-04c1-424b-9868-57a2d4851a1d" />
    <TestEntry testId="24cefe75-2c7c-4539-8d44-d4061a072fad" executionId="5aeed4b2-ef18-4561-8f3d-7d07cd97330a" testListId="8c84fa94-04c1-424b-9868-57a2d4851a1d" />
    <TestEntry testId="39d2d636-674c-f851-5764-4b450f2abcfa" executionId="f8c671db-4c66-4efe-a634-86dc0e00ee9a" testListId="8c84fa94-04c1-424b-9868-57a2d4851a1d" />
    <TestEntry testId="dac8f64e-8674-5b2c-b5e8-9edfe1c7b532" executionId="1110469a-a98b-4b55-9b4e-c45958021453" testListId="8c84fa94-04c1-424b-9868-57a2d4851a1d" />
    <TestEntry testId="cc420b97-7357-8781-74d8-b7b6711cffe1" executionId="f4459449-b41b-4161-89bb-927c8d16ff1f" testListId="8c84fa94-04c1-424b-9868-57a2d4851a1d" />
    <TestEntry testId="0e2acfc7-ada1-4dc3-7bad-f6b07910453f" executionId="9f6e0ceb-3fa7-4234-9667-6efb329ef4fa" testListId="8c84fa94-04c1-424b-9868-57a2d4851a1d" />
    <TestEntry testId="9d11b3e1-6946-dd53-2236-1b321175e228" executionId="1451922e-71f6-4c75-8ced-eb8dabd35bb4" testListId="8c84fa94-04c1-424b-9868-57a2d4851a1d" />
    <TestEntry testId="82397d0c-6bf3-5f03-40da-c5e192afc8dc" executionId="ae557f5b-6fa1-4137-8003-f9f94d046d3a" testListId="8c84fa94-04c1-424b-9868-57a2d4851a1d" />
    <TestEntry testId="7a0c5988-04e2-b0ce-26e9-333999998c88" executionId="7c4dd534-0605-4502-88a3-78e048f71b61" testListId="8c84fa94-04c1-424b-9868-57a2d4851a1d" />
    <TestEntry testId="1b72db2b-3f22-e442-d190-f4e577e8ea05" executionId="53c73109-ca38-400d-b240-22e126ce49f3" testListId="8c84fa94-04c1-424b-9868-57a2d4851a1d" />
  </TestEntries>
  <TestLists>
    <TestList name="Les résultats ne figurent pas dans une liste" id="8c84fa94-04c1-424b-9868-57a2d4851a1d" />
    <TestList name="Tous les résultats chargés" id="19431567-8539-422a-85d7-44ee4e166bda" />
  </TestLists>
  <ResultSummary outcome="Failed">
    <Counters total="347" executed="345" passed="343" failed="2" error="0" timeout="0" aborted="0" inconclusive="0" passedButRunAborted="0" notRunnable="0" notExecuted="0" disconnected="0" warning="0" completed="0" inProgress="0" pending="0" />
    <Output>
      <StdOut>[xUnit.net 00:00:00.00] xUnit.net VSTest Adapter v3.1.4+50e68bbb8b (64-bit .NET 10.0.11)&#xD;
[xUnit.net 00:00:00.19]   Discovering: N4Sentinel.Tests&#xD;
[xUnit.net 00:00:00.31]   Discovered:  N4Sentinel.Tests&#xD;
[xUnit.net 00:00:00.39]   Starting:    N4Sentinel.Tests&#xD;
[xUnit.net 01:11:22.16]       Microsoft.Data.SqlClient.SqlException : Le délai d'exécution a expiré. Le délai d'attente s'est écoulé avant la fin de l'opération ou le serveur ne répond pas.&#xD;
[xUnit.net 01:11:22.17]       ---- System.ComponentModel.Win32Exception : Dépassement du délai d’attente.&#xD;
[xUnit.net 01:11:22.19]       Stack Trace:&#xD;
[xUnit.net 01:11:22.24]            at Microsoft.Data.SqlClient.TdsParser.ThrowExceptionAndWarning(TdsParserStateObject stateObj, SqlCommand command, Boolean callerHasConnectionLock, Boolean asyncClose)&#xD;
[xUnit.net 01:11:22.24]            at Microsoft.Data.SqlClient.SqlCommand.InternalEndExecuteNonQuery(IAsyncResult asyncResult, Boolean isInternal, String endMethod)&#xD;
[xUnit.net 01:11:22.25]            at Microsoft.Data.SqlClient.SqlCommand.EndExecuteNonQueryInternal(IAsyncResult asyncResult)&#xD;
[xUnit.net 01:11:22.25]            at Microsoft.Data.SqlClient.SqlCommand.EndExecuteNonQueryAsync(IAsyncResult asyncResult)&#xD;
[xUnit.net 01:11:22.25]            at System.Threading.Tasks.TaskFactory`1.FromAsyncCoreLogic(IAsyncResult iar, Func`2 endFunction, Action`1 endAction, Task`1 promise, Boolean requiresSynchronization)&#xD;
[xUnit.net 01:11:22.25]         --- End of stack trace from previous location ---&#xD;
[xUnit.net 01:11:22.25]            at Microsoft.EntityFrameworkCore.Storage.RelationalCommand.ExecuteNonQueryAsync(RelationalCommandParameterObject parameterObject, CancellationToken cancellationToken)&#xD;
[xUnit.net 01:11:22.25]            at Microsoft.EntityFrameworkCore.Storage.RelationalCommand.ExecuteNonQueryAsync(RelationalCommandParameterObject parameterObject, CancellationToken cancellationToken)&#xD;
[xUnit.net 01:11:22.25]            at Microsoft.EntityFrameworkCore.Storage.RelationalCommand.ExecuteNonQueryAsync(RelationalCommandParameterObject parameterObject, CancellationToken cancellationToken)&#xD;
[xUnit.net 01:11:22.25]            at Microsoft.EntityFrameworkCore.Migrations.Internal.MigrationCommandExecutor.ExecuteAsync(IReadOnlyList`1 migrationCommands, IRelationalConnection connection, MigrationExecutionState executionState, Boolean beginTransaction, Boolean commitTransaction, Nullable`1 isolationLevel, CancellationToken cancellationToken)&#xD;
[xUnit.net 01:11:22.25]            at Microsoft.EntityFrameworkCore.Migrations.Internal.MigrationCommandExecutor.ExecuteAsync(IReadOnlyList`1 migrationCommands, IRelationalConnection connection, MigrationExecutionState executionState, Boolean beginTransaction, Boolean commitTransaction, Nullable`1 isolationLevel, CancellationToken cancellationToken)&#xD;
[xUnit.net 01:11:22.25]            at Microsoft.EntityFrameworkCore.SqlServer.Storage.Internal.SqlServerExecutionStrategy.ExecuteAsync[TState,TResult](TState state, Func`4 operation, Func`4 verifySucceeded, CancellationToken cancellationToken)&#xD;
[xUnit.net 01:11:22.25]            at Microsoft.EntityFrameworkCore.Migrations.Internal.MigrationCommandExecutor.ExecuteNonQueryAsync(IReadOnlyList`1 migrationCommands, IRelationalConnection connection, MigrationExecutionState executionState, Boolean commitTransaction, Nullable`1 isolationLevel, CancellationToken cancellationToken)&#xD;
[xUnit.net 01:11:22.26]            at Microsoft.EntityFrameworkCore.Storage.RelationalDatabaseCreator.EnsureCreatedAsync(CancellationToken cancellationToken)&#xD;
[xUnit.net 01:11:22.26]         C:\Users\KERNELMK\Documents\cit\navis\N4sentinel\tests\N4Sentinel.Tests\OrchestrationTests.cs(84,0): at N4Sentinel.Tests.OrchestrationTests.InitializeAsync()&#xD;
[xUnit.net 01:11:22.26]         C:\Users\KERNELMK\Documents\cit\navis\N4sentinel\tests\N4Sentinel.Tests\OrchestrationTests.cs(104,0): at N4Sentinel.Tests.OrchestrationTests.InitializeAsync()&#xD;
[xUnit.net 01:11:22.26]         ----- Inner Stack Trace -----&#xD;
[xUnit.net 01:11:22.27]         &#xD;
[xUnit.net 01:21:42.26]       Microsoft.Data.SqlClient.SqlException : Le délai d'exécution a expiré. Le délai d'attente s'est écoulé avant la fin de l'opération ou le serveur ne répond pas.&#xD;
[xUnit.net 01:21:42.26]       ---- System.ComponentModel.Win32Exception : Dépassement du délai d’attente.&#xD;
[xUnit.net 01:21:42.27]       Stack Trace:&#xD;
[xUnit.net 01:21:42.27]            at Microsoft.Data.SqlClient.TdsParser.ThrowExceptionAndWarning(TdsParserStateObject stateObj, SqlCommand command, Boolean callerHasConnectionLock, Boolean asyncClose)&#xD;
[xUnit.net 01:21:42.27]            at Microsoft.Data.SqlClient.SqlCommand.InternalEndExecuteNonQuery(IAsyncResult asyncResult, Boolean isInternal, String endMethod)&#xD;
[xUnit.net 01:21:42.27]            at Microsoft.Data.SqlClient.SqlCommand.EndExecuteNonQueryInternal(IAsyncResult asyncResult)&#xD;
[xUnit.net 01:21:42.27]            at Microsoft.Data.SqlClient.SqlCommand.EndExecuteNonQueryAsync(IAsyncResult asyncResult)&#xD;
[xUnit.net 01:21:42.27]            at System.Threading.Tasks.TaskFactory`1.FromAsyncCoreLogic(IAsyncResult iar, Func`2 endFunction, Action`1 endAction, Task`1 promise, Boolean requiresSynchronization)&#xD;
[xUnit.net 01:21:42.27]         --- End of stack trace from previous location ---&#xD;
[xUnit.net 01:21:42.27]            at Microsoft.EntityFrameworkCore.Storage.RelationalCommand.ExecuteNonQueryAsync(RelationalCommandParameterObject parameterObject, CancellationToken cancellationToken)&#xD;
[xUnit.net 01:21:42.27]            at Microsoft.EntityFrameworkCore.Storage.RelationalCommand.ExecuteNonQueryAsync(RelationalCommandParameterObject parameterObject, CancellationToken cancellationToken)&#xD;
[xUnit.net 01:21:42.27]            at Microsoft.EntityFrameworkCore.Storage.RelationalCommand.ExecuteNonQueryAsync(RelationalCommandParameterObject parameterObject, CancellationToken cancellationToken)&#xD;
[xUnit.net 01:21:42.27]            at Microsoft.EntityFrameworkCore.Migrations.Internal.MigrationCommandExecutor.ExecuteAsync(IReadOnlyList`1 migrationCommands, IRelationalConnection connection, MigrationExecutionState executionState, Boolean beginTransaction, Boolean commitTransaction, Nullable`1 isolationLevel, CancellationToken cancellationToken)&#xD;
[xUnit.net 01:21:42.27]            at Microsoft.EntityFrameworkCore.Migrations.Internal.MigrationCommandExecutor.ExecuteAsync(IReadOnlyList`1 migrationCommands, IRelationalConnection connection, MigrationExecutionState executionState, Boolean beginTransaction, Boolean commitTransaction, Nullable`1 isolationLevel, CancellationToken cancellationToken)&#xD;
[xUnit.net 01:21:42.27]            at Microsoft.EntityFrameworkCore.SqlServer.Storage.Internal.SqlServerExecutionStrategy.ExecuteAsync[TState,TResult](TState state, Func`4 operation, Func`4 verifySucceeded, CancellationToken cancellationToken)&#xD;
[xUnit.net 01:21:42.27]            at Microsoft.EntityFrameworkCore.Migrations.Internal.MigrationCommandExecutor.ExecuteNonQueryAsync(IReadOnlyList`1 migrationCommands, IRelationalConnection connection, MigrationExecutionState executionState, Boolean commitTransaction, Nullable`1 isolationLevel, CancellationToken cancellationToken)&#xD;
[xUnit.net 01:21:42.27]            at Microsoft.EntityFrameworkCore.SqlServer.Storage.Internal.SqlServerDatabaseCreator.CreateAsync(CancellationToken cancellationToken)&#xD;
[xUnit.net 01:21:42.27]            at Microsoft.EntityFrameworkCore.SqlServer.Storage.Internal.SqlServerDatabaseCreator.CreateAsync(CancellationToken cancellationToken)&#xD;
[xUnit.net 01:21:42.27]            at Microsoft.EntityFrameworkCore.Storage.RelationalDatabaseCreator.EnsureCreatedAsync(CancellationToken cancellationToken)&#xD;
[xUnit.net 01:21:42.27]         C:\Users\KERNELMK\Documents\cit\navis\N4sentinel\tests\N4Sentinel.Tests\AlertesTests.cs(35,0): at N4Sentinel.Tests.AlertesTests.InitializeAsync()&#xD;
[xUnit.net 01:21:42.27]         C:\Users\KERNELMK\Documents\cit\navis\N4sentinel\tests\N4Sentinel.Tests\AlertesTests.cs(52,0): at N4Sentinel.Tests.AlertesTests.InitializeAsync()&#xD;
[xUnit.net 01:21:42.27]         ----- Inner Stack Trace -----&#xD;
[xUnit.net 01:21:42.27]         &#xD;
[xUnit.net 01:21:59.58]       Remoting WinRM vers localhost indisponible : une console elevee est requise.&#xD;
Le test 'N4Sentinel.Tests.ConnecteurTests.Un_service_est_interroge_via_WinRM' a été ignoré dans la série de tests.&#xD;
[xUnit.net 01:22:01.53]       Remoting WinRM vers localhost indisponible : une console elevee est requise. Le refus a bien ete qualifie 'AccesRefuse'.&#xD;
Le test 'N4Sentinel.Tests.ConnecteurTests.Le_chemin_WinRM_fonctionne_de_bout_en_bout' a été ignoré dans la série de tests.&#xD;
[xUnit.net 01:23:32.09]   Finished:    N4Sentinel.Tests&#xD;
</StdOut>
    </Output>
    <RunInfos>
      <RunInfo computerName="DESKTOP-SGNJ9UM" outcome="Error" timestamp="2026-08-15T16:10:09.4169200+00:00">
        <Text>[xUnit.net 01:11:22.14]     N4Sentinel.Tests.OrchestrationTests.Un_Prerequis_Absent_De_La_Sequence_Est_Signale_Sans_Bloquer [FAIL]</Text>
      </RunInfo>
      <RunInfo computerName="DESKTOP-SGNJ9UM" outcome="Error" timestamp="2026-08-15T16:20:29.5421719+00:00">
        <Text>[xUnit.net 01:21:42.26]     Service qui tourne mais journal en echec : incoherence d'etat, en critique [FAIL]</Text>
      </RunInfo>
      <RunInfo computerName="DESKTOP-SGNJ9UM" outcome="Warning" timestamp="2026-08-15T16:20:46.8598454+00:00">
        <Text>[xUnit.net 01:21:59.58]     N4Sentinel.Tests.ConnecteurTests.Un_service_est_interroge_via_WinRM [SKIP]</Text>
      </RunInfo>
      <RunInfo computerName="DESKTOP-SGNJ9UM" outcome="Warning" timestamp="2026-08-15T16:20:48.8020896+00:00">
        <Text>[xUnit.net 01:22:01.52]     N4Sentinel.Tests.ConnecteurTests.Le_chemin_WinRM_fonctionne_de_bout_en_bout [SKIP]</Text>
      </RunInfo>
    </RunInfos>
  </ResultSummary>
</TestRun>