<?xml version="1.0" encoding="utf-8"?>
<TestRun id="f49ee95b-49f4-4248-82c7-4d889cccf189" name="KERNELMK@DESKTOP-SGNJ9UM 2026-08-15 11:47:21" runUser="DESKTOP-SGNJ9UM\KERNELMK" xmlns="http://microsoft.com/schemas/VisualStudio/TeamTest/2010">
  <Times creation="2026-08-15T11:47:21.4711335+00:00" queuing="2026-08-15T11:47:21.4711338+00:00" start="2026-08-15T11:47:17.9485556+00:00" finish="2026-08-15T11:50:20.5194680+00:00" />
  <TestSettings name="default" id="319d42b5-6962-4cf1-ab99-6c2461b6987f">
    <Deployment runDeploymentRoot="KERNELMK_DESKTOP-SGNJ9UM_2026-08-15_11_47_21" />
  </TestSettings>
  <Results>
    <UnitTestResult executionId="ba768713-bec0-47ec-a370-43611816c1e7" testId="374644d5-8b0c-14ba-635c-e10874934ffd" testName="N4Sentinel.Tests.DiagnosticTests.Un_Second_Amorcage_N_Ecrase_Pas_Les_Corrections_Du_Site" computerName="DESKTOP-SGNJ9UM" duration="00:00:00.0175487" startTime="2026-08-15T11:50:17.5119160+00:00" endTime="2026-08-15T11:50:17.8183932+00:00" testType="13cdc9d9-ddb5-4fa4-a97d-d965ccfc6d4b" outcome="Passed" testListId="8c84fa94-04c1-424b-9868-57a2d4851a1d" relativeResultsDirectory="ba768713-bec0-47ec-a370-43611816c1e7" />
    <UnitTestResult executionId="d0617522-480e-4729-af56-3509cc975d07" testId="bbb0b885-b5d3-f7b4-b9de-8542d76c2abb" testName="Une entree d'audit ne peut pas etre supprimee, meme par un acces direct a la base" computerName="DESKTOP-SGNJ9UM" duration="00:00:00.0345312" startTime="2026-08-15T11:47:42.9159008+00:00" endTime="2026-08-15T11:47:43.7543105+00:00" testType="13cdc9d9-ddb5-4fa4-a97d-d965ccfc6d4b" outcome="Passed" testListId="8c84fa94-04c1-424b-9868-57a2d4851a1d" relativeResultsDirectory="d0617522-480e-4729-af56-3509cc975d07" />
    <UnitTestResult executionId="676e595d-c98c-4e24-b45d-1d247fe9e1a2" testId="cc420b97-7357-8781-74d8-b7b6711cffe1" testName="Un nom de fichier ambigu ne devine aucun composant, plutot que de risquer un mauvais choix" computerName="DESKTOP-SGNJ9UM" duration="00:00:00.0303238" startTime="2026-08-15T11:50:17.1915928+00:00" endTime="2026-08-15T11:50:17.5118123+00:00" testType="13cdc9d9-ddb5-4fa4-a97d-d965ccfc6d4b" outcome="Passed" testListId="8c84fa94-04c1-424b-9868-57a2d4851a1d" relativeResultsDirectory="676e595d-c98c-4e24-b45d-1d247fe9e1a2" />
    <UnitTestResult executionId="67a0f751-176f-4a69-8ad5-fe82dc90c82c" testId="ee1d154b-bf68-f761-f0ed-f8b7cb6c8693" testName="La suppression retire tout, dependances comprises" computerName="DESKTOP-SGNJ9UM" duration="00:00:00.2331563" startTime="2026-08-15T11:47:38.2107426+00:00" endTime="2026-08-15T11:47:38.7297530+00:00" testType="13cdc9d9-ddb5-4fa4-a97d-d965ccfc6d4b" outcome="Passed" testListId="8c84fa94-04c1-424b-9868-57a2d4851a1d" relativeResultsDirectory="67a0f751-176f-4a69-8ad5-fe82dc90c82c" />
    <UnitTestResult executionId="e162c473-7b35-4999-b456-c7b0efcd7b4b" testId="c49e7b5e-7590-6aab-78e6-22e0294d2c43" testName="N4Sentinel.Tests.VitaliteTests.Une_Source_Correspondant_A_L_Attendu_Est_Conforme" computerName="DESKTOP-SGNJ9UM" duration="00:00:00.0001321" startTime="2026-08-15T11:47:33.5070493+00:00" endTime="2026-08-15T11:47:33.5071550+00:00" testType="13cdc9d9-ddb5-4fa4-a97d-d965ccfc6d4b" outcome="Passed" testListId="8c84fa94-04c1-424b-9868-57a2d4851a1d" relativeResultsDirectory="e162c473-7b35-4999-b456-c7b0efcd7b4b" />
    <UnitTestResult executionId="3dccf68d-26e9-49ad-9f88-83b838420163" testId="5ac70b67-bf4b-2395-deea-9ea2bc05634c" testName="N4Sentinel.Tests.OrchestrationTests.Les_Sequences_Ne_Sont_Pas_Regenerees_Par_Dessus_Les_Existantes" computerName="DESKTOP-SGNJ9UM" duration="00:00:00.0325184" startTime="2026-08-15T11:49:43.8630378+00:00" endTime="2026-08-15T11:49:44.1675309+00:00" testType="13cdc9d9-ddb5-4fa4-a97d-d965ccfc6d4b" outcome="Passed" testListId="8c84fa94-04c1-424b-9868-57a2d4851a1d" relativeResultsDirectory="3dccf68d-26e9-49ad-9f88-83b838420163" />
    <UnitTestResult executionId="4ea2f401-9b8e-4721-a84c-e6b58c6a501b" testId="b704da26-18a3-dbc4-eada-cbf728995d5e" testName="Un second appel ne duplique rien" computerName="DESKTOP-SGNJ9UM" duration="00:00:00.0731164" startTime="2026-08-15T11:47:39.0861785+00:00" endTime="2026-08-15T11:47:39.4610887+00:00" testType="13cdc9d9-ddb5-4fa4-a97d-d965ccfc6d4b" outcome="Passed" testListId="8c84fa94-04c1-424b-9868-57a2d4851a1d" relativeResultsDirectory="4ea2f401-9b8e-4721-a84c-e6b58c6a501b" />
    <UnitTestResult executionId="e9d201e8-0858-49bd-8585-bbcb04519547" testId="c9a5ffe6-abfc-7175-1e34-5542e3384f3a" testName="Le motif survit au changement de la duree, qui varie a chaque demarrage" computerName="DESKTOP-SGNJ9UM" duration="00:00:00.0493065" startTime="2026-08-15T11:49:04.6671524+00:00" endTime="2026-08-15T11:49:04.9748166+00:00" testType="13cdc9d9-ddb5-4fa4-a97d-d965ccfc6d4b" outcome="Passed" testListId="8c84fa94-04c1-424b-9868-57a2d4851a1d" relativeResultsDirectory="e9d201e8-0858-49bd-8585-bbcb04519547" />
    <UnitTestResult executionId="c413d2b9-75b8-43d8-9dd7-e980b00e01ea" testId="e337279b-528d-0bb3-ab86-b5394ac6e7a3" testName="N4Sentinel.Tests.VitaliteTests.Une_Source_Etrangere_Au_Domaine_Est_Non_Conforme" computerName="DESKTOP-SGNJ9UM" duration="00:00:00.0002146" startTime="2026-08-15T11:47:33.5064029+00:00" endTime="2026-08-15T11:47:33.5065825+00:00" testType="13cdc9d9-ddb5-4fa4-a97d-d965ccfc6d4b" outcome="Passed" testListId="8c84fa94-04c1-424b-9868-57a2d4851a1d" relativeResultsDirectory="c413d2b9-75b8-43d8-9dd7-e980b00e01ea" />
    <UnitTestResult executionId="431a2718-04b2-4e89-b14f-303f2d24c9af" testId="0dedc78c-4fb4-14ee-db04-7f4efbcea301" testName="N4Sentinel.Tests.DocumentaireTests.Un_Document_Revoque_Cesse_De_Repondre" computerName="DESKTOP-SGNJ9UM" duration="00:00:00.0664437" startTime="2026-08-15T11:47:26.0648031+00:00" endTime="2026-08-15T11:47:26.5087770+00:00" testType="13cdc9d9-ddb5-4fa4-a97d-d965ccfc6d4b" outcome="Passed" testListId="8c84fa94-04c1-424b-9868-57a2d4851a1d" relativeResultsDirectory="431a2718-04b2-4e89-b14f-303f2d24c9af" />
    <UnitTestResult executionId="20413209-800a-44be-8d8c-f41b96431ffc" testId="6216f5e2-4f94-7c2a-566f-3f18054adb81" testName="Le motif propose correspond reellement a la ligne dont il est issu" computerName="DESKTOP-SGNJ9UM" duration="00:00:00.0488612" startTime="2026-08-15T11:49:03.0539088+00:00" endTime="2026-08-15T11:49:03.4124601+00:00" testType="13cdc9d9-ddb5-4fa4-a97d-d965ccfc6d4b" outcome="Passed" testListId="8c84fa94-04c1-424b-9868-57a2d4851a1d" relativeResultsDirectory="20413209-800a-44be-8d8c-f41b96431ffc" />
    <UnitTestResult executionId="a4f0fa33-cb17-4bba-bf10-eee20bc0ab65" testId="ab1412d0-ce07-a7b8-f859-31607e2d7b80" testName="N4Sentinel.Tests.DiagnosticTests.Une_Expression_Reguliere_Invalide_Est_Refusee" computerName="DESKTOP-SGNJ9UM" duration="00:00:00.0024180" startTime="2026-08-15T11:50:07.7105637+00:00" endTime="2026-08-15T11:50:08.0549935+00:00" testType="13cdc9d9-ddb5-4fa4-a97d-d965ccfc6d4b" outcome="Passed" testListId="8c84fa94-04c1-424b-9868-57a2d4851a1d" relativeResultsDirectory="a4f0fa33-cb17-4bba-bf10-eee20bc0ab65" />
    <UnitTestResult executionId="b4d1e491-6473-4b59-8d04-f70d237ba3a4" testId="ddee65da-1ff7-9a4a-9803-d9aabbfad847" testName="N4Sentinel.Tests.RecetteSimulateurTests.Scenario_4bis_XPS_Demarre_Une_Fois_Le_Bridge_Prouve" computerName="DESKTOP-SGNJ9UM" duration="00:00:07.1087650" startTime="2026-08-15T11:48:27.5212348+00:00" endTime="2026-08-15T11:48:34.9016689+00:00" testType="13cdc9d9-ddb5-4fa4-a97d-d965ccfc6d4b" outcome="Passed" testListId="8c84fa94-04c1-424b-9868-57a2d4851a1d" relativeResultsDirectory="b4d1e491-6473-4b59-8d04-f70d237ba3a4" />
    <UnitTestResult executionId="6363ca6c-1724-480e-be69-a73fc0991613" testId="292dd083-4c74-7548-3ba9-c26bfe46c6b6" testName="N4Sentinel.Tests.OrchestrationTests.Le_Rapport_Dit_Qu_Une_Sequence_Interrompue_N_Est_Pas_Defaite" computerName="DESKTOP-SGNJ9UM" duration="00:00:00.0717188" startTime="2026-08-15T11:49:34.2140522+00:00" endTime="2026-08-15T11:49:34.5525982+00:00" testType="13cdc9d9-ddb5-4fa4-a97d-d965ccfc6d4b" outcome="Passed" testListId="8c84fa94-04c1-424b-9868-57a2d4851a1d" relativeResultsDirectory="6363ca6c-1724-480e-be69-a73fc0991613" />
    <UnitTestResult executionId="a557f01b-b0fa-45cf-9fca-1814d427bfc1" testId="1d859a27-01a2-8e97-fee5-02e13074e14d" testName="Un Standby dont le marqueur de role actif n'apparait pas est signale comme role non detenu, pas comme inconnu" computerName="DESKTOP-SGNJ9UM" duration="00:00:00.0332634" startTime="2026-08-15T11:47:36.2691009+00:00" endTime="2026-08-15T11:47:36.6080616+00:00" testType="13cdc9d9-ddb5-4fa4-a97d-d965ccfc6d4b" outcome="Passed" testListId="8c84fa94-04c1-424b-9868-57a2d4851a1d" relativeResultsDirectory="a557f01b-b0fa-45cf-9fca-1814d427bfc1" />
    <UnitTestResult executionId="1e69182b-e291-4ac0-af9e-5c68f41a8a6b" testId="3abd32e1-98de-0189-0d79-4c1b68011f91" testName="Un ecart d'horloge au-dela d'une seconde declenche une alerte" computerName="DESKTOP-SGNJ9UM" duration="00:00:00.0233019" startTime="2026-08-15T11:49:16.7953314+00:00" endTime="2026-08-15T11:49:17.0804482+00:00" testType="13cdc9d9-ddb5-4fa4-a97d-d965ccfc6d4b" outcome="Passed" testListId="8c84fa94-04c1-424b-9868-57a2d4851a1d" relativeResultsDirectory="1e69182b-e291-4ac0-af9e-5c68f41a8a6b" />
    <UnitTestResult executionId="890981f7-9ef7-488d-82a0-b3e9dfe4885a" testId="b79bafc5-c382-2f99-741c-8b1d91d02ab6" testName="Une nouvelle entree d'audit s'insere normalement malgre le trigger" computerName="DESKTOP-SGNJ9UM" duration="00:00:00.0580947" startTime="2026-08-15T11:47:41.7269770+00:00" endTime="2026-08-15T11:47:42.9155574+00:00" testType="13cdc9d9-ddb5-4fa4-a97d-d965ccfc6d4b" outcome="Passed" testListId="8c84fa94-04c1-424b-9868-57a2d4851a1d" relativeResultsDirectory="890981f7-9ef7-488d-82a0-b3e9dfe4885a" />
    <UnitTestResult executionId="2aacc626-ecb2-4720-975a-ef8536523d52" testId="6e1950bd-5ee3-10cb-9dbc-95fa7ad1ca9f" testName="Une modification n'enregistre que les proprietes reellement changees" computerName="DESKTOP-SGNJ9UM" duration="00:00:00.0335335" startTime="2026-08-15T11:50:06.0048450+00:00" endTime="2026-08-15T11:50:06.3255298+00:00" testType="13cdc9d9-ddb5-4fa4-a97d-d965ccfc6d4b" outcome="Passed" testListId="8c84fa94-04c1-424b-9868-57a2d4851a1d" relativeResultsDirectory="2aacc626-ecb2-4720-975a-ef8536523d52" />
    <UnitTestResult executionId="4e600b6a-ce18-4bcc-a56b-ceec4a0bdae8" testId="831d00a3-c2a3-1438-6d1b-8dfe9afd586f" testName="N4Sentinel.Tests.DiagnosticTests.Aucun_Secret_N_Entre_En_Base_Lors_D_Une_Ingestion" computerName="DESKTOP-SGNJ9UM" duration="00:00:00.0367617" startTime="2026-08-15T11:50:11.4836125+00:00" endTime="2026-08-15T11:50:11.8137254+00:00" testType="13cdc9d9-ddb5-4fa4-a97d-d965ccfc6d4b" outcome="Passed" testListId="8c84fa94-04c1-424b-9868-57a2d4851a1d" relativeResultsDirectory="4e600b6a-ce18-4bcc-a56b-ceec4a0bdae8" />
    <UnitTestResult executionId="8b1daf39-592f-4554-9723-f9484e7b4fea" testId="c28489bd-6329-ad34-3fab-9ff91d88fee3" testName="N4Sentinel.Tests.RecetteSimulateurTests.Scenario_5_Arret_Complet_Suit_Sa_Propre_Sequence" computerName="DESKTOP-SGNJ9UM" duration="00:00:02.3558113" startTime="2026-08-15T11:47:44.5218787+00:00" endTime="2026-08-15T11:47:47.2213272+00:00" testType="13cdc9d9-ddb5-4fa4-a97d-d965ccfc6d4b" outcome="Passed" testListId="8c84fa94-04c1-424b-9868-57a2d4851a1d" relativeResultsDirectory="8b1daf39-592f-4554-9723-f9484e7b4fea" />
    <UnitTestResult executionId="67d5de22-3f36-4e11-a015-dda1c53296d8" testId="7a0c5988-04e2-b0ce-26e9-333999998c88" testName="CenterContinuityService juge le Standby apte quand son etat consolide est Disponible" computerName="DESKTOP-SGNJ9UM" duration="00:00:00.0569303" startTime="2026-08-15T11:47:37.8696521+00:00" endTime="2026-08-15T11:47:38.2104332+00:00" testType="13cdc9d9-ddb5-4fa4-a97d-d965ccfc6d4b" outcome="Passed" testListId="8c84fa94-04c1-424b-9868-57a2d4851a1d" relativeResultsDirectory="67d5de22-3f36-4e11-a015-dda1c53296d8" />
    <UnitTestResult executionId="d34e3f8a-71a4-4574-a4df-e7673ad86c33" testId="4eca75cd-ea9d-d40c-e378-81d7b2ed517f" testName="Le role est deduit du nom du service(nomService: &quot;Navis ECN4web&quot;, attendu: Ecn4Web)" computerName="DESKTOP-SGNJ9UM" duration="00:00:00.0123119" startTime="2026-08-15T11:50:01.6515197+00:00" endTime="2026-08-15T11:50:01.9351693+00:00" testType="13cdc9d9-ddb5-4fa4-a97d-d965ccfc6d4b" outcome="Passed" testListId="8c84fa94-04c1-424b-9868-57a2d4851a1d" relativeResultsDirectory="d34e3f8a-71a4-4574-a4df-e7673ad86c33" />
    <UnitTestResult executionId="b742112b-25e8-4d8c-8176-18d7180cb4e1" testId="9d0ab3ef-842f-99be-bedf-6c30a0cd8b16" testName="N4Sentinel.Tests.OrchestrationTests.Une_Execution_Sans_Pre_Check_Ne_Se_Lance_Pas" computerName="DESKTOP-SGNJ9UM" duration="00:00:00.0504297" startTime="2026-08-15T11:49:33.2583147+00:00" endTime="2026-08-15T11:49:33.5653420+00:00" testType="13cdc9d9-ddb5-4fa4-a97d-d965ccfc6d4b" outcome="Passed" testListId="8c84fa94-04c1-424b-9868-57a2d4851a1d" relativeResultsDirectory="b742112b-25e8-4d8c-8176-18d7180cb4e1" />
    <UnitTestResult executionId="ec248cb7-75c1-4e76-a26d-e8b0ca8d313a" testId="42a83084-6aac-db05-efa2-be13f7f01f8c" testName="Une expression reguliere invalide n'interrompt pas l'analyse" computerName="DESKTOP-SGNJ9UM" duration="00:00:00.0695075" startTime="2026-08-15T11:49:04.3421388+00:00" endTime="2026-08-15T11:49:04.6670508+00:00" testType="13cdc9d9-ddb5-4fa4-a97d-d965ccfc6d4b" outcome="Passed" testListId="8c84fa94-04c1-424b-9868-57a2d4851a1d" relativeResultsDirectory="ec248cb7-75c1-4e76-a26d-e8b0ca8d313a" />
    <UnitTestResult executionId="5d62176f-632e-41eb-93ff-e7d2bedf7c99" testId="b6ad2f74-c7be-a0d8-5464-67f735266df5" testName="N4Sentinel.Tests.OrchestrationTests.Demarrer_Le_Bridge_Puis_XPS_Est_Accepte" computerName="DESKTOP-SGNJ9UM" duration="00:00:00.0088914" startTime="2026-08-15T11:49:40.7904149+00:00" endTime="2026-08-15T11:49:41.0741441+00:00" testType="13cdc9d9-ddb5-4fa4-a97d-d965ccfc6d4b" outcome="Passed" testListId="8c84fa94-04c1-424b-9868-57a2d4851a1d" relativeResultsDirectory="5d62176f-632e-41eb-93ff-e7d2bedf7c99" />
    <UnitTestResult executionId="147fce75-5840-415c-9f87-ab2a8996466c" testId="912dc580-a393-1584-3c51-10795351c22b" testName="N4Sentinel.Tests.DocumentaireTests.La_Normalisation_Preserve_La_Longueur" computerName="DESKTOP-SGNJ9UM" duration="00:00:00.0004165" startTime="2026-08-15T11:47:33.1555110+00:00" endTime="2026-08-15T11:47:33.4915849+00:00" testType="13cdc9d9-ddb5-4fa4-a97d-d965ccfc6d4b" outcome="Passed" testListId="8c84fa94-04c1-424b-9868-57a2d4851a1d" relativeResultsDirectory="147fce75-5840-415c-9f87-ab2a8996466c" />
    <UnitTestResult executionId="cafeb97a-b9f1-4124-8115-b1e8e0e79087" testId="1c66ec32-bd4e-4f9a-09af-58e385fe594e" testName="Un import identifie le composant quand le nom du service Windows figure dans le fichier" computerName="DESKTOP-SGNJ9UM" duration="00:00:00.0334169" startTime="2026-08-15T11:50:15.1431331+00:00" endTime="2026-08-15T11:50:15.4847442+00:00" testType="13cdc9d9-ddb5-4fa4-a97d-d965ccfc6d4b" outcome="Passed" testListId="8c84fa94-04c1-424b-9868-57a2d4851a1d" relativeResultsDirectory="cafeb97a-b9f1-4124-8115-b1e8e0e79087" />
    <UnitTestResult executionId="d418abe8-2299-4076-967d-034fa3a271e7" testId="ae650edb-8052-d621-f564-bf77bca0419a" testName="Une synchronisation N4-XPS en retard declenche une alerte critique (FR-056)" computerName="DESKTOP-SGNJ9UM" duration="00:00:00.0100138" startTime="2026-08-15T11:49:17.8773687+00:00" endTime="2026-08-15T11:49:18.1349495+00:00" testType="13cdc9d9-ddb5-4fa4-a97d-d965ccfc6d4b" outcome="Passed" testListId="8c84fa94-04c1-424b-9868-57a2d4851a1d" relativeResultsDirectory="d418abe8-2299-4076-967d-034fa3a271e7" />
    <UnitTestResult executionId="6a701d72-3c05-4feb-911f-052767a50528" testId="6cdf1e90-487d-6f39-e654-a9356c4f34c0" testName="N4Sentinel.Tests.DiagnosticTests.Une_Nouvelle_Conclusion_Remplace_Les_Hypotheses_Precedentes" computerName="DESKTOP-SGNJ9UM" duration="00:00:00.0643654" startTime="2026-08-15T11:50:10.0288284+00:00" endTime="2026-08-15T11:50:10.3970261+00:00" testType="13cdc9d9-ddb5-4fa4-a97d-d965ccfc6d4b" outcome="Passed" testListId="8c84fa94-04c1-424b-9868-57a2d4851a1d" relativeResultsDirectory="6a701d72-3c05-4feb-911f-052767a50528" />
    <UnitTestResult executionId="ab319d64-96f9-4a7a-a239-def4c34ef3a6" testId="a829b110-7bd3-7b38-4dfb-85bf39f1a50a" testName="L'absence de compte technique n'est pas un manque : c'est le mode recommande" computerName="DESKTOP-SGNJ9UM" duration="00:00:00.0104759" startTime="2026-08-15T11:49:05.2762500+00:00" endTime="2026-08-15T11:49:05.5333534+00:00" testType="13cdc9d9-ddb5-4fa4-a97d-d965ccfc6d4b" outcome="Passed" testListId="8c84fa94-04c1-424b-9868-57a2d4851a1d" relativeResultsDirectory="ab319d64-96f9-4a7a-a239-def4c34ef3a6" />
    <UnitTestResult executionId="2b02f4be-caf8-42eb-83d5-b68e2dc4bbf7" testId="23ce78a7-a73b-b60d-c576-f9f34eae18af" testName="N4Sentinel.Tests.VitaliteTests.Une_Machine_Qui_Ne_Se_Synchronise_Sur_Rien_Est_Non_Conforme(type: &quot;NT5DS&quot;, source: &quot;Local CMOS Clock&quot;)" computerName="DESKTOP-SGNJ9UM" duration="00:00:00.0052191" startTime="2026-08-15T11:47:33.4932644+00:00" endTime="2026-08-15T11:47:33.4985438+00:00" testType="13cdc9d9-ddb5-4fa4-a97d-d965ccfc6d4b" outcome="Passed" testListId="8c84fa94-04c1-424b-9868-57a2d4851a1d" relativeResultsDirectory="2b02f4be-caf8-42eb-83d5-b68e2dc4bbf7" />
    <UnitTestResult executionId="161599c0-824d-440a-a92b-26324cc92025" testId="54ef0d16-19ba-b473-1491-2f2b590dea85" testName="Un serveur absent du referentiel ne peut pas etre interroge" computerName="DESKTOP-SGNJ9UM" duration="00:00:00.0057529" startTime="2026-08-15T11:49:32.2986851+00:00" endTime="2026-08-15T11:49:32.5962076+00:00" testType="13cdc9d9-ddb5-4fa4-a97d-d965ccfc6d4b" outcome="Passed" testListId="8c84fa94-04c1-424b-9868-57a2d4851a1d" relativeResultsDirectory="161599c0-824d-440a-a92b-26324cc92025" />
    <UnitTestResult executionId="0beeaf35-3a6f-4fb0-804c-a1eef31a1cc1" testId="79088e26-abe5-f988-fb8e-07ecef2a400e" testName="N4Sentinel.Tests.MasquageTests.Un_Secret_Est_Masque(ligne: &quot;access_token: ya29.a0AfH6&quot;, secret: &quot;ya29.a0AfH6&quot;)" computerName="DESKTOP-SGNJ9UM" duration="00:00:00.0000128" startTime="2026-08-15T11:50:05.1229601+00:00" endTime="2026-08-15T11:50:05.1229727+00:00" testType="13cdc9d9-ddb5-4fa4-a97d-d965ccfc6d4b" outcome="Passed" testListId="8c84fa94-04c1-424b-9868-57a2d4851a1d" relativeResultsDirectory="0beeaf35-3a6f-4fb0-804c-a1eef31a1cc1" />
    <UnitTestResult executionId="e5875bb3-cb33-4c2c-bd4a-1d5286ad448d" testId="065e2e07-5db2-f98a-f74a-1e5a13ff91b7" testName="L'etat systeme remonte ressources, disques et ecart d'horloge" computerName="DESKTOP-SGNJ9UM" duration="00:00:01.6867875" startTime="2026-08-15T11:49:28.0879132+00:00" endTime="2026-08-15T11:49:30.0495481+00:00" testType="13cdc9d9-ddb5-4fa4-a97d-d965ccfc6d4b" outcome="Passed" testListId="8c84fa94-04c1-424b-9868-57a2d4851a1d" relativeResultsDirectory="e5875bb3-cb33-4c2c-bd4a-1d5286ad448d" />
    <UnitTestResult executionId="d26b1e83-9dba-4dda-b165-cee282f58db3" testId="795d1596-fe51-c5e7-6265-977dc637c45b" testName="Une session non analysee ne peut pas devenir reference" computerName="DESKTOP-SGNJ9UM" duration="00:00:00.0117071" startTime="2026-08-15T11:50:18.1451584+00:00" endTime="2026-08-15T11:50:18.4433012+00:00" testType="13cdc9d9-ddb5-4fa4-a97d-d965ccfc6d4b" outcome="Passed" testListId="8c84fa94-04c1-424b-9868-57a2d4851a1d" relativeResultsDirectory="d26b1e83-9dba-4dda-b165-cee282f58db3" />
    <UnitTestResult executionId="33d4c686-8961-48c3-a87e-6c6264c250fb" testId="8a2144c0-44cc-9527-b8e0-7c3a835e8f77" testName="Une condition qui dure n'est PAS dupliquee : le compteur s'incremente" computerName="DESKTOP-SGNJ9UM" duration="00:00:00.0824725" startTime="2026-08-15T11:49:16.1835658+00:00" endTime="2026-08-15T11:49:16.5215794+00:00" testType="13cdc9d9-ddb5-4fa4-a97d-d965ccfc6d4b" outcome="Passed" testListId="8c84fa94-04c1-424b-9868-57a2d4851a1d" relativeResultsDirectory="33d4c686-8961-48c3-a87e-6c6264c250fb" />
    <UnitTestResult executionId="a4680d38-d99f-4393-88f7-65c3a980d8a2" testId="972eac4a-ef49-fa06-b36f-a4b80ae9d975" testName="N4Sentinel.Tests.VitaliteTests.Une_Machine_Qui_Ne_Se_Synchronise_Sur_Rien_Est_Non_Conforme(type: &quot;NTP&quot;, source: &quot;Free-running System Clock&quot;)" computerName="DESKTOP-SGNJ9UM" duration="00:00:00.0000195" startTime="2026-08-15T11:47:33.4992397+00:00" endTime="2026-08-15T11:47:33.4992618+00:00" testType="13cdc9d9-ddb5-4fa4-a97d-d965ccfc6d4b" outcome="Passed" testListId="8c84fa94-04c1-424b-9868-57a2d4851a1d" relativeResultsDirectory="a4680d38-d99f-4393-88f7-65c3a980d8a2" />
    <UnitTestResult executionId="ddf8ec17-fc6b-46d1-afe4-017a6d965064" testId="6fc2f162-3261-a4c9-677f-4d1b4bbfd8be" testName="N4Sentinel.Tests.OrchestrationTests.Un_Redemarrage_Tournant_Traite_Les_Noeuds_Un_Par_Un" computerName="DESKTOP-SGNJ9UM" duration="00:00:00.0758815" startTime="2026-08-15T11:49:36.3980997+00:00" endTime="2026-08-15T11:49:36.7497876+00:00" testType="13cdc9d9-ddb5-4fa4-a97d-d965ccfc6d4b" outcome="Passed" testListId="8c84fa94-04c1-424b-9868-57a2d4851a1d" relativeResultsDirectory="ddf8ec17-fc6b-46d1-afe4-017a6d965064" />
    <UnitTestResult executionId="96bd77e2-533d-48f5-b663-9ed0f63f3717" testId="609ecdf9-877a-24d4-f4d5-5b8773316b1c" testName="N4Sentinel.Tests.VitaliteTests.Une_Mesure_De_Mises_A_Jour_Porte_Son_Age" computerName="DESKTOP-SGNJ9UM" duration="00:00:00.0008510" startTime="2026-08-15T11:47:33.5003756+00:00" endTime="2026-08-15T11:47:33.5005375+00:00" testType="13cdc9d9-ddb5-4fa4-a97d-d965ccfc6d4b" outcome="Passed" testListId="8c84fa94-04c1-424b-9868-57a2d4851a1d" relativeResultsDirectory="96bd77e2-533d-48f5-b663-9ed0f63f3717" />
    <UnitTestResult executionId="85299074-0663-4381-9fb1-77877580f9f6" testId="339b489d-3cf8-4c02-0f8b-3ce086f05835" testName="N4Sentinel.Tests.OrchestrationTests.Le_Rapport_Distingue_Une_Etape_Prouvee_D_Une_Etape_A_Confirmer" computerName="DESKTOP-SGNJ9UM" duration="00:00:00.0588840" startTime="2026-08-15T11:49:45.5354892+00:00" endTime="2026-08-15T11:49:45.8677120+00:00" testType="13cdc9d9-ddb5-4fa4-a97d-d965ccfc6d4b" outcome="Passed" testListId="8c84fa94-04c1-424b-9868-57a2d4851a1d" relativeResultsDirectory="85299074-0663-4381-9fb1-77877580f9f6" />
    <UnitTestResult executionId="507b440b-429d-4f90-b184-9381cc39d5e5" testId="d654aa2d-018e-aa24-7f4b-d87d9ab9e1bd" testName="N4Sentinel.Tests.VitaliteTests.Une_Machine_Qui_Ne_Se_Synchronise_Sur_Rien_Est_Non_Conforme(type: &quot;NoSync&quot;, source: &quot;DC01.cit.local&quot;)" computerName="DESKTOP-SGNJ9UM" duration="00:00:00.0004876" startTime="2026-08-15T11:47:33.4987489+00:00" endTime="2026-08-15T11:47:33.4991188+00:00" testType="13cdc9d9-ddb5-4fa4-a97d-d965ccfc6d4b" outcome="Passed" testListId="8c84fa94-04c1-424b-9868-57a2d4851a1d" relativeResultsDirectory="507b440b-429d-4f90-b184-9381cc39d5e5" />
    <UnitTestResult executionId="885dd86f-f8a3-43f5-aa5e-2fbf969aa801" testId="06381b1a-6b12-3e6f-2c39-f4db84d6bafa" testName="Le temps de reponse du connecteur est reporte sur l'instantane" computerName="DESKTOP-SGNJ9UM" duration="00:00:00.0397990" startTime="2026-08-15T11:47:34.1328901+00:00" endTime="2026-08-15T11:47:34.4871768+00:00" testType="13cdc9d9-ddb5-4fa4-a97d-d965ccfc6d4b" outcome="Passed" testListId="8c84fa94-04c1-424b-9868-57a2d4851a1d" relativeResultsDirectory="885dd86f-f8a3-43f5-aa5e-2fbf969aa801" />
    <UnitTestResult executionId="0102aa7a-caf1-49fd-b170-a120297360ba" testId="0c885a81-eaeb-03c0-46a6-62b6f7cfa368" testName="N4Sentinel.Tests.OrchestrationTests.Arreter_Le_Bridge_Avant_XPS_Est_Refuse" computerName="DESKTOP-SGNJ9UM" duration="00:00:00.0074072" startTime="2026-08-15T11:49:36.1190109+00:00" endTime="2026-08-15T11:49:36.3980021+00:00" testType="13cdc9d9-ddb5-4fa4-a97d-d965ccfc6d4b" outcome="Passed" testListId="8c84fa94-04c1-424b-9868-57a2d4851a1d" relativeResultsDirectory="0102aa7a-caf1-49fd-b170-a120297360ba" />
    <UnitTestResult executionId="cd89d926-8e67-45dc-9ae9-32525874173b" testId="fb79ba0f-cb4a-d704-24a4-5dbe12277df4" testName="N4Sentinel.Tests.OrchestrationTests.Une_Intervention_Manuelle_Sans_Consigne_Est_Refusee" computerName="DESKTOP-SGNJ9UM" duration="00:00:00.0120958" startTime="2026-08-15T11:49:41.7155822+00:00" endTime="2026-08-15T11:49:42.0003900+00:00" testType="13cdc9d9-ddb5-4fa4-a97d-d965ccfc6d4b" outcome="Passed" testListId="8c84fa94-04c1-424b-9868-57a2d4851a1d" relativeResultsDirectory="cd89d926-8e67-45dc-9ae9-32525874173b" />
    <UnitTestResult executionId="bc4b4acc-1aba-4790-8bf0-a7415f12bdef" testId="8237ecc5-4668-225c-17a2-55f73758e159" testName="N4Sentinel.Tests.OrchestrationTests.Une_Execution_Sans_Motif_Est_Refusee" computerName="DESKTOP-SGNJ9UM" duration="00:00:00.0227561" startTime="2026-08-15T11:49:44.1676537+00:00" endTime="2026-08-15T11:49:44.4594358+00:00" testType="13cdc9d9-ddb5-4fa4-a97d-d965ccfc6d4b" outcome="Passed" testListId="8c84fa94-04c1-424b-9868-57a2d4851a1d" relativeResultsDirectory="bc4b4acc-1aba-4790-8bf0-a7415f12bdef" />
    <UnitTestResult executionId="983255ca-1934-4b54-9ce3-66df6ab7ba54" testId="b5c541a6-f3de-d40c-012a-46710de95de1" testName="N4Sentinel.Tests.ConnecteurTests.Plusieurs_services_sont_interroges_en_une_seule_connexion" computerName="DESKTOP-SGNJ9UM" duration="00:00:00.7776385" startTime="2026-08-15T11:47:22.5377291+00:00" endTime="2026-08-15T11:47:23.3156463+00:00" testType="13cdc9d9-ddb5-4fa4-a97d-d965ccfc6d4b" outcome="Passed" testListId="8c84fa94-04c1-424b-9868-57a2d4851a1d" relativeResultsDirectory="983255ca-1934-4b54-9ce3-66df6ab7ba54" />
    <UnitTestResult executionId="d53c4d49-7bfc-42e7-a330-e74661b27588" testId="907b717b-293b-436f-31a7-b504c1f28b1c" testName="N4Sentinel.Tests.DiagnosticTests.Le_Verdict_Signale_Les_Sources_Non_Collectees" computerName="DESKTOP-SGNJ9UM" duration="00:00:00.0690248" startTime="2026-08-15T11:50:08.8300075+00:00" endTime="2026-08-15T11:50:09.2759205+00:00" testType="13cdc9d9-ddb5-4fa4-a97d-d965ccfc6d4b" outcome="Passed" testListId="8c84fa94-04c1-424b-9868-57a2d4851a1d" relativeResultsDirectory="d53c4d49-7bfc-42e7-a330-e74661b27588" />
    <UnitTestResult executionId="21c9c74a-721a-4015-a2ea-f38248a1b8ee" testId="c56a518a-2d09-e790-6f42-c1a8aeadc734" testName="N4Sentinel.Tests.ConnecteurTests.Un_journal_absent_n_est_pas_une_erreur" computerName="DESKTOP-SGNJ9UM" duration="00:00:00.0361509" startTime="2026-08-15T11:47:22.5015034+00:00" endTime="2026-08-15T11:47:22.5374731+00:00" testType="13cdc9d9-ddb5-4fa4-a97d-d965ccfc6d4b" outcome="Passed" testListId="8c84fa94-04c1-424b-9868-57a2d4851a1d" relativeResultsDirectory="21c9c74a-721a-4015-a2ea-f38248a1b8ee" />
    <UnitTestResult executionId="39552cdf-0934-4561-ab6f-1f078729f6a4" testId="062ee415-5984-786f-b874-59a743c7ae09" testName="N4Sentinel.Tests.DiagnosticTests.Une_Ligne_Hors_Fenetre_N_Est_Pas_Analysee" computerName="DESKTOP-SGNJ9UM" duration="00:00:00.0360736" startTime="2026-08-15T11:50:11.8138683+00:00" endTime="2026-08-15T11:50:12.1481368+00:00" testType="13cdc9d9-ddb5-4fa4-a97d-d965ccfc6d4b" outcome="Passed" testListId="8c84fa94-04c1-424b-9868-57a2d4851a1d" relativeResultsDirectory="39552cdf-0934-4561-ab6f-1f078729f6a4" />
    <UnitTestResult executionId="1f0f7c05-edf1-485f-a838-5a770930e69a" testId="b4dabe94-16ba-b2b4-a2cf-9c867a8c0251" testName="L'identite du processus ne produit aucun credential" computerName="DESKTOP-SGNJ9UM" duration="00:00:00.0134092" startTime="2026-08-15T11:49:07.3672759+00:00" endTime="2026-08-15T11:49:07.6498704+00:00" testType="13cdc9d9-ddb5-4fa4-a97d-d965ccfc6d4b" outcome="Passed" testListId="8c84fa94-04c1-424b-9868-57a2d4851a1d" relativeResultsDirectory="1f0f7c05-edf1-485f-a838-5a770930e69a" />
    <UnitTestResult executionId="a87cac55-5e2c-4b07-9342-3284cd2cad0e" testId="16e1b52f-0661-efed-0e23-33e8e11ba3d2" testName="Le role est deduit du nom du service(nomService: &quot;Navis XPS Service&quot;, attendu: Xps)" computerName="DESKTOP-SGNJ9UM" duration="00:00:00.0140340" startTime="2026-08-15T11:50:02.7510431+00:00" endTime="2026-08-15T11:50:03.0230740+00:00" testType="13cdc9d9-ddb5-4fa4-a97d-d965ccfc6d4b" outcome="Passed" testListId="8c84fa94-04c1-424b-9868-57a2d4851a1d" relativeResultsDirectory="a87cac55-5e2c-4b07-9342-3284cd2cad0e" />
    <UnitTestResult executionId="1091ddc4-552c-4811-9184-38dbe26abe65" testId="0e9f4b98-6a97-2cc1-19f6-19f6499ff155" testName="N4Sentinel.Tests.OrchestrationTests.Une_Etape_Non_Contournable_Ne_Peut_Etre_Ignoree_Par_Personne" computerName="DESKTOP-SGNJ9UM" duration="00:00:00.0535104" startTime="2026-08-15T11:49:42.2819010+00:00" endTime="2026-08-15T11:49:42.6285005+00:00" testType="13cdc9d9-ddb5-4fa4-a97d-d965ccfc6d4b" outcome="Passed" testListId="8c84fa94-04c1-424b-9868-57a2d4851a1d" relativeResultsDirectory="1091ddc4-552c-4811-9184-38dbe26abe65" />
    <UnitTestResult executionId="a539508a-b869-42cd-b8c0-e55178a55e26" testId="7aa1e7c1-ef44-4840-3ee6-2da14f9f7245" testName="N4Sentinel.Tests.OrchestrationTests.Un_Contournement_Est_Trace_Dans_Le_Journal_Audit" computerName="DESKTOP-SGNJ9UM" duration="00:00:00.0775464" startTime="2026-08-15T11:49:40.1239052+00:00" endTime="2026-08-15T11:49:40.4927366+00:00" testType="13cdc9d9-ddb5-4fa4-a97d-d965ccfc6d4b" outcome="Passed" testListId="8c84fa94-04c1-424b-9868-57a2d4851a1d" relativeResultsDirectory="a539508a-b869-42cd-b8c0-e55178a55e26" />
    <UnitTestResult executionId="511cd180-e97b-4900-8cba-9e17b1f67edf" testId="1842792f-f5ac-6e4a-289c-97ffe59bcaec" testName="Une alerte sans composant designe presente les candidats plutot que de deviner" computerName="DESKTOP-SGNJ9UM" duration="00:00:00.0368397" startTime="2026-08-15T11:50:13.1136434+00:00" endTime="2026-08-15T11:50:13.4687418+00:00" testType="13cdc9d9-ddb5-4fa4-a97d-d965ccfc6d4b" outcome="Passed" testListId="8c84fa94-04c1-424b-9868-57a2d4851a1d" relativeResultsDirectory="511cd180-e97b-4900-8cba-9e17b1f67edf" />
    <UnitTestResult executionId="a75f776d-224f-449c-8378-d9222a2ca96a" testId="6799af1a-8352-c68b-089b-d8c1f42d2122" testName="Basculer sans Standby apte reste bloquant, meme le choix fait" computerName="DESKTOP-SGNJ9UM" duration="00:00:00.0962340" startTime="2026-08-15T11:49:32.8977791+00:00" endTime="2026-08-15T11:49:33.2581951+00:00" testType="13cdc9d9-ddb5-4fa4-a97d-d965ccfc6d4b" outcome="Passed" testListId="8c84fa94-04c1-424b-9868-57a2d4851a1d" relativeResultsDirectory="a75f776d-224f-449c-8378-d9222a2ca96a" />
    <UnitTestResult executionId="7a73a82c-9ccf-4f5f-b732-d0e7dbe0598b" testId="39de3960-8888-5fef-97ab-16b6a2dec442" testName="N4Sentinel.Tests.OrchestrationTests.Le_Rapport_Nomme_Qui_A_Contourne_Une_Etape_Et_Pourquoi" computerName="DESKTOP-SGNJ9UM" duration="00:00:00.0698434" startTime="2026-08-15T11:49:39.7871489+00:00" endTime="2026-08-15T11:49:40.1238039+00:00" testType="13cdc9d9-ddb5-4fa4-a97d-d965ccfc6d4b" outcome="Passed" testListId="8c84fa94-04c1-424b-9868-57a2d4851a1d" relativeResultsDirectory="7a73a82c-9ccf-4f5f-b732-d0e7dbe0598b" />
    <UnitTestResult executionId="4f9aaabf-f50a-4f58-820e-4aa258ef1ae1" testId="be8ae275-b3de-2493-b978-a2760fa7b307" testName="Role non prouvable (marqueur non configure) ne declenche pas de faux conflit" computerName="DESKTOP-SGNJ9UM" duration="00:00:00.0066666" startTime="2026-08-15T11:49:19.5312236+00:00" endTime="2026-08-15T11:49:19.7880989+00:00" testType="13cdc9d9-ddb5-4fa4-a97d-d965ccfc6d4b" outcome="Passed" testListId="8c84fa94-04c1-424b-9868-57a2d4851a1d" relativeResultsDirectory="4f9aaabf-f50a-4f58-820e-4aa258ef1ae1" />
    <UnitTestResult executionId="24492b3e-1b76-4c42-b787-5a6e32f1273d" testId="9db29ac8-909d-ca39-1694-a82e2a58e9e4" testName="Le role est deduit du nom du service(nomService: &quot;Navis XPS Bridge Daemon&quot;, attendu: BridgeDaemon)" computerName="DESKTOP-SGNJ9UM" duration="00:00:00.0128630" startTime="2026-08-15T11:50:01.3773586+00:00" endTime="2026-08-15T11:50:01.6514464+00:00" testType="13cdc9d9-ddb5-4fa4-a97d-d965ccfc6d4b" outcome="Passed" testListId="8c84fa94-04c1-424b-9868-57a2d4851a1d" relativeResultsDirectory="24492b3e-1b76-4c42-b787-5a6e32f1273d" />
    <UnitTestResult executionId="2ffaa8d5-fc19-497f-abd4-d8428029341a" testId="b06a9e81-cc48-b8ec-2dad-0e639a4b7935" testName="Le role est deduit du nom du service(nomService: &quot;Navis N4 Center Node&quot;, attendu: CenterNode)" computerName="DESKTOP-SGNJ9UM" duration="00:00:00.0132087" startTime="2026-08-15T11:50:01.9352478+00:00" endTime="2026-08-15T11:50:02.2091986+00:00" testType="13cdc9d9-ddb5-4fa4-a97d-d965ccfc6d4b" outcome="Passed" testListId="8c84fa94-04c1-424b-9868-57a2d4851a1d" relativeResultsDirectory="2ffaa8d5-fc19-497f-abd4-d8428029341a" />
    <UnitTestResult executionId="df194826-88fa-45a9-a842-1246de7f24fd" testId="853b5be9-9c32-8881-e15c-9341f1c7b472" testName="N4Sentinel.Tests.OrchestrationTests.Le_Rapport_Reprend_Les_Controles_Prealables" computerName="DESKTOP-SGNJ9UM" duration="00:00:00.0809392" startTime="2026-08-15T11:49:35.7708369+00:00" endTime="2026-08-15T11:49:36.1189100+00:00" testType="13cdc9d9-ddb5-4fa4-a97d-d965ccfc6d4b" outcome="Passed" testListId="8c84fa94-04c1-424b-9868-57a2d4851a1d" relativeResultsDirectory="df194826-88fa-45a9-a842-1246de7f24fd" />
    <UnitTestResult executionId="849ed3b0-f854-4f2a-979b-338f289be8a0" testId="20c79171-0cd5-4631-7c96-fb7771abb2ad" testName="Un constat sans mesure d'ecart d'horloge reste marque incertain" computerName="DESKTOP-SGNJ9UM" duration="00:00:00.0007569" startTime="2026-08-15T11:50:09.2760239+00:00" endTime="2026-08-15T11:50:09.6253699+00:00" testType="13cdc9d9-ddb5-4fa4-a97d-d965ccfc6d4b" outcome="Passed" testListId="8c84fa94-04c1-424b-9868-57a2d4851a1d" relativeResultsDirectory="849ed3b0-f854-4f2a-979b-338f289be8a0" />
    <UnitTestResult executionId="bfd77e24-b66d-470d-94a9-ec0908c45e5b" testId="faf12ca7-e17c-f984-fd53-18b828b548a5" testName="N4Sentinel.Tests.MasquageTests.Un_Secret_Est_Masque(ligne: &quot;client_secret=zX9-secret-value&quot;, secret: &quot;zX9-secret-value&quot;)" computerName="DESKTOP-SGNJ9UM" duration="00:00:00.0073580" startTime="2026-08-15T11:50:05.1102720+00:00" endTime="2026-08-15T11:50:05.1173840+00:00" testType="13cdc9d9-ddb5-4fa4-a97d-d965ccfc6d4b" outcome="Passed" testListId="8c84fa94-04c1-424b-9868-57a2d4851a1d" relativeResultsDirectory="bfd77e24-b66d-470d-94a9-ec0908c45e5b" />
    <UnitTestResult executionId="9eb2b842-af87-478c-bfc5-2300a10edd91" testId="b3ff82f7-64cb-11e3-b4c6-c8649be47ad0" testName="N4Sentinel.Tests.DiagnosticTests.Quarante_Occurrences_Identiques_Font_Un_Seul_Constat" computerName="DESKTOP-SGNJ9UM" duration="00:00:00.0491115" startTime="2026-08-15T11:50:11.1371049+00:00" endTime="2026-08-15T11:50:11.4835146+00:00" testType="13cdc9d9-ddb5-4fa4-a97d-d965ccfc6d4b" outcome="Passed" testListId="8c84fa94-04c1-424b-9868-57a2d4851a1d" relativeResultsDirectory="9eb2b842-af87-478c-bfc5-2300a10edd91" />
    <UnitTestResult executionId="669c40bb-a5a9-4b86-821d-684aa5de238b" testId="84f85418-b913-1d34-f345-c6b18e16a266" testName="N4Sentinel.Tests.MasquageTests.Un_Secret_Est_Masque(ligne: &quot;&lt;credential&gt;abc-def-ghi&lt;/credential&gt;&quot;, secret: &quot;abc-def-ghi&quot;)" computerName="DESKTOP-SGNJ9UM" duration="00:00:00.0335499" startTime="2026-08-15T11:50:05.0507773+00:00" endTime="2026-08-15T11:50:05.0843805+00:00" testType="13cdc9d9-ddb5-4fa4-a97d-d965ccfc6d4b" outcome="Passed" testListId="8c84fa94-04c1-424b-9868-57a2d4851a1d" relativeResultsDirectory="669c40bb-a5a9-4b86-821d-684aa5de238b" />
    <UnitTestResult executionId="e1f63f3d-a029-4eb3-8171-db1c2ae54d95" testId="382dc653-5f36-ed8e-426b-a26b0586cde4" testName="N4Sentinel.Tests.OrchestrationTests.Un_Contournement_Justifie_Enregistre_Qui_Et_Pourquoi" computerName="DESKTOP-SGNJ9UM" duration="00:00:00.1128207" startTime="2026-08-15T11:49:37.6382936+00:00" endTime="2026-08-15T11:49:38.0230601+00:00" testType="13cdc9d9-ddb5-4fa4-a97d-d965ccfc6d4b" outcome="Passed" testListId="8c84fa94-04c1-424b-9868-57a2d4851a1d" relativeResultsDirectory="e1f63f3d-a029-4eb3-8171-db1c2ae54d95" />
    <UnitTestResult executionId="c13e622b-a083-43a3-ad67-37ad17c58002" testId="c38119c1-af0d-dad5-4786-8539c2c7035a" testName="N4Sentinel.Tests.MasquageTests.Une_Ligne_Sans_Secret_N_Est_Pas_Alteree" computerName="DESKTOP-SGNJ9UM" duration="00:00:00.0001497" startTime="2026-08-15T11:50:05.1324822+00:00" endTime="2026-08-15T11:50:05.1325645+00:00" testType="13cdc9d9-ddb5-4fa4-a97d-d965ccfc6d4b" outcome="Passed" testListId="8c84fa94-04c1-424b-9868-57a2d4851a1d" relativeResultsDirectory="c13e622b-a083-43a3-ad67-37ad17c58002" />
    <UnitTestResult executionId="6938bb91-1d51-4a21-9558-ea13716ea459" testId="cf725c64-76d5-ddeb-7d88-040a5ba04cdd" testName="N4Sentinel.Tests.VitaliteTests.Une_Memoire_Non_Relevee_Ne_Produit_Pas_Un_Faux_Zero" computerName="DESKTOP-SGNJ9UM" duration="00:00:00.0010881" startTime="2026-08-15T11:47:33.5076066+00:00" endTime="2026-08-15T11:47:33.5082829+00:00" testType="13cdc9d9-ddb5-4fa4-a97d-d965ccfc6d4b" outcome="Passed" testListId="8c84fa94-04c1-424b-9868-57a2d4851a1d" relativeResultsDirectory="6938bb91-1d51-4a21-9558-ea13716ea459" />
    <UnitTestResult executionId="fdebc59d-b919-4634-8b17-cf9e232e3af2" testId="f1d82259-b1c8-1360-4edd-852dca648b72" testName="Sans compte reference, la connexion se fait sous l'identite du processus" computerName="DESKTOP-SGNJ9UM" duration="00:00:00.0127062" startTime="2026-08-15T11:49:15.6508903+00:00" endTime="2026-08-15T11:49:15.9112212+00:00" testType="13cdc9d9-ddb5-4fa4-a97d-d965ccfc6d4b" outcome="Passed" testListId="8c84fa94-04c1-424b-9868-57a2d4851a1d" relativeResultsDirectory="fdebc59d-b919-4634-8b17-cf9e232e3af2" />
    <UnitTestResult executionId="995b632f-037a-4a9d-b5d6-6351932a7baf" testId="810e4834-c5c1-218b-04d6-2d6c519d1cda" testName="N4Sentinel.Tests.OrchestrationTests.Un_Lancement_Reussi_Est_Trace_Dans_Le_Journal_Audit" computerName="DESKTOP-SGNJ9UM" duration="00:00:00.0725860" startTime="2026-08-15T11:49:44.8139492+00:00" endTime="2026-08-15T11:49:45.1574819+00:00" testType="13cdc9d9-ddb5-4fa4-a97d-d965ccfc6d4b" outcome="Passed" testListId="8c84fa94-04c1-424b-9868-57a2d4851a1d" relativeResultsDirectory="995b632f-037a-4a9d-b5d6-6351932a7baf" />
    <UnitTestResult executionId="30d9b40b-fc0c-4fba-928d-f70ec8c484d1" testId="7c25e5a9-0820-00b5-03f9-9375d7f788ab" testName="N4Sentinel.Tests.ConnecteurTests.Service_connu_remonte_son_etat_et_son_processus" computerName="DESKTOP-SGNJ9UM" duration="00:00:01.4163918" startTime="2026-08-15T11:47:18.8251152+00:00" endTime="2026-08-15T11:47:20.2538412+00:00" testType="13cdc9d9-ddb5-4fa4-a97d-d965ccfc6d4b" outcome="Passed" testListId="8c84fa94-04c1-424b-9868-57a2d4851a1d" relativeResultsDirectory="30d9b40b-fc0c-4fba-928d-f70ec8c484d1" />
    <UnitTestResult executionId="808ffa05-f2ba-4e73-b598-fd87b557e5d8" testId="207cfa26-ecad-5484-2cf6-dab32be51723" testName="N4Sentinel.Tests.OrchestrationTests.Une_Nouvelle_Tentative_Automatique_Sur_Un_Arret_Est_Refusee" computerName="DESKTOP-SGNJ9UM" duration="00:00:00.0149559" startTime="2026-08-15T11:49:37.3485951+00:00" endTime="2026-08-15T11:49:37.6381911+00:00" testType="13cdc9d9-ddb5-4fa4-a97d-d965ccfc6d4b" outcome="Passed" testListId="8c84fa94-04c1-424b-9868-57a2d4851a1d" relativeResultsDirectory="808ffa05-f2ba-4e73-b598-fd87b557e5d8" />
    <UnitTestResult executionId="5826b8b5-d43f-4e51-aff7-622a7297982b" testId="e789f32d-627e-5337-a420-9476b84db014" testName="N4Sentinel.Tests.MasquageTests.Un_Secret_Est_Masque(ligne: &quot;pwd:motdepasse&quot;, secret: &quot;motdepasse&quot;)" computerName="DESKTOP-SGNJ9UM" duration="00:00:00.0014152" startTime="2026-08-15T11:50:05.0996607+00:00" endTime="2026-08-15T11:50:05.1010078+00:00" testType="13cdc9d9-ddb5-4fa4-a97d-d965ccfc6d4b" outcome="Passed" testListId="8c84fa94-04c1-424b-9868-57a2d4851a1d" relativeResultsDirectory="5826b8b5-d43f-4e51-aff7-622a7297982b" />
    <UnitTestResult executionId="17aff0ac-2da2-4fc2-a97b-4531d140a01a" testId="513b6adf-7f7e-28d9-e48f-8522a5a0b9e4" testName="Un temps de reponse au-dela du seuil declenche une alerte de noeud lent (FR-058)" computerName="DESKTOP-SGNJ9UM" duration="00:00:00.0108961" startTime="2026-08-15T11:49:18.1350467+00:00" endTime="2026-08-15T11:49:18.4302864+00:00" testType="13cdc9d9-ddb5-4fa4-a97d-d965ccfc6d4b" outcome="Passed" testListId="8c84fa94-04c1-424b-9868-57a2d4851a1d" relativeResultsDirectory="17aff0ac-2da2-4fc2-a97b-4531d140a01a" />
    <UnitTestResult executionId="0f801d8b-33cb-43af-aec8-0beb050e58c5" testId="cf9edcb0-aec3-0f6f-4ee1-ccfe6f45bd92" testName="N4Sentinel.Tests.MasquageTests.Le_Mot_Password_Seul_Dans_Une_Phrase_N_Est_Pas_Masque" computerName="DESKTOP-SGNJ9UM" duration="00:00:00.0001133" startTime="2026-08-15T11:50:05.1326106+00:00" endTime="2026-08-15T11:50:05.1326985+00:00" testType="13cdc9d9-ddb5-4fa4-a97d-d965ccfc6d4b" outcome="Passed" testListId="8c84fa94-04c1-424b-9868-57a2d4851a1d" relativeResultsDirectory="0f801d8b-33cb-43af-aec8-0beb050e58c5" />
    <UnitTestResult executionId="7aca613c-ae51-4576-8cbc-97f583f4f91a" testId="e8b3de70-d9e1-1030-73a1-59659f129864" testName="N4Sentinel.Tests.VitaliteTests.Un_Disque_Presque_Plein_Est_Mesurable" computerName="DESKTOP-SGNJ9UM" duration="00:00:00.0031127" startTime="2026-08-15T11:47:33.5127756+00:00" endTime="2026-08-15T11:47:33.5159078+00:00" testType="13cdc9d9-ddb5-4fa4-a97d-d965ccfc6d4b" outcome="Passed" testListId="8c84fa94-04c1-424b-9868-57a2d4851a1d" relativeResultsDirectory="7aca613c-ae51-4576-8cbc-97f583f4f91a" />
    <UnitTestResult executionId="2813d6a3-b91d-4e48-afd1-65441f8a34bf" testId="0235684e-cb35-498d-4eab-9894d85a03af" testName="La comparaison signale les constats absents de la reference, et l'age de celle-ci" computerName="DESKTOP-SGNJ9UM" duration="00:00:00.0967523" startTime="2026-08-15T11:50:10.7455150+00:00" endTime="2026-08-15T11:50:11.1370042+00:00" testType="13cdc9d9-ddb5-4fa4-a97d-d965ccfc6d4b" outcome="Passed" testListId="8c84fa94-04c1-424b-9868-57a2d4851a1d" relativeResultsDirectory="2813d6a3-b91d-4e48-afd1-65441f8a34bf" />
    <UnitTestResult executionId="a30180f0-6681-4913-924e-5fab32e12888" testId="1823f6c5-de6c-0a61-afd9-7e198f80d3be" testName="N4Sentinel.Tests.MasquageTests.Le_Contexte_Reste_Lisible_Autour_Du_Masquage" computerName="DESKTOP-SGNJ9UM" duration="00:00:00.0001352" startTime="2026-08-15T11:50:05.1230528+00:00" endTime="2026-08-15T11:50:05.1230676+00:00" testType="13cdc9d9-ddb5-4fa4-a97d-d965ccfc6d4b" outcome="Passed" testListId="8c84fa94-04c1-424b-9868-57a2d4851a1d" relativeResultsDirectory="a30180f0-6681-4913-924e-5fab32e12888" />
    <UnitTestResult executionId="4560217d-f20f-4793-ae07-711f3b30cb12" testId="bafbb6d9-dea3-6f2e-4161-408a3e832c05" testName="L'ordre de demarrage respecte la contrainte N4" computerName="DESKTOP-SGNJ9UM" duration="00:00:00.0825775" startTime="2026-08-15T11:47:38.7299200+00:00" endTime="2026-08-15T11:47:39.0860285+00:00" testType="13cdc9d9-ddb5-4fa4-a97d-d965ccfc6d4b" outcome="Passed" testListId="8c84fa94-04c1-424b-9868-57a2d4851a1d" relativeResultsDirectory="4560217d-f20f-4793-ae07-711f3b30cb12" />
    <UnitTestResult executionId="86a78c16-b570-445c-bf10-80b431cec34b" testId="1d019d6a-8c1c-e2c5-6335-1bf221cf4ffc" testName="N4Sentinel.Tests.OrchestrationTests.Le_Demandeur_Ne_Peut_Pas_Approuver_Sa_Propre_Operation" computerName="DESKTOP-SGNJ9UM" duration="00:00:00.0546442" startTime="2026-08-15T11:49:38.3678593+00:00" endTime="2026-08-15T11:49:38.7026942+00:00" testType="13cdc9d9-ddb5-4fa4-a97d-d965ccfc6d4b" outcome="Passed" testListId="8c84fa94-04c1-424b-9868-57a2d4851a1d" relativeResultsDirectory="86a78c16-b570-445c-bf10-80b431cec34b" />
    <UnitTestResult executionId="ae76ff42-c972-44b1-9134-dc338a0ddf6e" testId="7d23a5ea-ea89-f7e6-d418-30b436b126f0" testName="N4Sentinel.Tests.DocumentaireTests.Une_Reponse_Cite_Document_Section_Et_Page" computerName="DESKTOP-SGNJ9UM" duration="00:00:00.0536628" startTime="2026-08-15T11:47:29.7912313+00:00" endTime="2026-08-15T11:47:30.1741246+00:00" testType="13cdc9d9-ddb5-4fa4-a97d-d965ccfc6d4b" outcome="Passed" testListId="8c84fa94-04c1-424b-9868-57a2d4851a1d" relativeResultsDirectory="ae76ff42-c972-44b1-9134-dc338a0ddf6e" />
    <UnitTestResult executionId="ce7f9f6f-2fb5-490c-83dd-cc8ecad85b8e" testId="df9de6f3-9665-9024-1d53-44170ec93b94" testName="N4Sentinel.Tests.DiagnosticTests.Le_Rapport_Presente_Les_Hypotheses_Comme_Contestables" computerName="DESKTOP-SGNJ9UM" duration="00:00:00.3731447" startTime="2026-08-15T11:50:08.0551051+00:00" endTime="2026-08-15T11:50:08.8298156+00:00" testType="13cdc9d9-ddb5-4fa4-a97d-d965ccfc6d4b" outcome="Passed" testListId="8c84fa94-04c1-424b-9868-57a2d4851a1d" relativeResultsDirectory="ce7f9f6f-2fb5-490c-83dd-cc8ecad85b8e" />
    <UnitTestResult executionId="ae7c2a7f-0b23-400d-9cda-9aeb0f56510f" testId="efb9fd09-303f-c781-d58c-c443cb92aa02" testName="N4Sentinel.Tests.OrchestrationTests.La_Reprise_Apres_Reconciliation_Repart_De_L_Etape_Suspendue" computerName="DESKTOP-SGNJ9UM" duration="00:00:00.1133887" startTime="2026-08-15T11:49:49.8477153+00:00" endTime="2026-08-15T11:49:50.2352076+00:00" testType="13cdc9d9-ddb5-4fa4-a97d-d965ccfc6d4b" outcome="Passed" testListId="8c84fa94-04c1-424b-9868-57a2d4851a1d" relativeResultsDirectory="ae7c2a7f-0b23-400d-9cda-9aeb0f56510f" />
    <UnitTestResult executionId="204e5622-8693-40b6-b748-1206d3454256" testId="c667b541-066d-e0cf-ebb9-2e78925e26b1" testName="N4Sentinel.Tests.MasquageTests.Un_Second_Masquage_Ne_Regonfle_Pas_Le_Compte" computerName="DESKTOP-SGNJ9UM" duration="00:00:00.0001866" startTime="2026-08-15T11:50:05.1230082+00:00" endTime="2026-08-15T11:50:05.1230210+00:00" testType="13cdc9d9-ddb5-4fa4-a97d-d965ccfc6d4b" outcome="Passed" testListId="8c84fa94-04c1-424b-9868-57a2d4851a1d" relativeResultsDirectory="204e5622-8693-40b6-b748-1206d3454256" />
    <UnitTestResult executionId="badb603c-5dd2-440b-ad24-5ecc28324c9d" testId="596531e0-72c0-ad7e-5589-082d96879ed4" testName="EvaluateComponentAsync retourne Disponible quand le service tourne et que la preuve log est confirmee" computerName="DESKTOP-SGNJ9UM" duration="00:00:00.0324716" startTime="2026-08-15T11:47:37.2154973+00:00" endTime="2026-08-15T11:47:37.5446734+00:00" testType="13cdc9d9-ddb5-4fa4-a97d-d965ccfc6d4b" outcome="Passed" testListId="8c84fa94-04c1-424b-9868-57a2d4851a1d" relativeResultsDirectory="badb603c-5dd2-440b-ad24-5ecc28324c9d" />
    <UnitTestResult executionId="733a53c9-d2c1-4835-a84b-4266d03a918f" testId="29993d3f-b013-fc8f-d792-069de8b59f3a" testName="N4Sentinel.Tests.OrchestrationTests.Un_Composant_Sans_Marqueur_Produit_Une_Reserve_Et_Non_Un_Blocage" computerName="DESKTOP-SGNJ9UM" duration="00:00:00.0738322" startTime="2026-08-15T11:49:48.5350123+00:00" endTime="2026-08-15T11:49:48.8793096+00:00" testType="13cdc9d9-ddb5-4fa4-a97d-d965ccfc6d4b" outcome="Passed" testListId="8c84fa94-04c1-424b-9868-57a2d4851a1d" relativeResultsDirectory="733a53c9-d2c1-4835-a84b-4266d03a918f" />
    <UnitTestResult executionId="4fad3061-8116-468e-a82f-f1bc3a19cffc" testId="7363466e-9685-80a2-95fe-89489114db0a" testName="N4Sentinel.Tests.VitaliteTests.Sans_Source_Attendue_Les_Cas_Anormaux_Restent_Detectes" computerName="DESKTOP-SGNJ9UM" duration="00:00:00.0003085" startTime="2026-08-15T11:47:33.5160858+00:00" endTime="2026-08-15T11:47:33.5162795+00:00" testType="13cdc9d9-ddb5-4fa4-a97d-d965ccfc6d4b" outcome="Passed" testListId="8c84fa94-04c1-424b-9868-57a2d4851a1d" relativeResultsDirectory="4fad3061-8116-468e-a82f-f1bc3a19cffc" />
    <UnitTestResult executionId="5cb91e73-b165-425b-b727-03342099cd91" testId="87727232-7a80-6a9f-b039-8f7eecbb1597" testName="Un Center dont le marqueur de role actif apparait dans le journal est signale comme role actif detenu" computerName="DESKTOP-SGNJ9UM" duration="00:00:00.0317536" startTime="2026-08-15T11:47:36.9049189+00:00" endTime="2026-08-15T11:47:37.2152086+00:00" testType="13cdc9d9-ddb5-4fa4-a97d-d965ccfc6d4b" outcome="Passed" testListId="8c84fa94-04c1-424b-9868-57a2d4851a1d" relativeResultsDirectory="5cb91e73-b165-425b-b727-03342099cd91" />
    <UnitTestResult executionId="eaf9f19a-aa77-4ef7-9dc9-fd3aea18c34c" testId="3a274417-418c-c854-bdb1-7b449fb48cfc" testName="Une reference de compte inconnue echoue au lieu de se rabattre en silence" computerName="DESKTOP-SGNJ9UM" duration="00:00:00.0276824" startTime="2026-08-15T11:49:07.0523933+00:00" endTime="2026-08-15T11:49:07.3671742+00:00" testType="13cdc9d9-ddb5-4fa4-a97d-d965ccfc6d4b" outcome="Passed" testListId="8c84fa94-04c1-424b-9868-57a2d4851a1d" relativeResultsDirectory="eaf9f19a-aa77-4ef7-9dc9-fd3aea18c34c" />
    <UnitTestResult executionId="71d22819-58c7-4e4e-b182-b83142f9c4cd" testId="9eaa98fb-917b-cc2c-6585-cf3dea18ddfe" testName="N4Sentinel.Tests.DiagnosticTests.Les_Lignes_Normales_Ne_Produisent_Aucun_Constat" computerName="DESKTOP-SGNJ9UM" duration="00:00:00.0223300" startTime="2026-08-15T11:50:13.4688451+00:00" endTime="2026-08-15T11:50:13.8194562+00:00" testType="13cdc9d9-ddb5-4fa4-a97d-d965ccfc6d4b" outcome="Passed" testListId="8c84fa94-04c1-424b-9868-57a2d4851a1d" relativeResultsDirectory="71d22819-58c7-4e4e-b182-b83142f9c4cd" />
    <UnitTestResult executionId="8fc686ee-84d3-4030-9899-e4f19ba49bf6" testId="f6f6999a-8f36-a569-1a04-23f4039f6919" testName="Entre deux noms declares dont l'un contient l'autre, le plus specifique l'emporte" computerName="DESKTOP-SGNJ9UM" duration="00:00:00.0466415" startTime="2026-08-15T11:50:20.0780597+00:00" endTime="2026-08-15T11:50:20.4259058+00:00" testType="13cdc9d9-ddb5-4fa4-a97d-d965ccfc6d4b" outcome="Passed" testListId="8c84fa94-04c1-424b-9868-57a2d4851a1d" relativeResultsDirectory="8fc686ee-84d3-4030-9899-e4f19ba49bf6" />
    <UnitTestResult executionId="7367d4fb-f5df-406e-a0f3-570a18a28e51" testId="c105f860-c2e7-bfc2-2ee4-655aaa867e3e" testName="L'import Navis-Config cree serveurs et composants, en dedupliquant les hotes" computerName="DESKTOP-SGNJ9UM" duration="00:00:00.1984390" startTime="2026-08-15T11:50:05.5057092+00:00" endTime="2026-08-15T11:50:06.0047373+00:00" testType="13cdc9d9-ddb5-4fa4-a97d-d965ccfc6d4b" outcome="Passed" testListId="8c84fa94-04c1-424b-9868-57a2d4851a1d" relativeResultsDirectory="7367d4fb-f5df-406e-a0f3-570a18a28e51" />
    <UnitTestResult executionId="e3fdcd4b-8ca6-4784-9e8d-420ab09c998d" testId="84fc15c7-316c-59e0-765c-16ec9f2a1d42" testName="N4Sentinel.Tests.SauvegardeTests.Un_Trousseau_Disparu_Fait_Echouer_La_Verification" computerName="DESKTOP-SGNJ9UM" duration="00:00:00.0749034" startTime="2026-08-15T11:49:55.8998878+00:00" endTime="2026-08-15T11:49:56.2398463+00:00" testType="13cdc9d9-ddb5-4fa4-a97d-d965ccfc6d4b" outcome="Passed" testListId="8c84fa94-04c1-424b-9868-57a2d4851a1d" relativeResultsDirectory="e3fdcd4b-8ca6-4784-9e8d-420ab09c998d" />
    <UnitTestResult executionId="de7eab7a-4223-4459-87de-00c348f21c47" testId="388be499-9470-4984-0785-b8c68cd0e085" testName="N4Sentinel.Tests.OrchestrationTests.Un_Workflow_Jamais_Execute_Se_Modifie_Sur_Place" computerName="DESKTOP-SGNJ9UM" duration="00:00:00.0281457" startTime="2026-08-15T11:49:35.4773356+00:00" endTime="2026-08-15T11:49:35.7707378+00:00" testType="13cdc9d9-ddb5-4fa4-a97d-d965ccfc6d4b" outcome="Passed" testListId="8c84fa94-04c1-424b-9868-57a2d4851a1d" relativeResultsDirectory="de7eab7a-4223-4459-87de-00c348f21c47" />
    <UnitTestResult executionId="da52ca1d-f1aa-4a17-bf7e-c6564cb3e71b" testId="472994df-f226-e677-44aa-67c45aeb9e83" testName="N4Sentinel.Tests.OrchestrationTests.L_Ordre_D_Arret_N_Est_Pas_L_Inverse_De_L_Ordre_De_Demarrage" computerName="DESKTOP-SGNJ9UM" duration="00:00:00.0695714" startTime="2026-08-15T11:49:33.8881084+00:00" endTime="2026-08-15T11:49:34.2139625+00:00" testType="13cdc9d9-ddb5-4fa4-a97d-d965ccfc6d4b" outcome="Passed" testListId="8c84fa94-04c1-424b-9868-57a2d4851a1d" relativeResultsDirectory="da52ca1d-f1aa-4a17-bf7e-c6564cb3e71b" />
    <UnitTestResult executionId="f6b27b37-268a-4481-9378-246e49c389f2" testId="d65f8b96-9ca7-f5be-5ee9-fefbe0e6b90e" testName="Un composant sans marqueur est signale, avec le lien vers l'assistant" computerName="DESKTOP-SGNJ9UM" duration="00:00:00.0163730" startTime="2026-08-15T11:49:06.3956943+00:00" endTime="2026-08-15T11:49:06.6662478+00:00" testType="13cdc9d9-ddb5-4fa4-a97d-d965ccfc6d4b" outcome="Passed" testListId="8c84fa94-04c1-424b-9868-57a2d4851a1d" relativeResultsDirectory="f6b27b37-268a-4481-9378-246e49c389f2" />
    <UnitTestResult executionId="db6baede-0035-4125-addd-6bdf18205215" testId="f79766c9-cf73-fb8e-dc50-3d275c72247a" testName="Une session ne peut pas etre comparee a une reference non marquee saine" computerName="DESKTOP-SGNJ9UM" duration="00:00:00.0428033" startTime="2026-08-15T11:50:14.4756323+00:00" endTime="2026-08-15T11:50:14.8112167+00:00" testType="13cdc9d9-ddb5-4fa4-a97d-d965ccfc6d4b" outcome="Passed" testListId="8c84fa94-04c1-424b-9868-57a2d4851a1d" relativeResultsDirectory="db6baede-0035-4125-addd-6bdf18205215" />
    <UnitTestResult executionId="10d8afb7-a4dd-4fe1-ae2e-338bf8beab12" testId="bf209b2f-f90d-2842-7fa7-15df20a676cb" testName="N4Sentinel.Tests.DocumentaireTests.Les_Mots_Vides_Sont_Ecartes_Des_Termes" computerName="DESKTOP-SGNJ9UM" duration="00:00:00.0034133" startTime="2026-08-15T11:47:32.4397038+00:00" endTime="2026-08-15T11:47:32.7988182+00:00" testType="13cdc9d9-ddb5-4fa4-a97d-d965ccfc6d4b" outcome="Passed" testListId="8c84fa94-04c1-424b-9868-57a2d4851a1d" relativeResultsDirectory="10d8afb7-a4dd-4fe1-ae2e-338bf8beab12" />
    <UnitTestResult executionId="6d10f42a-5c16-425a-ab2b-0436507630d9" testId="ee01f52f-0a46-a503-9b57-cab3fdcf9d4e" testName="Un composant choisi explicitement n'est jamais marque comme detecte automatiquement" computerName="DESKTOP-SGNJ9UM" duration="00:00:00.0488177" startTime="2026-08-15T11:50:10.3971241+00:00" endTime="2026-08-15T11:50:10.7453476+00:00" testType="13cdc9d9-ddb5-4fa4-a97d-d965ccfc6d4b" outcome="Passed" testListId="8c84fa94-04c1-424b-9868-57a2d4851a1d" relativeResultsDirectory="6d10f42a-5c16-425a-ab2b-0436507630d9" />
    <UnitTestResult executionId="07951288-12cf-4fa1-93d2-d2ef620944fd" testId="d2a23593-f94b-3b56-ed75-5b9a8d15c0fc" testName="N4Sentinel.Tests.MasquageTests.Un_Secret_Est_Masque(ligne: &quot;motdepasse=Azerty123!&quot;, secret: &quot;Azerty123!&quot;)" computerName="DESKTOP-SGNJ9UM" duration="00:00:00.0000117" startTime="2026-08-15T11:50:05.1228796+00:00" endTime="2026-08-15T11:50:05.1228953+00:00" testType="13cdc9d9-ddb5-4fa4-a97d-d965ccfc6d4b" outcome="Passed" testListId="8c84fa94-04c1-424b-9868-57a2d4851a1d" relativeResultsDirectory="07951288-12cf-4fa1-93d2-d2ef620944fd" />
    <UnitTestResult executionId="bee42660-996a-462f-9126-d6ae0f2b9dc0" testId="ff8335d3-0e3f-f03a-de05-75971aa28f40" testName="La machine hebergeant l'application est traitee en local, sans WinRM" computerName="DESKTOP-SGNJ9UM" duration="00:00:00.0149043" startTime="2026-08-15T11:49:07.9515986+00:00" endTime="2026-08-15T11:49:08.2792990+00:00" testType="13cdc9d9-ddb5-4fa4-a97d-d965ccfc6d4b" outcome="Passed" testListId="8c84fa94-04c1-424b-9868-57a2d4851a1d" relativeResultsDirectory="bee42660-996a-462f-9126-d6ae0f2b9dc0" />
    <UnitTestResult executionId="200a4e57-b64e-4e52-8bb0-a84df5825fa9" testId="a350bceb-a529-095e-ea45-d9b6a121a86a" testName="Les lignes d'erreur du journal sont relevees" computerName="DESKTOP-SGNJ9UM" duration="00:00:00.0752865" startTime="2026-08-15T11:49:02.2941835+00:00" endTime="2026-08-15T11:49:02.6649855+00:00" testType="13cdc9d9-ddb5-4fa4-a97d-d965ccfc6d4b" outcome="Passed" testListId="8c84fa94-04c1-424b-9868-57a2d4851a1d" relativeResultsDirectory="200a4e57-b64e-4e52-8bb0-a84df5825fa9" />
    <UnitTestResult executionId="9f28ec94-5272-4313-8a92-4844db56eb53" testId="0c33466d-7af6-ceb3-b153-fc54ee2e473e" testName="SupervisionStateCache met a jour les instantanes et emet les evenements" computerName="DESKTOP-SGNJ9UM" duration="00:00:00.0041406" startTime="2026-08-15T11:47:36.6082422+00:00" endTime="2026-08-15T11:47:36.9047836+00:00" testType="13cdc9d9-ddb5-4fa4-a97d-d965ccfc6d4b" outcome="Passed" testListId="8c84fa94-04c1-424b-9868-57a2d4851a1d" relativeResultsDirectory="9f28ec94-5272-4313-8a92-4844db56eb53" />
    <UnitTestResult executionId="fefee1e3-547c-4fe9-9065-86a9aef2a68d" testId="170a2143-04a8-3263-4e26-c1af8749727e" testName="Chaque composant pilotable porte un marqueur exploitable" computerName="DESKTOP-SGNJ9UM" duration="00:00:00.0713575" startTime="2026-08-15T11:47:40.2289162+00:00" endTime="2026-08-15T11:47:40.5942704+00:00" testType="13cdc9d9-ddb5-4fa4-a97d-d965ccfc6d4b" outcome="Passed" testListId="8c84fa94-04c1-424b-9868-57a2d4851a1d" relativeResultsDirectory="fefee1e3-547c-4fe9-9065-86a9aef2a68d" />
    <UnitTestResult executionId="984c6928-deba-4145-a221-296d6cfc0f6a" testId="de5330d5-e3a4-7eaa-3396-fdbaec9167c0" testName="N4Sentinel.Tests.RecetteSimulateurTests.Scenario_4_XPS_Refuse_De_Demarrer_Sans_Bridge_Prouve" computerName="DESKTOP-SGNJ9UM" duration="00:00:01.6267338" startTime="2026-08-15T11:47:54.1789251+00:00" endTime="2026-08-15T11:47:56.1559565+00:00" testType="13cdc9d9-ddb5-4fa4-a97d-d965ccfc6d4b" outcome="Passed" testListId="8c84fa94-04c1-424b-9868-57a2d4851a1d" relativeResultsDirectory="984c6928-deba-4145-a221-296d6cfc0f6a" />
    <UnitTestResult executionId="2bbd68a5-c617-445d-897a-c7cd14109c8d" testId="ab6bfaa7-c7da-b2e1-08e1-ee845ee6e8ae" testName="N4Sentinel.Tests.OrchestrationTests.Les_Sequences_Generees_Sont_En_Brouillon" computerName="DESKTOP-SGNJ9UM" duration="00:00:00.0565833" startTime="2026-08-15T11:49:39.1419657+00:00" endTime="2026-08-15T11:49:39.4647721+00:00" testType="13cdc9d9-ddb5-4fa4-a97d-d965ccfc6d4b" outcome="Passed" testListId="8c84fa94-04c1-424b-9868-57a2d4851a1d" relativeResultsDirectory="2bbd68a5-c617-445d-897a-c7cd14109c8d" />
    <UnitTestResult executionId="23d8c771-b5e3-4c60-b5aa-a8ffea95cbe7" testId="ea75c3ed-09f0-eef8-fe1e-5a7e75db35ff" testName="Un serveur injoignable est distingue d'un serveur sans anomalie" computerName="DESKTOP-SGNJ9UM" duration="00:00:00.0086367" startTime="2026-08-15T11:50:03.6305347+00:00" endTime="2026-08-15T11:50:03.8954116+00:00" testType="13cdc9d9-ddb5-4fa4-a97d-d965ccfc6d4b" outcome="Passed" testListId="8c84fa94-04c1-424b-9868-57a2d4851a1d" relativeResultsDirectory="23d8c771-b5e3-4c60-b5aa-a8ffea95cbe7" />
    <UnitTestResult executionId="add15b3a-078c-4dd8-9026-eac6863aa2fb" testId="0a89ae9e-6415-6d9d-ee60-70619e9dc7f8" testName="N4Sentinel.Tests.DiagnosticTests.Une_Signature_Deja_Citee_Est_Desactivee_Et_Non_Supprimee" computerName="DESKTOP-SGNJ9UM" duration="00:00:00.0619429" startTime="2026-08-15T11:50:09.6254870+00:00" endTime="2026-08-15T11:50:10.0287045+00:00" testType="13cdc9d9-ddb5-4fa4-a97d-d965ccfc6d4b" outcome="Passed" testListId="8c84fa94-04c1-424b-9868-57a2d4851a1d" relativeResultsDirectory="add15b3a-078c-4dd8-9026-eac6863aa2fb" />
    <UnitTestResult executionId="c81d2770-81cb-495c-a7e8-391e3b48b6e6" testId="4909b5f3-5521-e822-a3cd-2f3cb2629cda" testName="N4Sentinel.Tests.VitaliteTests.La_Tolerance_Est_Celle_De_L_Environnement" computerName="DESKTOP-SGNJ9UM" duration="00:00:00.0001732" startTime="2026-08-15T11:47:33.5111638+00:00" endTime="2026-08-15T11:47:33.5126725+00:00" testType="13cdc9d9-ddb5-4fa4-a97d-d965ccfc6d4b" outcome="Passed" testListId="8c84fa94-04c1-424b-9868-57a2d4851a1d" relativeResultsDirectory="c81d2770-81cb-495c-a7e8-391e3b48b6e6" />
    <UnitTestResult executionId="077edf9e-1d6d-4195-b318-1bdba3bd1ee4" testId="4d63884f-41c3-4042-2196-c64b36e1258e" testName="Sans marqueur de role actif configure, le role reste a confirmer plutot que suppose" computerName="DESKTOP-SGNJ9UM" duration="00:00:00.0389718" startTime="2026-08-15T11:47:34.8635235+00:00" endTime="2026-08-15T11:47:35.1868331+00:00" testType="13cdc9d9-ddb5-4fa4-a97d-d965ccfc6d4b" outcome="Passed" testListId="8c84fa94-04c1-424b-9868-57a2d4851a1d" relativeResultsDirectory="077edf9e-1d6d-4195-b318-1bdba3bd1ee4" />
    <UnitTestResult executionId="0fa8ed63-b509-43ae-b41c-c2352c07da98" testId="298f0da3-a37d-ae4e-f9b4-5be2fc8931c3" testName="N4Sentinel.Tests.ConnecteurTests.Le_systeme_remonte_ressources_et_ecart_d_horloge" computerName="DESKTOP-SGNJ9UM" duration="00:00:01.3249500" startTime="2026-08-15T11:47:20.8117128+00:00" endTime="2026-08-15T11:47:22.1367854+00:00" testType="13cdc9d9-ddb5-4fa4-a97d-d965ccfc6d4b" outcome="Passed" testListId="8c84fa94-04c1-424b-9868-57a2d4851a1d" relativeResultsDirectory="0fa8ed63-b509-43ae-b41c-c2352c07da98" />
    <UnitTestResult executionId="55844654-1e15-4031-a275-6dba447be9a7" testId="a10be96d-584c-b43e-41b5-1f997b18d2a3" testName="EvaluateComponentAsync retourne Demarrage quand le service tourne mais que le marqueur est en attente" computerName="DESKTOP-SGNJ9UM" duration="00:00:00.0391034" startTime="2026-08-15T11:47:35.1869731+00:00" endTime="2026-08-15T11:47:35.5195367+00:00" testType="13cdc9d9-ddb5-4fa4-a97d-d965ccfc6d4b" outcome="Passed" testListId="8c84fa94-04c1-424b-9868-57a2d4851a1d" relativeResultsDirectory="55844654-1e15-4031-a275-6dba447be9a7" />
    <UnitTestResult executionId="aafad34b-a121-4041-b8ae-7a2efdf703a8" testId="a3c9efb5-33de-4ec4-69f6-25dc8d8435ed" testName="Choisir de rester actif leve le blocage sans exiger l'aptitude du Standby" computerName="DESKTOP-SGNJ9UM" duration="00:00:00.0833644" startTime="2026-08-15T11:49:41.3614365+00:00" endTime="2026-08-15T11:49:41.7154838+00:00" testType="13cdc9d9-ddb5-4fa4-a97d-d965ccfc6d4b" outcome="Passed" testListId="8c84fa94-04c1-424b-9868-57a2d4851a1d" relativeResultsDirectory="aafad34b-a121-4041-b8ae-7a2efdf703a8" />
    <UnitTestResult executionId="608d5767-a7b0-44c7-bbab-48105449a113" testId="fb16e08d-b18b-ea6b-ddc2-96ca7345f021" testName="La chronologie ajuste un constat de l'ecart d'horloge mesure a la collecte" computerName="DESKTOP-SGNJ9UM" duration="00:00:00.0005942" startTime="2026-08-15T11:50:19.4154965+00:00" endTime="2026-08-15T11:50:19.7057891+00:00" testType="13cdc9d9-ddb5-4fa4-a97d-d965ccfc6d4b" outcome="Passed" testListId="8c84fa94-04c1-424b-9868-57a2d4851a1d" relativeResultsDirectory="608d5767-a7b0-44c7-bbab-48105449a113" />
    <UnitTestResult executionId="3706ad88-687b-4b3b-8713-f1432abec203" testId="b77b9c51-ed59-ec02-ead2-caefafc67b64" testName="N4Sentinel.Tests.SauvegardeTests.Un_Dossier_Sans_Manifeste_N_Est_Pas_Une_Sauvegarde" computerName="DESKTOP-SGNJ9UM" duration="00:00:00.0015717" startTime="2026-08-15T11:49:57.8188704+00:00" endTime="2026-08-15T11:50:01.0972660+00:00" testType="13cdc9d9-ddb5-4fa4-a97d-d965ccfc6d4b" outcome="Passed" testListId="8c84fa94-04c1-424b-9868-57a2d4851a1d" relativeResultsDirectory="3706ad88-687b-4b3b-8713-f1432abec203" />
    <UnitTestResult executionId="91eab466-e1e2-42d6-90e2-1a3bae40bfab" testId="3aaa23f2-2d10-3bc5-38d3-77b84b276cf6" testName="N4Sentinel.Tests.VitaliteTests.Un_Echec_De_Releve_N_Est_Pas_Un_Zero_Mise_A_Jour" computerName="DESKTOP-SGNJ9UM" duration="00:00:00.0006803" startTime="2026-08-15T11:47:33.4924373+00:00" endTime="2026-08-15T11:47:33.4931501+00:00" testType="13cdc9d9-ddb5-4fa4-a97d-d965ccfc6d4b" outcome="Passed" testListId="8c84fa94-04c1-424b-9868-57a2d4851a1d" relativeResultsDirectory="91eab466-e1e2-42d6-90e2-1a3bae40bfab" />
    <UnitTestResult executionId="cadcda92-6e9a-4030-a36c-fa7a8470c8a6" testId="74cbd76e-e83f-4a04-ce72-0f33bb7944b0" testName="N4Sentinel.Tests.OrchestrationTests.Une_Simulation_Ne_Bute_Pas_Sur_Le_Verrou" computerName="DESKTOP-SGNJ9UM" duration="00:00:00.0763184" startTime="2026-08-15T11:49:38.0231907+00:00" endTime="2026-08-15T11:49:38.3677582+00:00" testType="13cdc9d9-ddb5-4fa4-a97d-d965ccfc6d4b" outcome="Passed" testListId="8c84fa94-04c1-424b-9868-57a2d4851a1d" relativeResultsDirectory="cadcda92-6e9a-4030-a36c-fa7a8470c8a6" />
    <UnitTestResult executionId="ac201251-7a13-4dfb-85a5-73045d6f2541" testId="ba06cdd4-330d-95c1-fd69-8b365fcbf234" testName="N4Sentinel.Tests.OrchestrationTests.Un_Echec_Bloquant_Interdit_Le_Lancement_Sans_Contournement_Possible" computerName="DESKTOP-SGNJ9UM" duration="00:00:00.0552258" startTime="2026-08-15T11:49:33.5654320+00:00" endTime="2026-08-15T11:49:33.8880076+00:00" testType="13cdc9d9-ddb5-4fa4-a97d-d965ccfc6d4b" outcome="Passed" testListId="8c84fa94-04c1-424b-9868-57a2d4851a1d" relativeResultsDirectory="ac201251-7a13-4dfb-85a5-73045d6f2541" />
    <UnitTestResult executionId="4011dd53-4547-481b-b0f6-219db47a0f9e" testId="8bb5cd98-70b1-177e-61b2-9aa9bb2fdb99" testName="N4Sentinel.Tests.DocumentaireTests.Sans_Passage_Correspondant_L_Application_Le_Dit" computerName="DESKTOP-SGNJ9UM" duration="00:00:00.0452774" startTime="2026-08-15T11:47:27.6753480+00:00" endTime="2026-08-15T11:47:28.0740304+00:00" testType="13cdc9d9-ddb5-4fa4-a97d-d965ccfc6d4b" outcome="Passed" testListId="8c84fa94-04c1-424b-9868-57a2d4851a1d" relativeResultsDirectory="4011dd53-4547-481b-b0f6-219db47a0f9e" />
    <UnitTestResult executionId="7927ebd7-e37a-4a7f-81cc-d5785d031b69" testId="60997b3d-149a-57d8-a797-a411f8fa5d65" testName="N4Sentinel.Tests.MasquageTests.Le_Cas_Documente_Du_Mot_De_Passe_ECI_Est_Couvert" computerName="DESKTOP-SGNJ9UM" duration="00:00:00.0008177" startTime="2026-08-15T11:50:05.1277868+00:00" endTime="2026-08-15T11:50:05.1285613+00:00" testType="13cdc9d9-ddb5-4fa4-a97d-d965ccfc6d4b" outcome="Passed" testListId="8c84fa94-04c1-424b-9868-57a2d4851a1d" relativeResultsDirectory="7927ebd7-e37a-4a7f-81cc-d5785d031b69" />
    <UnitTestResult executionId="8978035f-05f8-42e5-8e13-61f2fc9d3fd8" testId="cf71b0c8-4cd9-cb59-5ddf-1aabd507f841" testName="N4Sentinel.Tests.OrchestrationTests.Deux_Noeuds_Cluster_En_Parallele_Sont_Refuses" computerName="DESKTOP-SGNJ9UM" duration="00:00:00.0110344" startTime="2026-08-15T11:49:48.8794066+00:00" endTime="2026-08-15T11:49:49.1769193+00:00" testType="13cdc9d9-ddb5-4fa4-a97d-d965ccfc6d4b" outcome="Passed" testListId="8c84fa94-04c1-424b-9868-57a2d4851a1d" relativeResultsDirectory="8978035f-05f8-42e5-8e13-61f2fc9d3fd8" />
    <UnitTestResult executionId="ec4178a7-e876-4021-ae1a-cc798438eb22" testId="8e5f2bac-c6db-83b7-6edc-9fc219e27b43" testName="N4Sentinel.Tests.ConnecteurTests.La_lecture_incrementale_ne_relit_pas_les_lignes_deja_vues" computerName="DESKTOP-SGNJ9UM" duration="00:00:00.1090722" startTime="2026-08-15T11:47:20.7045285+00:00" endTime="2026-08-15T11:47:20.8113615+00:00" testType="13cdc9d9-ddb5-4fa4-a97d-d965ccfc6d4b" outcome="Passed" testListId="8c84fa94-04c1-424b-9868-57a2d4851a1d" relativeResultsDirectory="ec4178a7-e876-4021-ae1a-cc798438eb22" />
    <UnitTestResult executionId="d20eeffe-9485-4fc2-b224-01ba0ac73486" testId="262c3167-88b7-1506-005d-76000e5b6eb9" testName="Une base joignable sous l'identite du processus rapporte une latence reelle" computerName="DESKTOP-SGNJ9UM" duration="00:00:00.0169554" startTime="2026-08-15T11:49:26.0785790+00:00" endTime="2026-08-15T11:49:26.0955227+00:00" testType="13cdc9d9-ddb5-4fa4-a97d-d965ccfc6d4b" outcome="Passed" testListId="8c84fa94-04c1-424b-9868-57a2d4851a1d" relativeResultsDirectory="d20eeffe-9485-4fc2-b224-01ba0ac73486" />
    <UnitTestResult executionId="abb94b9f-9db6-43a4-b5df-1f6e058f5897" testId="dbe17ca3-ff90-46e0-d045-53e3fc53a734" testName="N4Sentinel.Tests.ConnecteurTests.Un_hote_inexistant_produit_une_cause_exploitable" computerName="DESKTOP-SGNJ9UM" duration="00:00:00.0084450" startTime="2026-08-15T11:47:22.4797110+00:00" endTime="2026-08-15T11:47:22.4879402+00:00" testType="13cdc9d9-ddb5-4fa4-a97d-d965ccfc6d4b" outcome="Passed" testListId="8c84fa94-04c1-424b-9868-57a2d4851a1d" relativeResultsDirectory="abb94b9f-9db6-43a4-b5df-1f6e058f5897" />
    <UnitTestResult executionId="04bb1900-2430-49d8-9fc5-c5264e9875b4" testId="dff1d5e8-1f40-9b0c-6cb9-fd724b389243" testName="N4Sentinel.Tests.MasquageTests.Un_Secret_Est_Masque(ligne: &quot;&lt;db:connection user=\&quot;eci\&quot; password=\&quot;EciProd2026&quot;···, secret: &quot;EciProd2026&quot;)" computerName="DESKTOP-SGNJ9UM" duration="00:00:00.0002695" startTime="2026-08-15T11:50:05.1222009+00:00" endTime="2026-08-15T11:50:05.1224322+00:00" testType="13cdc9d9-ddb5-4fa4-a97d-d965ccfc6d4b" outcome="Passed" testListId="8c84fa94-04c1-424b-9868-57a2d4851a1d" relativeResultsDirectory="04bb1900-2430-49d8-9fc5-c5264e9875b4" />
    <UnitTestResult executionId="fd38915c-1b45-4e5a-8bbc-3b5dd119c0b0" testId="64552e48-888f-43ed-d8f2-60590d158db3" testName="N4Sentinel.Tests.OrchestrationTests.Le_Rapport_Reste_Rattache_A_La_Version_Qui_A_Tourne" computerName="DESKTOP-SGNJ9UM" duration="00:00:00.0719720" startTime="2026-08-15T11:49:50.2353105+00:00" endTime="2026-08-15T11:49:50.6570593+00:00" testType="13cdc9d9-ddb5-4fa4-a97d-d965ccfc6d4b" outcome="Passed" testListId="8c84fa94-04c1-424b-9868-57a2d4851a1d" relativeResultsDirectory="fd38915c-1b45-4e5a-8bbc-3b5dd119c0b0" />
    <UnitTestResult executionId="dd140334-6720-46b9-b20b-14a7481dc6c8" testId="3de0df76-901d-5656-dbb7-6dbe2d20ccde" testName="Une confirmation ancienne, absente du delta courant, est reportee depuis le relevé precedent" computerName="DESKTOP-SGNJ9UM" duration="00:00:00.0442389" startTime="2026-08-15T11:47:34.4873171+00:00" endTime="2026-08-15T11:47:34.8633806+00:00" testType="13cdc9d9-ddb5-4fa4-a97d-d965ccfc6d4b" outcome="Passed" testListId="8c84fa94-04c1-424b-9868-57a2d4851a1d" relativeResultsDirectory="dd140334-6720-46b9-b20b-14a7481dc6c8" />
    <UnitTestResult executionId="b76bed6b-2570-4d1b-9b23-9c8a547d7139" testId="b8ee8341-4b20-db67-261b-03599e05bc8e" testName="L'horodatage et le thread sont retires du motif" computerName="DESKTOP-SGNJ9UM" duration="00:00:00.0462249" startTime="2026-08-15T11:49:04.0383090+00:00" endTime="2026-08-15T11:49:04.3420505+00:00" testType="13cdc9d9-ddb5-4fa4-a97d-d965ccfc6d4b" outcome="Passed" testListId="8c84fa94-04c1-424b-9868-57a2d4851a1d" relativeResultsDirectory="b76bed6b-2570-4d1b-9b23-9c8a547d7139" />
    <UnitTestResult executionId="20ed974b-bd66-4d74-8a3a-337b1316bb1c" testId="17dc5669-0e80-b9df-2367-94be332f782e" testName="N4Sentinel.Tests.OrchestrationTests.Demarrer_XPS_Avant_Le_Bridge_Est_Refuse" computerName="DESKTOP-SGNJ9UM" duration="00:00:00.0081250" startTime="2026-08-15T11:49:48.2582348+00:00" endTime="2026-08-15T11:49:48.5349076+00:00" testType="13cdc9d9-ddb5-4fa4-a97d-d965ccfc6d4b" outcome="Passed" testListId="8c84fa94-04c1-424b-9868-57a2d4851a1d" relativeResultsDirectory="20ed974b-bd66-4d74-8a3a-337b1316bb1c" />
    <UnitTestResult executionId="76c408f3-1626-4178-bc78-0d45408cba6d" testId="7a995baf-cb01-da39-ff7b-e39e33e8a7b3" testName="Un serveur absent du referentiel ne peut pas etre atteint" computerName="DESKTOP-SGNJ9UM" duration="00:00:00.0055386" startTime="2026-08-15T11:49:08.2794441+00:00" endTime="2026-08-15T11:49:11.5551257+00:00" testType="13cdc9d9-ddb5-4fa4-a97d-d965ccfc6d4b" outcome="Passed" testListId="8c84fa94-04c1-424b-9868-57a2d4851a1d" relativeResultsDirectory="76c408f3-1626-4178-bc78-0d45408cba6d" />
    <UnitTestResult executionId="ed842617-baeb-407f-8ccc-d0459beded55" testId="08c4a0aa-94b5-537e-4495-58f5475dc1fc" testName="N4Sentinel.Tests.OrchestrationTests.Un_Pre_Check_Sans_Echec_Bloquant_Autorise_Le_Lancement" computerName="DESKTOP-SGNJ9UM" duration="00:00:00.0621697" startTime="2026-08-15T11:49:43.5337154+00:00" endTime="2026-08-15T11:49:43.8629354+00:00" testType="13cdc9d9-ddb5-4fa4-a97d-d965ccfc6d4b" outcome="Passed" testListId="8c84fa94-04c1-424b-9868-57a2d4851a1d" relativeResultsDirectory="ed842617-baeb-407f-8ccc-d0459beded55" />
    <UnitTestResult executionId="51ae6fb8-1d24-4210-9d53-ec4f2d069dbf" testId="4969a671-01d8-b25e-b36d-b7fdcda7895e" testName="Declarer cree une fiche en Brouillon, en supervision seule" computerName="DESKTOP-SGNJ9UM" duration="00:00:00.0317788" startTime="2026-08-15T11:50:03.0231730+00:00" endTime="2026-08-15T11:50:03.3634667+00:00" testType="13cdc9d9-ddb5-4fa4-a97d-d965ccfc6d4b" outcome="Passed" testListId="8c84fa94-04c1-424b-9868-57a2d4851a1d" relativeResultsDirectory="51ae6fb8-1d24-4210-9d53-ec4f2d069dbf" />
    <UnitTestResult executionId="d9faae85-57e7-4832-bc2f-3aed552b5179" testId="60125c3e-37f2-a3e3-feb5-ff3e0d7d3108" testName="EvaluateComponentAsync retourne Arret quand le service est Stopped" computerName="DESKTOP-SGNJ9UM" duration="00:00:00.0339219" startTime="2026-08-15T11:47:35.9267518+00:00" endTime="2026-08-15T11:47:36.2689409+00:00" testType="13cdc9d9-ddb5-4fa4-a97d-d965ccfc6d4b" outcome="Passed" testListId="8c84fa94-04c1-424b-9868-57a2d4851a1d" relativeResultsDirectory="d9faae85-57e7-4832-bc2f-3aed552b5179" />
    <UnitTestResult executionId="c8608622-0c21-4ef6-a4a6-6d0a74b53f1e" testId="f284ebc0-3cda-9d10-0030-aa8ce435a53f" testName="Un environnement complet et actif atteint la fin du parcours" computerName="DESKTOP-SGNJ9UM" duration="00:00:00.0251492" startTime="2026-08-15T11:49:06.1077380+00:00" endTime="2026-08-15T11:49:06.3955884+00:00" testType="13cdc9d9-ddb5-4fa4-a97d-d965ccfc6d4b" outcome="Passed" testListId="8c84fa94-04c1-424b-9868-57a2d4851a1d" relativeResultsDirectory="c8608622-0c21-4ef6-a4a6-6d0a74b53f1e" />
    <UnitTestResult executionId="224667f4-9b07-4ad6-9547-2a6769941384" testId="8aecbe67-7857-d90b-39e4-c8ce53653f0c" testName="Une double approbation exige deux approbateurs distincts, ni l'un ni l'autre le demandeur" computerName="DESKTOP-SGNJ9UM" duration="00:00:00.0640961" startTime="2026-08-15T11:49:42.6285974+00:00" endTime="2026-08-15T11:49:42.9610535+00:00" testType="13cdc9d9-ddb5-4fa4-a97d-d965ccfc6d4b" outcome="Passed" testListId="8c84fa94-04c1-424b-9868-57a2d4851a1d" relativeResultsDirectory="224667f4-9b07-4ad6-9547-2a6769941384" />
    <UnitTestResult executionId="fa9ff081-4935-449a-a7d4-521b39400af8" testId="421778ff-5a60-62d7-8628-51be3a40bbb0" testName="N4Sentinel.Tests.ConnecteurTests.Un_journal_ouvert_en_ecriture_reste_lisible" computerName="DESKTOP-SGNJ9UM" duration="00:00:00.0409056" startTime="2026-08-15T11:47:22.4381935+00:00" endTime="2026-08-15T11:47:22.4793352+00:00" testType="13cdc9d9-ddb5-4fa4-a97d-d965ccfc6d4b" outcome="Passed" testListId="8c84fa94-04c1-424b-9868-57a2d4851a1d" relativeResultsDirectory="fa9ff081-4935-449a-a7d4-521b39400af8" />
    <UnitTestResult executionId="f26ad9a6-bb80-41a7-a85e-4fcc1b857cde" testId="9d11b3e1-6946-dd53-2236-1b321175e228" testName="N4Sentinel.Tests.OrchestrationTests.Une_Simulation_Ne_Prend_Pas_Le_Verrou" computerName="DESKTOP-SGNJ9UM" duration="00:00:00.0942424" startTime="2026-08-15T11:49:38.7028046+00:00" endTime="2026-08-15T11:49:39.1417958+00:00" testType="13cdc9d9-ddb5-4fa4-a97d-d965ccfc6d4b" outcome="Passed" testListId="8c84fa94-04c1-424b-9868-57a2d4851a1d" relativeResultsDirectory="f26ad9a6-bb80-41a7-a85e-4fcc1b857cde" />
    <UnitTestResult executionId="66f917e6-5128-4ccc-a77f-ed2361cd84f0" testId="c004fc36-9af0-8345-b873-5866988d4c2a" testName="N4Sentinel.Tests.MasquageTests.Plusieurs_Secrets_Sur_La_Meme_Ligne_Sont_Tous_Masques" computerName="DESKTOP-SGNJ9UM" duration="00:00:00.0002140" startTime="2026-08-15T11:50:05.1289646+00:00" endTime="2026-08-15T11:50:05.1291440+00:00" testType="13cdc9d9-ddb5-4fa4-a97d-d965ccfc6d4b" outcome="Passed" testListId="8c84fa94-04c1-424b-9868-57a2d4851a1d" relativeResultsDirectory="66f917e6-5128-4ccc-a77f-ed2361cd84f0" />
    <UnitTestResult executionId="7431f2c1-1231-4f7c-b34e-1120bb52490c" testId="58f01f3f-4d45-88ab-a4da-5e44d0c0d846" testName="Un import identifie le composant depuis un motif de nom de fichier non ambigu" computerName="DESKTOP-SGNJ9UM" duration="00:00:00.0304193" startTime="2026-08-15T11:50:12.7840929+00:00" endTime="2026-08-15T11:50:13.1135255+00:00" testType="13cdc9d9-ddb5-4fa4-a97d-d965ccfc6d4b" outcome="Passed" testListId="8c84fa94-04c1-424b-9868-57a2d4851a1d" relativeResultsDirectory="7431f2c1-1231-4f7c-b34e-1120bb52490c" />
    <UnitTestResult executionId="ef143e85-d068-410a-af96-e5d3884aca7f" testId="733ae59a-9dee-9a5c-fa86-2da8ce39a995" testName="N4Sentinel.Tests.OrchestrationTests.L_Annulation_Avant_Lancement_Est_Immediate" computerName="DESKTOP-SGNJ9UM" duration="00:00:00.0610590" startTime="2026-08-15T11:49:47.2491796+00:00" endTime="2026-08-15T11:49:47.5908076+00:00" testType="13cdc9d9-ddb5-4fa4-a97d-d965ccfc6d4b" outcome="Passed" testListId="8c84fa94-04c1-424b-9868-57a2d4851a1d" relativeResultsDirectory="ef143e85-d068-410a-af96-e5d3884aca7f" />
    <UnitTestResult executionId="9f4150ed-681b-4756-b702-6b4d4a75a342" testId="193f1ac7-a811-6369-c4b5-f57c6de447ab" testName="N4Sentinel.Tests.OrchestrationTests.Une_Seconde_Operation_Mutative_Est_Refusee" computerName="DESKTOP-SGNJ9UM" duration="00:00:00.0145500" startTime="2026-08-15T11:49:40.4928489+00:00" endTime="2026-08-15T11:49:40.7903120+00:00" testType="13cdc9d9-ddb5-4fa4-a97d-d965ccfc6d4b" outcome="Passed" testListId="8c84fa94-04c1-424b-9868-57a2d4851a1d" relativeResultsDirectory="9f4150ed-681b-4756-b702-6b4d4a75a342" />
    <UnitTestResult executionId="e9a10fe2-266e-453b-b26d-94d5e02849d8" testId="76e7e69b-e014-dfe8-8466-5cad7a8ebbfd" testName="N4Sentinel.Tests.SauvegardeTests.La_Sauvegarde_Est_Refusee_Si_Le_Trousseau_Est_Vide_Alors_Que_Des_Secrets_Existent" computerName="DESKTOP-SGNJ9UM" duration="00:00:00.0106605" startTime="2026-08-15T11:49:55.6305988+00:00" endTime="2026-08-15T11:49:55.8997927+00:00" testType="13cdc9d9-ddb5-4fa4-a97d-d965ccfc6d4b" outcome="Passed" testListId="8c84fa94-04c1-424b-9868-57a2d4851a1d" relativeResultsDirectory="e9a10fe2-266e-453b-b26d-94d5e02849d8" />
    <UnitTestResult executionId="0f09b3c6-6b08-44f4-b49a-f43b879e534a" testId="53efa143-81b1-e618-3f79-f2b43d4a234c" testName="N4Sentinel.Tests.MasquageTests.Un_Secret_Est_Masque(ligne: &quot;{\&quot;user\&quot;:\&quot;navis\&quot;,\&quot;password\&quot;:\&quot;P@ssw0rd\&quot;}&quot;, secret: &quot;P@ssw0rd&quot;)" computerName="DESKTOP-SGNJ9UM" duration="00:00:00.0062217" startTime="2026-08-15T11:50:05.1037375+00:00" endTime="2026-08-15T11:50:05.1099599+00:00" testType="13cdc9d9-ddb5-4fa4-a97d-d965ccfc6d4b" outcome="Passed" testListId="8c84fa94-04c1-424b-9868-57a2d4851a1d" relativeResultsDirectory="0f09b3c6-6b08-44f4-b49a-f43b879e534a" />
    <UnitTestResult executionId="dd757468-b49c-4d2a-bde6-af1ee5fa10a9" testId="13a6c46f-b054-7cf1-3504-e089a56e65b0" testName="N4Sentinel.Tests.MasquageTests.Un_Secret_Est_Masque(ligne: &quot;https://navis:Secret123@ecn4.cit.ci/api&quot;, secret: &quot;Secret123&quot;)" computerName="DESKTOP-SGNJ9UM" duration="00:00:00.0000181" startTime="2026-08-15T11:50:05.1225650+00:00" endTime="2026-08-15T11:50:05.1225806+00:00" testType="13cdc9d9-ddb5-4fa4-a97d-d965ccfc6d4b" outcome="Passed" testListId="8c84fa94-04c1-424b-9868-57a2d4851a1d" relativeResultsDirectory="dd757468-b49c-4d2a-bde6-af1ee5fa10a9" />
    <UnitTestResult executionId="a9bca37e-7283-4c6f-98b5-0f6e9bc259ba" testId="38b16fe2-1523-efdc-2e42-58242c2abf73" testName="N4Sentinel.Tests.DiagnosticTests.Une_Signature_Concluante_Doit_Expliquer_Ce_Qu_Elle_Signifie" computerName="DESKTOP-SGNJ9UM" duration="00:00:00.0007135" startTime="2026-08-15T11:50:19.1129113+00:00" endTime="2026-08-15T11:50:19.4153968+00:00" testType="13cdc9d9-ddb5-4fa4-a97d-d965ccfc6d4b" outcome="Passed" testListId="8c84fa94-04c1-424b-9868-57a2d4851a1d" relativeResultsDirectory="a9bca37e-7283-4c6f-98b5-0f6e9bc259ba" />
    <UnitTestResult executionId="122ca88d-94ec-4209-9c7e-35704cee9d4e" testId="1f16201a-2088-fdcb-74c1-5331656d1dad" testName="N4Sentinel.Tests.OrchestrationTests.Un_Prerequis_Absent_De_La_Sequence_Est_Signale_Sans_Bloquer" computerName="DESKTOP-SGNJ9UM" duration="00:00:00.0074964" startTime="2026-08-15T11:49:45.8678047+00:00" endTime="2026-08-15T11:49:46.1450768+00:00" testType="13cdc9d9-ddb5-4fa4-a97d-d965ccfc6d4b" outcome="Passed" testListId="8c84fa94-04c1-424b-9868-57a2d4851a1d" relativeResultsDirectory="122ca88d-94ec-4209-9c7e-35704cee9d4e" />
[...]
    <TestEntry testId="c5eb1cbb-b596-7ebc-92a2-9d4447a84cd4" executionId="d1b79761-76bc-47aa-84d7-d814b73660b5" testListId="8c84fa94-04c1-424b-9868-57a2d4851a1d" />
    <TestEntry testId="da9ab57e-be36-c0ef-5322-6838b48091c3" executionId="518ebd3c-bda0-441a-9201-026f33ca38b1" testListId="8c84fa94-04c1-424b-9868-57a2d4851a1d" />
    <TestEntry testId="47ae2cc1-8d3e-7a1e-ca30-7b84446a3301" executionId="617b9f90-9853-4709-b017-e7cdf86b495b" testListId="8c84fa94-04c1-424b-9868-57a2d4851a1d" />
    <TestEntry testId="3408fc4e-c42a-e09e-922b-2f2576b3d868" executionId="856cb431-2cb4-48c4-b22e-a7952f7f88bc" testListId="8c84fa94-04c1-424b-9868-57a2d4851a1d" />
    <TestEntry testId="14927559-2f1e-869c-37e7-332a677dc80a" executionId="d90b2413-aaa1-43a4-a7ef-f7bdb9cea9cb" testListId="8c84fa94-04c1-424b-9868-57a2d4851a1d" />
    <TestEntry testId="165fee08-e6af-3ad2-c458-96b8cd246155" executionId="0d55b432-2013-4d12-bcf3-e8bea7cab330" testListId="8c84fa94-04c1-424b-9868-57a2d4851a1d" />
    <TestEntry testId="1ad4bace-9a07-8be3-53a6-1fcf5c701771" executionId="f394fed2-1e92-452e-8cdd-08aa1310fca1" testListId="8c84fa94-04c1-424b-9868-57a2d4851a1d" />
    <TestEntry testId="cd92faa4-a9a6-38fa-2432-8e2e00ec8544" executionId="e71ab5e9-7083-496c-8a33-5352edc0e50e" testListId="8c84fa94-04c1-424b-9868-57a2d4851a1d" />
    <TestEntry testId="0fd8b172-9e40-3978-1767-aa326abd742b" executionId="6d60774d-7bd0-4a61-a8fb-6226ad778918" testListId="8c84fa94-04c1-424b-9868-57a2d4851a1d" />
    <TestEntry testId="88a209f5-78b1-80f1-92bc-95141758f500" executionId="9a54059d-e89d-4b8f-ac3f-e4d0aa777bf5" testListId="8c84fa94-04c1-424b-9868-57a2d4851a1d" />
    <TestEntry testId="24cefe75-2c7c-4539-8d44-d4061a072fad" executionId="1034d91a-a7c0-462c-bae9-4b25aa0d8c60" testListId="8c84fa94-04c1-424b-9868-57a2d4851a1d" />
    <TestEntry testId="0149fbed-b814-2500-a5b9-8cda16a0230c" executionId="edd2cc46-1616-43d5-8e9e-98a128cf35f1" testListId="8c84fa94-04c1-424b-9868-57a2d4851a1d" />
    <TestEntry testId="af9a8807-1f5a-6238-543a-b9cb117b7f15" executionId="3278c14c-5171-47a9-ae7c-4ebdb3454c35" testListId="8c84fa94-04c1-424b-9868-57a2d4851a1d" />
    <TestEntry testId="71ad490f-4b5e-7809-fe05-9ba5832af3f7" executionId="4ba2589a-ea84-45bb-9fb3-47cf045e499a" testListId="8c84fa94-04c1-424b-9868-57a2d4851a1d" />
    <TestEntry testId="c9ebabb4-9685-b283-16ac-b25d3f15906c" executionId="d3ad1c7a-e45f-46a7-bfd0-889dcdcaad67" testListId="8c84fa94-04c1-424b-9868-57a2d4851a1d" />
    <TestEntry testId="5745db5d-a70f-3f08-69d1-7ad290bd9ca0" executionId="05c30596-1ffd-44be-b9e9-726a05b309a3" testListId="8c84fa94-04c1-424b-9868-57a2d4851a1d" />
    <TestEntry testId="681219bf-183d-755f-78ef-03648a6a9ee4" executionId="0d39c3eb-fe66-4e76-b27e-4fb932c2c86d" testListId="8c84fa94-04c1-424b-9868-57a2d4851a1d" />
    <TestEntry testId="99dc56cb-95ac-2dbf-a878-ce23a0168c2c" executionId="266bad16-53ca-43bb-a637-fa62f131d095" testListId="8c84fa94-04c1-424b-9868-57a2d4851a1d" />
    <TestEntry testId="cd7696e6-283b-bd6d-1113-3476705aadf1" executionId="96a1ce1b-27b4-4f05-8466-327bba4ac5f1" testListId="8c84fa94-04c1-424b-9868-57a2d4851a1d" />
    <TestEntry testId="0cb958be-3384-ae60-33d9-5332cfce8e22" executionId="7db01c40-dca9-40a5-bc84-3e472b63cea5" testListId="8c84fa94-04c1-424b-9868-57a2d4851a1d" />
    <TestEntry testId="6a674320-5761-faa3-c1d1-ee826b9acacf" executionId="93ae03c9-4715-4801-b7a4-cab2e08df12d" testListId="8c84fa94-04c1-424b-9868-57a2d4851a1d" />
    <TestEntry testId="06a45be3-4cde-acfe-f020-04de618029ac" executionId="ed6fd0f6-d852-4837-b323-94cb6a838d08" testListId="8c84fa94-04c1-424b-9868-57a2d4851a1d" />
    <TestEntry testId="8ab560fb-3c38-e286-10ed-1cd77d3416de" executionId="61c8de35-1f40-42b2-92e1-8c4bf49c38c9" testListId="8c84fa94-04c1-424b-9868-57a2d4851a1d" />
    <TestEntry testId="5cf3c669-d020-95a6-0932-059ee8a38498" executionId="3884184c-ceee-4a79-a765-07fbb4f63cda" testListId="8c84fa94-04c1-424b-9868-57a2d4851a1d" />
    <TestEntry testId="14d1263f-bd7d-3cf2-eadb-614080aa8b64" executionId="c805646e-68e8-4d34-a4ba-5cf826280137" testListId="8c84fa94-04c1-424b-9868-57a2d4851a1d" />
    <TestEntry testId="d15bb11a-da8a-ab1d-d9fb-f90d0442b861" executionId="313c3510-e1a6-4cd8-b3c2-285ccfb052e9" testListId="8c84fa94-04c1-424b-9868-57a2d4851a1d" />
    <TestEntry testId="fb596e60-d9a6-64e8-8e17-c4e2fe8a5df0" executionId="975e1eef-1b66-4771-acbc-ea8716e25dee" testListId="8c84fa94-04c1-424b-9868-57a2d4851a1d" />
    <TestEntry testId="eb33e8e2-cebe-df7b-df63-acaed04a181c" executionId="6f92e3fa-76d4-466e-ad6d-ce15806e42bf" testListId="8c84fa94-04c1-424b-9868-57a2d4851a1d" />
    <TestEntry testId="f4dbe944-2ac3-d810-496d-62ef621c5e82" executionId="7809a755-de3f-4cd5-a5ee-b82cfc6b747b" testListId="8c84fa94-04c1-424b-9868-57a2d4851a1d" />
    <TestEntry testId="3ea695e9-7e49-2759-5754-379f70dcdc5a" executionId="9ab44594-4895-4c09-8a19-f6d645cf5f32" testListId="8c84fa94-04c1-424b-9868-57a2d4851a1d" />
    <TestEntry testId="c7baed2a-fc57-55a2-6035-14edc87798ee" executionId="18bd507d-d10a-4a06-821a-bd31f314da91" testListId="8c84fa94-04c1-424b-9868-57a2d4851a1d" />
    <TestEntry testId="0272481d-82bf-b75f-e896-5905de6ab6ec" executionId="ce7ed317-c92c-4eee-9c97-e6d313fae689" testListId="8c84fa94-04c1-424b-9868-57a2d4851a1d" />
    <TestEntry testId="ed447643-554c-0c46-0c1d-07be9fb109b2" executionId="dbdab118-5c7d-43b6-82ce-336dff6d0b17" testListId="8c84fa94-04c1-424b-9868-57a2d4851a1d" />
    <TestEntry testId="d68a2142-a515-082e-49bf-06c15fe7181f" executionId="b6f0502a-2211-44c3-b5f0-e5795432d59e" testListId="8c84fa94-04c1-424b-9868-57a2d4851a1d" />
    <TestEntry testId="b2bbc7cd-d45c-1397-b3d0-f962ac93b15c" executionId="0fe111f6-7fb4-4a30-bf85-6e4b00ec7dc8" testListId="8c84fa94-04c1-424b-9868-57a2d4851a1d" />
    <TestEntry testId="2782aa6e-4a37-46b4-b580-705e211b83bf" executionId="78194f7b-0a65-4bcb-99fe-cda2cca3fa1a" testListId="8c84fa94-04c1-424b-9868-57a2d4851a1d" />
    <TestEntry testId="3e890d7c-6e7a-89a5-81d8-dcb3a724b718" executionId="2d3e3720-50c2-4964-93e9-360bba01d9a0" testListId="8c84fa94-04c1-424b-9868-57a2d4851a1d" />
    <TestEntry testId="93440a2b-b42a-1693-4653-066eab753f59" executionId="1a129f06-c2ad-4ef3-8d74-d5ef7c0ef127" testListId="8c84fa94-04c1-424b-9868-57a2d4851a1d" />
    <TestEntry testId="0ec34345-9153-a654-9136-97ca035106ef" executionId="b254512a-bcf6-4150-8590-fed117fc611c" testListId="8c84fa94-04c1-424b-9868-57a2d4851a1d" />
    <TestEntry testId="b0ae7ba1-4ab0-0af6-d20b-0263d7a99c32" executionId="a67dc572-6dba-4967-9e31-f0d9b7f66f27" testListId="8c84fa94-04c1-424b-9868-57a2d4851a1d" />
    <TestEntry testId="c0e5e058-8962-5dbb-b6fd-01f094122aa3" executionId="b8370ffd-ed83-4bf7-986e-6fadb5048362" testListId="8c84fa94-04c1-424b-9868-57a2d4851a1d" />
    <TestEntry testId="d21613d5-16ce-7e52-34f4-c58347c49c76" executionId="1191bc36-7c43-44c8-837a-805478e21979" testListId="8c84fa94-04c1-424b-9868-57a2d4851a1d" />
    <TestEntry testId="661168b7-26b5-c155-8517-67425e6bde8a" executionId="04c3ff67-25e9-42f7-abcf-08e186b2faf1" testListId="8c84fa94-04c1-424b-9868-57a2d4851a1d" />
    <TestEntry testId="a57006f2-7e59-19e2-d760-55ff784ba20b" executionId="01ee0878-6cbd-4a0f-962e-7df3147cab4c" testListId="8c84fa94-04c1-424b-9868-57a2d4851a1d" />
    <TestEntry testId="29b624ac-c9d2-39db-a3a9-26684be628a9" executionId="cddb11a0-7c0e-460b-8482-2b14587a2f94" testListId="8c84fa94-04c1-424b-9868-57a2d4851a1d" />
    <TestEntry testId="0aebe397-06a2-c182-a198-c889389faf45" executionId="ee6337bd-c446-4d9d-a898-f9812a4b00e5" testListId="8c84fa94-04c1-424b-9868-57a2d4851a1d" />
    <TestEntry testId="8dc11f79-fcff-82b8-51a1-17346d35dbd4" executionId="15d2ee29-5057-4da7-a14c-81cf2b4d01ae" testListId="8c84fa94-04c1-424b-9868-57a2d4851a1d" />
    <TestEntry testId="8c11499b-b4e1-140e-52fc-bffb15465600" executionId="02106bc0-4b26-462f-a051-56aee85cf6d5" testListId="8c84fa94-04c1-424b-9868-57a2d4851a1d" />
    <TestEntry testId="735b34ed-2628-3d53-1440-55a0b55f0356" executionId="67b4b691-dd1f-43e0-81c5-e9bdf38b1c7c" testListId="8c84fa94-04c1-424b-9868-57a2d4851a1d" />
    <TestEntry testId="d087d71f-37c7-1718-efa5-4ee71215ee76" executionId="de7e5a85-5825-43a9-a7c9-66a7295da192" testListId="8c84fa94-04c1-424b-9868-57a2d4851a1d" />
    <TestEntry testId="4a2597c8-144b-a047-490e-47bee22cde1e" executionId="dc57e4a2-db39-4f90-9ae4-542c82ea2724" testListId="8c84fa94-04c1-424b-9868-57a2d4851a1d" />
    <TestEntry testId="cbf6dc5b-d516-ea99-0bed-66aa6fd401d3" executionId="d7e22708-5cf2-4a93-8603-7e10bb100e0c" testListId="8c84fa94-04c1-424b-9868-57a2d4851a1d" />
    <TestEntry testId="3bb4c7f4-4638-60e0-f701-121bae308896" executionId="f03fb949-f918-4c1a-9435-24c1113efa31" testListId="8c84fa94-04c1-424b-9868-57a2d4851a1d" />
    <TestEntry testId="99dc3bcd-66e6-3da1-8a12-dfe29903b69f" executionId="5ba342dd-cd31-4513-9e05-734465182a44" testListId="8c84fa94-04c1-424b-9868-57a2d4851a1d" />
    <TestEntry testId="272e7893-37fe-c758-255f-7798bd4c6de9" executionId="052dced7-56af-40f3-a40d-27ccc8f6d6e8" testListId="8c84fa94-04c1-424b-9868-57a2d4851a1d" />
    <TestEntry testId="d83dd57f-3640-b9d5-100a-e9a6aadfcb30" executionId="f9a5f9f4-22a5-4740-8cf3-31cfee846da8" testListId="8c84fa94-04c1-424b-9868-57a2d4851a1d" />
    <TestEntry testId="31869afd-64cf-b280-03ae-e83695671358" executionId="8271859a-8a09-48e5-a90f-eadf884fdeaa" testListId="8c84fa94-04c1-424b-9868-57a2d4851a1d" />
    <TestEntry testId="78f4a3a2-3254-d098-b566-38efd7699bdd" executionId="b5eadc89-2585-411f-8f59-cf43f59dcdf9" testListId="8c84fa94-04c1-424b-9868-57a2d4851a1d" />
    <TestEntry testId="03f839c0-d05e-c02a-4d4b-394a1ca59b67" executionId="b5a4eab2-87be-4e67-b693-9a7f97efade8" testListId="8c84fa94-04c1-424b-9868-57a2d4851a1d" />
    <TestEntry testId="c4af4bff-5eda-fdea-736c-7f564a786119" executionId="7ff30e08-fbc4-43fd-901f-a11cc6c9f0d4" testListId="8c84fa94-04c1-424b-9868-57a2d4851a1d" />
    <TestEntry testId="a8d70260-13ee-0711-0967-76622993fd52" executionId="19255083-47aa-4628-8d2c-4a32d650c183" testListId="8c84fa94-04c1-424b-9868-57a2d4851a1d" />
    <TestEntry testId="18d34fed-70e5-6dd0-7ce2-bd5c5a787d2a" executionId="26776b8f-d420-43d5-b899-6858060a3b12" testListId="8c84fa94-04c1-424b-9868-57a2d4851a1d" />
    <TestEntry testId="91678bfe-8be4-3684-635e-3fc37b2ab1fb" executionId="93e78692-88e3-47bb-bb12-77e68a6a878c" testListId="8c84fa94-04c1-424b-9868-57a2d4851a1d" />
    <TestEntry testId="d91ebf66-f5ed-a4bb-6b40-7fe63f9f2e20" executionId="c4cd4e06-634a-45f2-b307-971bda648643" testListId="8c84fa94-04c1-424b-9868-57a2d4851a1d" />
    <TestEntry testId="80878c70-366c-2166-7c77-8641795849d2" executionId="4860fc75-2a26-461f-8b25-f933ba41e587" testListId="8c84fa94-04c1-424b-9868-57a2d4851a1d" />
    <TestEntry testId="6d1f889c-06d5-786e-cf15-9c389bc36efb" executionId="8a80c22c-dbd3-4735-9d79-325b7dbc144c" testListId="8c84fa94-04c1-424b-9868-57a2d4851a1d" />
    <TestEntry testId="e3f2f429-a375-488b-9fd4-87add3d6f499" executionId="6951d9b9-b124-4cc4-9368-82373f980e89" testListId="8c84fa94-04c1-424b-9868-57a2d4851a1d" />
    <TestEntry testId="350fbf2f-36bd-5021-a2f6-4d7788bc1d90" executionId="07e3c8bd-3bb1-4219-992f-cfe57243c3f9" testListId="8c84fa94-04c1-424b-9868-57a2d4851a1d" />
    <TestEntry testId="d1ca9a28-f160-6dec-7bc1-aca8a09746e2" executionId="dda80b77-cb2a-4ec6-b6bd-ca292d175fe0" testListId="8c84fa94-04c1-424b-9868-57a2d4851a1d" />
    <TestEntry testId="c6852604-1900-0494-86f6-a21783ed3fe4" executionId="a50d5e07-979f-4aac-9d8a-65bb259a6bba" testListId="8c84fa94-04c1-424b-9868-57a2d4851a1d" />
    <TestEntry testId="985b9029-c254-50f4-6842-087332448643" executionId="35f3d36b-94f1-42b3-8c74-233352847776" testListId="8c84fa94-04c1-424b-9868-57a2d4851a1d" />
    <TestEntry testId="539fe820-f6f0-eeaf-d272-c2856d0f46ec" executionId="88005908-c208-480b-8ee4-e158558184e3" testListId="8c84fa94-04c1-424b-9868-57a2d4851a1d" />
    <TestEntry testId="1b72db2b-3f22-e442-d190-f4e577e8ea05" executionId="7fde91af-898a-4ecb-89cb-c8d6e5f25c46" testListId="8c84fa94-04c1-424b-9868-57a2d4851a1d" />
    <TestEntry testId="b251bcf8-ca0f-5b32-ec9d-cf724b3b4c48" executionId="c41c6170-0ed1-425f-bd55-dbec79f4a2c9" testListId="8c84fa94-04c1-424b-9868-57a2d4851a1d" />
    <TestEntry testId="dac8f64e-8674-5b2c-b5e8-9edfe1c7b532" executionId="38813c61-d988-43cb-881c-f8078033e186" testListId="8c84fa94-04c1-424b-9868-57a2d4851a1d" />
    <TestEntry testId="5ee259db-43bd-535b-88e1-0d72d4f17420" executionId="cfafd4a6-e312-4622-8895-0ef0a492e879" testListId="8c84fa94-04c1-424b-9868-57a2d4851a1d" />
    <TestEntry testId="af59a239-179a-45d9-fcaf-9eec26c26e30" executionId="12d6e0bc-51df-486a-909e-527135ada6e1" testListId="8c84fa94-04c1-424b-9868-57a2d4851a1d" />
    <TestEntry testId="92f8bb6c-3cdd-64c6-699c-618730ae39d9" executionId="93c55891-9ed8-4798-a88f-4164c9298529" testListId="8c84fa94-04c1-424b-9868-57a2d4851a1d" />
    <TestEntry testId="fc465e67-240d-af21-8ada-f4431d57f4a9" executionId="9071f49c-c483-470f-b883-60f4d54a797e" testListId="8c84fa94-04c1-424b-9868-57a2d4851a1d" />
    <TestEntry testId="5659665d-7132-13b3-e627-e40d08ea11ba" executionId="22a4f16a-2e30-4205-839f-844ddc2b66ff" testListId="8c84fa94-04c1-424b-9868-57a2d4851a1d" />
    <TestEntry testId="d901f33a-0e29-c6f6-7934-e7d4749bbdc6" executionId="4c10accb-fb8c-45c6-9ee7-a09f0caa783f" testListId="8c84fa94-04c1-424b-9868-57a2d4851a1d" />
    <TestEntry testId="fd3e9509-3d98-7a77-4f6d-cfaa2cbc45bb" executionId="2f6aae91-a93f-4a72-b697-9b0241f188ab" testListId="8c84fa94-04c1-424b-9868-57a2d4851a1d" />
    <TestEntry testId="eef0ba2b-fded-0cfd-327c-3ada2fabb9b3" executionId="b1dea30d-3e06-42d9-a4cd-3f52fdffb6f9" testListId="8c84fa94-04c1-424b-9868-57a2d4851a1d" />
    <TestEntry testId="82397d0c-6bf3-5f03-40da-c5e192afc8dc" executionId="f1b0af35-4848-4ef5-9465-821393af596a" testListId="8c84fa94-04c1-424b-9868-57a2d4851a1d" />
    <TestEntry testId="0075a8b4-61a7-609a-cfa3-82c5e4e28fe1" executionId="2b96a479-1439-4f2d-b63e-05056d508459" testListId="8c84fa94-04c1-424b-9868-57a2d4851a1d" />
    <TestEntry testId="6925ba85-6974-e6ee-b0c0-64aac21c7485" executionId="03f1e1cf-3f1c-4f9a-89fb-a84cf46048d3" testListId="8c84fa94-04c1-424b-9868-57a2d4851a1d" />
    <TestEntry testId="46eb2e6c-a1c9-1ebf-375b-ad9203d22d81" executionId="4bd5aa5f-0ca1-4987-b5fd-88d4738e9c4b" testListId="8c84fa94-04c1-424b-9868-57a2d4851a1d" />
    <TestEntry testId="4aa17c9e-ad10-9ec0-54ee-2b3d0ae9dcf2" executionId="9f53dc56-f3ad-4c50-b199-6750960103dc" testListId="8c84fa94-04c1-424b-9868-57a2d4851a1d" />
    <TestEntry testId="e94a19da-ac74-e2c4-1657-1a7238ad16e3" executionId="9b9625a9-32c5-4796-a7c6-52f2e845c3c1" testListId="8c84fa94-04c1-424b-9868-57a2d4851a1d" />
    <TestEntry testId="3231f831-b78f-875a-fee9-b52e9277b7b4" executionId="70b11ea9-60ba-4cbf-8f2f-d31ce8067128" testListId="8c84fa94-04c1-424b-9868-57a2d4851a1d" />
    <TestEntry testId="b0c87110-8a6e-c431-e50b-44ef90b7d9f3" executionId="af9cd6e9-4933-47ff-9411-b5aa3ab56ea5" testListId="8c84fa94-04c1-424b-9868-57a2d4851a1d" />
    <TestEntry testId="a28ce526-5da4-f2c1-71d7-889a7804ff59" executionId="d8b769f9-0195-40a6-8378-86b963d61c03" testListId="8c84fa94-04c1-424b-9868-57a2d4851a1d" />
    <TestEntry testId="e935277e-a14a-c72d-7d5d-428478e0b1fe" executionId="58e581bd-5afb-44d8-ae97-1841244979ca" testListId="8c84fa94-04c1-424b-9868-57a2d4851a1d" />
    <TestEntry testId="ec4fe074-c9f5-95c0-5f73-517cc6a57d15" executionId="025eb05f-b6cc-4058-9a84-c39b2576e2f3" testListId="8c84fa94-04c1-424b-9868-57a2d4851a1d" />
    <TestEntry testId="a03d1628-9040-82a8-e46d-c2ff922494c1" executionId="950c0117-b95c-4064-9d46-3d59d5254cb3" testListId="8c84fa94-04c1-424b-9868-57a2d4851a1d" />
    <TestEntry testId="dfd5aba8-8eeb-f8e1-cc51-1046687e6907" executionId="2fbdb81f-1e70-4cb1-975f-c3e8eee3ddbc" testListId="8c84fa94-04c1-424b-9868-57a2d4851a1d" />
    <TestEntry testId="88f41732-23fa-f507-6c84-1a5370bb4182" executionId="2277f5cf-8736-4598-a6ba-5fac0b398436" testListId="8c84fa94-04c1-424b-9868-57a2d4851a1d" />
    <TestEntry testId="21f3b9a0-224e-766e-40e1-28dda7a6804d" executionId="77175d91-6448-436f-a258-e1938af64993" testListId="8c84fa94-04c1-424b-9868-57a2d4851a1d" />
    <TestEntry testId="d11a483d-213a-a687-510e-b18b5658c10d" executionId="fbc40872-2253-45db-9494-416dce88e882" testListId="8c84fa94-04c1-424b-9868-57a2d4851a1d" />
    <TestEntry testId="00cacc19-1c27-d132-737c-41b8ad9e7b80" executionId="9f417fd7-a787-484b-9ad5-b9d0ab5a75c4" testListId="8c84fa94-04c1-424b-9868-57a2d4851a1d" />
    <TestEntry testId="c7953fdf-d149-0016-cb2f-8ea21719f4c6" executionId="60594c8e-edbb-40e5-8a84-aa3eecc8eb9f" testListId="8c84fa94-04c1-424b-9868-57a2d4851a1d" />
    <TestEntry testId="a0962d19-6703-efab-1399-6a47eeb07d5d" executionId="9aea0249-b5b9-44e4-8041-52b580a73ca1" testListId="8c84fa94-04c1-424b-9868-57a2d4851a1d" />
    <TestEntry testId="0e2acfc7-ada1-4dc3-7bad-f6b07910453f" executionId="1724dba8-bc1e-4732-a4c4-6d1e9de1035b" testListId="8c84fa94-04c1-424b-9868-57a2d4851a1d" />
    <TestEntry testId="125930a7-00c3-2791-2b1d-09a45a617b92" executionId="5437ff6f-fdf7-47e5-82fc-089c21a33b2e" testListId="8c84fa94-04c1-424b-9868-57a2d4851a1d" />
    <TestEntry testId="ddc0c7a4-c0ef-3f0f-6bdc-e573d5f1c339" executionId="a5e04736-6f33-46b0-b62b-5076a248946f" testListId="8c84fa94-04c1-424b-9868-57a2d4851a1d" />
    <TestEntry testId="b9b739a7-5c28-43e5-abf3-4d09cd1eea0d" executionId="c761c017-bfc8-4d82-8f92-fa3ee536468e" testListId="8c84fa94-04c1-424b-9868-57a2d4851a1d" />
    <TestEntry testId="ae2f7e4b-51e5-d070-2903-d8e122dfe3df" executionId="7e2a842a-80c0-4ddc-b631-9fa102083d9c" testListId="8c84fa94-04c1-424b-9868-57a2d4851a1d" />
    <TestEntry testId="2705b99d-f3e7-1a93-95a6-10a251040f97" executionId="073635b3-013d-48b2-8ed2-3b61237ed4d6" testListId="8c84fa94-04c1-424b-9868-57a2d4851a1d" />
    <TestEntry testId="59851428-6e16-bf26-1242-107430d82c10" executionId="b0849fb7-9bd0-403e-9d9c-2e1a17e4f1c3" testListId="8c84fa94-04c1-424b-9868-57a2d4851a1d" />
  </TestEntries>
  <TestLists>
    <TestList name="Les résultats ne figurent pas dans une liste" id="8c84fa94-04c1-424b-9868-57a2d4851a1d" />
    <TestList name="Tous les résultats chargés" id="19431567-8539-422a-85d7-44ee4e166bda" />
  </TestLists>
  <ResultSummary outcome="Completed">
    <Counters total="297" executed="295" passed="295" failed="0" error="0" timeout="0" aborted="0" inconclusive="0" passedButRunAborted="0" notRunnable="0" notExecuted="0" disconnected="0" warning="0" completed="0" inProgress="0" pending="0" />
    <Output>
      <StdOut>[xUnit.net 00:00:00.00] xUnit.net VSTest Adapter v3.1.4+50e68bbb8b (64-bit .NET 10.0.11)&#xD;
[xUnit.net 00:00:00.12]   Discovering: N4Sentinel.Tests&#xD;
[xUnit.net 00:00:00.22]   Discovered:  N4Sentinel.Tests&#xD;
[xUnit.net 00:00:00.32]   Starting:    N4Sentinel.Tests&#xD;
[xUnit.net 00:00:02.23]       Remoting WinRM vers localhost indisponible : une console elevee est requise.&#xD;
Le test 'N4Sentinel.Tests.ConnecteurTests.Un_service_est_interroge_via_WinRM' a été ignoré dans la série de tests.&#xD;
[xUnit.net 00:00:04.02]       Remoting WinRM vers localhost indisponible : une console elevee est requise. Le refus a bien ete qualifie 'AccesRefuse'.&#xD;
Le test 'N4Sentinel.Tests.ConnecteurTests.Le_chemin_WinRM_fonctionne_de_bout_en_bout' a été ignoré dans la série de tests.&#xD;
[xUnit.net 00:03:01.95]   Finished:    N4Sentinel.Tests&#xD;
</StdOut>
    </Output>
    <RunInfos>
      <RunInfo computerName="DESKTOP-SGNJ9UM" outcome="Warning" timestamp="2026-08-15T11:47:20.7034028+00:00">
        <Text>[xUnit.net 00:00:02.23]     N4Sentinel.Tests.ConnecteurTests.Un_service_est_interroge_via_WinRM [SKIP]</Text>
      </RunInfo>
      <RunInfo computerName="DESKTOP-SGNJ9UM" outcome="Warning" timestamp="2026-08-15T11:47:22.5017476+00:00">
        <Text>[xUnit.net 00:00:04.02]     N4Sentinel.Tests.ConnecteurTests.Le_chemin_WinRM_fonctionne_de_bout_en_bout [SKIP]</Text>
      </RunInfo>
    </RunInfos>
  </ResultSummary>
</TestRun>