<?xml version="1.0" encoding="utf-8"?>
<TestRun id="e50bcb84-85ad-4bf4-bf74-4377bbf36406" name="KERNELMK@DESKTOP-SGNJ9UM 2026-08-15 12:55:07" runUser="DESKTOP-SGNJ9UM\KERNELMK" xmlns="http://microsoft.com/schemas/VisualStudio/TeamTest/2010">
  <Times creation="2026-08-15T12:55:07.9698263+00:00" queuing="2026-08-15T12:55:07.9698267+00:00" start="2026-08-15T12:53:59.9749540+00:00" finish="2026-08-15T13:02:08.7928719+00:00" />
  <TestSettings name="default" id="03f669ae-cee4-4f7d-b260-e47b3ed21b9b">
    <Deployment runDeploymentRoot="KERNELMK_DESKTOP-SGNJ9UM_2026-08-15_12_55_07" />
  </TestSettings>
  <Results>
    <UnitTestResult executionId="972f7a02-00ba-4866-9ac7-df23fb0f8cee" testId="e72dd1c5-dbf4-d1b1-411d-5b41e2083ab7" testName="N4Sentinel.Tests.VitaliteTests.Le_Service_De_Temps_Arrete_Est_Non_Conforme" computerName="DESKTOP-SGNJ9UM" duration="00:00:00.0003665" startTime="2026-08-15T13:00:50.5094869+00:00" endTime="2026-08-15T13:00:50.5097478+00:00" testType="13cdc9d9-ddb5-4fa4-a97d-d965ccfc6d4b" outcome="Passed" testListId="8c84fa94-04c1-424b-9868-57a2d4851a1d" relativeResultsDirectory="972f7a02-00ba-4866-9ac7-df23fb0f8cee" />
    <UnitTestResult executionId="74ae240b-2a9f-4084-b3b8-686cefaca832" testId="d11a483d-213a-a687-510e-b18b5658c10d" testName="N4Sentinel.Tests.DiagnosticTests.Un_Journal_Sain_Produit_Rien_De_Concluant_Et_Precise_Ses_Limites" computerName="DESKTOP-SGNJ9UM" duration="00:00:00.0499963" startTime="2026-08-15T12:57:33.5266655+00:00" endTime="2026-08-15T12:57:33.9983452+00:00" testType="13cdc9d9-ddb5-4fa4-a97d-d965ccfc6d4b" outcome="Passed" testListId="8c84fa94-04c1-424b-9868-57a2d4851a1d" relativeResultsDirectory="74ae240b-2a9f-4084-b3b8-686cefaca832" />
    <UnitTestResult executionId="b5604946-551a-4337-9733-930887d62727" testId="0e9f4b98-6a97-2cc1-19f6-19f6499ff155" testName="N4Sentinel.Tests.OrchestrationTests.Une_Etape_Non_Contournable_Ne_Peut_Etre_Ignoree_Par_Personne" computerName="DESKTOP-SGNJ9UM" duration="00:00:00.0773571" startTime="2026-08-15T12:58:58.3726386+00:00" endTime="2026-08-15T12:58:58.8597317+00:00" testType="13cdc9d9-ddb5-4fa4-a97d-d965ccfc6d4b" outcome="Passed" testListId="8c84fa94-04c1-424b-9868-57a2d4851a1d" relativeResultsDirectory="b5604946-551a-4337-9733-930887d62727" />
    <UnitTestResult executionId="741c8c16-c39f-4173-8e52-0fe1ee7ac641" testId="2705b99d-f3e7-1a93-95a6-10a251040f97" testName="La chronologie multi-sources ordonne par temps ajuste, pas par temps brut" computerName="DESKTOP-SGNJ9UM" duration="00:00:00.0019272" startTime="2026-08-15T12:57:30.1544677+00:00" endTime="2026-08-15T12:57:30.5953495+00:00" testType="13cdc9d9-ddb5-4fa4-a97d-d965ccfc6d4b" outcome="Passed" testListId="8c84fa94-04c1-424b-9868-57a2d4851a1d" relativeResultsDirectory="741c8c16-c39f-4173-8e52-0fe1ee7ac641" />
    <UnitTestResult executionId="a5141450-a240-4148-8348-bfb605eb4eff" testId="d1ca9a28-f160-6dec-7bc1-aca8a09746e2" testName="La fiche serveur l'emporte sur le compte par defaut de l'environnement" computerName="DESKTOP-SGNJ9UM" duration="00:00:00.0470417" startTime="2026-08-15T12:56:31.5487965+00:00" endTime="2026-08-15T12:56:31.9664896+00:00" testType="13cdc9d9-ddb5-4fa4-a97d-d965ccfc6d4b" outcome="Passed" testListId="8c84fa94-04c1-424b-9868-57a2d4851a1d" relativeResultsDirectory="a5141450-a240-4148-8348-bfb605eb4eff" />
    <UnitTestResult executionId="8f66730a-520b-4c1f-95da-bea9732786c3" testId="0080f333-e9de-670b-333a-dea4562b03dc" testName="N4Sentinel.Tests.DocumentaireTests.Une_Question_Faite_Uniquement_De_Mots_Vides_Est_Refusee" computerName="DESKTOP-SGNJ9UM" duration="00:00:00.0009241" startTime="2026-08-15T12:56:21.9638785+00:00" endTime="2026-08-15T12:56:22.2386803+00:00" testType="13cdc9d9-ddb5-4fa4-a97d-d965ccfc6d4b" outcome="Passed" testListId="8c84fa94-04c1-424b-9868-57a2d4851a1d" relativeResultsDirectory="8f66730a-520b-4c1f-95da-bea9732786c3" />
    <UnitTestResult executionId="24cd4b16-d663-4d00-aaaf-e0a2c78599cf" testId="cebab92a-5aa9-80c0-8393-2e01c4e87e00" testName="N4Sentinel.Tests.OrchestrationTests.Une_Sequence_Generee_Respecte_Le_Graphe_De_Dependances" computerName="DESKTOP-SGNJ9UM" duration="00:00:00.0571459" startTime="2026-08-15T12:57:51.2135441+00:00" endTime="2026-08-15T12:57:51.6475586+00:00" testType="13cdc9d9-ddb5-4fa4-a97d-d965ccfc6d4b" outcome="Passed" testListId="8c84fa94-04c1-424b-9868-57a2d4851a1d" relativeResultsDirectory="24cd4b16-d663-4d00-aaaf-e0a2c78599cf" />
    <UnitTestResult executionId="252b72df-4c1c-4170-9f88-a25699728ffe" testId="661168b7-26b5-c155-8517-67425e6bde8a" testName="N4Sentinel.Tests.SauvegardeTests.Un_Fichier_De_Base_Disparu_Est_Detecte" computerName="DESKTOP-SGNJ9UM" duration="00:00:00.0959594" startTime="2026-08-15T13:01:58.6180294+00:00" endTime="2026-08-15T13:01:59.2067182+00:00" testType="13cdc9d9-ddb5-4fa4-a97d-d965ccfc6d4b" outcome="Passed" testListId="8c84fa94-04c1-424b-9868-57a2d4851a1d" relativeResultsDirectory="252b72df-4c1c-4170-9f88-a25699728ffe" />
    <UnitTestResult executionId="ddf92749-03d5-4e1a-83f3-88acb52f5ef0" testId="8237ecc5-4668-225c-17a2-55f73758e159" testName="N4Sentinel.Tests.OrchestrationTests.Une_Execution_Sans_Motif_Est_Refusee" computerName="DESKTOP-SGNJ9UM" duration="00:00:00.0307657" startTime="2026-08-15T12:59:01.5718141+00:00" endTime="2026-08-15T12:59:01.9979170+00:00" testType="13cdc9d9-ddb5-4fa4-a97d-d965ccfc6d4b" outcome="Passed" testListId="8c84fa94-04c1-424b-9868-57a2d4851a1d" relativeResultsDirectory="ddf92749-03d5-4e1a-83f3-88acb52f5ef0" />
    <UnitTestResult executionId="ea834fc5-595c-49a9-b2ee-faef1f023d16" testId="f96da166-22d9-f545-215f-7c99ccc35bf1" testName="Démarrer une exécution met la première étape en cours, les suivantes à venir" computerName="DESKTOP-SGNJ9UM" duration="00:00:00.0954451" startTime="2026-08-15T13:01:37.5702729+00:00" endTime="2026-08-15T13:01:38.0603239+00:00" testType="13cdc9d9-ddb5-4fa4-a97d-d965ccfc6d4b" outcome="Passed" testListId="8c84fa94-04c1-424b-9868-57a2d4851a1d" relativeResultsDirectory="ea834fc5-595c-49a9-b2ee-faef1f023d16" />
    <UnitTestResult executionId="3e6636fc-5a03-4ae6-941d-f8cf5893a094" testId="cd92faa4-a9a6-38fa-2432-8e2e00ec8544" testName="N4Sentinel.Tests.SauvegardeTests.L_Etat_Denombre_Ce_Qu_Une_Sauvegarde_Doit_Preserver" computerName="DESKTOP-SGNJ9UM" duration="00:00:00.0151162" startTime="2026-08-15T13:01:58.1422132+00:00" endTime="2026-08-15T13:01:58.6178406+00:00" testType="13cdc9d9-ddb5-4fa4-a97d-d965ccfc6d4b" outcome="Passed" testListId="8c84fa94-04c1-424b-9868-57a2d4851a1d" relativeResultsDirectory="3e6636fc-5a03-4ae6-941d-f8cf5893a094" />
    <UnitTestResult executionId="74a66db0-a93c-4599-9189-1a367f5295f4" testId="0aebe397-06a2-c182-a198-c889389faf45" testName="N4Sentinel.Tests.VitaliteTests.Les_Pourcentages_Derives_Sont_Coherents" computerName="DESKTOP-SGNJ9UM" duration="00:00:00.0044773" startTime="2026-08-15T13:00:50.5181788+00:00" endTime="2026-08-15T13:00:50.5226549+00:00" testType="13cdc9d9-ddb5-4fa4-a97d-d965ccfc6d4b" outcome="Passed" testListId="8c84fa94-04c1-424b-9868-57a2d4851a1d" relativeResultsDirectory="74a66db0-a93c-4599-9189-1a367f5295f4" />
    <UnitTestResult executionId="3763160e-2a2f-4d44-8fa7-281d93324559" testId="609ecdf9-877a-24d4-f4d5-5b8773316b1c" testName="N4Sentinel.Tests.VitaliteTests.Une_Mesure_De_Mises_A_Jour_Porte_Son_Age" computerName="DESKTOP-SGNJ9UM" duration="00:00:00.0008436" startTime="2026-08-15T13:00:50.5098138+00:00" endTime="2026-08-15T13:00:50.5106201+00:00" testType="13cdc9d9-ddb5-4fa4-a97d-d965ccfc6d4b" outcome="Passed" testListId="8c84fa94-04c1-424b-9868-57a2d4851a1d" relativeResultsDirectory="3763160e-2a2f-4d44-8fa7-281d93324559" />
    <UnitTestResult executionId="2aa3a1b0-3372-4280-9e99-f19b52aa1687" testId="fb79ba0f-cb4a-d704-24a4-5dbe12277df4" testName="N4Sentinel.Tests.OrchestrationTests.Une_Intervention_Manuelle_Sans_Consigne_Est_Refusee" computerName="DESKTOP-SGNJ9UM" duration="00:00:00.0163855" startTime="2026-08-15T12:58:57.5306988+00:00" endTime="2026-08-15T12:58:57.9499960+00:00" testType="13cdc9d9-ddb5-4fa4-a97d-d965ccfc6d4b" outcome="Passed" testListId="8c84fa94-04c1-424b-9868-57a2d4851a1d" relativeResultsDirectory="2aa3a1b0-3372-4280-9e99-f19b52aa1687" />
    <UnitTestResult executionId="332b3763-aedd-4ff7-8c33-65999c9904cb" testId="0ec34345-9153-a654-9136-97ca035106ef" testName="CenterContinuityService dit clairement l'absence de Standby, plutot que de conclure apte a tort" computerName="DESKTOP-SGNJ9UM" duration="00:00:00.0642552" startTime="2026-08-15T13:01:09.2170062+00:00" endTime="2026-08-15T13:01:09.7479205+00:00" testType="13cdc9d9-ddb5-4fa4-a97d-d965ccfc6d4b" outcome="Passed" testListId="8c84fa94-04c1-424b-9868-57a2d4851a1d" relativeResultsDirectory="332b3763-aedd-4ff7-8c33-65999c9904cb" />
    <UnitTestResult executionId="a71734f3-ffb4-4bfe-af79-29e5c0030eb0" testId="e337279b-528d-0bb3-ab86-b5394ac6e7a3" testName="N4Sentinel.Tests.VitaliteTests.Une_Source_Etrangere_Au_Domaine_Est_Non_Conforme" computerName="DESKTOP-SGNJ9UM" duration="00:00:00.0003619" startTime="2026-08-15T13:00:50.5162882+00:00" endTime="2026-08-15T13:00:50.5163188+00:00" testType="13cdc9d9-ddb5-4fa4-a97d-d965ccfc6d4b" outcome="Passed" testListId="8c84fa94-04c1-424b-9868-57a2d4851a1d" relativeResultsDirectory="a71734f3-ffb4-4bfe-af79-29e5c0030eb0" />
    <UnitTestResult executionId="01c347ec-ca6f-4be5-af59-9baa9f450011" testId="0f4a9bec-1c0d-0da1-6504-4a3ce3578e89" testName="Un SOP associé à un composant est proposé pour ce composant" computerName="DESKTOP-SGNJ9UM" duration="00:00:00.1285898" startTime="2026-08-15T13:01:31.5331119+00:00" endTime="2026-08-15T13:01:32.0885332+00:00" testType="13cdc9d9-ddb5-4fa4-a97d-d965ccfc6d4b" outcome="Passed" testListId="8c84fa94-04c1-424b-9868-57a2d4851a1d" relativeResultsDirectory="01c347ec-ca6f-4be5-af59-9baa9f450011" />
    <UnitTestResult executionId="2438a1fe-5892-4263-9d49-b8fc9f52acbb" testId="c4af4bff-5eda-fdea-736c-7f564a786119" testName="N4Sentinel.Tests.MasquageTests.Le_Detecteur_Confirme_Qu_Il_Ne_Reste_Aucun_Secret_Apparent" computerName="DESKTOP-SGNJ9UM" duration="00:00:00.0003260" startTime="2026-08-15T12:56:26.6210339+00:00" endTime="2026-08-15T12:56:26.6213395+00:00" testType="13cdc9d9-ddb5-4fa4-a97d-d965ccfc6d4b" outcome="Passed" testListId="8c84fa94-04c1-424b-9868-57a2d4851a1d" relativeResultsDirectory="2438a1fe-5892-4263-9d49-b8fc9f52acbb" />
    <UnitTestResult executionId="dbd38bc1-b788-4a32-a542-ed56e5fae0e8" testId="9ae86cbd-c44e-4d59-6d33-401b9479303f" testName="Un SOP sans étape ne peut pas être validé" computerName="DESKTOP-SGNJ9UM" duration="00:00:00.0143482" startTime="2026-08-15T13:01:30.5569475+00:00" endTime="2026-08-15T13:01:31.0312620+00:00" testType="13cdc9d9-ddb5-4fa4-a97d-d965ccfc6d4b" outcome="Passed" testListId="8c84fa94-04c1-424b-9868-57a2d4851a1d" relativeResultsDirectory="dbd38bc1-b788-4a32-a542-ed56e5fae0e8" />
    <UnitTestResult executionId="18cccb09-03d8-422b-be60-dd98af5a463d" testId="0e2acfc7-ada1-4dc3-7bad-f6b07910453f" testName="Un etat inconnu est signale comme absence d'information, pas comme panne" computerName="DESKTOP-SGNJ9UM" duration="00:00:00.0172192" startTime="2026-08-15T13:00:51.8028586+00:00" endTime="2026-08-15T13:00:55.2219450+00:00" testType="13cdc9d9-ddb5-4fa4-a97d-d965ccfc6d4b" outcome="Passed" testListId="8c84fa94-04c1-424b-9868-57a2d4851a1d" relativeResultsDirectory="18cccb09-03d8-422b-be60-dd98af5a463d" />
    <UnitTestResult executionId="2f5a186a-74d8-427b-9fe4-5e2851572fcf" testId="0c33466d-7af6-ceb3-b153-fc54ee2e473e" testName="SupervisionStateCache met a jour les instantanes et emet les evenements" computerName="DESKTOP-SGNJ9UM" duration="00:00:00.0057664" startTime="2026-08-15T13:01:13.2336236+00:00" endTime="2026-08-15T13:01:13.6964808+00:00" testType="13cdc9d9-ddb5-4fa4-a97d-d965ccfc6d4b" outcome="Passed" testListId="8c84fa94-04c1-424b-9868-57a2d4851a1d" relativeResultsDirectory="2f5a186a-74d8-427b-9fe4-5e2851572fcf" />
    <UnitTestResult executionId="c362a9b4-49a3-44e4-9fe1-114dd6bb36bc" testId="76e7e69b-e014-dfe8-8466-5cad7a8ebbfd" testName="N4Sentinel.Tests.SauvegardeTests.La_Sauvegarde_Est_Refusee_Si_Le_Trousseau_Est_Vide_Alors_Que_Des_Secrets_Existent" computerName="DESKTOP-SGNJ9UM" duration="00:00:00.0195038" startTime="2026-08-15T13:01:55.8506432+00:00" endTime="2026-08-15T13:01:56.3446695+00:00" testType="13cdc9d9-ddb5-4fa4-a97d-d965ccfc6d4b" outcome="Passed" testListId="8c84fa94-04c1-424b-9868-57a2d4851a1d" relativeResultsDirectory="c362a9b4-49a3-44e4-9fe1-114dd6bb36bc" />
    <UnitTestResult executionId="51c7ba63-d1f5-42e6-ae81-f84ec5900960" testId="a28ce526-5da4-f2c1-71d7-889a7804ff59" testName="N4Sentinel.Tests.DiagnosticTests.Des_Anomalies_Sans_Signature_Ne_Donnent_Pas_De_Cause" computerName="DESKTOP-SGNJ9UM" duration="00:00:00.0534095" startTime="2026-08-15T12:57:34.4834395+00:00" endTime="2026-08-15T12:57:34.9573718+00:00" testType="13cdc9d9-ddb5-4fa4-a97d-d965ccfc6d4b" outcome="Passed" testListId="8c84fa94-04c1-424b-9868-57a2d4851a1d" relativeResultsDirectory="51c7ba63-d1f5-42e6-ae81-f84ec5900960" />
    <UnitTestResult executionId="71bd69ef-93b6-4e05-ba90-6002872b360d" testId="73927327-3f43-e1c8-d33e-42df65ac75f2" testName="Un retour en arrière sans motif est refusé" computerName="DESKTOP-SGNJ9UM" duration="00:00:00.0846311" startTime="2026-08-15T13:01:33.5369161+00:00" endTime="2026-08-15T13:01:33.9979158+00:00" testType="13cdc9d9-ddb5-4fa4-a97d-d965ccfc6d4b" outcome="Passed" testListId="8c84fa94-04c1-424b-9868-57a2d4851a1d" relativeResultsDirectory="71bd69ef-93b6-4e05-ba90-6002872b360d" />
    <UnitTestResult executionId="b74b9ec6-a1ea-42d0-9e0e-cf011e2ef4af" testId="704414a2-05f6-a6b9-013f-ad36d18b84f2" testName="Une étape non contournable ne peut jamais être ignorée" computerName="DESKTOP-SGNJ9UM" duration="00:00:00.0694867" startTime="2026-08-15T13:01:32.6168673+00:00" endTime="2026-08-15T13:01:33.0578338+00:00" testType="13cdc9d9-ddb5-4fa4-a97d-d965ccfc6d4b" outcome="Passed" testListId="8c84fa94-04c1-424b-9868-57a2d4851a1d" relativeResultsDirectory="b74b9ec6-a1ea-42d0-9e0e-cf011e2ef4af" />
    <UnitTestResult executionId="cde67baa-965b-4658-b647-eea64e042239" testId="64552e48-888f-43ed-d8f2-60590d158db3" testName="N4Sentinel.Tests.OrchestrationTests.Le_Rapport_Reste_Rattache_A_La_Version_Qui_A_Tourne" computerName="DESKTOP-SGNJ9UM" duration="00:00:00.1648490" startTime="2026-08-15T12:59:10.7101165+00:00" endTime="2026-08-15T12:59:11.3221209+00:00" testType="13cdc9d9-ddb5-4fa4-a97d-d965ccfc6d4b" outcome="Passed" testListId="8c84fa94-04c1-424b-9868-57a2d4851a1d" relativeResultsDirectory="cde67baa-965b-4658-b647-eea64e042239" />
    <UnitTestResult executionId="9295e8d8-feb7-42e1-9067-630a7a65ef0f" testId="d15bb11a-da8a-ab1d-d9fb-f90d0442b861" testName="Un compte explicite sans mot de passe est refuse a la creation" computerName="DESKTOP-SGNJ9UM" duration="00:00:00.0109934" startTime="2026-08-15T12:56:36.5564739+00:00" endTime="2026-08-15T12:56:40.0521205+00:00" testType="13cdc9d9-ddb5-4fa4-a97d-d965ccfc6d4b" outcome="Passed" testListId="8c84fa94-04c1-424b-9868-57a2d4851a1d" relativeResultsDirectory="9295e8d8-feb7-42e1-9067-630a7a65ef0f" />
    <UnitTestResult executionId="62fa1c00-bbf4-4096-aba4-66ecdf003505" testId="d6175455-2c08-a8e9-ef16-a30101c5efd8" testName="N4Sentinel.Tests.MasquageTests.Un_Secret_Est_Masque(ligne: &quot;Server=SRV;Database=n4;User ID=sa;Password=Sql!202&quot;···, secret: &quot;Sql!2026&quot;)" computerName="DESKTOP-SGNJ9UM" duration="00:00:00.0000283" startTime="2026-08-15T12:56:26.6154449+00:00" endTime="2026-08-15T12:56:26.6154585+00:00" testType="13cdc9d9-ddb5-4fa4-a97d-d965ccfc6d4b" outcome="Passed" testListId="8c84fa94-04c1-424b-9868-57a2d4851a1d" relativeResultsDirectory="62fa1c00-bbf4-4096-aba4-66ecdf003505" />
    <UnitTestResult executionId="5d9311bf-120a-45ef-90e0-4367a9f73822" testId="6d1f889c-06d5-786e-cf15-9c389bc36efb" testName="N4Sentinel.Tests.SauvegardeTests.Un_Trousseau_Incomplet_Produit_Un_Avertissement" computerName="DESKTOP-SGNJ9UM" duration="00:00:00.1323353" startTime="2026-08-15T13:01:59.2068474+00:00" endTime="2026-08-15T13:01:59.8224745+00:00" testType="13cdc9d9-ddb5-4fa4-a97d-d965ccfc6d4b" outcome="Passed" testListId="8c84fa94-04c1-424b-9868-57a2d4851a1d" relativeResultsDirectory="5d9311bf-120a-45ef-90e0-4367a9f73822" />
    <UnitTestResult executionId="705f7c04-47f9-428c-8bcc-322924e597ec" testId="efb9fd09-303f-c781-d58c-c443cb92aa02" testName="N4Sentinel.Tests.OrchestrationTests.La_Reprise_Apres_Reconciliation_Repart_De_L_Etape_Suspendue" computerName="DESKTOP-SGNJ9UM" duration="00:00:00.1684208" startTime="2026-08-15T12:59:10.1198568+00:00" endTime="2026-08-15T12:59:10.7099611+00:00" testType="13cdc9d9-ddb5-4fa4-a97d-d965ccfc6d4b" outcome="Passed" testListId="8c84fa94-04c1-424b-9868-57a2d4851a1d" relativeResultsDirectory="705f7c04-47f9-428c-8bcc-322924e597ec" />
    <UnitTestResult executionId="97bf2aeb-03c1-4735-93a3-e8df548548c6" testId="062ee415-5984-786f-b874-59a743c7ae09" testName="N4Sentinel.Tests.DiagnosticTests.Une_Ligne_Hors_Fenetre_N_Est_Pas_Analysee" computerName="DESKTOP-SGNJ9UM" duration="00:00:00.0443075" startTime="2026-08-15T12:57:27.2462965+00:00" endTime="2026-08-15T12:57:27.7019945+00:00" testType="13cdc9d9-ddb5-4fa4-a97d-d965ccfc6d4b" outcome="Passed" testListId="8c84fa94-04c1-424b-9868-57a2d4851a1d" relativeResultsDirectory="97bf2aeb-03c1-4735-93a3-e8df548548c6" />
    <UnitTestResult executionId="3d63e8d6-1adb-4425-a77e-c2b04cd0f26f" testId="a3c9efb5-33de-4ec4-69f6-25dc8d8435ed" testName="Choisir de rester actif leve le blocage sans exiger l'aptitude du Standby" computerName="DESKTOP-SGNJ9UM" duration="00:00:00.1170869" startTime="2026-08-15T12:58:56.9586664+00:00" endTime="2026-08-15T12:58:57.5305973+00:00" testType="13cdc9d9-ddb5-4fa4-a97d-d965ccfc6d4b" outcome="Passed" testListId="8c84fa94-04c1-424b-9868-57a2d4851a1d" relativeResultsDirectory="3d63e8d6-1adb-4425-a77e-c2b04cd0f26f" />
    <UnitTestResult executionId="2bf29dc6-ab60-434e-ad80-ca85665354f1" testId="cf725c64-76d5-ddeb-7d88-040a5ba04cdd" testName="N4Sentinel.Tests.VitaliteTests.Une_Memoire_Non_Relevee_Ne_Produit_Pas_Un_Faux_Zero" computerName="DESKTOP-SGNJ9UM" duration="00:00:00.0014427" startTime="2026-08-15T13:00:50.5170040+00:00" endTime="2026-08-15T13:00:50.5180975+00:00" testType="13cdc9d9-ddb5-4fa4-a97d-d965ccfc6d4b" outcome="Passed" testListId="8c84fa94-04c1-424b-9868-57a2d4851a1d" relativeResultsDirectory="2bf29dc6-ab60-434e-ad80-ca85665354f1" />
    <UnitTestResult executionId="2aa4bac7-2a9c-48bf-bd0c-6cefa7a9a53e" testId="d087d71f-37c7-1718-efa5-4ee71215ee76" testName="Une étape non déclarée parallélisable attend son tour même si celle qui la précède l'est" computerName="DESKTOP-SGNJ9UM" duration="00:00:03.4341714" startTime="2026-08-15T12:59:33.7312986+00:00" endTime="2026-08-15T12:59:37.7405756+00:00" testType="13cdc9d9-ddb5-4fa4-a97d-d965ccfc6d4b" outcome="Passed" testListId="8c84fa94-04c1-424b-9868-57a2d4851a1d" relativeResultsDirectory="2aa4bac7-2a9c-48bf-bd0c-6cefa7a9a53e" />
    <UnitTestResult executionId="d55c7637-889a-49c4-b4fc-08cd04d6b861" testId="14d1263f-bd7d-3cf2-eadb-614080aa8b64" testName="N4Sentinel.Tests.DocumentaireTests.La_Reponse_Porte_Toujours_L_Avertissement_De_Non_Action" computerName="DESKTOP-SGNJ9UM" duration="00:00:00.0002123" startTime="2026-08-15T12:56:23.0800347+00:00" endTime="2026-08-15T12:56:23.3450617+00:00" testType="13cdc9d9-ddb5-4fa4-a97d-d965ccfc6d4b" outcome="Passed" testListId="8c84fa94-04c1-424b-9868-57a2d4851a1d" relativeResultsDirectory="d55c7637-889a-49c4-b4fc-08cd04d6b861" />
    <UnitTestResult executionId="3a7f7334-4f8c-4f4a-bac9-b89a6e03f91a" testId="b0ae7ba1-4ab0-0af6-d20b-0263d7a99c32" testName="Le balayage ne declare rien de lui-meme" computerName="DESKTOP-SGNJ9UM" duration="00:00:00.0207865" startTime="2026-08-15T12:57:45.1929055+00:00" endTime="2026-08-15T12:57:47.7097468+00:00" testType="13cdc9d9-ddb5-4fa4-a97d-d965ccfc6d4b" outcome="Passed" testListId="8c84fa94-04c1-424b-9868-57a2d4851a1d" relativeResultsDirectory="3a7f7334-4f8c-4f4a-bac9-b89a6e03f91a" />
    <UnitTestResult executionId="0e0fc799-d789-4557-b40c-76e11afb13d7" testId="84fc15c7-316c-59e0-765c-16ec9f2a1d42" testName="N4Sentinel.Tests.SauvegardeTests.Un_Trousseau_Disparu_Fait_Echouer_La_Verification" computerName="DESKTOP-SGNJ9UM" duration="00:00:00.1168979" startTime="2026-08-15T13:01:56.3447952+00:00" endTime="2026-08-15T13:01:56.9392054+00:00" testType="13cdc9d9-ddb5-4fa4-a97d-d965ccfc6d4b" outcome="Passed" testListId="8c84fa94-04c1-424b-9868-57a2d4851a1d" relativeResultsDirectory="0e0fc799-d789-4557-b40c-76e11afb13d7" />
    <UnitTestResult executionId="de81988f-6b52-4779-a100-b2ef6a3be8c7" testId="83ccedb0-ca28-d516-70bc-75bc8ecb574f" testName="N4Sentinel.Tests.SauvegardeTests.Un_Dossier_Inexistant_Est_Refuse_Sans_Exception" computerName="DESKTOP-SGNJ9UM" duration="00:00:00.0009346" startTime="2026-08-15T13:01:51.7614606+00:00" endTime="2026-08-15T13:01:55.1755367+00:00" testType="13cdc9d9-ddb5-4fa4-a97d-d965ccfc6d4b" outcome="Passed" testListId="8c84fa94-04c1-424b-9868-57a2d4851a1d" relativeResultsDirectory="de81988f-6b52-4779-a100-b2ef6a3be8c7" />
    <UnitTestResult executionId="84109538-2f0e-4853-89bb-c30c98d0f3e8" testId="7a995baf-cb01-da39-ff7b-e39e33e8a7b3" testName="Un serveur absent du referentiel ne peut pas etre atteint" computerName="DESKTOP-SGNJ9UM" duration="00:00:00.0070316" startTime="2026-08-15T12:56:32.6294076+00:00" endTime="2026-08-15T12:56:36.0299611+00:00" testType="13cdc9d9-ddb5-4fa4-a97d-d965ccfc6d4b" outcome="Passed" testListId="8c84fa94-04c1-424b-9868-57a2d4851a1d" relativeResultsDirectory="84109538-2f0e-4853-89bb-c30c98d0f3e8" />
    <UnitTestResult executionId="c4325ec5-6c80-4a39-836f-349d49908e51" testId="b6ad2f74-c7be-a0d8-5464-67f735266df5" testName="N4Sentinel.Tests.OrchestrationTests.Demarrer_Le_Bridge_Puis_XPS_Est_Accepte" computerName="DESKTOP-SGNJ9UM" duration="00:00:00.0128238" startTime="2026-08-15T12:58:56.0939859+00:00" endTime="2026-08-15T12:58:56.5243411+00:00" testType="13cdc9d9-ddb5-4fa4-a97d-d965ccfc6d4b" outcome="Passed" testListId="8c84fa94-04c1-424b-9868-57a2d4851a1d" relativeResultsDirectory="c4325ec5-6c80-4a39-836f-349d49908e51" />
    <UnitTestResult executionId="ce741775-4067-4ffe-9b1d-032e9aa90b61" testId="be8ae275-b3de-2493-b978-a2760fa7b307" testName="Role non prouvable (marqueur non configure) ne declenche pas de faux conflit" computerName="DESKTOP-SGNJ9UM" duration="00:00:00.0109478" startTime="2026-08-15T13:01:02.6242161+00:00" endTime="2026-08-15T13:01:03.1145820+00:00" testType="13cdc9d9-ddb5-4fa4-a97d-d965ccfc6d4b" outcome="Passed" testListId="8c84fa94-04c1-424b-9868-57a2d4851a1d" relativeResultsDirectory="ce741775-4067-4ffe-9b1d-032e9aa90b61" />
    <UnitTestResult executionId="b8a323b8-14c6-4a29-8586-4935cd306df9" testId="713bd6b2-ad46-779f-4295-ab38d5917495" testName="N4Sentinel.Tests.SauvegardeTests.Une_Sauvegarde_Fraiche_Est_Declaree_Restaurable" computerName="DESKTOP-SGNJ9UM" duration="00:00:00.1176582" startTime="2026-08-15T13:01:57.5494269+00:00" endTime="2026-08-15T13:01:58.1420988+00:00" testType="13cdc9d9-ddb5-4fa4-a97d-d965ccfc6d4b" outcome="Passed" testListId="8c84fa94-04c1-424b-9868-57a2d4851a1d" relativeResultsDirectory="b8a323b8-14c6-4a29-8586-4935cd306df9" />
    <UnitTestResult executionId="5db1d030-bccc-4131-89cc-1b1f6231f201" testId="bfdf4871-04c7-88f6-0672-e50d905789fa" testName="N4Sentinel.Tests.SauvegardeTests.Une_Sauvegarde_Contient_La_Base_Le_Trousseau_Et_Le_Manifeste" computerName="DESKTOP-SGNJ9UM" duration="00:00:00.1088310" startTime="2026-08-15T13:01:56.9393685+00:00" endTime="2026-08-15T13:01:57.5493005+00:00" testType="13cdc9d9-ddb5-4fa4-a97d-d965ccfc6d4b" outcome="Passed" testListId="8c84fa94-04c1-424b-9868-57a2d4851a1d" relativeResultsDirectory="5db1d030-bccc-4131-89cc-1b1f6231f201" />
    <UnitTestResult executionId="6454f7a9-e406-486c-bca1-43bf22fc48d6" testId="972eac4a-ef49-fa06-b36f-a4b80ae9d975" testName="N4Sentinel.Tests.VitaliteTests.Une_Machine_Qui_Ne_Se_Synchronise_Sur_Rien_Est_Non_Conforme(type: &quot;NTP&quot;, source: &quot;Free-running System Clock&quot;)" computerName="DESKTOP-SGNJ9UM" duration="00:00:00.0000101" startTime="2026-08-15T13:00:50.5094106+00:00" endTime="2026-08-15T13:00:50.5094354+00:00" testType="13cdc9d9-ddb5-4fa4-a97d-d965ccfc6d4b" outcome="Passed" testListId="8c84fa94-04c1-424b-9868-57a2d4851a1d" relativeResultsDirectory="6454f7a9-e406-486c-bca1-43bf22fc48d6" />
    <UnitTestResult executionId="9566cb16-14ef-4a69-9c56-edb58cc05da8" testId="17dc5669-0e80-b9df-2367-94be332f782e" testName="N4Sentinel.Tests.OrchestrationTests.Demarrer_XPS_Avant_Le_Bridge_Est_Refuse" computerName="DESKTOP-SGNJ9UM" duration="00:00:00.0137697" startTime="2026-08-15T12:59:07.6904062+00:00" endTime="2026-08-15T12:59:08.2108844+00:00" testType="13cdc9d9-ddb5-4fa4-a97d-d965ccfc6d4b" outcome="Passed" testListId="8c84fa94-04c1-424b-9868-57a2d4851a1d" relativeResultsDirectory="9566cb16-14ef-4a69-9c56-edb58cc05da8" />
    <UnitTestResult executionId="6dc79769-49b5-4489-abed-8cd3f2c2f4dd" testId="54226e8b-ccc8-4787-ba7c-5429fd407e3f" testName="N4Sentinel.Tests.SauvegardeTests.La_Sauvegarde_Est_Refusee_Si_Le_Trousseau_Est_Introuvable" computerName="DESKTOP-SGNJ9UM" duration="00:00:00.0236062" startTime="2026-08-15T13:01:45.2393920+00:00" endTime="2026-08-15T13:01:45.7550494+00:00" testType="13cdc9d9-ddb5-4fa4-a97d-d965ccfc6d4b" outcome="Passed" testListId="8c84fa94-04c1-424b-9868-57a2d4851a1d" relativeResultsDirectory="6dc79769-49b5-4489-abed-8cd3f2c2f4dd" />
    <UnitTestResult executionId="87c463f7-6eae-4fa8-8f21-6ba805913ef1" testId="31869afd-64cf-b280-03ae-e83695671358" testName="N4Sentinel.Tests.DocumentaireTests.L_Extrait_Restitue_Le_Texte_D_Origine_Accents_Compris" computerName="DESKTOP-SGNJ9UM" duration="00:00:00.0010000" startTime="2026-08-15T12:54:00.9928682+00:00" endTime="2026-08-15T12:55:07.9168960+00:00" testType="13cdc9d9-ddb5-4fa4-a97d-d965ccfc6d4b" outcome="Failed" testListId="8c84fa94-04c1-424b-9868-57a2d4851a1d" relativeResultsDirectory="87c463f7-6eae-4fa8-8f21-6ba805913ef1">
      <Output>
        <ErrorInfo>
          <Message>Microsoft.Data.SqlClient.SqlException : Le délai d'exécution a expiré. Le délai d'attente s'est écoulé avant la fin de l'opération ou le serveur ne répond pas.&#xD;
---- System.ComponentModel.Win32Exception : Dépassement du délai d’attente.</Message>
          <StackTrace>   at Microsoft.Data.SqlClient.SqlCommand.EndExecuteNonQueryAsync(IAsyncResult asyncResult)&#xD;
   at Microsoft.Data.SqlClient.SqlCommand.&lt;&gt;c.&lt;InternalExecuteNonQueryAsync&gt;b__193_1(IAsyncResult asyncResult)&#xD;
   at System.Threading.Tasks.TaskFactory`1.FromAsyncCoreLogic(IAsyncResult iar, Func`2 endFunction, Action`1 endAction, Task`1 promise, Boolean requiresSynchronization)&#xD;
--- End of stack trace from previous location ---&#xD;
   at Microsoft.EntityFrameworkCore.Storage.RelationalCommand.ExecuteNonQueryAsync(RelationalCommandParameterObject parameterObject, CancellationToken cancellationToken)&#xD;
   at Microsoft.EntityFrameworkCore.Storage.RelationalCommand.ExecuteNonQueryAsync(RelationalCommandParameterObject parameterObject, CancellationToken cancellationToken)&#xD;
   at Microsoft.EntityFrameworkCore.Storage.RelationalCommand.ExecuteNonQueryAsync(RelationalCommandParameterObject parameterObject, CancellationToken cancellationToken)&#xD;
   at Microsoft.EntityFrameworkCore.Migrations.Internal.MigrationCommandExecutor.ExecuteAsync(IReadOnlyList`1 migrationCommands, IRelationalConnection connection, MigrationExecutionState executionState, Boolean beginTransaction, Boolean commitTransaction, Nullable`1 isolationLevel, CancellationToken cancellationToken)&#xD;
   at Microsoft.EntityFrameworkCore.Migrations.Internal.MigrationCommandExecutor.ExecuteAsync(IReadOnlyList`1 migrationCommands, IRelationalConnection connection, MigrationExecutionState executionState, Boolean beginTransaction, Boolean commitTransaction, Nullable`1 isolationLevel, CancellationToken cancellationToken)&#xD;
   at Microsoft.EntityFrameworkCore.SqlServer.Storage.Internal.SqlServerExecutionStrategy.ExecuteAsync[TState,TResult](TState state, Func`4 operation, Func`4 verifySucceeded, CancellationToken cancellationToken)&#xD;
   at Microsoft.EntityFrameworkCore.Migrations.Internal.MigrationCommandExecutor.ExecuteNonQueryAsync(IReadOnlyList`1 migrationCommands, IRelationalConnection connection, MigrationExecutionState executionState, Boolean commitTransaction, Nullable`1 isolationLevel, CancellationToken cancellationToken)&#xD;
   at Microsoft.EntityFrameworkCore.SqlServer.Storage.Internal.SqlServerDatabaseCreator.CreateAsync(CancellationToken cancellationToken)&#xD;
   at Microsoft.EntityFrameworkCore.SqlServer.Storage.Internal.SqlServerDatabaseCreator.CreateAsync(CancellationToken cancellationToken)&#xD;
   at Microsoft.EntityFrameworkCore.Storage.RelationalDatabaseCreator.EnsureCreatedAsync(CancellationToken cancellationToken)&#xD;
   at N4Sentinel.Tests.DocumentaireTests.InitializeAsync() in C:\Users\KERNELMK\Documents\cit\navis\N4sentinel\tests\N4Sentinel.Tests\DocumentaireTests.cs:line 42&#xD;
   at N4Sentinel.Tests.DocumentaireTests.InitializeAsync() in C:\Users\KERNELMK\Documents\cit\navis\N4sentinel\tests\N4Sentinel.Tests\DocumentaireTests.cs:line 44&#xD;
----- Inner Stack Trace -----&#xD;
</StackTrace>
        </ErrorInfo>
      </Output>
    </UnitTestResult>
    <UnitTestResult executionId="86def142-580e-4e1e-a5bd-b615d5798d9a" testId="cbc83614-69d7-d4df-90b0-e0dfe06a90f1" testName="N4Sentinel.Tests.RecetteSimulateurTests.Scenario_8_Une_Rotation_De_Journal_Ne_Perd_Pas_La_Preuve" computerName="DESKTOP-SGNJ9UM" duration="00:00:05.0448410" startTime="2026-08-15T12:59:25.7492369+00:00" endTime="2026-08-15T12:59:31.3367549+00:00" testType="13cdc9d9-ddb5-4fa4-a97d-d965ccfc6d4b" outcome="Passed" testListId="8c84fa94-04c1-424b-9868-57a2d4851a1d" relativeResultsDirectory="86def142-580e-4e1e-a5bd-b615d5798d9a" />
    <UnitTestResult executionId="18181f23-23d3-4215-8ba4-f7534723446e" testId="392577c4-119e-1fd3-c2ff-cd44afe6598e" testName="Abandonner une exécution annule les étapes restantes" computerName="DESKTOP-SGNJ9UM" duration="00:00:00.4104906" startTime="2026-08-15T13:01:29.1414948+00:00" endTime="2026-08-15T13:01:30.0287436+00:00" testType="13cdc9d9-ddb5-4fa4-a97d-d965ccfc6d4b" outcome="Passed" testListId="8c84fa94-04c1-424b-9868-57a2d4851a1d" relativeResultsDirectory="18181f23-23d3-4215-8ba4-f7534723446e" />
    <UnitTestResult executionId="c79f2324-bd07-425c-b757-69901c7d6cec" testId="20c79171-0cd5-4631-7c96-fb7771abb2ad" testName="Un constat sans mesure d'ecart d'horloge reste marque incertain" computerName="DESKTOP-SGNJ9UM" duration="00:00:00.0007054" startTime="2026-08-15T12:57:23.7433769+00:00" endTime="2026-08-15T12:57:24.1664926+00:00" testType="13cdc9d9-ddb5-4fa4-a97d-d965ccfc6d4b" outcome="Passed" testListId="8c84fa94-04c1-424b-9868-57a2d4851a1d" relativeResultsDirectory="c79f2324-bd07-425c-b757-69901c7d6cec" />
    <UnitTestResult executionId="a436b6c7-817b-4301-b12c-2796dd9a3e5f" testId="fb596e60-d9a6-64e8-8e17-c4e2fe8a5df0" testName="N4Sentinel.Tests.DocumentaireTests.Un_Document_Non_Valide_Ne_Repond_Pas" computerName="DESKTOP-SGNJ9UM" duration="00:00:00.0286358" startTime="2026-08-15T12:56:22.2390242+00:00" endTime="2026-08-15T12:56:22.5415738+00:00" testType="13cdc9d9-ddb5-4fa4-a97d-d965ccfc6d4b" outcome="Passed" testListId="8c84fa94-04c1-424b-9868-57a2d4851a1d" relativeResultsDirectory="a436b6c7-817b-4301-b12c-2796dd9a3e5f" />
    <UnitTestResult executionId="753e4e99-9c8c-47c7-b155-fec35c0b100e" testId="b8ee8341-4b20-db67-261b-03599e05bc8e" testName="L'horodatage et le thread sont retires du motif" computerName="DESKTOP-SGNJ9UM" duration="00:00:00.0756016" startTime="2026-08-15T12:59:15.4176543+00:00" endTime="2026-08-15T12:59:15.8848128+00:00" testType="13cdc9d9-ddb5-4fa4-a97d-d965ccfc6d4b" outcome="Passed" testListId="8c84fa94-04c1-424b-9868-57a2d4851a1d" relativeResultsDirectory="753e4e99-9c8c-47c7-b155-fec35c0b100e" />
    <UnitTestResult executionId="74435f25-2bde-44ac-b445-0c46c01cb00a" testId="7d7d541d-c8e8-38be-e7b3-31f4c7ad76c6" testName="N4Sentinel.Tests.ConnecteurTests.Un_motif_generique_resout_le_fichier_le_plus_recent" computerName="DESKTOP-SGNJ9UM" duration="00:00:00.0876007" startTime="2026-08-15T12:59:17.5514807+00:00" endTime="2026-08-15T12:59:17.6393611+00:00" testType="13cdc9d9-ddb5-4fa4-a97d-d965ccfc6d4b" outcome="Passed" testListId="8c84fa94-04c1-424b-9868-57a2d4851a1d" relativeResultsDirectory="74435f25-2bde-44ac-b445-0c46c01cb00a" />
    <UnitTestResult executionId="2cfcc8b2-d73d-4566-8b82-e746332275bd" testId="b9b739a7-5c28-43e5-abf3-4d09cd1eea0d" testName="Le resume couvre tout le journal, pas seulement les lignes retenues comme anomalies" computerName="DESKTOP-SGNJ9UM" duration="00:00:00.0462452" startTime="2026-08-15T12:57:35.9216092+00:00" endTime="2026-08-15T12:57:36.4581371+00:00" testType="13cdc9d9-ddb5-4fa4-a97d-d965ccfc6d4b" outcome="Passed" testListId="8c84fa94-04c1-424b-9868-57a2d4851a1d" relativeResultsDirectory="2cfcc8b2-d73d-4566-8b82-e746332275bd" />
    <UnitTestResult executionId="2f7cf3bb-df25-4912-a630-b637be8c37b0" testId="74cbd76e-e83f-4a04-ce72-0f33bb7944b0" testName="N4Sentinel.Tests.OrchestrationTests.Une_Simulation_Ne_Bute_Pas_Sur_Le_Verrou" computerName="DESKTOP-SGNJ9UM" duration="00:00:00.1295479" startTime="2026-08-15T12:57:56.2394920+00:00" endTime="2026-08-15T12:57:56.7540179+00:00" testType="13cdc9d9-ddb5-4fa4-a97d-d965ccfc6d4b" outcome="Passed" testListId="8c84fa94-04c1-424b-9868-57a2d4851a1d" relativeResultsDirectory="2f7cf3bb-df25-4912-a630-b637be8c37b0" />
    <UnitTestResult executionId="1c2f7ee6-9bcd-40bb-b01b-8bfebfc21c7f" testId="128270d3-e10c-d664-aa20-73a7ebf3883b" testName="N4Sentinel.Tests.OrchestrationTests.Une_Etape_En_Vol_Au_Moment_De_L_Arret_Impose_Une_Reconciliation" computerName="DESKTOP-SGNJ9UM" duration="00:00:00.1759474" startTime="2026-08-15T12:59:04.5714917+00:00" endTime="2026-08-15T12:59:05.1590548+00:00" testType="13cdc9d9-ddb5-4fa4-a97d-d965ccfc6d4b" outcome="Passed" testListId="8c84fa94-04c1-424b-9868-57a2d4851a1d" relativeResultsDirectory="1c2f7ee6-9bcd-40bb-b01b-8bfebfc21c7f" />
    <UnitTestResult executionId="b1084be4-2238-4944-8653-ccefff1ca574" testId="c105f860-c2e7-bfc2-2ee4-655aaa867e3e" testName="L'import Navis-Config cree serveurs et composants, en dedupliquant les hotes" computerName="DESKTOP-SGNJ9UM" duration="00:00:00.3171390" startTime="2026-08-15T12:56:24.6684027+00:00" endTime="2026-08-15T12:56:25.2940885+00:00" testType="13cdc9d9-ddb5-4fa4-a97d-d965ccfc6d4b" outcome="Passed" testListId="8c84fa94-04c1-424b-9868-57a2d4851a1d" relativeResultsDirectory="b1084be4-2238-4944-8653-ccefff1ca574" />
    <UnitTestResult executionId="5ee28ab7-8f53-4d9f-8c96-7b7cf52b9e9b" testId="c004fc36-9af0-8345-b873-5866988d4c2a" testName="N4Sentinel.Tests.MasquageTests.Plusieurs_Secrets_Sur_La_Meme_Ligne_Sont_Tous_Masques" computerName="DESKTOP-SGNJ9UM" duration="00:00:00.0001687" startTime="2026-08-15T12:56:26.6213970+00:00" endTime="2026-08-15T12:56:26.6215436+00:00" testType="13cdc9d9-ddb5-4fa4-a97d-d965ccfc6d4b" outcome="Passed" testListId="8c84fa94-04c1-424b-9868-57a2d4851a1d" relativeResultsDirectory="5ee28ab7-8f53-4d9f-8c96-7b7cf52b9e9b" />
    <UnitTestResult executionId="8b05d250-a892-49d7-8d0b-e0f361e023c0" testId="93440a2b-b42a-1693-4653-066eab753f59" testName="Une confirmation trop ancienne, meme reportee, declare la synchronisation en retard" computerName="DESKTOP-SGNJ9UM" duration="00:00:00.0392540" startTime="2026-08-15T13:01:11.7448420+00:00" endTime="2026-08-15T13:01:12.2475634+00:00" testType="13cdc9d9-ddb5-4fa4-a97d-d965ccfc6d4b" outcome="Passed" testListId="8c84fa94-04c1-424b-9868-57a2d4851a1d" relativeResultsDirectory="8b05d250-a892-49d7-8d0b-e0f361e023c0" />
    <UnitTestResult executionId="a929b370-d87a-42c7-8d91-2fbd236e581b" testId="dff1d5e8-1f40-9b0c-6cb9-fd724b389243" testName="N4Sentinel.Tests.MasquageTests.Un_Secret_Est_Masque(ligne: &quot;&lt;db:connection user=\&quot;eci\&quot; password=\&quot;EciProd2026&quot;···, secret: &quot;EciProd2026&quot;)" computerName="DESKTOP-SGNJ9UM" duration="00:00:00.0004338" startTime="2026-08-15T12:56:26.6152753+00:00" endTime="2026-08-15T12:56:26.6152888+00:00" testType="13cdc9d9-ddb5-4fa4-a97d-d965ccfc6d4b" outcome="Passed" testListId="8c84fa94-04c1-424b-9868-57a2d4851a1d" relativeResultsDirectory="a929b370-d87a-42c7-8d91-2fbd236e581b" />
    <UnitTestResult executionId="bfba60bc-759a-4015-8c9f-9033063b6d67" testId="ecb84a18-67c1-5c30-b908-caf3724ab529" testName="N4Sentinel.Tests.MasquageTests.Un_Secret_Est_Masque(ligne: &quot;password=Bonjour@2026&quot;, secret: &quot;Bonjour@2026&quot;)" computerName="DESKTOP-SGNJ9UM" duration="00:00:00.0008399" startTime="2026-08-15T12:56:26.5969991+00:00" endTime="2026-08-15T12:56:26.5977646+00:00" testType="13cdc9d9-ddb5-4fa4-a97d-d965ccfc6d4b" outcome="Passed" testListId="8c84fa94-04c1-424b-9868-57a2d4851a1d" relativeResultsDirectory="bfba60bc-759a-4015-8c9f-9033063b6d67" />
    <UnitTestResult executionId="4817d7e1-fec1-4eca-8806-77154fc65fda" testId="ddc0c7a4-c0ef-3f0f-6bdc-e573d5f1c339" testName="Repasser en identite du processus efface le secret devenu inutile" computerName="DESKTOP-SGNJ9UM" duration="00:00:00.0301034" startTime="2026-08-15T12:56:44.8496960+00:00" endTime="2026-08-15T12:56:45.3818884+00:00" testType="13cdc9d9-ddb5-4fa4-a97d-d965ccfc6d4b" outcome="Passed" testListId="8c84fa94-04c1-424b-9868-57a2d4851a1d" relativeResultsDirectory="4817d7e1-fec1-4eca-8806-77154fc65fda" />
    <UnitTestResult executionId="be9baec8-a500-4316-874c-f6b75455edf0" testId="df9de6f3-9665-9024-1d53-44170ec93b94" testName="N4Sentinel.Tests.DiagnosticTests.Le_Rapport_Presente_Les_Hypotheses_Comme_Contestables" computerName="DESKTOP-SGNJ9UM" duration="00:00:00.4612138" startTime="2026-08-15T12:57:22.3058554+00:00" endTime="2026-08-15T12:57:23.1905918+00:00" testType="13cdc9d9-ddb5-4fa4-a97d-d965ccfc6d4b" outcome="Passed" testListId="8c84fa94-04c1-424b-9868-57a2d4851a1d" relativeResultsDirectory="be9baec8-a500-4316-874c-f6b75455edf0" />
    <UnitTestResult executionId="1dae0907-7e22-4ef7-95fb-623d40f5bbd5" testId="71ae839e-4b0c-c399-310f-afd91b61f268" testName="N4Sentinel.Tests.VitaliteTests.Un_Releve_Impossible_Ne_Se_Lit_Pas_Comme_Une_Conformite" computerName="DESKTOP-SGNJ9UM" duration="00:00:00.0001942" startTime="2026-08-15T13:00:50.5264720+00:00" endTime="2026-08-15T13:00:50.5266241+00:00" testType="13cdc9d9-ddb5-4fa4-a97d-d965ccfc6d4b" outcome="Passed" testListId="8c84fa94-04c1-424b-9868-57a2d4851a1d" relativeResultsDirectory="1dae0907-7e22-4ef7-95fb-623d40f5bbd5" />
    <UnitTestResult executionId="6d360cc3-0681-4411-ae6b-ec3906742688" testId="b5c541a6-f3de-d40c-012a-46710de95de1" testName="N4Sentinel.Tests.ConnecteurTests.Plusieurs_services_sont_interroges_en_une_seule_connexion" computerName="DESKTOP-SGNJ9UM" duration="00:00:00.9566779" startTime="2026-08-15T12:59:19.8099552+00:00" endTime="2026-08-15T12:59:20.7670308+00:00" testType="13cdc9d9-ddb5-4fa4-a97d-d965ccfc6d4b" outcome="Passed" testListId="8c84fa94-04c1-424b-9868-57a2d4851a1d" relativeResultsDirectory="6d360cc3-0681-4411-ae6b-ec3906742688" />
    <UnitTestResult executionId="32215ace-6aaf-44a4-b488-7b27736f02a0" testId="6fc2f162-3261-a4c9-677f-4d1b4bbfd8be" testName="N4Sentinel.Tests.OrchestrationTests.Un_Redemarrage_Tournant_Traite_Les_Noeuds_Un_Par_Un" computerName="DESKTOP-SGNJ9UM" duration="00:00:00.1011995" startTime="2026-08-15T12:57:53.9107226+00:00" endTime="2026-08-15T12:57:54.4259658+00:00" testType="13cdc9d9-ddb5-4fa4-a97d-d965ccfc6d4b" outcome="Passed" testListId="8c84fa94-04c1-424b-9868-57a2d4851a1d" relativeResultsDirectory="32215ace-6aaf-44a4-b488-7b27736f02a0" />
    <UnitTestResult executionId="3819994f-51f3-442f-8dec-081d03813dda" testId="15e7a4bc-783f-2ae9-8680-f1e165c95936" testName="Le mot de passe n'est jamais stocke en clair" computerName="DESKTOP-SGNJ9UM" duration="00:00:00.0285636" startTime="2026-08-15T12:56:40.0529837+00:00" endTime="2026-08-15T12:56:40.8205392+00:00" testType="13cdc9d9-ddb5-4fa4-a97d-d965ccfc6d4b" outcome="Passed" testListId="8c84fa94-04c1-424b-9868-57a2d4851a1d" relativeResultsDirectory="3819994f-51f3-442f-8dec-081d03813dda" />
    <UnitTestResult executionId="df0062fb-d56e-4ea8-a53c-de65dd3f85e1" testId="c49e7b5e-7590-6aab-78e6-22e0294d2c43" testName="N4Sentinel.Tests.VitaliteTests.Une_Source_Correspondant_A_L_Attendu_Est_Conforme" computerName="DESKTOP-SGNJ9UM" duration="00:00:00.0002185" startTime="2026-08-15T13:00:50.5169049+00:00" endTime="2026-08-15T13:00:50.5169299+00:00" testType="13cdc9d9-ddb5-4fa4-a97d-d965ccfc6d4b" outcome="Passed" testListId="8c84fa94-04c1-424b-9868-57a2d4851a1d" relativeResultsDirectory="df0062fb-d56e-4ea8-a53c-de65dd3f85e1" />
    <UnitTestResult executionId="bb97c1f5-c546-4a39-aa22-04e6d9fd0f53" testId="c8d52708-839f-224e-e313-046de01977b1" testName="Une entree d'audit ne peut pas etre modifiee, meme par un acces direct a la base" computerName="DESKTOP-SGNJ9UM" duration="00:00:00.0320087" startTime="2026-08-15T12:56:29.1345813+00:00" endTime="2026-08-15T12:56:30.1178254+00:00" testType="13cdc9d9-ddb5-4fa4-a97d-d965ccfc6d4b" outcome="Passed" testListId="8c84fa94-04c1-424b-9868-57a2d4851a1d" relativeResultsDirectory="bb97c1f5-c546-4a39-aa22-04e6d9fd0f53" />
    <UnitTestResult executionId="b29ce740-b89e-4868-93f4-d19f424d1653" testId="59851428-6e16-bf26-1242-107430d82c10" testName="Un compte technique reference mais inexistant fait echouer l'interrogation" computerName="DESKTOP-SGNJ9UM" duration="00:00:00.0333617" startTime="2026-08-15T13:01:24.1713531+00:00" endTime="2026-08-15T13:01:24.7175103+00:00" testType="13cdc9d9-ddb5-4fa4-a97d-d965ccfc6d4b" outcome="Passed" testListId="8c84fa94-04c1-424b-9868-57a2d4851a1d" relativeResultsDirectory="b29ce740-b89e-4868-93f4-d19f424d1653" />
    <UnitTestResult executionId="8be1a296-8262-4771-861b-9afea89ca824" testId="8e166c2a-cd9c-4cb5-c33a-2677b426595b" testName="Un retour en arrière rouvre la dernière étape sans effacer ce qui a été constaté" computerName="DESKTOP-SGNJ9UM" duration="00:00:00.1434647" startTime="2026-08-15T13:01:32.0886695+00:00" endTime="2026-08-15T13:01:32.6167332+00:00" testType="13cdc9d9-ddb5-4fa4-a97d-d965ccfc6d4b" outcome="Passed" testListId="8c84fa94-04c1-424b-9868-57a2d4851a1d" relativeResultsDirectory="8be1a296-8262-4771-861b-9afea89ca824" />
    <UnitTestResult executionId="af894acf-40a8-41e5-9c94-2d638591ca87" testId="1823f6c5-de6c-0a61-afd9-7e198f80d3be" testName="N4Sentinel.Tests.MasquageTests.Le_Contexte_Reste_Lisible_Autour_Du_Masquage" computerName="DESKTOP-SGNJ9UM" duration="00:00:00.0001569" startTime="2026-08-15T12:56:26.6159968+00:00" endTime="2026-08-15T12:56:26.6160099+00:00" testType="13cdc9d9-ddb5-4fa4-a97d-d965ccfc6d4b" outcome="Passed" testListId="8c84fa94-04c1-424b-9868-57a2d4851a1d" relativeResultsDirectory="af894acf-40a8-41e5-9c94-2d638591ca87" />
    <UnitTestResult executionId="43185de3-1233-4698-a68f-efedeee2540b" testId="d654aa2d-018e-aa24-7f4b-d87d9ab9e1bd" testName="N4Sentinel.Tests.VitaliteTests.Une_Machine_Qui_Ne_Se_Synchronise_Sur_Rien_Est_Non_Conforme(type: &quot;NoSync&quot;, source: &quot;DC01.cit.local&quot;)" computerName="DESKTOP-SGNJ9UM" duration="00:00:00.0003518" startTime="2026-08-15T13:00:50.5090200+00:00" endTime="2026-08-15T13:00:50.5093333+00:00" testType="13cdc9d9-ddb5-4fa4-a97d-d965ccfc6d4b" outcome="Passed" testListId="8c84fa94-04c1-424b-9868-57a2d4851a1d" relativeResultsDirectory="43185de3-1233-4698-a68f-efedeee2540b" />
    <UnitTestResult executionId="94f60065-7c4d-448c-8efd-de4a4e61cb98" testId="b0c87110-8a6e-c431-e50b-44ef90b7d9f3" testName="Le conflit se resout automatiquement des que la bascule est faite" computerName="DESKTOP-SGNJ9UM" duration="00:00:00.0324983" startTime="2026-08-15T13:01:03.6417925+00:00" endTime="2026-08-15T13:01:04.1734928+00:00" testType="13cdc9d9-ddb5-4fa4-a97d-d965ccfc6d4b" outcome="Passed" testListId="8c84fa94-04c1-424b-9868-57a2d4851a1d" relativeResultsDirectory="94f60065-7c4d-448c-8efd-de4a4e61cb98" />
    <UnitTestResult executionId="1facd38a-4a13-4c9e-bd86-f44b13d815ce" testId="14927559-2f1e-869c-37e7-332a677dc80a" testName="N4Sentinel.Tests.DocumentaireTests.Une_Reference_Est_Obligatoire" computerName="DESKTOP-SGNJ9UM" duration="00:00:00.0010557" startTime="2026-08-15T12:56:20.1816039+00:00" endTime="2026-08-15T12:56:20.4489498+00:00" testType="13cdc9d9-ddb5-4fa4-a97d-d965ccfc6d4b" outcome="Passed" testListId="8c84fa94-04c1-424b-9868-57a2d4851a1d" relativeResultsDirectory="1facd38a-4a13-4c9e-bd86-f44b13d815ce" />
    <UnitTestResult executionId="5383e606-04cd-4c12-8e98-655a70d00bd3" testId="1d019d6a-8c1c-e2c5-6335-1bf221cf4ffc" testName="N4Sentinel.Tests.OrchestrationTests.Le_Demandeur_Ne_Peut_Pas_Approuver_Sa_Propre_Operation" computerName="DESKTOP-SGNJ9UM" duration="00:00:00.0819076" startTime="2026-08-15T12:57:56.7542143+00:00" endTime="2026-08-15T12:57:57.2423633+00:00" testType="13cdc9d9-ddb5-4fa4-a97d-d965ccfc6d4b" outcome="Passed" testListId="8c84fa94-04c1-424b-9868-57a2d4851a1d" relativeResultsDirectory="5383e606-04cd-4c12-8e98-655a70d00bd3" />
    <UnitTestResult executionId="4aa33d79-e485-4ff1-a980-5e12c5605cf5" testId="bf209b2f-f90d-2842-7fa7-15df20a676cb" testName="N4Sentinel.Tests.DocumentaireTests.Les_Mots_Vides_Sont_Ecartes_Des_Termes" computerName="DESKTOP-SGNJ9UM" duration="00:00:00.0028419" startTime="2026-08-15T12:56:23.3455247+00:00" endTime="2026-08-15T12:56:23.6338727+00:00" testType="13cdc9d9-ddb5-4fa4-a97d-d965ccfc6d4b" outcome="Passed" testListId="8c84fa94-04c1-424b-9868-57a2d4851a1d" relativeResultsDirectory="4aa33d79-e485-4ff1-a980-5e12c5605cf5" />
    <UnitTestResult executionId="da39c100-c56f-47cf-847b-09e396663e7d" testId="a413cf3f-da93-3b97-7ed6-f595f1efb38d" testName="Un SOP déjà exécuté crée une nouvelle version, l'ancienne restant intacte" computerName="DESKTOP-SGNJ9UM" duration="00:00:00.1119271" startTime="2026-08-15T13:01:33.0579443+00:00" endTime="2026-08-15T13:01:33.5367883+00:00" testType="13cdc9d9-ddb5-4fa4-a97d-d965ccfc6d4b" outcome="Passed" testListId="8c84fa94-04c1-424b-9868-57a2d4851a1d" relativeResultsDirectory="da39c100-c56f-47cf-847b-09e396663e7d" />
    <UnitTestResult executionId="f633af44-816e-4357-8ccb-eb46f5190585" testId="e6cda848-84c2-d85d-ccf3-a25f98af4fc5" testName="Un écart constaté n'est pas un échec : l'exécution continue, l'écart reste visible" computerName="DESKTOP-SGNJ9UM" duration="00:00:00.1015215" startTime="2026-08-15T13:01:33.9980345+00:00" endTime="2026-08-15T13:01:34.4752686+00:00" testType="13cdc9d9-ddb5-4fa4-a97d-d965ccfc6d4b" outcome="Passed" testListId="8c84fa94-04c1-424b-9868-57a2d4851a1d" relativeResultsDirectory="f633af44-816e-4357-8ccb-eb46f5190585" />
    <UnitTestResult executionId="a64fe06f-ab6b-44cd-a2fb-d0a6abac43b3" testId="e935277e-a14a-c72d-7d5d-428478e0b1fe" testName="Le compte se relit sous forme de PSCredential exploitable" computerName="DESKTOP-SGNJ9UM" duration="00:00:00.0294054" startTime="2026-08-15T12:56:36.0309424+00:00" endTime="2026-08-15T12:56:36.5562138+00:00" testType="13cdc9d9-ddb5-4fa4-a97d-d965ccfc6d4b" outcome="Passed" testListId="8c84fa94-04c1-424b-9868-57a2d4851a1d" relativeResultsDirectory="a64fe06f-ab6b-44cd-a2fb-d0a6abac43b3" />
    <UnitTestResult executionId="dc4a4125-8c78-41b5-9c84-e0380eaaff98" testId="db7ee1c5-f200-aabf-739b-6d2729833332" testName="Une base injoignable rapporte honnetement l'echec, sans lever d'exception" computerName="DESKTOP-SGNJ9UM" duration="00:00:04.6463812" startTime="2026-08-15T13:01:39.8123987+00:00" endTime="2026-08-15T13:01:44.4592582+00:00" testType="13cdc9d9-ddb5-4fa4-a97d-d965ccfc6d4b" outcome="Passed" testListId="8c84fa94-04c1-424b-9868-57a2d4851a1d" relativeResultsDirectory="dc4a4125-8c78-41b5-9c84-e0380eaaff98" />
    <UnitTestResult executionId="6d95f18d-86bc-45e0-9c01-0ab85bdc5707" testId="3bb4c7f4-4638-60e0-f701-121bae308896" testName="N4Sentinel.Tests.RecetteSimulateurTests.Scenario_7_Un_Service_Bloque_En_StopPending_Est_Nomme" computerName="DESKTOP-SGNJ9UM" duration="00:00:13.7688146" startTime="2026-08-15T13:00:36.2565322+00:00" endTime="2026-08-15T13:00:50.5009300+00:00" testType="13cdc9d9-ddb5-4fa4-a97d-d965ccfc6d4b" outcome="Passed" testListId="8c84fa94-04c1-424b-9868-57a2d4851a1d" relativeResultsDirectory="6d95f18d-86bc-45e0-9c01-0ab85bdc5707" />
    <UnitTestResult executionId="17e59c81-fe3b-43e1-a48f-cbb1e94f387a" testId="5cf3c669-d020-95a6-0932-059ee8a38498" testName="Arreter le Center sans choix de continuite est bloquant" computerName="DESKTOP-SGNJ9UM" duration="00:00:00.1173665" startTime="2026-08-15T12:59:05.1591713+00:00" endTime="2026-08-15T12:59:05.6771931+00:00" testType="13cdc9d9-ddb5-4fa4-a97d-d965ccfc6d4b" outcome="Passed" testListId="8c84fa94-04c1-424b-9868-57a2d4851a1d" relativeResultsDirectory="17e59c81-fe3b-43e1-a48f-cbb1e94f387a" />
    <UnitTestResult executionId="b1e4b143-023e-4b1e-8106-b4e80fac9f6a" testId="fc465e67-240d-af21-8ada-f4431d57f4a9" testName="N4Sentinel.Tests.VitaliteTests.Sans_Environnement_Le_Comportement_Reste_Prudent" computerName="DESKTOP-SGNJ9UM" duration="00:00:00.0002038" startTime="2026-08-15T13:00:50.5161832+00:00" endTime="2026-08-15T13:00:50.5162144+00:00" testType="13cdc9d9-ddb5-4fa4-a97d-d965ccfc6d4b" outcome="Passed" testListId="8c84fa94-04c1-424b-9868-57a2d4851a1d" relativeResultsDirectory="b1e4b143-023e-4b1e-8106-b4e80fac9f6a" />
    <UnitTestResult executionId="b7b888ac-926d-4fdc-b197-59af8b91aea3" testId="ae650edb-8052-d621-f564-bf77bca0419a" testName="Une synchronisation N4-XPS en retard declenche une alerte critique (FR-056)" computerName="DESKTOP-SGNJ9UM" duration="00:00:00.0152340" startTime="2026-08-15T13:00:56.2435523+00:00" endTime="2026-08-15T13:00:56.7576664+00:00" testType="13cdc9d9-ddb5-4fa4-a97d-d965ccfc6d4b" outcome="Passed" testListId="8c84fa94-04c1-424b-9868-57a2d4851a1d" relativeResultsDirectory="b7b888ac-926d-4fdc-b197-59af8b91aea3" />
    <UnitTestResult executionId="ddb1901b-4e40-4dae-9e15-50870870a860" testId="f4dbe944-2ac3-d810-496d-62ef621c5e82" testName="N4Sentinel.Tests.MasquageTests.Un_Secret_Est_Masque(ligne: &quot;authorization: Basic bmF2aXM6c2VjcmV0&quot;, secret: &quot;bmF2aXM6c2VjcmV0&quot;)" computerName="DESKTOP-SGNJ9UM" duration="00:00:00.0047590" startTime="2026-08-15T12:56:26.6097283+00:00" endTime="2026-08-15T12:56:26.6144918+00:00" testType="13cdc9d9-ddb5-4fa4-a97d-d965ccfc6d4b" outcome="Passed" testListId="8c84fa94-04c1-424b-9868-57a2d4851a1d" relativeResultsDirectory="ddb1901b-4e40-4dae-9e15-50870870a860" />
    <UnitTestResult executionId="b2cf29ba-eb8c-4858-9568-d212d4070c42" testId="7aa1e7c1-ef44-4840-3ee6-2da14f9f7245" testName="N4Sentinel.Tests.OrchestrationTests.Un_Contournement_Est_Trace_Dans_Le_Journal_Audit" computerName="DESKTOP-SGNJ9UM" duration="00:00:00.1171650" startTime="2026-08-15T12:58:55.0961547+00:00" endTime="2026-08-15T12:58:55.6503917+00:00" testType="13cdc9d9-ddb5-4fa4-a97d-d965ccfc6d4b" outcome="Passed" testListId="8c84fa94-04c1-424b-9868-57a2d4851a1d" relativeResultsDirectory="b2cf29ba-eb8c-4858-9568-d212d4070c42" />
    <UnitTestResult executionId="0ad64a27-13d9-4612-9bfd-41a423a5959d" testId="f9563cfe-f143-d992-2f4f-c97a790a09ad" testName="N4Sentinel.Tests.DiagnosticTests.Le_Rapport_Enonce_Ses_Limites_Et_Ne_Contient_Aucun_Secret" computerName="DESKTOP-SGNJ9UM" duration="00:00:00.0580237" startTime="2026-08-15T12:57:27.7023904+00:00" endTime="2026-08-15T12:57:28.1814903+00:00" testType="13cdc9d9-ddb5-4fa4-a97d-d965ccfc6d4b" outcome="Passed" testListId="8c84fa94-04c1-424b-9868-57a2d4851a1d" relativeResultsDirectory="0ad64a27-13d9-4612-9bfd-41a423a5959d" />
    <UnitTestResult executionId="3bbab80a-4683-4a45-a711-438cbdfd0383" testId="b704da26-18a3-dbc4-eada-cbf728995d5e" testName="Un second appel ne duplique rien" computerName="DESKTOP-SGNJ9UM" duration="00:00:00.0853772" startTime="2026-08-15T13:02:04.6527097+00:00" endTime="2026-08-15T13:02:05.1958367+00:00" testType="13cdc9d9-ddb5-4fa4-a97d-d965ccfc6d4b" outcome="Passed" testListId="8c84fa94-04c1-424b-9868-57a2d4851a1d" relativeResultsDirectory="3bbab80a-4683-4a45-a711-438cbdfd0383" />
    <UnitTestResult executionId="0cbd6ae4-a98e-4d8b-a03e-01935569687b" testId="da9ab57e-be36-c0ef-5322-6838b48091c3" testName="N4Sentinel.Tests.OrchestrationTests.Un_Workflow_Deja_Execute_Produit_Une_Nouvelle_Version" computerName="DESKTOP-SGNJ9UM" duration="00:00:00.0978627" startTime="2026-08-15T12:59:11.3222587+00:00" endTime="2026-08-15T12:59:11.8153466+00:00" testType="13cdc9d9-ddb5-4fa4-a97d-d965ccfc6d4b" outcome="Passed" testListId="8c84fa94-04c1-424b-9868-57a2d4851a1d" relativeResultsDirectory="0cbd6ae4-a98e-4d8b-a03e-01935569687b" />
    <UnitTestResult executionId="ad946c43-acd3-4bb2-82c9-66ca04bea6dd" testId="3ea695e9-7e49-2759-5754-379f70dcdc5a" testName="N4Sentinel.Tests.DocumentaireTests.La_Recherche_Ignore_Les_Accents" computerName="DESKTOP-SGNJ9UM" duration="00:00:00.0399730" startTime="2026-08-15T12:56:20.9988785+00:00" endTime="2026-08-15T12:56:21.3384023+00:00" testType="13cdc9d9-ddb5-4fa4-a97d-d965ccfc6d4b" outcome="Passed" testListId="8c84fa94-04c1-424b-9868-57a2d4851a1d" relativeResultsDirectory="ad946c43-acd3-4bb2-82c9-66ca04bea6dd" />
    <UnitTestResult executionId="15592217-7dec-4f9f-b2ec-415c410a3230" testId="350fbf2f-36bd-5021-a2f6-4d7788bc1d90" testName="Un composant indisponible ouvre une alerte critique avec conduite a tenir" computerName="DESKTOP-SGNJ9UM" duration="00:00:00.0216360" startTime="2026-08-15T13:01:01.3879652+00:00" endTime="2026-08-15T13:01:02.1097774+00:00" testType="13cdc9d9-ddb5-4fa4-a97d-d965ccfc6d4b" outcome="Passed" testListId="8c84fa94-04c1-424b-9868-57a2d4851a1d" relativeResultsDirectory="15592217-7dec-4f9f-b2ec-415c410a3230" />
    <UnitTestResult executionId="78a32f85-10f1-4818-996a-9f219d7936f0" testId="735b34ed-2628-3d53-1440-55a0b55f0356" testName="N4Sentinel.Tests.DocumentaireTests.Un_Document_Sans_Contenu_Exploitable_Est_Refuse" computerName="DESKTOP-SGNJ9UM" duration="00:00:00.0010961" startTime="2026-08-15T12:56:20.7259574+00:00" endTime="2026-08-15T12:56:20.9986560+00:00" testType="13cdc9d9-ddb5-4fa4-a97d-d965ccfc6d4b" outcome="Passed" testListId="8c84fa94-04c1-424b-9868-57a2d4851a1d" relativeResultsDirectory="78a32f85-10f1-4818-996a-9f219d7936f0" />
    <UnitTestResult executionId="34e6a9f7-9f2e-4d95-8b74-4fece4f88100" testId="af9a8807-1f5a-6238-543a-b9cb117b7f15" testName="Le journal XPS est declare avec un caractere generique" computerName="DESKTOP-SGNJ9UM" duration="00:00:00.1175334" startTime="2026-08-15T13:02:05.1959535+00:00" endTime="2026-08-15T13:02:05.7841844+00:00" testType="13cdc9d9-ddb5-4fa4-a97d-d965ccfc6d4b" outcome="Passed" testListId="8c84fa94-04c1-424b-9868-57a2d4851a1d" relativeResultsDirectory="34e6a9f7-9f2e-4d95-8b74-4fece4f88100" />
    <UnitTestResult executionId="75978d4b-236d-4492-80cf-47477382829f" testId="06a45be3-4cde-acfe-f020-04de618029ac" testName="N4Sentinel.Tests.DocumentaireTests.Un_Texte_Brut_Est_Regroupe_En_Blocs_Utilisables" computerName="DESKTOP-SGNJ9UM" duration="00:00:00.0127602" startTime="2026-08-15T12:56:19.8892437+00:00" endTime="2026-08-15T12:56:20.1813982+00:00" testType="13cdc9d9-ddb5-4fa4-a97d-d965ccfc6d4b" outcome="Passed" testListId="8c84fa94-04c1-424b-9868-57a2d4851a1d" relativeResultsDirectory="75978d4b-236d-4492-80cf-47477382829f" />
    <UnitTestResult executionId="3eab3459-6c46-46fe-87c1-5472398820f2" testId="4b4240fc-5a23-1954-b533-9d6cb86b1cd7" testName="Un SOP jamais exécuté se modifie sur place" computerName="DESKTOP-SGNJ9UM" duration="00:00:00.0247538" startTime="2026-08-15T13:01:28.6381204+00:00" endTime="2026-08-15T13:01:29.1413763+00:00" testType="13cdc9d9-ddb5-4fa4-a97d-d965ccfc6d4b" outcome="Passed" testListId="8c84fa94-04c1-424b-9868-57a2d4851a1d" relativeResultsDirectory="3eab3459-6c46-46fe-87c1-5472398820f2" />
    <UnitTestResult executionId="fd1efbd1-0e03-407b-91fc-cabeafa8f9e3" testId="9eaa98fb-917b-cc2c-6585-cf3dea18ddfe" testName="N4Sentinel.Tests.DiagnosticTests.Les_Lignes_Normales_Ne_Produisent_Aucun_Constat" computerName="DESKTOP-SGNJ9UM" duration="00:00:00.0294811" startTime="2026-08-15T12:57:29.6934043+00:00" endTime="2026-08-15T12:57:30.1543597+00:00" testType="13cdc9d9-ddb5-4fa4-a97d-d965ccfc6d4b" outcome="Passed" testListId="8c84fa94-04c1-424b-9868-57a2d4851a1d" relativeResultsDirectory="fd1efbd1-0e03-407b-91fc-cabeafa8f9e3" />
    <UnitTestResult executionId="b7815f8e-ad07-4bb6-a448-6ef63027e71a" testId="3c91ef63-b186-46f3-dacb-5a47fa55652a" testName="Un Standby n'est pas confondu avec un Center, bien que son nom le contienne" computerName="DESKTOP-SGNJ9UM" duration="00:00:00.0122375" startTime="2026-08-15T12:57:44.7983175+00:00" endTime="2026-08-15T12:57:45.1927776+00:00" testType="13cdc9d9-ddb5-4fa4-a97d-d965ccfc6d4b" outcome="Passed" testListId="8c84fa94-04c1-424b-9868-57a2d4851a1d" relativeResultsDirectory="b7815f8e-ad07-4bb6-a448-6ef63027e71a" />
    <UnitTestResult executionId="a88b32b8-fcda-4ccc-9621-4bc4dbc7e238" testId="3408fc4e-c42a-e09e-922b-2f2576b3d868" testName="N4Sentinel.Tests.OrchestrationTests.L_Ordre_D_Arret_Suit_La_Prescription_De_L_Editeur" computerName="DESKTOP-SGNJ9UM" duration="00:00:00.1163249" startTime="2026-08-15T12:57:52.0640938+00:00" endTime="2026-08-15T12:57:52.5641278+00:00" testType="13cdc9d9-ddb5-4fa4-a97d-d965ccfc6d4b" outcome="Passed" testListId="8c84fa94-04c1-424b-9868-57a2d4851a1d" relativeResultsDirectory="a88b32b8-fcda-4ccc-9621-4bc4dbc7e238" />
    <UnitTestResult executionId="f49a5fb8-7a0a-4c77-8cf4-5fcecf1e74aa" testId="6cdf1e90-487d-6f39-e654-a9356c4f34c0" testName="N4Sentinel.Tests.DiagnosticTests.Une_Nouvelle_Conclusion_Remplace_Les_Hypotheses_Precedentes" computerName="DESKTOP-SGNJ9UM" duration="00:00:00.0957933" startTime="2026-08-15T12:57:24.6954976+00:00" endTime="2026-08-15T12:57:25.2061722+00:00" testType="13cdc9d9-ddb5-4fa4-a97d-d965ccfc6d4b" outcome="Passed" testListId="8c84fa94-04c1-424b-9868-57a2d4851a1d" relativeResultsDirectory="f49a5fb8-7a0a-4c77-8cf4-5fcecf1e74aa" />
    <UnitTestResult executionId="24520319-d8f1-4994-ab36-7a116afc0624" testId="f284ebc0-3cda-9d10-0030-aa8ce435a53f" testName="Un environnement complet et actif atteint la fin du parcours" computerName="DESKTOP-SGNJ9UM" duration="00:00:00.0500658" startTime="2026-08-15T12:56:50.5884139+00:00" endTime="2026-08-15T12:56:54.8366848+00:00" testType="13cdc9d9-ddb5-4fa4-a97d-d965ccfc6d4b" outcome="Passed" testListId="8c84fa94-04c1-424b-9868-57a2d4851a1d" relativeResultsDirectory="24520319-d8f1-4994-ab36-7a116afc0624" />
    <UnitTestResult executionId="2cfeedcd-af42-48d2-8b50-4843970292ce" testId="ab6bfaa7-c7da-b2e1-08e1-ee845ee6e8ae" testName="N4Sentinel.Tests.OrchestrationTests.Les_Sequences_Generees_Sont_En_Brouillon" computerName="DESKTOP-SGNJ9UM" duration="00:00:00.0731332" startTime="2026-08-15T12:58:39.0170628+00:00" endTime="2026-08-15T12:58:54.0762969+00:00" testType="13cdc9d9-ddb5-4fa4-a97d-d965ccfc6d4b" outcome="Passed" testListId="8c84fa94-04c1-424b-9868-57a2d4851a1d" relativeResultsDirectory="2cfeedcd-af42-48d2-8b50-4843970292ce" />
    <UnitTestResult executionId="ed51a8a6-d386-4c08-aea9-0136ad18e5e3" testId="21f3b9a0-224e-766e-40e1-28dda7a6804d" testName="N4Sentinel.Tests.DocumentaireTests.Le_Passage_Couvrant_Le_Plus_De_Termes_Remonte_En_Premier" computerName="DESKTOP-SGNJ9UM" duration="00:00:00.0601303" startTime="2026-08-15T12:56:18.7326973+00:00" endTime="2026-08-15T12:56:19.1240967+00:00" testType="13cdc9d9-ddb5-4fa4-a97d-d965ccfc6d4b" outcome="Passed" testListId="8c84fa94-04c1-424b-9868-57a2d4851a1d" relativeResultsDirectory="ed51a8a6-d386-4c08-aea9-0136ad18e5e3" />
    <UnitTestResult executionId="4d6c2da1-7b72-4af2-9546-5ad5ddb3f35d" testId="35f90ee3-5e73-3f11-d6b9-68b3d7a70b6f" testName="N4Sentinel.Tests.ConnecteurTests.Ping_en_local_identifie_la_machine" computerName="DESKTOP-SGNJ9UM" duration="00:00:00.0454560" startTime="2026-08-15T12:59:19.6538094+00:00" endTime="2026-08-15T12:59:19.6995708+00:00" testType="13cdc9d9-ddb5-4fa4-a97d-d965ccfc6d4b" outcome="Passed" testListId="8c84fa94-04c1-424b-9868-57a2d4851a1d" relativeResultsDirectory="4d6c2da1-7b72-4af2-9546-5ad5ddb3f35d" />
    <UnitTestResult executionId="a7c1ed58-beab-422b-a355-be164c5ea479" testId="cf9edcb0-aec3-0f6f-4ee1-ccfe6f45bd92" testName="N4Sentinel.Tests.MasquageTests.Le_Mot_Password_Seul_Dans_Une_Phrase_N_Est_Pas_Masque" computerName="DESKTOP-SGNJ9UM" duration="00:00:00.0001036" startTime="2026-08-15T12:56:26.6243200+00:00" endTime="2026-08-15T12:56:26.6244024+00:00" testType="13cdc9d9-ddb5-4fa4-a97d-d965ccfc6d4b" outcome="Passed" testListId="8c84fa94-04c1-424b-9868-57a2d4851a1d" relativeResultsDirectory="a7c1ed58-beab-422b-a355-be164c5ea479" />
    <UnitTestResult executionId="1f677e94-1f4b-4344-8e17-d4397afa79ed" testId="7363466e-9685-80a2-95fe-89489114db0a" testName="N4Sentinel.Tests.VitaliteTests.Sans_Source_Attendue_Les_Cas_Anormaux_Restent_Detectes" computerName="DESKTOP-SGNJ9UM" duration="00:00:00.0002637" startTime="2026-08-15T13:00:50.5261876+00:00" endTime="2026-08-15T13:00:50.5264068+00:00" testType="13cdc9d9-ddb5-4fa4-a97d-d965ccfc6d4b" outcome="Passed" testListId="8c84fa94-04c1-424b-9868-57a2d4851a1d" relativeResultsDirectory="1f677e94-1f4b-4344-8e17-d4397afa79ed" />
    <UnitTestResult executionId="34de9354-8541-4b6a-8d3b-e9da1974d9ef" testId="1b72db2b-3f22-e442-d190-f4e577e8ea05" testName="Acquitter ne resout pas : l'alerte reste ouverte mais sort du decompte" computerName="DESKTOP-SGNJ9UM" duration="00:00:00.0469505" startTime="2026-08-15T13:01:03.1147260+00:00" endTime="2026-08-15T13:01:03.6415994+00:00" testType="13cdc9d9-ddb5-4fa4-a97d-d965ccfc6d4b" outcome="Passed" testListId="8c84fa94-04c1-424b-9868-57a2d4851a1d" relativeResultsDirectory="34de9354-8541-4b6a-8d3b-e9da1974d9ef" />
    <UnitTestResult executionId="49730f63-94df-44f3-9276-1dc5b632d815" testId="0c724b94-b1a4-6373-716c-0ad9244c02a9" testName="Service qui tourne mais journal en echec : incoherence d'etat, en critique" computerName="DESKTOP-SGNJ9UM" duration="00:00:00.0160577" startTime="2026-08-15T13:00:55.7105446+00:00" endTime="2026-08-15T13:00:56.2434148+00:00" testType="13cdc9d9-ddb5-4fa4-a97d-d965ccfc6d4b" outcome="Passed" testListId="8c84fa94-04c1-424b-9868-57a2d4851a1d" relativeResultsDirectory="49730f63-94df-44f3-9276-1dc5b632d815" />
    <UnitTestResult executionId="95cd1c97-d73a-4b54-b8b1-519683ca16a2" testId="b77b9c51-ed59-ec02-ead2-caefafc67b64" testName="N4Sentinel.Tests.SauvegardeTests.Un_Dossier_Sans_Manifeste_N_Est_Pas_Une_Sauvegarde" computerName="DESKTOP-SGNJ9UM" duration="00:00:00.0026173" startTime="2026-08-15T13:01:59.8226588+00:00" endTime="2026-08-15T13:02:03.3446071+00:00" testType="13cdc9d9-ddb5-4fa4-a97d-d965ccfc6d4b" outcome="Passed" testListId="8c84fa94-04c1-424b-9868-57a2d4851a1d" relativeResultsDirectory="95cd1c97-d73a-4b54-b8b1-519683ca16a2" />
    <UnitTestResult executionId="21c60300-a326-449a-a74b-63afbfbda576" testId="f79766c9-cf73-fb8e-dc50-3d275c72247a" testName="Une session ne peut pas etre comparee a une reference non marquee saine" computerName="DESKTOP-SGNJ9UM" duration="00:00:00.0681229" startTime="2026-08-15T12:57:31.0990123+00:00" endTime="2026-08-15T12:57:31.6169673+00:00" testType="13cdc9d9-ddb5-4fa4-a97d-d965ccfc6d4b" outcome="Passed" testListId="8c84fa94-04c1-424b-9868-57a2d4851a1d" relativeResultsDirectory="21c60300-a326-449a-a74b-63afbfbda576" />
    <UnitTestResult executionId="5a59dc99-495c-4d14-86e9-6270316a29ce" testId="8c11499b-b4e1-140e-52fc-bffb15465600" testName="N4Sentinel.Tests.DocumentaireTests.L_Extraction_Choisit_Le_Decoupage_D_Apres_L_Extension" computerName="DESKTOP-SGNJ9UM" duration="00:00:00.0015629" startTime="2026-08-15T12:56:22.8135422+00:00" endTime="2026-08-15T12:56:23.0798212+00:00" testType="13cdc9d9-ddb5-4fa4-a97d-d965ccfc6d4b" outcome="Passed" testListId="8c84fa94-04c1-424b-9868-57a2d4851a1d" relativeResultsDirectory="5a59dc99-495c-4d14-86e9-6270316a29ce" />
    <UnitTestResult executionId="b90b372f-3dc7-41d9-bac6-75bcec4a35ed" testId="1f16201a-2088-fdcb-74c1-5331656d1dad" testName="N4Sentinel.Tests.OrchestrationTests.Un_Prerequis_Absent_De_La_Sequence_Est_Signale_Sans_Bloquer" computerName="DESKTOP-SGNJ9UM" duration="00:00:00.0204301" startTime="2026-08-15T12:59:04.0604261+00:00" endTime="2026-08-15T12:59:04.5713639+00:00" testType="13cdc9d9-ddb5-4fa4-a97d-d965ccfc6d4b" outcome="Passed" testListId="8c84fa94-04c1-424b-9868-57a2d4851a1d" relativeResultsDirectory="b90b372f-3dc7-41d9-bac6-75bcec4a35ed" />
    <UnitTestResult executionId="cebd47b3-cb41-4c27-81eb-c134bdae74dd" testId="c28489bd-6329-ad34-3fab-9ff91d88fee3" testName="N4Sentinel.Tests.RecetteSimulateurTests.Scenario_5_Arret_Complet_Suit_Sa_Propre_Sequence" computerName="DESKTOP-SGNJ9UM" duration="00:00:01.9473654" startTime="2026-08-15T12:59:20.7673675+00:00" endTime="2026-08-15T12:59:23.5088390+00:00" testType="13cdc9d9-ddb5-4fa4-a97d-d965ccfc6d4b" outcome="Passed" testListId="8c84fa94-04c1-424b-9868-57a2d4851a1d" relativeResultsDirectory="cebd47b3-cb41-4c27-81eb-c134bdae74dd" />
    <UnitTestResult executionId="24d4fbd5-841a-49ad-9bd4-0908fea210e8" testId="0c885a81-eaeb-03c0-46a6-62b6f7cfa368" testName="N4Sentinel.Tests.OrchestrationTests.Arreter_Le_Bridge_Avant_XPS_Est_Refuse" computerName="DESKTOP-SGNJ9UM" duration="00:00:00.0103365" startTime="2026-08-15T12:57:53.5226049+00:00" endTime="2026-08-15T12:57:53.9106103+00:00" testType="13cdc9d9-ddb5-4fa4-a97d-d965ccfc6d4b" outcome="Passed" testListId="8c84fa94-04c1-424b-9868-57a2d4851a1d" relativeResultsDirectory="24d4fbd5-841a-49ad-9bd4-0908fea210e8" />
    <UnitTestResult executionId="7831bec5-91f0-40bc-bda5-777a30a7d313" testId="d009f927-f0af-2d6e-b8d6-0b8210100eeb" testName="La présentation extrait les sections dont l'en-tête est reconnu, et laisse les autres vides" computerName="DESKTOP-SGNJ9UM" duration="00:00:00.0375559" startTime="2026-08-15T13:01:31.0313810+00:00" endTime="2026-08-15T13:01:31.5329891+00:00" testType="13cdc9d9-ddb5-4fa4-a97d-d965ccfc6d4b" outcome="Passed" testListId="8c84fa94-04c1-424b-9868-57a2d4851a1d" relativeResultsDirectory="7831bec5-91f0-40bc-bda5-777a30a7d313" />
    <UnitTestResult executionId="969dc64f-6763-4584-8f6b-bf9daf4a06a2" testId="37f81b0c-80e3-4d3b-7376-0f66d3705916" testName="N4Sentinel.Tests.VitaliteTests.Une_Mesure_Ancienne_Est_Declaree_Perimee" computerName="DESKTOP-SGNJ9UM" duration="00:00:00.0006614" startTime="2026-08-15T13:00:50.5146993+00:00" endTime="2026-08-15T13:00:50.5155492+00:00" testType="13cdc9d9-ddb5-4fa4-a97d-d965ccfc6d4b" outcome="Passed" testListId="8c84fa94-04c1-424b-9868-57a2d4851a1d" relativeResultsDirectory="969dc64f-6763-4584-8f6b-bf9daf4a06a2" />
    <UnitTestResult executionId="a0b207a3-3abf-45e3-915e-851a48549bee" testId="6a674320-5761-faa3-c1d1-ee826b9acacf" testName="Un nom de service errone est detecte a la saisie, pas a l'exploitation" computerName="DESKTOP-SGNJ9UM" duration="00:00:02.1471528" startTime="2026-08-15T13:01:18.7893881+00:00" endTime="2026-08-15T13:01:21.4802366+00:00" testType="13cdc9d9-ddb5-4fa4-a97d-d965ccfc6d4b" outcome="Passed" testListId="8c84fa94-04c1-424b-9868-57a2d4851a1d" relativeResultsDirectory="a0b207a3-3abf-45e3-915e-851a48549bee" />
    <UnitTestResult executionId="cd3ddfd8-4cbb-447f-a111-d46a9dc9647d" testId="795d1596-fe51-c5e7-6265-977dc637c45b" testName="Une session non analysee ne peut pas devenir reference" computerName="DESKTOP-SGNJ9UM" duration="00:00:00.0119912" startTime="2026-08-15T12:57:36.4582679+00:00" endTime="2026-08-15T12:57:36.8763775+00:00" testType="13cdc9d9-ddb5-4fa4-a97d-d965ccfc6d4b" outcome="Passed" testListId="8c84fa94-04c1-424b-9868-57a2d4851a1d" relativeResultsDirectory="cd3ddfd8-4cbb-447f-a111-d46a9dc9647d" />
    <UnitTestResult executionId="ef50e85c-8ffb-4470-9891-dc793cc2221b" testId="bbb0b885-b5d3-f7b4-b9de-8542d76c2abb" testName="Une entree d'audit ne peut pas etre supprimee, meme par un acces direct a la base" computerName="DESKTOP-SGNJ9UM" duration="00:00:00.0398714" startTime="2026-08-15T12:56:28.1111758+00:00" endTime="2026-08-15T12:56:29.1344188+00:00" testType="13cdc9d9-ddb5-4fa4-a97d-d965ccfc6d4b" outcome="Passed" testListId="8c84fa94-04c1-424b-9868-57a2d4851a1d" relativeResultsDirectory="ef50e85c-8ffb-4470-9891-dc793cc2221b" />
    <UnitTestResult executionId="0e827c42-4c39-46d0-9952-52f0cff603a9" testId="907b717b-293b-436f-31a7-b504c1f28b1c" testName="N4Sentinel.Tests.DiagnosticTests.Le_Verdict_Signale_Les_Sources_Non_Collectees" computerName="DESKTOP-SGNJ9UM" duration="00:00:00.0997102" startTime="2026-08-15T12:57:23.1907619+00:00" endTime="2026-08-15T12:57:23.7431803+00:00" testType="13cdc9d9-ddb5-4fa4-a97d-d965ccfc6d4b" outcome="Passed" testListId="8c84fa94-04c1-424b-9868-57a2d4851a1d" relativeResultsDirectory="0e827c42-4c39-46d0-9952-52f0cff603a9" />
    <UnitTestResult executionId="015fdf61-7659-47b0-ae79-da44db8990d6" testId="55ffa02b-f31c-1d9d-c663-268293548c5a" testName="Un compte explicite sans mot de passe est bloquant" computerName="DESKTOP-SGNJ9UM" duration="00:00:00.0257544" startTime="2026-08-15T12:56:50.0626392+00:00" endTime="2026-08-15T12:56:50.5882334+00:00" testType="13cdc9d9-ddb5-4fa4-a97d-d965ccfc6d4b" outcome="Passed" testListId="8c84fa94-04c1-424b-9868-57a2d4851a1d" relativeResultsDirectory="015fdf61-7659-47b0-ae79-da44db8990d6" />
    <UnitTestResult executionId="25988f16-a710-44cf-9962-235a98630042" testId="4909b5f3-5521-e822-a3cd-2f3cb2629cda" testName="N4Sentinel.Tests.VitaliteTests.La_Tolerance_Est_Celle_De_L_Environnement" computerName="DESKTOP-SGNJ9UM" duration="00:00:00.0002384" startTime="2026-08-15T13:00:50.5230600+00:00" endTime="2026-08-15T13:00:50.5232450+00:00" testType="13cdc9d9-ddb5-4fa4-a97d-d965ccfc6d4b" outcome="Passed" testListId="8c84fa94-04c1-424b-9868-57a2d4851a1d" relativeResultsDirectory="25988f16-a710-44cf-9962-235a98630042" />
    <UnitTestResult executionId="a691fc7e-ce97-47e0-b355-bb73a304887a" testId="382dc653-5f36-ed8e-426b-a26b0586cde4" testName="N4Sentinel.Tests.OrchestrationTests.Un_Contournement_Justifie_Enregistre_Qui_Et_Pourquoi" computerName="DESKTOP-SGNJ9UM" duration="00:00:00.1356504" startTime="2026-08-15T12:57:55.7049625+00:00" endTime="2026-08-15T12:57:56.2393821+00:00" testType="13cdc9d9-ddb5-4fa4-a97d-d965ccfc6d4b" outcome="Passed" testListId="8c84fa94-04c1-424b-9868-57a2d4851a1d" relativeResultsDirectory="a691fc7e-ce97-47e0-b355-bb73a304887a" />
    <UnitTestResult executionId="18bc71c0-8d82-48a6-8774-253be448d96b" testId="8ab560fb-3c38-e286-10ed-1cd77d3416de" testName="N4Sentinel.Tests.SauvegardeTests.La_Notice_Dit_Que_La_Base_Seule_Ne_Suffit_Pas" computerName="DESKTOP-SGNJ9UM" duration="00:00:00.1120733" startTime="2026-08-15T13:01:55.1759876+00:00" endTime="2026-08-15T13:01:55.8504686+00:00" testType="13cdc9d9-ddb5-4fa4-a97d-d965ccfc6d4b" outcome="Passed" testListId="8c84fa94-04c1-424b-9868-57a2d4851a1d" relativeResultsDirectory="18bc71c0-8d82-48a6-8774-253be448d96b" />
    <UnitTestResult executionId="3430675a-1581-495a-aa8e-897b2382128e" testId="dac8f64e-8674-5b2c-b5e8-9edfe1c7b532" testName="N4Sentinel.Tests.OrchestrationTests.Une_Operation_En_Attente_D_Approbation_Ne_Se_Lance_Pas" computerName="DESKTOP-SGNJ9UM" duration="00:00:00.0689703" startTime="2026-08-15T12:59:07.2219915+00:00" endTime="2026-08-15T12:59:07.6902790+00:00" testType="13cdc9d9-ddb5-4fa4-a97d-d965ccfc6d4b" outcome="Passed" testListId="8c84fa94-04c1-424b-9868-57a2d4851a1d" relativeResultsDirectory="3430675a-1581-495a-aa8e-897b2382128e" />
    <UnitTestResult executionId="b7c513ee-9025-45ea-a980-535e0e7266ab" testId="de5330d5-e3a4-7eaa-3396-fdbaec9167c0" testName="N4Sentinel.Tests.RecetteSimulateurTests.Scenario_4_XPS_Refuse_De_Demarrer_Sans_Bridge_Prouve" computerName="DESKTOP-SGNJ9UM" duration="00:00:01.7898703" startTime="2026-08-15T12:59:31.3372185+00:00" endTime="2026-08-15T12:59:33.7301655+00:00" testType="13cdc9d9-ddb5-4fa4-a97d-d965ccfc6d4b" outcome="Passed" testListId="8c84fa94-04c1-424b-9868-57a2d4851a1d" relativeResultsDirectory="b7c513ee-9025-45ea-a980-535e0e7266ab" />
    <UnitTestResult executionId="239a9334-b417-4ee4-93bf-c6c41ebb3c66" testId="985b9029-c254-50f4-6842-087332448643" testName="N4Sentinel.Tests.MasquageTests.Une_Cle_Privee_Est_Entierement_Masquee" computerName="DESKTOP-SGNJ9UM" duration="00:00:00.0044650" startTime="2026-08-15T12:56:26.6160539+00:00" endTime="2026-08-15T12:56:26.6203286+00:00" testType="13cdc9d9-ddb5-4fa4-a97d-d965ccfc6d4b" outcome="Passed" testListId="8c84fa94-04c1-424b-9868-57a2d4851a1d" relativeResultsDirectory="239a9334-b417-4ee4-93bf-c6c41ebb3c66" />
    <UnitTestResult executionId="8ae0d691-219f-46c9-8bac-484749e70c53" testId="eef0ba2b-fded-0cfd-327c-3ada2fabb9b3" testName="N4Sentinel.Tests.MasquageTests.Un_Secret_Est_Masque(ligne: &quot;jdbc:sqlserver://srv01:1433;user=n4;password=Prod2&quot;···, secret: &quot;Prod2026&quot;)" computerName="DESKTOP-SGNJ9UM" duration="00:00:00.0130263" startTime="2026-08-15T12:56:26.5823267+00:00" endTime="2026-08-15T12:56:26.5953118+00:00" testType="13cdc9d9-ddb5-4fa4-a97d-d965ccfc6d4b" outcome="Passed" testListId="8c84fa94-04c1-424b-9868-57a2d4851a1d" relativeResultsDirectory="8ae0d691-219f-46c9-8bac-484749e70c53" />
    <UnitTestResult executionId="587ef28b-3f99-4e63-8322-dacd52aced29" testId="8bb5cd98-70b1-177e-61b2-9aa9bb2fdb99" testName="N4Sentinel.Tests.DocumentaireTests.Sans_Passage_Correspondant_L_Application_Le_Dit" computerName="DESKTOP-SGNJ9UM" duration="00:00:00.0435577" startTime="2026-08-15T12:56:19.5411379+00:00" endTime="2026-08-15T12:56:19.8889902+00:00" testType="13cdc9d9-ddb5-4fa4-a97d-d965ccfc6d4b" outcome="Passed" testListId="8c84fa94-04c1-424b-9868-57a2d4851a1d" relativeResultsDirectory="587ef28b-3f99-4e63-8322-dacd52aced29" />
    <UnitTestResult executionId="5256a5f3-3f00-407b-9507-5071c4b8aa88" testId="374644d5-8b0c-14ba-635c-e10874934ffd" testName="N4Sentinel.Tests.DiagnosticTests.Un_Second_Amorcage_N_Ecrase_Pas_Les_Corrections_Du_Site" computerName="DESKTOP-SGNJ9UM" duration="00:00:00.0253340" startTime="2026-08-15T12:57:35.4410953+00:00" endTime="2026-08-15T12:57:35.9214899+00:00" testType="13cdc9d9-ddb5-4fa4-a97d-d965ccfc6d4b" outcome="Passed" testListId="8c84fa94-04c1-424b-9868-57a2d4851a1d" relativeResultsDirectory="5256a5f3-3f00-407b-9507-5071c4b8aa88" />
    <UnitTestResult executionId="22c2aa53-6226-4194-9f45-2ea913d8b259" testId="cf71b0c8-4cd9-cb59-5ddf-1aabd507f841" testName="N4Sentinel.Tests.OrchestrationTests.Deux_Noeuds_Cluster_En_Parallele_Sont_Refuses" computerName="DESKTOP-SGNJ9UM" duration="00:00:00.0097354" startTime="2026-08-15T12:59:08.7195142+00:00" endTime="2026-08-15T12:59:09.1251414+00:00" testType="13cdc9d9-ddb5-4fa4-a97d-d965ccfc6d4b" outcome="Passed" testListId="8c84fa94-04c1-424b-9868-57a2d4851a1d" relativeResultsDirectory="22c2aa53-6226-4194-9f45-2ea913d8b259" />
    <UnitTestResult executionId="43a26dac-38fb-4c8a-98b7-70a5be4cf9b7" testId="ee1d154b-bf68-f761-f0ed-f8b7cb6c8693" testName="La suppression retire tout, dependances comprises" computerName="DESKTOP-SGNJ9UM" duration="00:00:00.2481593" startTime="2026-08-15T13:02:03.3453696+00:00" endTime="2026-08-15T13:02:04.0953680+00:00" testType="13cdc9d9-ddb5-4fa4-a97d-d965ccfc6d4b" outcome="Passed" testListId="8c84fa94-04c1-424b-9868-57a2d4851a1d" relativeResultsDirectory="43a26dac-38fb-4c8a-98b7-70a5be4cf9b7" />
    <UnitTestResult executionId="5cde2e15-785f-4d43-92fb-5116331e7108" testId="03f839c0-d05e-c02a-4d4b-394a1ca59b67" testName="N4Sentinel.Tests.DiagnosticTests.Le_Constat_Porte_Les_Lignes_Qui_L_Encadrent" computerName="DESKTOP-SGNJ9UM" duration="00:00:00.0439930" startTime="2026-08-15T12:57:37.3614428+00:00" endTime="2026-08-15T12:57:37.8409907+00:00" testType="13cdc9d9-ddb5-4fa4-a97d-d965ccfc6d4b" outcome="Passed" testListId="8c84fa94-04c1-424b-9868-57a2d4851a1d" relativeResultsDirectory="5cde2e15-785f-4d43-92fb-5116331e7108" />
    <UnitTestResult executionId="de8e25dd-0978-47a7-baa4-71579f63072a" testId="a8d70260-13ee-0711-0967-76622993fd52" testName="N4Sentinel.Tests.DiagnosticTests.Une_Erreur_Non_Cataloguee_Est_Signalee_Quand_Meme" computerName="DESKTOP-SGNJ9UM" duration="00:00:00.0699681" startTime="2026-08-15T12:57:30.5954640+00:00" endTime="2026-08-15T12:57:31.0988830+00:00" testType="13cdc9d9-ddb5-4fa4-a97d-d965ccfc6d4b" outcome="Passed" testListId="8c84fa94-04c1-424b-9868-57a2d4851a1d" relativeResultsDirectory="de8e25dd-0978-47a7-baa4-71579f63072a" />
    <UnitTestResult executionId="9e751287-ed90-48e2-9a39-8dc7c2a00635" testId="f6f6999a-8f36-a569-1a04-23f4039f6919" testName="Entre deux noms declares dont l'un contient l'autre, le plus specifique l'emporte" computerName="DESKTOP-SGNJ9UM" duration="00:00:00.0591293" startTime="2026-08-15T12:57:39.1592064+00:00" endTime="2026-08-15T12:57:39.6337426+00:00" testType="13cdc9d9-ddb5-4fa4-a97d-d965ccfc6d4b" outcome="Passed" testListId="8c84fa94-04c1-424b-9868-57a2d4851a1d" relativeResultsDirectory="9e751287-ed90-48e2-9a39-8dc7c2a00635" />
    <UnitTestResult executionId="d6ea8882-89da-4856-a9e7-630b27a7020c" testId="421778ff-5a60-62d7-8628-51be3a40bbb0" testName="N4Sentinel.Tests.ConnecteurTests.Un_journal_ouvert_en_ecriture_reste_lisible" computerName="DESKTOP-SGNJ9UM" duration="00:00:00.0310978" startTime="2026-08-15T12:59:19.6997002+00:00" endTime="2026-08-15T12:59:19.7311574+00:00" testType="13cdc9d9-ddb5-4fa4-a97d-d965ccfc6d4b" outcome="Passed" testListId="8c84fa94-04c1-424b-9868-57a2d4851a1d" relativeResultsDirectory="d6ea8882-89da-4856-a9e7-630b27a7020c" />
    <UnitTestResult executionId="119266b1-29b4-4d5d-a058-19d7776e4eac" testId="eb33e8e2-cebe-df7b-df63-acaed04a181c" testName="N4Sentinel.Tests.SauvegardeTests.Un_Trousseau_Absent_Avec_Des_Secrets_Est_Un_Etat_Signale" computerName="DESKTOP-SGNJ9UM" duration="00:00:00.0443312" startTime="2026-08-15T13:01:44.4929721+00:00" endTime="2026-08-15T13:01:45.2392370+00:00" testType="13cdc9d9-ddb5-4fa4-a97d-d965ccfc6d4b" outcome="Passed" testListId="8c84fa94-04c1-424b-9868-57a2d4851a1d" relativeResultsDirectory="119266b1-29b4-4d5d-a058-19d7776e4eac" />
    <UnitTestResult executionId="6f185890-5504-4264-8df8-629f58fe605a" testId="29993d3f-b013-fc8f-d792-069de8b59f3a" testName="N4Sentinel.Tests.OrchestrationTests.Un_Composant_Sans_Marqueur_Produit_Une_Reserve_Et_Non_Un_Blocage" computerName="DESKTOP-SGNJ9UM" duration="00:00:00.1030457" startTime="2026-08-15T12:59:08.2112057+00:00" endTime="2026-08-15T12:59:08.7193843+00:00" testType="13cdc9d9-ddb5-4fa4-a97d-d965ccfc6d4b" outcome="Passed" testListId="8c84fa94-04c1-424b-9868-57a2d4851a1d" relativeResultsDirectory="6f185890-5504-4264-8df8-629f58fe605a" />
    <UnitTestResult executionId="2a6d34a3-d309-472d-a6d3-77e2976b5167" testId="cd7696e6-283b-bd6d-1113-3476705aadf1" testName="N4Sentinel.Tests.VitaliteTests.Le_Cache_Retient_La_Derniere_Mesure_Par_Serveur" computerName="DESKTOP-SGNJ9UM" duration="00:00:00.0007157" startTime="2026-08-15T13:00:50.5106734+00:00" endTime="2026-08-15T13:00:50.5113555+00:00" testType="13cdc9d9-ddb5-4fa4-a97d-d965ccfc6d4b" outcome="Passed" testListId="8c84fa94-04c1-424b-9868-57a2d4851a1d" relativeResultsDirectory="2a6d34a3-d309-472d-a6d3-77e2976b5167" />
    <UnitTestResult executionId="12a01f07-2d29-491d-aa67-4821605b1d2b" testId="8a2144c0-44cc-9527-b8e0-7c3a835e8f77" testName="Une condition qui dure n'est PAS dupliquee : le compteur s'incremente" computerName="DESKTOP-SGNJ9UM" duration="00:00:00.0610430" startTime="2026-08-15T13:00:50.5271836+00:00" endTime="2026-08-15T13:00:50.9702357+00:00" testType="13cdc9d9-ddb5-4fa4-a97d-d965ccfc6d4b" outcome="Passed" testListId="8c84fa94-04c1-424b-9868-57a2d4851a1d" relativeResultsDirectory="12a01f07-2d29-491d-aa67-4821605b1d2b" />
[...]
    <TestEntry testId="262c3167-88b7-1506-005d-76000e5b6eb9" executionId="573e0bc9-fdd1-439c-81b8-8761427a377c" testListId="8c84fa94-04c1-424b-9868-57a2d4851a1d" />
    <TestEntry testId="ddee65da-1ff7-9a4a-9803-d9aabbfad847" executionId="0182d3f5-0883-4dcc-ac5d-e54dd1b40435" testListId="8c84fa94-04c1-424b-9868-57a2d4851a1d" />
    <TestEntry testId="ab1412d0-ce07-a7b8-f859-31607e2d7b80" executionId="82daf16e-81d9-4381-81b5-b0c1cb31ec44" testListId="8c84fa94-04c1-424b-9868-57a2d4851a1d" />
    <TestEntry testId="cbf6dc5b-d516-ea99-0bed-66aa6fd401d3" executionId="0c1cdaf9-a8c6-46a3-854e-7ff1b2ad1ecb" testListId="8c84fa94-04c1-424b-9868-57a2d4851a1d" />
    <TestEntry testId="a57006f2-7e59-19e2-d760-55ff784ba20b" executionId="ace94e09-c005-4a5e-8a07-ac5c12c94f63" testListId="8c84fa94-04c1-424b-9868-57a2d4851a1d" />
    <TestEntry testId="4d63884f-41c3-4042-2196-c64b36e1258e" executionId="c777f766-20c0-4fef-93f5-8daaa227fdca" testListId="8c84fa94-04c1-424b-9868-57a2d4851a1d" />
    <TestEntry testId="300c907d-9c56-8a1e-feaa-2ba1d5b2181c" executionId="a9f08e14-3123-484d-9948-ff340c7a713a" testListId="8c84fa94-04c1-424b-9868-57a2d4851a1d" />
    <TestEntry testId="7a0c5988-04e2-b0ce-26e9-333999998c88" executionId="b8b6b470-e13a-4d8a-9004-7839ded956fe" testListId="8c84fa94-04c1-424b-9868-57a2d4851a1d" />
    <TestEntry testId="92f8bb6c-3cdd-64c6-699c-618730ae39d9" executionId="492320a5-b0f8-4e96-b729-5e002b3c0dc4" testListId="8c84fa94-04c1-424b-9868-57a2d4851a1d" />
    <TestEntry testId="dfd5aba8-8eeb-f8e1-cc51-1046687e6907" executionId="32c1fe43-1de9-47eb-976d-8ffbd7850f38" testListId="8c84fa94-04c1-424b-9868-57a2d4851a1d" />
    <TestEntry testId="681219bf-183d-755f-78ef-03648a6a9ee4" executionId="72bbb022-9e11-41c5-af0f-6fd4e7eeac36" testListId="8c84fa94-04c1-424b-9868-57a2d4851a1d" />
    <TestEntry testId="6216f5e2-4f94-7c2a-566f-3f18054adb81" executionId="6c6df389-2f65-4793-90ca-9cb327611d1e" testListId="8c84fa94-04c1-424b-9868-57a2d4851a1d" />
    <TestEntry testId="1c105c24-106f-c9d2-2475-39afe5ff2213" executionId="b39d9d30-d96c-40d6-83a0-4f2631cdd940" testListId="8c84fa94-04c1-424b-9868-57a2d4851a1d" />
    <TestEntry testId="29b624ac-c9d2-39db-a3a9-26684be628a9" executionId="e974ad2e-8f77-4535-b9f3-174692c90525" testListId="8c84fa94-04c1-424b-9868-57a2d4851a1d" />
    <TestEntry testId="b251bcf8-ca0f-5b32-ec9d-cf724b3b4c48" executionId="0c266615-561f-41fb-b67e-d38c6c86879d" testListId="8c84fa94-04c1-424b-9868-57a2d4851a1d" />
    <TestEntry testId="733ae59a-9dee-9a5c-fa86-2da8ce39a995" executionId="7eb19ae9-9166-4f37-a936-3ce1b703c3fc" testListId="8c84fa94-04c1-424b-9868-57a2d4851a1d" />
    <TestEntry testId="78f4a3a2-3254-d098-b566-38efd7699bdd" executionId="031408e3-8071-4ccb-994f-872dabb12877" testListId="8c84fa94-04c1-424b-9868-57a2d4851a1d" />
    <TestEntry testId="d91ebf66-f5ed-a4bb-6b40-7fe63f9f2e20" executionId="627ebaa1-869f-4b5b-9804-168dd2789613" testListId="8c84fa94-04c1-424b-9868-57a2d4851a1d" />
    <TestEntry testId="46eb2e6c-a1c9-1ebf-375b-ad9203d22d81" executionId="45335238-635a-4398-b3bc-6a7af7b0fc7f" testListId="8c84fa94-04c1-424b-9868-57a2d4851a1d" />
    <TestEntry testId="42a83084-6aac-db05-efa2-be13f7f01f8c" executionId="a04c42ec-b100-44be-80ee-5d75191060be" testListId="8c84fa94-04c1-424b-9868-57a2d4851a1d" />
    <TestEntry testId="4aa17c9e-ad10-9ec0-54ee-2b3d0ae9dcf2" executionId="cf9980ed-ffe2-42c5-8593-7270320d026e" testListId="8c84fa94-04c1-424b-9868-57a2d4851a1d" />
    <TestEntry testId="dbe17ca3-ff90-46e0-d045-53e3fc53a734" executionId="17f46bad-dedc-4c0f-969f-0bff258c65b0" testListId="8c84fa94-04c1-424b-9868-57a2d4851a1d" />
    <TestEntry testId="d2a23593-f94b-3b56-ed75-5b9a8d15c0fc" executionId="8520b96a-b3bd-4833-9cd8-3684ac03da3f" testListId="8c84fa94-04c1-424b-9868-57a2d4851a1d" />
    <TestEntry testId="a829b110-7bd3-7b38-4dfb-85bf39f1a50a" executionId="ebc8df71-045e-4b74-9837-fdf03c5c1a09" testListId="8c84fa94-04c1-424b-9868-57a2d4851a1d" />
    <TestEntry testId="912dc580-a393-1584-3c51-10795351c22b" executionId="f01c46ec-e9d1-472d-ae9e-23761790f776" testListId="8c84fa94-04c1-424b-9868-57a2d4851a1d" />
    <TestEntry testId="8dc11f79-fcff-82b8-51a1-17346d35dbd4" executionId="af459208-8da9-4140-81d6-f177f445d009" testListId="8c84fa94-04c1-424b-9868-57a2d4851a1d" />
    <TestEntry testId="5ee259db-43bd-535b-88e1-0d72d4f17420" executionId="b5481dec-63ce-42c3-9eff-5f1090302454" testListId="8c84fa94-04c1-424b-9868-57a2d4851a1d" />
    <TestEntry testId="272e7893-37fe-c758-255f-7798bd4c6de9" executionId="144ae724-0763-45f7-945c-ffc7b38539fe" testListId="8c84fa94-04c1-424b-9868-57a2d4851a1d" />
    <TestEntry testId="0075a8b4-61a7-609a-cfa3-82c5e4e28fe1" executionId="bd3fbf15-ba28-46a3-ae1d-a483aaab3eee" testListId="8c84fa94-04c1-424b-9868-57a2d4851a1d" />
    <TestEntry testId="831d00a3-c2a3-1438-6d1b-8dfe9afd586f" executionId="c12387f3-09ba-4fe5-b063-3f0f93da4bf5" testListId="8c84fa94-04c1-424b-9868-57a2d4851a1d" />
    <TestEntry testId="16e1b52f-0661-efed-0e23-33e8e11ba3d2" executionId="c25c670a-303d-43ec-9907-bb3c8dc560ae" testListId="8c84fa94-04c1-424b-9868-57a2d4851a1d" />
    <TestEntry testId="c667b541-066d-e0cf-ebb9-2e78925e26b1" executionId="6bfc9522-7769-423c-817b-03583170d75e" testListId="8c84fa94-04c1-424b-9868-57a2d4851a1d" />
    <TestEntry testId="87727232-7a80-6a9f-b039-8f7eecbb1597" executionId="64cf6d08-38cb-49f3-8239-8d0387484635" testListId="8c84fa94-04c1-424b-9868-57a2d4851a1d" />
    <TestEntry testId="5cb3cd21-ad04-c356-c533-493be45d6907" executionId="8d1f8e6c-3158-4bd1-bb27-b56dd44ddfa6" testListId="8c84fa94-04c1-424b-9868-57a2d4851a1d" />
    <TestEntry testId="c7953fdf-d149-0016-cb2f-8ea21719f4c6" executionId="fac587fa-71b7-45b3-9205-fa74e57277d0" testListId="8c84fa94-04c1-424b-9868-57a2d4851a1d" />
    <TestEntry testId="0149fbed-b814-2500-a5b9-8cda16a0230c" executionId="63bfdcb3-a6f9-4540-b997-c91c99aadb91" testListId="8c84fa94-04c1-424b-9868-57a2d4851a1d" />
    <TestEntry testId="a087a398-444b-830b-8182-9c6ba3c18370" executionId="5023e66d-f5ae-4ef8-976e-14c449c18c9a" testListId="8c84fa94-04c1-424b-9868-57a2d4851a1d" />
    <TestEntry testId="cc420b97-7357-8781-74d8-b7b6711cffe1" executionId="13249482-c284-468d-9c21-2f53c81928a8" testListId="8c84fa94-04c1-424b-9868-57a2d4851a1d" />
    <TestEntry testId="292dd083-4c74-7548-3ba9-c26bfe46c6b6" executionId="f69ca03d-aa4f-4c5c-b0ff-713c9ce5cf38" testListId="8c84fa94-04c1-424b-9868-57a2d4851a1d" />
    <TestEntry testId="b06a9e81-cc48-b8ec-2dad-0e639a4b7935" executionId="6b70b696-99c9-416d-ba6a-775d3e76d12a" testListId="8c84fa94-04c1-424b-9868-57a2d4851a1d" />
    <TestEntry testId="388be499-9470-4984-0785-b8c68cd0e085" executionId="63ae226a-fbd4-4253-902b-d335d1f12329" testListId="8c84fa94-04c1-424b-9868-57a2d4851a1d" />
    <TestEntry testId="193f1ac7-a811-6369-c4b5-f57c6de447ab" executionId="519cd268-edec-484a-bb2f-690d8b558d00" testListId="8c84fa94-04c1-424b-9868-57a2d4851a1d" />
    <TestEntry testId="ec4fe074-c9f5-95c0-5f73-517cc6a57d15" executionId="9f506c89-29ff-4ca2-806d-ae5716db4834" testListId="8c84fa94-04c1-424b-9868-57a2d4851a1d" />
    <TestEntry testId="d65f8b96-9ca7-f5be-5ee9-fefbe0e6b90e" executionId="803fb5ac-5526-48a4-b4af-c879c3727f62" testListId="8c84fa94-04c1-424b-9868-57a2d4851a1d" />
    <TestEntry testId="853b5be9-9c32-8881-e15c-9341f1c7b472" executionId="b31218f6-8530-4a55-9bee-37f4a607978c" testListId="8c84fa94-04c1-424b-9868-57a2d4851a1d" />
    <TestEntry testId="b4dabe94-16ba-b2b4-a2cf-9c867a8c0251" executionId="8e554594-f899-4813-86da-5469267fe694" testListId="8c84fa94-04c1-424b-9868-57a2d4851a1d" />
    <TestEntry testId="3aaa23f2-2d10-3bc5-38d3-77b84b276cf6" executionId="8a853223-0e86-4e9e-9b4d-0927fa1ede15" testListId="8c84fa94-04c1-424b-9868-57a2d4851a1d" />
    <TestEntry testId="6799af1a-8352-c68b-089b-d8c1f42d2122" executionId="58137105-e2af-4f94-94d6-4cc9b9cd0b58" testListId="8c84fa94-04c1-424b-9868-57a2d4851a1d" />
    <TestEntry testId="79088e26-abe5-f988-fb8e-07ecef2a400e" executionId="c5090712-1a97-43e3-96fb-b7c31178cddc" testListId="8c84fa94-04c1-424b-9868-57a2d4851a1d" />
    <TestEntry testId="a350bceb-a529-095e-ea45-d9b6a121a86a" executionId="6937e25f-b0f8-436e-b27b-04d9f782c7ca" testListId="8c84fa94-04c1-424b-9868-57a2d4851a1d" />
    <TestEntry testId="14bae5a5-c9e0-c831-33fe-02240f0dec2f" executionId="f99fa819-b29e-40ce-931c-272ba69f47f0" testListId="8c84fa94-04c1-424b-9868-57a2d4851a1d" />
  </TestEntries>
  <TestLists>
    <TestList name="Les résultats ne figurent pas dans une liste" id="8c84fa94-04c1-424b-9868-57a2d4851a1d" />
    <TestList name="Tous les résultats chargés" id="19431567-8539-422a-85d7-44ee4e166bda" />
  </TestLists>
  <ResultSummary outcome="Failed">
    <Counters total="319" executed="317" passed="315" failed="2" error="0" timeout="0" aborted="0" inconclusive="0" passedButRunAborted="0" notRunnable="0" notExecuted="0" disconnected="0" warning="0" completed="0" inProgress="0" pending="0" />
    <Output>
      <StdOut>[xUnit.net 00:00:00.00] xUnit.net VSTest Adapter v3.1.4+50e68bbb8b (64-bit .NET 10.0.11)&#xD;
[xUnit.net 00:00:00.20]   Discovering: N4Sentinel.Tests&#xD;
[xUnit.net 00:00:00.30]   Discovered:  N4Sentinel.Tests&#xD;
[xUnit.net 00:00:00.37]   Starting:    N4Sentinel.Tests&#xD;
[xUnit.net 00:01:07.32]       Microsoft.Data.SqlClient.SqlException : Le délai d'exécution a expiré. Le délai d'attente s'est écoulé avant la fin de l'opération ou le serveur ne répond pas.&#xD;
[xUnit.net 00:01:07.33]       ---- System.ComponentModel.Win32Exception : Dépassement du délai d’attente.&#xD;
[xUnit.net 00:01:07.33]       Stack Trace:&#xD;
[xUnit.net 00:01:07.33]            at Microsoft.Data.SqlClient.SqlCommand.EndExecuteNonQueryAsync(IAsyncResult asyncResult)&#xD;
[xUnit.net 00:01:07.33]            at Microsoft.Data.SqlClient.SqlCommand.&lt;&gt;c.&lt;InternalExecuteNonQueryAsync&gt;b__193_1(IAsyncResult asyncResult)&#xD;
[xUnit.net 00:01:07.33]            at System.Threading.Tasks.TaskFactory`1.FromAsyncCoreLogic(IAsyncResult iar, Func`2 endFunction, Action`1 endAction, Task`1 promise, Boolean requiresSynchronization)&#xD;
[xUnit.net 00:01:07.33]         --- End of stack trace from previous location ---&#xD;
[xUnit.net 00:01:07.33]            at Microsoft.EntityFrameworkCore.Storage.RelationalCommand.ExecuteNonQueryAsync(RelationalCommandParameterObject parameterObject, CancellationToken cancellationToken)&#xD;
[xUnit.net 00:01:07.33]            at Microsoft.EntityFrameworkCore.Storage.RelationalCommand.ExecuteNonQueryAsync(RelationalCommandParameterObject parameterObject, CancellationToken cancellationToken)&#xD;
[xUnit.net 00:01:07.33]            at Microsoft.EntityFrameworkCore.Storage.RelationalCommand.ExecuteNonQueryAsync(RelationalCommandParameterObject parameterObject, CancellationToken cancellationToken)&#xD;
[xUnit.net 00:01:07.33]            at Microsoft.EntityFrameworkCore.Migrations.Internal.MigrationCommandExecutor.ExecuteAsync(IReadOnlyList`1 migrationCommands, IRelationalConnection connection, MigrationExecutionState executionState, Boolean beginTransaction, Boolean commitTransaction, Nullable`1 isolationLevel, CancellationToken cancellationToken)&#xD;
[xUnit.net 00:01:07.33]            at Microsoft.EntityFrameworkCore.Migrations.Internal.MigrationCommandExecutor.ExecuteAsync(IReadOnlyList`1 migrationCommands, IRelationalConnection connection, MigrationExecutionState executionState, Boolean beginTransaction, Boolean commitTransaction, Nullable`1 isolationLevel, CancellationToken cancellationToken)&#xD;
[xUnit.net 00:01:07.33]            at Microsoft.EntityFrameworkCore.SqlServer.Storage.Internal.SqlServerExecutionStrategy.ExecuteAsync[TState,TResult](TState state, Func`4 operation, Func`4 verifySucceeded, CancellationToken cancellationToken)&#xD;
[xUnit.net 00:01:07.33]            at Microsoft.EntityFrameworkCore.Migrations.Internal.MigrationCommandExecutor.ExecuteNonQueryAsync(IReadOnlyList`1 migrationCommands, IRelationalConnection connection, MigrationExecutionState executionState, Boolean commitTransaction, Nullable`1 isolationLevel, CancellationToken cancellationToken)&#xD;
[xUnit.net 00:01:07.33]            at Microsoft.EntityFrameworkCore.SqlServer.Storage.Internal.SqlServerDatabaseCreator.CreateAsync(CancellationToken cancellationToken)&#xD;
[xUnit.net 00:01:07.33]            at Microsoft.EntityFrameworkCore.SqlServer.Storage.Internal.SqlServerDatabaseCreator.CreateAsync(CancellationToken cancellationToken)&#xD;
[xUnit.net 00:01:07.33]            at Microsoft.EntityFrameworkCore.Storage.RelationalDatabaseCreator.EnsureCreatedAsync(CancellationToken cancellationToken)&#xD;
[xUnit.net 00:01:07.33]         C:\Users\KERNELMK\Documents\cit\navis\N4sentinel\tests\N4Sentinel.Tests\DocumentaireTests.cs(42,0): at N4Sentinel.Tests.DocumentaireTests.InitializeAsync()&#xD;
[xUnit.net 00:01:07.33]         C:\Users\KERNELMK\Documents\cit\navis\N4sentinel\tests\N4Sentinel.Tests\DocumentaireTests.cs(44,0): at N4Sentinel.Tests.DocumentaireTests.InitializeAsync()&#xD;
[xUnit.net 00:01:07.33]         ----- Inner Stack Trace -----&#xD;
[xUnit.net 00:01:07.33]         &#xD;
[xUnit.net 00:02:18.13]       Microsoft.Data.SqlClient.SqlException : Le délai d'exécution a expiré. Le délai d'attente s'est écoulé avant la fin de l'opération ou le serveur ne répond pas.&#xD;
[xUnit.net 00:02:18.13]       ---- System.ComponentModel.Win32Exception : Dépassement du délai d’attente.&#xD;
[xUnit.net 00:02:18.13]       Stack Trace:&#xD;
[xUnit.net 00:02:18.13]            at Microsoft.Data.SqlClient.SqlConnection.OnError(SqlException exception, Boolean breakConnection, Action`1 wrapCloseInAction)&#xD;
[xUnit.net 00:02:18.13]            at Microsoft.Data.SqlClient.SqlInternalConnection.OnError(SqlException exception, Boolean breakConnection, Action`1 wrapCloseInAction)&#xD;
[xUnit.net 00:02:18.13]            at Microsoft.Data.SqlClient.TdsParser.ThrowExceptionAndWarning(TdsParserStateObject stateObj, SqlCommand command, Boolean callerHasConnectionLock, Boolean asyncClose)&#xD;
[xUnit.net 00:02:18.13]            at Microsoft.Data.SqlClient.TdsParserStateObject.ThrowExceptionAndWarning(Boolean callerHasConnectionLock, Boolean asyncClose)&#xD;
[xUnit.net 00:02:18.13]            at Microsoft.Data.SqlClient.TdsParserStateObject.CheckThrowSNIException()&#xD;
[xUnit.net 00:02:18.13]            at Microsoft.Data.SqlClient.SqlCommand.CheckThrowSNIException()&#xD;
[xUnit.net 00:02:18.13]            at Microsoft.Data.SqlClient.SqlCommand.InternalEndExecuteNonQuery(IAsyncResult asyncResult, Boolean isInternal, String endMethod)&#xD;
[xUnit.net 00:02:18.13]            at Microsoft.Data.SqlClient.SqlCommand.EndExecuteNonQueryInternal(IAsyncResult asyncResult)&#xD;
[xUnit.net 00:02:18.13]            at Microsoft.Data.SqlClient.SqlCommand.EndExecuteNonQueryAsync(IAsyncResult asyncResult)&#xD;
[xUnit.net 00:02:18.13]            at Microsoft.Data.SqlClient.SqlCommand.&lt;&gt;c.&lt;InternalExecuteNonQueryAsync&gt;b__193_1(IAsyncResult asyncResult)&#xD;
[xUnit.net 00:02:18.13]            at System.Threading.Tasks.TaskFactory`1.FromAsyncCoreLogic(IAsyncResult iar, Func`2 endFunction, Action`1 endAction, Task`1 promise, Boolean requiresSynchronization)&#xD;
[xUnit.net 00:02:18.13]         --- End of stack trace from previous location ---&#xD;
[xUnit.net 00:02:18.13]            at Microsoft.EntityFrameworkCore.Storage.RelationalCommand.ExecuteNonQueryAsync(RelationalCommandParameterObject parameterObject, CancellationToken cancellationToken)&#xD;
[xUnit.net 00:02:18.13]            at Microsoft.EntityFrameworkCore.Storage.RelationalCommand.ExecuteNonQueryAsync(RelationalCommandParameterObject parameterObject, CancellationToken cancellationToken)&#xD;
[xUnit.net 00:02:18.13]            at Microsoft.EntityFrameworkCore.Storage.RelationalCommand.ExecuteNonQueryAsync(RelationalCommandParameterObject parameterObject, CancellationToken cancellationToken)&#xD;
[xUnit.net 00:02:18.13]            at Microsoft.EntityFrameworkCore.Migrations.Internal.MigrationCommandExecutor.ExecuteAsync(IReadOnlyList`1 migrationCommands, IRelationalConnection connection, MigrationExecutionState executionState, Boolean beginTransaction, Boolean commitTransaction, Nullable`1 isolationLevel, CancellationToken cancellationToken)&#xD;
[xUnit.net 00:02:18.13]            at Microsoft.EntityFrameworkCore.Migrations.Internal.MigrationCommandExecutor.ExecuteAsync(IReadOnlyList`1 migrationCommands, IRelationalConnection connection, MigrationExecutionState executionState, Boolean beginTransaction, Boolean commitTransaction, Nullable`1 isolationLevel, CancellationToken cancellationToken)&#xD;
[xUnit.net 00:02:18.13]            at Microsoft.EntityFrameworkCore.SqlServer.Storage.Internal.SqlServerExecutionStrategy.ExecuteAsync[TState,TResult](TState state, Func`4 operation, Func`4 verifySucceeded, CancellationToken cancellationToken)&#xD;
[xUnit.net 00:02:18.13]            at Microsoft.EntityFrameworkCore.Migrations.Internal.MigrationCommandExecutor.ExecuteNonQueryAsync(IReadOnlyList`1 migrationCommands, IRelationalConnection connection, MigrationExecutionState executionState, Boolean commitTransaction, Nullable`1 isolationLevel, CancellationToken cancellationToken)&#xD;
[xUnit.net 00:02:18.13]            at Microsoft.EntityFrameworkCore.SqlServer.Storage.Internal.SqlServerDatabaseCreator.CreateAsync(CancellationToken cancellationToken)&#xD;
[xUnit.net 00:02:18.13]            at Microsoft.EntityFrameworkCore.SqlServer.Storage.Internal.SqlServerDatabaseCreator.CreateAsync(CancellationToken cancellationToken)&#xD;
[xUnit.net 00:02:18.13]            at Microsoft.EntityFrameworkCore.Storage.RelationalDatabaseCreator.EnsureCreatedAsync(CancellationToken cancellationToken)&#xD;
[xUnit.net 00:02:18.13]         C:\Users\KERNELMK\Documents\cit\navis\N4sentinel\tests\N4Sentinel.Tests\DocumentaireTests.cs(42,0): at N4Sentinel.Tests.DocumentaireTests.InitializeAsync()&#xD;
[xUnit.net 00:02:18.13]         C:\Users\KERNELMK\Documents\cit\navis\N4sentinel\tests\N4Sentinel.Tests\DocumentaireTests.cs(44,0): at N4Sentinel.Tests.DocumentaireTests.InitializeAsync()&#xD;
[xUnit.net 00:02:18.13]         ----- Inner Stack Trace -----&#xD;
[xUnit.net 00:02:18.13]         &#xD;
[xUnit.net 00:05:17.28]       Remoting WinRM vers localhost indisponible : une console elevee est requise.&#xD;
Le test 'N4Sentinel.Tests.ConnecteurTests.Un_service_est_interroge_via_WinRM' a été ignoré dans la série de tests.&#xD;
[xUnit.net 00:05:19.16]       Remoting WinRM vers localhost indisponible : une console elevee est requise. Le refus a bien ete qualifie 'AccesRefuse'.&#xD;
Le test 'N4Sentinel.Tests.ConnecteurTests.Le_chemin_WinRM_fonctionne_de_bout_en_bout' a été ignoré dans la série de tests.&#xD;
[xUnit.net 00:08:08.06]   Finished:    N4Sentinel.Tests&#xD;
</StdOut>
    </Output>
    <RunInfos>
      <RunInfo computerName="DESKTOP-SGNJ9UM" outcome="Error" timestamp="2026-08-15T12:55:07.9217247+00:00">
        <Text>[xUnit.net 00:01:07.32]     N4Sentinel.Tests.DocumentaireTests.L_Extrait_Restitue_Le_Texte_D_Origine_Accents_Compris [FAIL]</Text>
      </RunInfo>
      <RunInfo computerName="DESKTOP-SGNJ9UM" outcome="Error" timestamp="2026-08-15T12:56:18.7312525+00:00">
        <Text>[xUnit.net 00:02:18.13]     N4Sentinel.Tests.DocumentaireTests.Une_Reference_En_Double_Est_Refusee [FAIL]</Text>
      </RunInfo>
      <RunInfo computerName="DESKTOP-SGNJ9UM" outcome="Warning" timestamp="2026-08-15T12:59:17.8815758+00:00">
        <Text>[xUnit.net 00:05:17.28]     N4Sentinel.Tests.ConnecteurTests.Un_service_est_interroge_via_WinRM [SKIP]</Text>
      </RunInfo>
      <RunInfo computerName="DESKTOP-SGNJ9UM" outcome="Warning" timestamp="2026-08-15T12:59:19.7547809+00:00">
        <Text>[xUnit.net 00:05:19.16]     N4Sentinel.Tests.ConnecteurTests.Le_chemin_WinRM_fonctionne_de_bout_en_bout [SKIP]</Text>
      </RunInfo>
    </RunInfos>
  </ResultSummary>
</TestRun>